[1.607s] Invoking command in '/home/roboticslab/rise/src/cam_sim': DEBUGINFOD_URLS=https://debuginfod.ubuntu.com PYTHONPATH=/home/roboticslab/rise/build/cam_sim/prefix_override:/usr/lib/python3/dist-packages/colcon_core/task/python/colcon_distutils_commands:/home/roboticslab/rise/install/cam_sim/lib/python3.12/site-packages:${PYTHONPATH} /usr/bin/python3 -W ignore:setup.py install is deprecated -W ignore:easy_install command is deprecated setup.py egg_info --egg-base ../../build/cam_sim build --build-base /home/roboticslab/rise/build/cam_sim/build install --record /home/roboticslab/rise/build/cam_sim/install.log --single-version-externally-managed install_data
[1.843s] running egg_info
[1.860s] writing ../../build/cam_sim/cam_sim.egg-info/PKG-INFO
[1.860s] writing dependency_links to ../../build/cam_sim/cam_sim.egg-info/dependency_links.txt
[1.860s] writing entry points to ../../build/cam_sim/cam_sim.egg-info/entry_points.txt
[1.861s] writing requirements to ../../build/cam_sim/cam_sim.egg-info/requires.txt
[1.861s] writing top-level names to ../../build/cam_sim/cam_sim.egg-info/top_level.txt
[1.896s] reading manifest file '../../build/cam_sim/cam_sim.egg-info/SOURCES.txt'
[1.896s] writing manifest file '../../build/cam_sim/cam_sim.egg-info/SOURCES.txt'
[1.896s] running build
[1.897s] running build_py
[1.897s] copying cam_sim/curve_sim.py -> /home/roboticslab/rise/build/cam_sim/build/lib/cam_sim
[1.897s] running install
[1.902s] running install_lib
[1.920s] copying /home/roboticslab/rise/build/cam_sim/build/lib/cam_sim/curve_sim.py -> /home/roboticslab/rise/install/cam_sim/lib/python3.12/site-packages/cam_sim
[1.920s] byte-compiling /home/roboticslab/rise/install/cam_sim/lib/python3.12/site-packages/cam_sim/curve_sim.py to curve_sim.cpython-312.pyc
[1.923s] running install_data
[1.923s] running install_egg_info
[1.942s] removing '/home/roboticslab/rise/install/cam_sim/lib/python3.12/site-packages/cam_sim-0.0.0-py3.12.egg-info' (and everything under it)
[1.942s] Copying ../../build/cam_sim/cam_sim.egg-info to /home/roboticslab/rise/install/cam_sim/lib/python3.12/site-packages/cam_sim-0.0.0-py3.12.egg-info
[1.943s] running install_scripts
[2.060s] Installing sim1 script to /home/roboticslab/rise/install/cam_sim/lib/cam_sim
[2.060s] Installing sim2 script to /home/roboticslab/rise/install/cam_sim/lib/cam_sim
[2.060s] Installing sim3 script to /home/roboticslab/rise/install/cam_sim/lib/cam_sim
[2.061s] Installing sim4 script to /home/roboticslab/rise/install/cam_sim/lib/cam_sim
[2.061s] Installing sim5 script to /home/roboticslab/rise/install/cam_sim/lib/cam_sim
[2.061s] writing list of installed files to '/home/roboticslab/rise/build/cam_sim/install.log'
[2.084s] Invoked command in '/home/roboticslab/rise/src/cam_sim' returned '0': DEBUGINFOD_URLS=https://debuginfod.ubuntu.com PYTHONPATH=/home/roboticslab/rise/build/cam_sim/prefix_override:/usr/lib/python3/dist-packages/colcon_core/task/python/colcon_distutils_commands:/home/roboticslab/rise/install/cam_sim/lib/python3.12/site-packages:${PYTHONPATH} /usr/bin/python3 -W ignore:setup.py install is deprecated -W ignore:easy_install command is deprecated setup.py egg_info --egg-base ../../build/cam_sim build --build-base /home/roboticslab/rise/build/cam_sim/build install --record /home/roboticslab/rise/build/cam_sim/install.log --single-version-externally-managed install_data
