[2.020s] Invoking command in '/home/ptrip/ros2_ws/build/cam_sim': PYTHONPATH=/home/ptrip/ros2_ws/build/cam_sim/prefix_override:/usr/lib/python3/dist-packages/colcon_core/task/python/colcon_distutils_commands:/home/ptrip/ros2_ws/install/cam_sim/lib/python3.12/site-packages:${PYTHONPATH} /usr/bin/python3 -W ignore:setup.py install is deprecated -W ignore:easy_install command is deprecated setup.py develop --editable --build-directory /home/ptrip/ros2_ws/build/cam_sim/build --no-deps symlink_data
[2.785s] running develop
[3.296s] running egg_info
[3.335s] writing cam_sim.egg-info/PKG-INFO
[3.335s] writing dependency_links to cam_sim.egg-info/dependency_links.txt
[3.336s] writing entry points to cam_sim.egg-info/entry_points.txt
[3.337s] writing requirements to cam_sim.egg-info/requires.txt
[3.337s] writing top-level names to cam_sim.egg-info/top_level.txt
[3.430s] reading manifest file 'cam_sim.egg-info/SOURCES.txt'
[3.432s] writing manifest file 'cam_sim.egg-info/SOURCES.txt'
[3.485s] running build_ext
[3.486s] Creating /home/ptrip/ros2_ws/install/cam_sim/lib/python3.12/site-packages/cam-sim.egg-link (link to .)
[3.489s] Installing sim1 script to /home/ptrip/ros2_ws/install/cam_sim/lib/cam_sim
[3.490s] Installing sim2 script to /home/ptrip/ros2_ws/install/cam_sim/lib/cam_sim
[3.491s] Installing sim3 script to /home/ptrip/ros2_ws/install/cam_sim/lib/cam_sim
[3.491s] Installing sim4 script to /home/ptrip/ros2_ws/install/cam_sim/lib/cam_sim
[3.492s] 
[3.493s] Installed /home/ptrip/ros2_ws/build/cam_sim
[3.493s] running symlink_data
[3.586s] Invoked command in '/home/ptrip/ros2_ws/build/cam_sim' returned '0': PYTHONPATH=/home/ptrip/ros2_ws/build/cam_sim/prefix_override:/usr/lib/python3/dist-packages/colcon_core/task/python/colcon_distutils_commands:/home/ptrip/ros2_ws/install/cam_sim/lib/python3.12/site-packages:${PYTHONPATH} /usr/bin/python3 -W ignore:setup.py install is deprecated -W ignore:easy_install command is deprecated setup.py develop --editable --build-directory /home/ptrip/ros2_ws/build/cam_sim/build --no-deps symlink_data
