[2.646s] Invoking command in '/home/ptrip/ros2_ws/src/drone_sim': PYTHONPATH=/home/ptrip/ros2_ws/build/drone_sim/prefix_override:/usr/lib/python3/dist-packages/colcon_core/task/python/colcon_distutils_commands:/home/ptrip/ros2_ws/install/drone_sim/lib/python3.12/site-packages:${PYTHONPATH} /usr/bin/python3 -W ignore:setup.py install is deprecated -W ignore:easy_install command is deprecated setup.py egg_info --egg-base ../../build/drone_sim build --build-base /home/ptrip/ros2_ws/build/drone_sim/build install --record /home/ptrip/ros2_ws/build/drone_sim/install.log --single-version-externally-managed install_data
[3.344s] running egg_info
[3.395s] writing ../../build/drone_sim/drone_sim.egg-info/PKG-INFO
[3.398s] writing dependency_links to ../../build/drone_sim/drone_sim.egg-info/dependency_links.txt
[3.399s] writing entry points to ../../build/drone_sim/drone_sim.egg-info/entry_points.txt
[3.400s] writing requirements to ../../build/drone_sim/drone_sim.egg-info/requires.txt
[3.401s] writing top-level names to ../../build/drone_sim/drone_sim.egg-info/top_level.txt
[3.498s] reading manifest file '../../build/drone_sim/drone_sim.egg-info/SOURCES.txt'
[3.499s] writing manifest file '../../build/drone_sim/drone_sim.egg-info/SOURCES.txt'
[3.500s] running build
[3.500s] running build_py
[3.501s] running install
[3.516s] running install_lib
[3.572s] running install_data
[3.573s] running install_egg_info
[3.624s] removing '/home/ptrip/ros2_ws/install/drone_sim/lib/python3.12/site-packages/drone_sim-0.0.0-py3.12.egg-info' (and everything under it)
[3.626s] Copying ../../build/drone_sim/drone_sim.egg-info to /home/ptrip/ros2_ws/install/drone_sim/lib/python3.12/site-packages/drone_sim-0.0.0-py3.12.egg-info
[3.629s] running install_scripts
[3.921s] Installing sim_node script to /home/ptrip/ros2_ws/install/drone_sim/lib/drone_sim
[3.923s] writing list of installed files to '/home/ptrip/ros2_ws/build/drone_sim/install.log'
[4.031s] Invoked command in '/home/ptrip/ros2_ws/src/drone_sim' returned '0': PYTHONPATH=/home/ptrip/ros2_ws/build/drone_sim/prefix_override:/usr/lib/python3/dist-packages/colcon_core/task/python/colcon_distutils_commands:/home/ptrip/ros2_ws/install/drone_sim/lib/python3.12/site-packages:${PYTHONPATH} /usr/bin/python3 -W ignore:setup.py install is deprecated -W ignore:easy_install command is deprecated setup.py egg_info --egg-base ../../build/drone_sim build --build-base /home/ptrip/ros2_ws/build/drone_sim/build install --record /home/ptrip/ros2_ws/build/drone_sim/install.log --single-version-externally-managed install_data
