[1.033s] Invoking command in '/home/ptrip/ros2_ws/build/cam_sim': PYTHONPATH=/home/ptrip/ros2_ws/build/cam_sim/prefix_override:/usr/lib/python3/dist-packages/colcon_core/task/python/colcon_distutils_commands:/home/ptrip/ros2_ws/install/cam_sim/lib/python3.12/site-packages:${PYTHONPATH} /usr/bin/python3 -W ignore:setup.py install is deprecated -W ignore:easy_install command is deprecated setup.py develop --editable --build-directory /home/ptrip/ros2_ws/build/cam_sim/build --no-deps symlink_data
[1.325s] Traceback (most recent call last):
[1.325s]   File "/home/ptrip/ros2_ws/build/cam_sim/setup.py", line 5, in <module>
[1.325s]     setup(
[1.325s]   File "/usr/lib/python3/dist-packages/setuptools/__init__.py", line 107, in setup
[1.325s]     return distutils.core.setup(**attrs)
[1.325s]            ^^^^^^^^^^^^^^^^^^^^^^^^^^^^^
[1.325s]   File "/usr/lib/python3/dist-packages/setuptools/_distutils/core.py", line 172, in setup
[1.325s]     ok = dist.parse_command_line()
[1.325s]          ^^^^^^^^^^^^^^^^^^^^^^^^^
[1.325s]   File "/usr/lib/python3/dist-packages/setuptools/_distutils/dist.py", line 475, in parse_command_line
[1.326s]     args = self._parse_command_opts(parser, args)
[1.327s]            ^^^^^^^^^^^^^^^^^^^^^^^^^^^^^^^^^^^^^^
[1.327s]   File "/usr/lib/python3/dist-packages/setuptools/dist.py", line 1133, in _parse_command_opts
[1.328s]     nargs = _Distribution._parse_command_opts(self, parser, args)
[1.328s]             ^^^^^^^^^^^^^^^^^^^^^^^^^^^^^^^^^^^^^^^^^^^^^^^^^^^^^
[1.329s]   File "/usr/lib/python3/dist-packages/setuptools/_distutils/dist.py", line 534, in _parse_command_opts
[1.329s]     cmd_class = self.get_command_class(command)
[1.329s]                 ^^^^^^^^^^^^^^^^^^^^^^^^^^^^^^^
[1.329s]   File "/usr/lib/python3/dist-packages/setuptools/dist.py", line 980, in get_command_class
[1.329s]     self.cmdclass[command] = cmdclass = ep.load()
[1.329s]                                         ^^^^^^^^^
[1.330s]   File "/usr/lib/python3.12/importlib/metadata/__init__.py", line 205, in load
[1.330s]     module = import_module(match.group('module'))
[1.330s]              ^^^^^^^^^^^^^^^^^^^^^^^^^^^^^^^^^^^^
[1.330s]   File "/usr/lib/python3.12/importlib/__init__.py", line 90, in import_module
[1.332s]     return _bootstrap._gcd_import(name[level:], package, level)
[1.332s]            ^^^^^^^^^^^^^^^^^^^^^^^^^^^^^^^^^^^^^^^^^^^^^^^^^^^^
[1.332s]   File "<frozen importlib._bootstrap>", line 1387, in _gcd_import
[1.333s]   File "<frozen importlib._bootstrap>", line 1360, in _find_and_load
[1.333s]   File "<frozen importlib._bootstrap>", line 1331, in _find_and_load_unlocked
[1.333s]   File "<frozen importlib._bootstrap>", line 935, in _load_unlocked
[1.333s]   File "<frozen importlib._bootstrap_external>", line 995, in exec_module
[1.333s]   File "<frozen importlib._bootstrap>", line 488, in _call_with_frames_removed
[1.333s]   File "/usr/lib/python3/dist-packages/setuptools/command/develop.py", line 8, in <module>
[1.336s]     from setuptools.command.easy_install import easy_install
[1.336s]   File "/usr/lib/python3/dist-packages/setuptools/command/easy_install.py", line 50, in <module>
[1.337s]     from setuptools.sandbox import run_setup
[1.337s]   File "/usr/lib/python3/dist-packages/setuptools/sandbox.py", line 13, in <module>
[1.338s]     import pkg_resources
[1.338s]   File "/usr/lib/python3/dist-packages/pkg_resources/__init__.py", line 3327, in <module>
[1.342s]     @_call_aside
[1.342s]      ^^^^^^^^^^^
[1.342s]   File "/usr/lib/python3/dist-packages/pkg_resources/__init__.py", line 3302, in _call_aside
[1.342s]     f(*args, **kwargs)
[1.342s]   File "/usr/lib/python3/dist-packages/pkg_resources/__init__.py", line 3360, in _initialize_master_working_set
[1.343s]     list(map(working_set.add_entry, sys.path))
[1.344s]   File "/usr/lib/python3/dist-packages/pkg_resources/__init__.py", line 671, in add_entry
[1.344s]     for dist in find_distributions(entry, True):
[1.344s]   File "/usr/lib/python3/dist-packages/pkg_resources/__init__.py", line 2134, in find_on_path
[1.344s]     for dist in factory(fullpath):
[1.345s]   File "/usr/lib/python3/dist-packages/pkg_resources/__init__.py", line 2199, in distributions_from_metadata
[1.345s]     yield Distribution.from_location(
[1.345s]           ^^^^^^^^^^^^^^^^^^^^^^^^^^^
[1.345s]   File "/usr/lib/python3/dist-packages/pkg_resources/__init__.py", line 2673, in from_location
[1.345s]     )._reload_version()
[1.345s]       ^^^^^^^^^^^^^^^^^
[1.346s]   File "/usr/lib/python3/dist-packages/pkg_resources/__init__.py", line 3081, in _reload_version
[1.346s]     md_version = self._get_version()
[1.346s]                  ^^^^^^^^^^^^^^^^^^^
[1.346s]   File "/usr/lib/python3/dist-packages/pkg_resources/__init__.py", line 2858, in _get_version
[1.346s]     version = _version_from_file(lines)
[1.347s]               ^^^^^^^^^^^^^^^^^^^^^^^^^
[1.347s]   File "/usr/lib/python3/dist-packages/pkg_resources/__init__.py", line 2626, in _version_from_file
[1.347s]     return safe_version(value.strip()) or None
[1.347s]            ^^^^^^^^^^^^^^^^^^^^^^^^^^^
[1.347s]   File "/usr/lib/python3/dist-packages/pkg_resources/__init__.py", line 1398, in safe_version
[1.347s]     return str(packaging.version.Version(version))
[1.347s]                ^^^^^^^^^^^^^^^^^^^^^^^^^^^^^^^^^^
[1.347s]   File "/usr/lib/python3/dist-packages/pkg_resources/_vendor/packaging/version.py", line 203, in __init__
[1.348s]     release=tuple(int(i) for i in match.group("release").split(".")),
[1.348s]             ^^^^^^^^^^^^^^^^^^^^^^^^^^^^^^^^^^^^^^^^^^^^^^^^^^^^^^^^
[1.348s] KeyboardInterrupt
[1.385s] Invoked command in '/home/ptrip/ros2_ws/build/cam_sim' returned '-2': PYTHONPATH=/home/ptrip/ros2_ws/build/cam_sim/prefix_override:/usr/lib/python3/dist-packages/colcon_core/task/python/colcon_distutils_commands:/home/ptrip/ros2_ws/install/cam_sim/lib/python3.12/site-packages:${PYTHONPATH} /usr/bin/python3 -W ignore:setup.py install is deprecated -W ignore:easy_install command is deprecated setup.py develop --editable --build-directory /home/ptrip/ros2_ws/build/cam_sim/build --no-deps symlink_data
