[3.988s] Invoking command in '/home/roboticslab/rise/src/tello_control': DEBUGINFOD_URLS=https://debuginfod.ubuntu.com PYTHONPATH=/home/roboticslab/rise/build/tello_control/prefix_override:/usr/lib/python3/dist-packages/colcon_core/task/python/colcon_distutils_commands:/home/roboticslab/rise/install/tello_control/lib/python3.12/site-packages:${PYTHONPATH} /usr/bin/python3 -W ignore:setup.py install is deprecated -W ignore:easy_install command is deprecated setup.py egg_info --egg-base ../../build/tello_control build --build-base /home/roboticslab/rise/build/tello_control/build install --record /home/roboticslab/rise/build/tello_control/install.log --single-version-externally-managed install_data
[4.259s] running egg_info
[4.277s] writing ../../build/tello_control/tello_control.egg-info/PKG-INFO
[4.278s] writing dependency_links to ../../build/tello_control/tello_control.egg-info/dependency_links.txt
[4.278s] writing entry points to ../../build/tello_control/tello_control.egg-info/entry_points.txt
[4.278s] writing requirements to ../../build/tello_control/tello_control.egg-info/requires.txt
[4.278s] writing top-level names to ../../build/tello_control/tello_control.egg-info/top_level.txt
[4.315s] reading manifest file '../../build/tello_control/tello_control.egg-info/SOURCES.txt'
[4.334s] writing manifest file '../../build/tello_control/tello_control.egg-info/SOURCES.txt'
[4.334s] running build
[4.334s] running build_py
[4.335s] running install
[4.340s] running install_lib
[4.359s] running install_data
[4.359s] running install_egg_info
[4.378s] removing '/home/roboticslab/rise/install/tello_control/lib/python3.12/site-packages/tello_control-0.0.0-py3.12.egg-info' (and everything under it)
[4.379s] Copying ../../build/tello_control/tello_control.egg-info to /home/roboticslab/rise/install/tello_control/lib/python3.12/site-packages/tello_control-0.0.0-py3.12.egg-info
[4.391s] running install_scripts
[4.515s] Installing command script to /home/roboticslab/rise/install/tello_control/lib/tello_control
[4.515s] Installing control script to /home/roboticslab/rise/install/tello_control/lib/tello_control
[4.515s] Installing test script to /home/roboticslab/rise/install/tello_control/lib/tello_control
[4.515s] writing list of installed files to '/home/roboticslab/rise/build/tello_control/install.log'
[4.538s] Invoked command in '/home/roboticslab/rise/src/tello_control' returned '0': DEBUGINFOD_URLS=https://debuginfod.ubuntu.com PYTHONPATH=/home/roboticslab/rise/build/tello_control/prefix_override:/usr/lib/python3/dist-packages/colcon_core/task/python/colcon_distutils_commands:/home/roboticslab/rise/install/tello_control/lib/python3.12/site-packages:${PYTHONPATH} /usr/bin/python3 -W ignore:setup.py install is deprecated -W ignore:easy_install command is deprecated setup.py egg_info --egg-base ../../build/tello_control build --build-base /home/roboticslab/rise/build/tello_control/build install --record /home/roboticslab/rise/build/tello_control/install.log --single-version-externally-managed install_data
