[1.522s] Invoking command in '/home/ptrip/ros2_ws/build/cam_sim': PYTHONPATH=/home/ptrip/ros2_ws/build/cam_sim/prefix_override:/usr/lib/python3/dist-packages/colcon_core/task/python/colcon_distutils_commands:/home/ptrip/ros2_ws/install/cam_sim/lib/python3.12/site-packages:${PYTHONPATH} /usr/bin/python3 -W ignore:setup.py install is deprecated -W ignore:easy_install command is deprecated setup.py develop --editable --build-directory /home/ptrip/ros2_ws/build/cam_sim/build --no-deps symlink_data
[1.850s] running develop
[2.046s] running egg_info
[2.064s] writing cam_sim.egg-info/PKG-INFO
[2.065s] writing dependency_links to cam_sim.egg-info/dependency_links.txt
[2.066s] writing entry points to cam_sim.egg-info/entry_points.txt
[2.066s] writing requirements to cam_sim.egg-info/requires.txt
[2.066s] writing top-level names to cam_sim.egg-info/top_level.txt
[2.101s] reading manifest file 'cam_sim.egg-info/SOURCES.txt'
[2.103s] writing manifest file 'cam_sim.egg-info/SOURCES.txt'
[2.122s] running build_ext
[2.122s] Creating /home/ptrip/ros2_ws/install/cam_sim/lib/python3.12/site-packages/cam-sim.egg-link (link to .)
[2.125s] Installing sim1 script to /home/ptrip/ros2_ws/install/cam_sim/lib/cam_sim
[2.127s] Installing sim2 script to /home/ptrip/ros2_ws/install/cam_sim/lib/cam_sim
[2.129s] Installing sim3 script to /home/ptrip/ros2_ws/install/cam_sim/lib/cam_sim
[2.130s] Installing sim4 script to /home/ptrip/ros2_ws/install/cam_sim/lib/cam_sim
[2.132s] 
[2.132s] Installed /home/ptrip/ros2_ws/build/cam_sim
[2.132s] running symlink_data
[2.186s] Invoked command in '/home/ptrip/ros2_ws/build/cam_sim' returned '0': PYTHONPATH=/home/ptrip/ros2_ws/build/cam_sim/prefix_override:/usr/lib/python3/dist-packages/colcon_core/task/python/colcon_distutils_commands:/home/ptrip/ros2_ws/install/cam_sim/lib/python3.12/site-packages:${PYTHONPATH} /usr/bin/python3 -W ignore:setup.py install is deprecated -W ignore:easy_install command is deprecated setup.py develop --editable --build-directory /home/ptrip/ros2_ws/build/cam_sim/build --no-deps symlink_data
