[3.181s] Invoking command in '/home/ptrip/ros2_ws/src/drone_sim': PYTHONPATH=/home/ptrip/ros2_ws/build/drone_sim/prefix_override:/usr/lib/python3/dist-packages/colcon_core/task/python/colcon_distutils_commands:/home/ptrip/ros2_ws/install/drone_sim/lib/python3.12/site-packages:${PYTHONPATH} /usr/bin/python3 -W ignore:setup.py install is deprecated -W ignore:easy_install command is deprecated setup.py egg_info --egg-base ../../build/drone_sim build --build-base /home/ptrip/ros2_ws/build/drone_sim/build install --record /home/ptrip/ros2_ws/build/drone_sim/install.log --single-version-externally-managed install_data
[3.878s] running egg_info
[3.922s] writing ../../build/drone_sim/drone_sim.egg-info/PKG-INFO
[3.926s] writing dependency_links to ../../build/drone_sim/drone_sim.egg-info/dependency_links.txt
[3.927s] writing entry points to ../../build/drone_sim/drone_sim.egg-info/entry_points.txt
[3.928s] writing requirements to ../../build/drone_sim/drone_sim.egg-info/requires.txt
[3.929s] writing top-level names to ../../build/drone_sim/drone_sim.egg-info/top_level.txt
[4.013s] reading manifest file '../../build/drone_sim/drone_sim.egg-info/SOURCES.txt'
[4.017s] writing manifest file '../../build/drone_sim/drone_sim.egg-info/SOURCES.txt'
[4.018s] running build
[4.018s] running build_py
[4.018s] copying drone_sim/sim_node.py -> /home/ptrip/ros2_ws/build/drone_sim/build/lib/drone_sim
[4.020s] running install
[4.034s] running install_lib
[4.075s] copying /home/ptrip/ros2_ws/build/drone_sim/build/lib/drone_sim/sim_node.py -> /home/ptrip/ros2_ws/install/drone_sim/lib/python3.12/site-packages/drone_sim
[4.077s] byte-compiling /home/ptrip/ros2_ws/install/drone_sim/lib/python3.12/site-packages/drone_sim/sim_node.py to sim_node.cpython-312.pyc
[4.079s] running install_data
[4.080s] running install_egg_info
[4.127s] removing '/home/ptrip/ros2_ws/install/drone_sim/lib/python3.12/site-packages/drone_sim-0.0.0-py3.12.egg-info' (and everything under it)
[4.130s] Copying ../../build/drone_sim/drone_sim.egg-info to /home/ptrip/ros2_ws/install/drone_sim/lib/python3.12/site-packages/drone_sim-0.0.0-py3.12.egg-info
[4.136s] running install_scripts
[4.440s] Installing sim_node script to /home/ptrip/ros2_ws/install/drone_sim/lib/drone_sim
[4.441s] writing list of installed files to '/home/ptrip/ros2_ws/build/drone_sim/install.log'
[4.539s] Invoked command in '/home/ptrip/ros2_ws/src/drone_sim' returned '0': PYTHONPATH=/home/ptrip/ros2_ws/build/drone_sim/prefix_override:/usr/lib/python3/dist-packages/colcon_core/task/python/colcon_distutils_commands:/home/ptrip/ros2_ws/install/drone_sim/lib/python3.12/site-packages:${PYTHONPATH} /usr/bin/python3 -W ignore:setup.py install is deprecated -W ignore:easy_install command is deprecated setup.py egg_info --egg-base ../../build/drone_sim build --build-base /home/ptrip/ros2_ws/build/drone_sim/build install --record /home/ptrip/ros2_ws/build/drone_sim/install.log --single-version-externally-managed install_data
