[3.503s] Invoking command in '/home/ptrip/ros2_ws/build/cam_sim': PYTHONPATH=/home/ptrip/ros2_ws/build/cam_sim/prefix_override:/usr/lib/python3/dist-packages/colcon_core/task/python/colcon_distutils_commands:/home/ptrip/ros2_ws/install/cam_sim/lib/python3.12/site-packages:${PYTHONPATH} /usr/bin/python3 -W ignore:setup.py install is deprecated -W ignore:easy_install command is deprecated setup.py develop --editable --build-directory /home/ptrip/ros2_ws/build/cam_sim/build --no-deps symlink_data
[4.311s] running develop
[4.886s] running egg_info
[4.936s] writing cam_sim.egg-info/PKG-INFO
[4.938s] writing dependency_links to cam_sim.egg-info/dependency_links.txt
[4.939s] writing entry points to cam_sim.egg-info/entry_points.txt
[4.939s] writing requirements to cam_sim.egg-info/requires.txt
[4.940s] writing top-level names to cam_sim.egg-info/top_level.txt
[5.056s] reading manifest file 'cam_sim.egg-info/SOURCES.txt'
[5.058s] writing manifest file 'cam_sim.egg-info/SOURCES.txt'
[5.123s] running build_ext
[5.123s] Creating /home/ptrip/ros2_ws/install/cam_sim/lib/python3.12/site-packages/cam-sim.egg-link (link to .)
[5.126s] Installing sim1 script to /home/ptrip/ros2_ws/install/cam_sim/lib/cam_sim
[5.129s] Installing sim2 script to /home/ptrip/ros2_ws/install/cam_sim/lib/cam_sim
[5.129s] Installing sim3 script to /home/ptrip/ros2_ws/install/cam_sim/lib/cam_sim
[5.130s] Installing sim4 script to /home/ptrip/ros2_ws/install/cam_sim/lib/cam_sim
[5.131s] Installing sim5 script to /home/ptrip/ros2_ws/install/cam_sim/lib/cam_sim
[5.135s] 
[5.135s] Installed /home/ptrip/ros2_ws/build/cam_sim
[5.135s] running symlink_data
[5.242s] Invoked command in '/home/ptrip/ros2_ws/build/cam_sim' returned '0': PYTHONPATH=/home/ptrip/ros2_ws/build/cam_sim/prefix_override:/usr/lib/python3/dist-packages/colcon_core/task/python/colcon_distutils_commands:/home/ptrip/ros2_ws/install/cam_sim/lib/python3.12/site-packages:${PYTHONPATH} /usr/bin/python3 -W ignore:setup.py install is deprecated -W ignore:easy_install command is deprecated setup.py develop --editable --build-directory /home/ptrip/ros2_ws/build/cam_sim/build --no-deps symlink_data
