[0.000000] (-) TimerEvent: {}
[0.002807] (cam_sim) JobQueued: {'identifier': 'cam_sim', 'dependencies': OrderedDict()}
[0.003062] (tello_control) JobQueued: {'identifier': 'tello_control', 'dependencies': OrderedDict()}
[0.003836] (cam_sim) JobStarted: {'identifier': 'cam_sim'}
[0.045246] (tello_control) JobStarted: {'identifier': 'tello_control'}
[0.098716] (-) TimerEvent: {}
[0.199694] (-) TimerEvent: {}
[0.300370] (-) TimerEvent: {}
[0.401174] (-) TimerEvent: {}
[0.502108] (-) TimerEvent: {}
[0.602843] (-) TimerEvent: {}
[0.703714] (-) TimerEvent: {}
[0.804425] (-) TimerEvent: {}
[0.905197] (-) TimerEvent: {}
[1.005802] (-) TimerEvent: {}
[1.106644] (-) TimerEvent: {}
[1.207586] (-) TimerEvent: {}
[1.308608] (-) TimerEvent: {}
[1.409405] (-) TimerEvent: {}
[1.510118] (-) TimerEvent: {}
[1.610878] (-) TimerEvent: {}
[1.711899] (-) TimerEvent: {}
[1.812676] (-) TimerEvent: {}
[1.913409] (-) TimerEvent: {}
[2.014113] (-) TimerEvent: {}
[2.114849] (-) TimerEvent: {}
[2.215714] (-) TimerEvent: {}
[2.316469] (-) TimerEvent: {}
[2.417180] (-) TimerEvent: {}
[2.517922] (-) TimerEvent: {}
[2.618696] (-) TimerEvent: {}
[2.719003] (tello_control) StderrLine: {'line': b'Traceback (most recent call last):\n  File "/usr/lib/python3/dist-packages/colcon_core/executor/__init__.py", line 91, in __call__\n    rc = await self.task(*args, **kwargs)\n         ^^^^^^^^^^^^^^^^^^^^^^^^^^^^^^^^\n  File "/usr/lib/python3/dist-packages/colcon_core/task/__init__.py", line 93, in __call__\n    return await task_method(*args, **kwargs)\n           ^^^^^^^^^^^^^^^^^^^^^^^^^^^^^^^^^^\n  File "/usr/lib/python3/dist-packages/colcon_ros/task/ament_python/build.py", line 51, in build\n    setup_py_data = get_setup_data(self.context.pkg, env)\n                    ^^^^^^^^^^^^^^^^^^^^^^^^^^^^^^^^^^^^^\n  File "/usr/lib/python3/dist-packages/colcon_core/task/python/__init__.py", line 20, in get_setup_data\n    return dict(pkg.metadata[key](env))\n                ^^^^^^^^^^^^^^^^^^^^^^\n  File "/usr/lib/python3/dist-packages/colcon_ros/package_augmentation/ros_ament_python.py", line 57, in getter\n    return get_setup_information(\n           ^^^^^^^^^^^^^^^^^^^^^^\n  File "/usr/lib/python3/dist-packages/colcon_python_setup_py/package_identification/python_setup_py.py", line 249, in get_setup_information\n    _setup_information_cache[hashable_env] = _get_setup_information(\n                                             ^^^^^^^^^^^^^^^^^^^^^^^\n  File "/usr/lib/python3/dist-packages/colcon_python_setup_py/package_identification/python_setup_py.py", line 296, in _get_setup_information\n    result = subprocess.run(\n             ^^^^^^^^^^^^^^^\n  File "/usr/lib/python3.12/subprocess.py", line 571, in run\n    raise CalledProcessError(retcode, process.args,\nsubprocess.CalledProcessError: Command \'[\'/usr/bin/python3\', \'-c\', \'import sys;from contextlib import suppress;exec("with suppress(ImportError):    from setuptools.extern.packaging.specifiers    import SpecifierSet");exec("with suppress(ImportError):    from packaging.specifiers import SpecifierSet");from distutils.core import run_setup;dist = run_setup(    \\\'setup.py\\\', script_args=(\\\'--dry-run\\\',), stop_after=\\\'config\\\');skip_keys = (\\\'cmdclass\\\', \\\'distclass\\\', \\\'ext_modules\\\', \\\'metadata\\\');data = {    key: value for key, value in dist.__dict__.items()     if (        not key.startswith(\\\'_\\\') and         not callable(value) and         key not in skip_keys and         key not in dist.display_option_names    )};data[\\\'metadata\\\'] = {    k: v for k, v in dist.metadata.__dict__.items()     if k not in (\\\'license_files\\\', \\\'provides_extras\\\')};sys.stdout.buffer.write(repr(data).encode(\\\'utf-8\\\'))\']\' returned non-zero exit status 1.\n'}
[2.727245] (-) TimerEvent: {}
[2.727771] (tello_control) JobEnded: {'identifier': 'tello_control', 'rc': 1}
[2.729604] (cam_sim) JobEnded: {'identifier': 'cam_sim', 'rc': 'SIGINT'}
[2.733098] (-) EventReactorShutdown: {}
