[2.459s] Invoking command in '/home/ptrip/ros2_ws/build/cam_sim': PYTHONPATH=/home/ptrip/ros2_ws/build/cam_sim/prefix_override:/usr/lib/python3/dist-packages/colcon_core/task/python/colcon_distutils_commands:/home/ptrip/ros2_ws/install/cam_sim/lib/python3.12/site-packages:${PYTHONPATH} /usr/bin/python3 -W ignore:setup.py install is deprecated -W ignore:easy_install command is deprecated setup.py develop --editable --build-directory /home/ptrip/ros2_ws/build/cam_sim/build --no-deps symlink_data
[3.281s] running develop
[3.791s] running egg_info
[3.842s] writing cam_sim.egg-info/PKG-INFO
[3.843s] writing dependency_links to cam_sim.egg-info/dependency_links.txt
[3.844s] writing entry points to cam_sim.egg-info/entry_points.txt
[3.844s] writing requirements to cam_sim.egg-info/requires.txt
[3.845s] writing top-level names to cam_sim.egg-info/top_level.txt
[3.941s] reading manifest file 'cam_sim.egg-info/SOURCES.txt'
[3.943s] writing manifest file 'cam_sim.egg-info/SOURCES.txt'
[3.989s] running build_ext
[3.990s] Creating /home/ptrip/ros2_ws/install/cam_sim/lib/python3.12/site-packages/cam-sim.egg-link (link to .)
[3.992s] Installing sim1 script to /home/ptrip/ros2_ws/install/cam_sim/lib/cam_sim
[3.993s] Installing sim2 script to /home/ptrip/ros2_ws/install/cam_sim/lib/cam_sim
[3.994s] Installing sim3 script to /home/ptrip/ros2_ws/install/cam_sim/lib/cam_sim
[3.995s] Installing sim4 script to /home/ptrip/ros2_ws/install/cam_sim/lib/cam_sim
[3.996s] Installing sim5 script to /home/ptrip/ros2_ws/install/cam_sim/lib/cam_sim
[3.996s] 
[3.997s] Installed /home/ptrip/ros2_ws/build/cam_sim
[3.997s] running symlink_data
[4.108s] Invoked command in '/home/ptrip/ros2_ws/build/cam_sim' returned '0': PYTHONPATH=/home/ptrip/ros2_ws/build/cam_sim/prefix_override:/usr/lib/python3/dist-packages/colcon_core/task/python/colcon_distutils_commands:/home/ptrip/ros2_ws/install/cam_sim/lib/python3.12/site-packages:${PYTHONPATH} /usr/bin/python3 -W ignore:setup.py install is deprecated -W ignore:easy_install command is deprecated setup.py develop --editable --build-directory /home/ptrip/ros2_ws/build/cam_sim/build --no-deps symlink_data
