running develop
running egg_info
creating tello_control.egg-info
writing tello_control.egg-info/PKG-INFO
writing dependency_links to tello_control.egg-info/dependency_links.txt
writing entry points to tello_control.egg-info/entry_points.txt
writing requirements to tello_control.egg-info/requires.txt
writing top-level names to tello_control.egg-info/top_level.txt
writing manifest file 'tello_control.egg-info/SOURCES.txt'
reading manifest file 'tello_control.egg-info/SOURCES.txt'
writing manifest file 'tello_control.egg-info/SOURCES.txt'
running build_ext
Creating /home/roboticslab/rise/install/tello_control/lib/python3.12/site-packages/tello-control.egg-link (link to .)
Installing command script to /home/roboticslab/rise/install/tello_control/lib/tello_control
Installing control script to /home/roboticslab/rise/install/tello_control/lib/tello_control
Installing test script to /home/roboticslab/rise/install/tello_control/lib/tello_control

Installed /home/roboticslab/rise/build/tello_control
running symlink_data
creating /home/roboticslab/rise/install/tello_control/share/ament_index
creating /home/roboticslab/rise/install/tello_control/share/ament_index/resource_index
creating /home/roboticslab/rise/install/tello_control/share/ament_index/resource_index/packages
symbolically linking /home/roboticslab/rise/build/tello_control/resource/tello_control -> /home/roboticslab/rise/install/tello_control/share/ament_index/resource_index/packages
symbolically linking /home/roboticslab/rise/build/tello_control/package.xml -> /home/roboticslab/rise/install/tello_control/share/tello_control
