[1.011s] Invoking command in '/home/roboticslab/rise/build/tello_control': DEBUGINFOD_URLS=https://debuginfod.ubuntu.com PYTHONPATH=/home/roboticslab/rise/build/tello_control/prefix_override:/usr/lib/python3/dist-packages/colcon_core/task/python/colcon_distutils_commands:/home/roboticslab/rise/install/tello_control/lib/python3.12/site-packages:${PYTHONPATH} /usr/bin/python3 -W ignore:setup.py install is deprecated -W ignore:easy_install command is deprecated setup.py develop --editable --build-directory /home/roboticslab/rise/build/tello_control/build --no-deps symlink_data
[1.322s] running develop
[1.519s] running egg_info
[1.520s] creating tello_control.egg-info
[1.538s] writing tello_control.egg-info/PKG-INFO
[1.538s] writing dependency_links to tello_control.egg-info/dependency_links.txt
[1.538s] writing entry points to tello_control.egg-info/entry_points.txt
[1.538s] writing requirements to tello_control.egg-info/requires.txt
[1.538s] writing top-level names to tello_control.egg-info/top_level.txt
[1.539s] writing manifest file 'tello_control.egg-info/SOURCES.txt'
[1.576s] reading manifest file 'tello_control.egg-info/SOURCES.txt'
[1.577s] writing manifest file 'tello_control.egg-info/SOURCES.txt'
[1.597s] running build_ext
[1.597s] Creating /home/roboticslab/rise/install/tello_control/lib/python3.12/site-packages/tello-control.egg-link (link to .)
[1.597s] Installing command script to /home/roboticslab/rise/install/tello_control/lib/tello_control
[1.597s] Installing control script to /home/roboticslab/rise/install/tello_control/lib/tello_control
[1.598s] Installing test script to /home/roboticslab/rise/install/tello_control/lib/tello_control
[1.598s] 
[1.598s] Installed /home/roboticslab/rise/build/tello_control
[1.598s] running symlink_data
[1.598s] creating /home/roboticslab/rise/install/tello_control/share/ament_index
[1.598s] creating /home/roboticslab/rise/install/tello_control/share/ament_index/resource_index
[1.599s] creating /home/roboticslab/rise/install/tello_control/share/ament_index/resource_index/packages
[1.599s] symbolically linking /home/roboticslab/rise/build/tello_control/resource/tello_control -> /home/roboticslab/rise/install/tello_control/share/ament_index/resource_index/packages
[1.599s] symbolically linking /home/roboticslab/rise/build/tello_control/package.xml -> /home/roboticslab/rise/install/tello_control/share/tello_control
[1.635s] Invoked command in '/home/roboticslab/rise/build/tello_control' returned '0': DEBUGINFOD_URLS=https://debuginfod.ubuntu.com PYTHONPATH=/home/roboticslab/rise/build/tello_control/prefix_override:/usr/lib/python3/dist-packages/colcon_core/task/python/colcon_distutils_commands:/home/roboticslab/rise/install/tello_control/lib/python3.12/site-packages:${PYTHONPATH} /usr/bin/python3 -W ignore:setup.py install is deprecated -W ignore:easy_install command is deprecated setup.py develop --editable --build-directory /home/roboticslab/rise/build/tello_control/build --no-deps symlink_data
