[1.828s] Invoking command in '/home/roboticslab/rise/src/cam_sim': DEBUGINFOD_URLS=https://debuginfod.ubuntu.com PYTHONPATH=/home/roboticslab/rise/build/cam_sim/prefix_override:/usr/lib/python3/dist-packages/colcon_core/task/python/colcon_distutils_commands:/home/roboticslab/rise/install/cam_sim/lib/python3.12/site-packages:${PYTHONPATH} /usr/bin/python3 -W ignore:setup.py install is deprecated -W ignore:easy_install command is deprecated setup.py egg_info --egg-base ../../build/cam_sim build --build-base /home/roboticslab/rise/build/cam_sim/build install --record /home/roboticslab/rise/build/cam_sim/install.log --single-version-externally-managed install_data
[2.062s] running egg_info
[2.080s] writing ../../build/cam_sim/cam_sim.egg-info/PKG-INFO
[2.080s] writing dependency_links to ../../build/cam_sim/cam_sim.egg-info/dependency_links.txt
[2.080s] writing entry points to ../../build/cam_sim/cam_sim.egg-info/entry_points.txt
[2.080s] writing requirements to ../../build/cam_sim/cam_sim.egg-info/requires.txt
[2.081s] writing top-level names to ../../build/cam_sim/cam_sim.egg-info/top_level.txt
[2.116s] reading manifest file '../../build/cam_sim/cam_sim.egg-info/SOURCES.txt'
[2.117s] writing manifest file '../../build/cam_sim/cam_sim.egg-info/SOURCES.txt'
[2.117s] running build
[2.117s] running build_py
[2.117s] copying cam_sim/curve_sim.py -> /home/roboticslab/rise/build/cam_sim/build/lib/cam_sim
[2.118s] running install
[2.123s] running install_lib
[2.141s] copying /home/roboticslab/rise/build/cam_sim/build/lib/cam_sim/curve_sim.py -> /home/roboticslab/rise/install/cam_sim/lib/python3.12/site-packages/cam_sim
[2.142s] byte-compiling /home/roboticslab/rise/install/cam_sim/lib/python3.12/site-packages/cam_sim/curve_sim.py to curve_sim.cpython-312.pyc
[2.144s] running install_data
[2.144s] running install_egg_info
[2.163s] removing '/home/roboticslab/rise/install/cam_sim/lib/python3.12/site-packages/cam_sim-0.0.0-py3.12.egg-info' (and everything under it)
[2.163s] Copying ../../build/cam_sim/cam_sim.egg-info to /home/roboticslab/rise/install/cam_sim/lib/python3.12/site-packages/cam_sim-0.0.0-py3.12.egg-info
[2.164s] running install_scripts
[2.281s] Installing sim1 script to /home/roboticslab/rise/install/cam_sim/lib/cam_sim
[2.282s] Installing sim2 script to /home/roboticslab/rise/install/cam_sim/lib/cam_sim
[2.282s] Installing sim3 script to /home/roboticslab/rise/install/cam_sim/lib/cam_sim
[2.282s] Installing sim4 script to /home/roboticslab/rise/install/cam_sim/lib/cam_sim
[2.282s] Installing sim5 script to /home/roboticslab/rise/install/cam_sim/lib/cam_sim
[2.282s] writing list of installed files to '/home/roboticslab/rise/build/cam_sim/install.log'
[2.307s] Invoked command in '/home/roboticslab/rise/src/cam_sim' returned '0': DEBUGINFOD_URLS=https://debuginfod.ubuntu.com PYTHONPATH=/home/roboticslab/rise/build/cam_sim/prefix_override:/usr/lib/python3/dist-packages/colcon_core/task/python/colcon_distutils_commands:/home/roboticslab/rise/install/cam_sim/lib/python3.12/site-packages:${PYTHONPATH} /usr/bin/python3 -W ignore:setup.py install is deprecated -W ignore:easy_install command is deprecated setup.py egg_info --egg-base ../../build/cam_sim build --build-base /home/roboticslab/rise/build/cam_sim/build install --record /home/roboticslab/rise/build/cam_sim/install.log --single-version-externally-managed install_data
