[0.978s] DEBUG:colcon:Command line arguments: ['/usr/bin/colcon', 'list', '-p', '--base-paths', '/home/ptrip/ros2_ws', '--log-base', '/dev/null']
[0.979s] DEBUG:colcon:Parsed command line arguments: Namespace(log_base=None, log_level=None, verb_name='list', build_base='build', ignore_user_meta=False, metas=['./colcon.meta'], base_paths=['/home/ptrip/ros2_ws', '--log-base', '/dev/null'], packages_ignore=None, packages_ignore_regex=None, paths=None, packages_up_to=None, packages_up_to_regex=None, packages_above=None, packages_above_and_dependencies=None, packages_above_depth=None, packages_select_by_dep=None, packages_skip_by_dep=None, packages_skip_up_to=None, packages_select_build_failed=False, packages_skip_build_finished=False, packages_select_test_failures=False, packages_skip_test_passed=False, packages_select=None, packages_skip=None, packages_select_regex=None, packages_skip_regex=None, packages_start=None, packages_end=None, topological_order=False, names_only=False, paths_only=True, topological_graph=False, topological_graph_dot=False, topological_graph_density=False, topological_graph_legend=False, topological_graph_dot_cluster=False, topological_graph_dot_include_skipped=False, verb_parser=<colcon_defaults.argument_parser.defaults.DefaultArgumentsDecorator object at 0x74859070a060>, verb_extension=<colcon_package_information.verb.list.ListVerb object at 0x748590832330>, main=<bound method ListVerb.main of <colcon_package_information.verb.list.ListVerb object at 0x748590832330>>)
[1.258s] Level 1:colcon.colcon_core.package_discovery:discover_packages(colcon_meta) check parameters
[1.258s] Level 1:colcon.colcon_core.package_discovery:discover_packages(recursive) check parameters
[1.258s] Level 1:colcon.colcon_core.package_discovery:discover_packages(ignore) check parameters
[1.259s] Level 1:colcon.colcon_core.package_discovery:discover_packages(path) check parameters
[1.259s] Level 1:colcon.colcon_core.package_discovery:discover_packages(recursive) discover
[1.260s] INFO:colcon.colcon_core.package_discovery:Crawling recursively for packages in '/home/ptrip/ros2_ws', '/home/ptrip/ros2_ws/--log-base', '/dev/null'
[1.262s] Level 1:colcon.colcon_core.package_identification:_identify(/home/ptrip/ros2_ws) by extensions ['ignore', 'ignore_ament_install']
[1.263s] Level 1:colcon.colcon_core.package_identification:_identify(/home/ptrip/ros2_ws) by extension 'ignore'
[1.263s] Level 1:colcon.colcon_core.package_identification:_identify(/home/ptrip/ros2_ws) by extension 'ignore_ament_install'
[1.263s] Level 1:colcon.colcon_core.package_identification:_identify(/home/ptrip/ros2_ws) by extensions ['colcon_pkg']
[1.264s] Level 1:colcon.colcon_core.package_identification:_identify(/home/ptrip/ros2_ws) by extension 'colcon_pkg'
[1.264s] Level 1:colcon.colcon_core.package_identification:_identify(/home/ptrip/ros2_ws) by extensions ['colcon_meta']
[1.264s] Level 1:colcon.colcon_core.package_identification:_identify(/home/ptrip/ros2_ws) by extension 'colcon_meta'
[1.264s] Level 1:colcon.colcon_core.package_identification:_identify(/home/ptrip/ros2_ws) by extensions ['ros']
[1.264s] Level 1:colcon.colcon_core.package_identification:_identify(/home/ptrip/ros2_ws) by extension 'ros'
[1.431s] Level 1:colcon.colcon_core.package_identification:_identify(/home/ptrip/ros2_ws) by extensions ['cmake', 'python']
[1.432s] Level 1:colcon.colcon_core.package_identification:_identify(/home/ptrip/ros2_ws) by extension 'cmake'
[1.432s] Level 1:colcon.colcon_core.package_identification:_identify(/home/ptrip/ros2_ws) by extension 'python'
[1.432s] Level 1:colcon.colcon_core.package_identification:_identify(/home/ptrip/ros2_ws) by extensions ['python_setup_py']
[1.432s] Level 1:colcon.colcon_core.package_identification:_identify(/home/ptrip/ros2_ws) by extension 'python_setup_py'
[1.433s] Level 1:colcon.colcon_core.package_identification:_identify(/home/ptrip/ros2_ws/build) by extensions ['ignore', 'ignore_ament_install']
[1.435s] Level 1:colcon.colcon_core.package_identification:_identify(/home/ptrip/ros2_ws/build) by extension 'ignore'
[1.436s] Level 1:colcon.colcon_core.package_identification:_identify(/home/ptrip/ros2_ws/build) ignored
[1.436s] Level 1:colcon.colcon_core.package_identification:_identify(/home/ptrip/ros2_ws/install) by extensions ['ignore', 'ignore_ament_install']
[1.437s] Level 1:colcon.colcon_core.package_identification:_identify(/home/ptrip/ros2_ws/install) by extension 'ignore'
[1.437s] Level 1:colcon.colcon_core.package_identification:_identify(/home/ptrip/ros2_ws/install) ignored
[1.438s] Level 1:colcon.colcon_core.package_identification:_identify(/home/ptrip/ros2_ws/log) by extensions ['ignore', 'ignore_ament_install']
[1.438s] Level 1:colcon.colcon_core.package_identification:_identify(/home/ptrip/ros2_ws/log) by extension 'ignore'
[1.439s] Level 1:colcon.colcon_core.package_identification:_identify(/home/ptrip/ros2_ws/log) ignored
[1.439s] Level 1:colcon.colcon_core.package_identification:_identify(/home/ptrip/ros2_ws/src) by extensions ['ignore', 'ignore_ament_install']
[1.439s] Level 1:colcon.colcon_core.package_identification:_identify(/home/ptrip/ros2_ws/src) by extension 'ignore'
[1.440s] Level 1:colcon.colcon_core.package_identification:_identify(/home/ptrip/ros2_ws/src) by extension 'ignore_ament_install'
[1.440s] Level 1:colcon.colcon_core.package_identification:_identify(/home/ptrip/ros2_ws/src) by extensions ['colcon_pkg']
[1.441s] Level 1:colcon.colcon_core.package_identification:_identify(/home/ptrip/ros2_ws/src) by extension 'colcon_pkg'
[1.441s] Level 1:colcon.colcon_core.package_identification:_identify(/home/ptrip/ros2_ws/src) by extensions ['colcon_meta']
[1.441s] Level 1:colcon.colcon_core.package_identification:_identify(/home/ptrip/ros2_ws/src) by extension 'colcon_meta'
[1.441s] Level 1:colcon.colcon_core.package_identification:_identify(/home/ptrip/ros2_ws/src) by extensions ['ros']
[1.441s] Level 1:colcon.colcon_core.package_identification:_identify(/home/ptrip/ros2_ws/src) by extension 'ros'
[1.441s] Level 1:colcon.colcon_core.package_identification:_identify(/home/ptrip/ros2_ws/src) by extensions ['cmake', 'python']
[1.442s] Level 1:colcon.colcon_core.package_identification:_identify(/home/ptrip/ros2_ws/src) by extension 'cmake'
[1.442s] Level 1:colcon.colcon_core.package_identification:_identify(/home/ptrip/ros2_ws/src) by extension 'python'
[1.443s] Level 1:colcon.colcon_core.package_identification:_identify(/home/ptrip/ros2_ws/src) by extensions ['python_setup_py']
[1.443s] Level 1:colcon.colcon_core.package_identification:_identify(/home/ptrip/ros2_ws/src) by extension 'python_setup_py'
[1.443s] Level 1:colcon.colcon_core.package_identification:_identify(/home/ptrip/ros2_ws/src/cam_sim) by extensions ['ignore', 'ignore_ament_install']
[1.444s] Level 1:colcon.colcon_core.package_identification:_identify(/home/ptrip/ros2_ws/src/cam_sim) by extension 'ignore'
[1.445s] Level 1:colcon.colcon_core.package_identification:_identify(/home/ptrip/ros2_ws/src/cam_sim) by extension 'ignore_ament_install'
[1.445s] Level 1:colcon.colcon_core.package_identification:_identify(/home/ptrip/ros2_ws/src/cam_sim) by extensions ['colcon_pkg']
[1.445s] Level 1:colcon.colcon_core.package_identification:_identify(/home/ptrip/ros2_ws/src/cam_sim) by extension 'colcon_pkg'
[1.446s] Level 1:colcon.colcon_core.package_identification:_identify(/home/ptrip/ros2_ws/src/cam_sim) by extensions ['colcon_meta']
[1.446s] Level 1:colcon.colcon_core.package_identification:_identify(/home/ptrip/ros2_ws/src/cam_sim) by extension 'colcon_meta'
[1.446s] Level 1:colcon.colcon_core.package_identification:_identify(/home/ptrip/ros2_ws/src/cam_sim) by extensions ['ros']
[1.446s] Level 1:colcon.colcon_core.package_identification:_identify(/home/ptrip/ros2_ws/src/cam_sim) by extension 'ros'
[1.461s] DEBUG:colcon.colcon_core.package_identification:Package '/home/ptrip/ros2_ws/src/cam_sim' with type 'ros.ament_python' and name 'cam_sim'
[1.461s] Level 1:colcon.colcon_core.package_discovery:discover_packages(recursive) using defaults
