running egg_info
creating ../../build/drone_sim/drone_sim.egg-info
writing ../../build/drone_sim/drone_sim.egg-info/PKG-INFO
writing dependency_links to ../../build/drone_sim/drone_sim.egg-info/dependency_links.txt
writing requirements to ../../build/drone_sim/drone_sim.egg-info/requires.txt
writing top-level names to ../../build/drone_sim/drone_sim.egg-info/top_level.txt
writing manifest file '../../build/drone_sim/drone_sim.egg-info/SOURCES.txt'
reading manifest file '../../build/drone_sim/drone_sim.egg-info/SOURCES.txt'
writing manifest file '../../build/drone_sim/drone_sim.egg-info/SOURCES.txt'
running build
running build_py
creating /home/ptrip/ros2_ws/build/drone_sim/build
creating /home/ptrip/ros2_ws/build/drone_sim/build/lib
creating /home/ptrip/ros2_ws/build/drone_sim/build/lib/drone_sim
copying drone_sim/__init__.py -> /home/ptrip/ros2_ws/build/drone_sim/build/lib/drone_sim
running install
running install_lib
creating /home/ptrip/ros2_ws/install/drone_sim/lib/python3.12/site-packages/drone_sim
copying /home/ptrip/ros2_ws/build/drone_sim/build/lib/drone_sim/__init__.py -> /home/ptrip/ros2_ws/install/drone_sim/lib/python3.12/site-packages/drone_sim
byte-compiling /home/ptrip/ros2_ws/install/drone_sim/lib/python3.12/site-packages/drone_sim/__init__.py to __init__.cpython-312.pyc
running install_data
creating /home/ptrip/ros2_ws/install/drone_sim/share/ament_index
creating /home/ptrip/ros2_ws/install/drone_sim/share/ament_index/resource_index
creating /home/ptrip/ros2_ws/install/drone_sim/share/ament_index/resource_index/packages
copying resource/drone_sim -> /home/ptrip/ros2_ws/install/drone_sim/share/ament_index/resource_index/packages
copying package.xml -> /home/ptrip/ros2_ws/install/drone_sim/share/drone_sim
running install_egg_info
Copying ../../build/drone_sim/drone_sim.egg-info to /home/ptrip/ros2_ws/install/drone_sim/lib/python3.12/site-packages/drone_sim-0.0.0-py3.12.egg-info
running install_scripts
writing list of installed files to '/home/ptrip/ros2_ws/build/drone_sim/install.log'
