[2.661s] Invoking command in '/home/ptrip/ros2_ws/build/cam_sim': PYTHONPATH=/home/ptrip/ros2_ws/build/cam_sim/prefix_override:/usr/lib/python3/dist-packages/colcon_core/task/python/colcon_distutils_commands:/home/ptrip/ros2_ws/install/cam_sim/lib/python3.12/site-packages:${PYTHONPATH} /usr/bin/python3 -W ignore:setup.py install is deprecated -W ignore:easy_install command is deprecated setup.py develop --editable --build-directory /home/ptrip/ros2_ws/build/cam_sim/build --no-deps symlink_data
[3.743s] running develop
[4.419s] running egg_info
[4.493s] writing cam_sim.egg-info/PKG-INFO
[4.495s] writing dependency_links to cam_sim.egg-info/dependency_links.txt
[4.496s] writing entry points to cam_sim.egg-info/entry_points.txt
[4.498s] writing requirements to cam_sim.egg-info/requires.txt
[4.498s] writing top-level names to cam_sim.egg-info/top_level.txt
[4.625s] reading manifest file 'cam_sim.egg-info/SOURCES.txt'
[4.629s] writing manifest file 'cam_sim.egg-info/SOURCES.txt'
[4.691s] running build_ext
[4.691s] Creating /home/ptrip/ros2_ws/install/cam_sim/lib/python3.12/site-packages/cam-sim.egg-link (link to .)
[4.693s] Installing sim1 script to /home/ptrip/ros2_ws/install/cam_sim/lib/cam_sim
[4.694s] Installing sim2 script to /home/ptrip/ros2_ws/install/cam_sim/lib/cam_sim
[4.695s] Installing sim3 script to /home/ptrip/ros2_ws/install/cam_sim/lib/cam_sim
[4.695s] Installing sim4 script to /home/ptrip/ros2_ws/install/cam_sim/lib/cam_sim
[4.696s] Installing sim5 script to /home/ptrip/ros2_ws/install/cam_sim/lib/cam_sim
[4.697s] 
[4.697s] Installed /home/ptrip/ros2_ws/build/cam_sim
[4.699s] running symlink_data
[4.809s] Invoked command in '/home/ptrip/ros2_ws/build/cam_sim' returned '0': PYTHONPATH=/home/ptrip/ros2_ws/build/cam_sim/prefix_override:/usr/lib/python3/dist-packages/colcon_core/task/python/colcon_distutils_commands:/home/ptrip/ros2_ws/install/cam_sim/lib/python3.12/site-packages:${PYTHONPATH} /usr/bin/python3 -W ignore:setup.py install is deprecated -W ignore:easy_install command is deprecated setup.py develop --editable --build-directory /home/ptrip/ros2_ws/build/cam_sim/build --no-deps symlink_data
