[5.315s] Invoking command in '/home/ptrip/ros2_ws/build/cam_sim': PYTHONPATH=/home/ptrip/ros2_ws/build/cam_sim/prefix_override:/usr/lib/python3/dist-packages/colcon_core/task/python/colcon_distutils_commands:/home/ptrip/ros2_ws/install/cam_sim/lib/python3.12/site-packages:${PYTHONPATH} /usr/bin/python3 -W ignore:setup.py install is deprecated -W ignore:easy_install command is deprecated setup.py develop --editable --build-directory /home/ptrip/ros2_ws/build/cam_sim/build --no-deps symlink_data
[6.263s] running develop
[7.000s] running egg_info
[7.047s] writing cam_sim.egg-info/PKG-INFO
[7.048s] writing dependency_links to cam_sim.egg-info/dependency_links.txt
[7.049s] writing entry points to cam_sim.egg-info/entry_points.txt
[7.050s] writing requirements to cam_sim.egg-info/requires.txt
[7.051s] writing top-level names to cam_sim.egg-info/top_level.txt
[7.198s] reading manifest file 'cam_sim.egg-info/SOURCES.txt'
[7.201s] writing manifest file 'cam_sim.egg-info/SOURCES.txt'
[7.296s] running build_ext
[7.298s] Creating /home/ptrip/ros2_ws/install/cam_sim/lib/python3.12/site-packages/cam-sim.egg-link (link to .)
[7.301s] Installing sim1 script to /home/ptrip/ros2_ws/install/cam_sim/lib/cam_sim
[7.304s] Installing sim2 script to /home/ptrip/ros2_ws/install/cam_sim/lib/cam_sim
[7.305s] Installing sim3 script to /home/ptrip/ros2_ws/install/cam_sim/lib/cam_sim
[7.308s] Installing sim4 script to /home/ptrip/ros2_ws/install/cam_sim/lib/cam_sim
[7.309s] Installing sim5 script to /home/ptrip/ros2_ws/install/cam_sim/lib/cam_sim
[7.311s] 
[7.312s] Installed /home/ptrip/ros2_ws/build/cam_sim
[7.312s] running symlink_data
[7.489s] Invoked command in '/home/ptrip/ros2_ws/build/cam_sim' returned '0': PYTHONPATH=/home/ptrip/ros2_ws/build/cam_sim/prefix_override:/usr/lib/python3/dist-packages/colcon_core/task/python/colcon_distutils_commands:/home/ptrip/ros2_ws/install/cam_sim/lib/python3.12/site-packages:${PYTHONPATH} /usr/bin/python3 -W ignore:setup.py install is deprecated -W ignore:easy_install command is deprecated setup.py develop --editable --build-directory /home/ptrip/ros2_ws/build/cam_sim/build --no-deps symlink_data
