[4.361s] Invoking command in '/home/ptrip/ros2_ws/build/tello_control': PYTHONPATH=/home/ptrip/ros2_ws/build/tello_control/prefix_override:/usr/lib/python3/dist-packages/colcon_core/task/python/colcon_distutils_commands:/home/ptrip/ros2_ws/install/tello_control/lib/python3.12/site-packages:${PYTHONPATH} /usr/bin/python3 -W ignore:setup.py install is deprecated -W ignore:easy_install command is deprecated setup.py develop --uninstall --editable --build-directory /home/ptrip/ros2_ws/build/tello_control/build
[5.346s] running develop
[5.965s] Removing /home/ptrip/ros2_ws/install/tello_control/lib/python3.12/site-packages/tello-control.egg-link (link to .)
[6.070s] Invoked command in '/home/ptrip/ros2_ws/build/tello_control' returned '0': PYTHONPATH=/home/ptrip/ros2_ws/build/tello_control/prefix_override:/usr/lib/python3/dist-packages/colcon_core/task/python/colcon_distutils_commands:/home/ptrip/ros2_ws/install/tello_control/lib/python3.12/site-packages:${PYTHONPATH} /usr/bin/python3 -W ignore:setup.py install is deprecated -W ignore:easy_install command is deprecated setup.py develop --uninstall --editable --build-directory /home/ptrip/ros2_ws/build/tello_control/build
[6.073s] Invoking command in '/home/ptrip/ros2_ws/src/tello_control': PYTHONPATH=/home/ptrip/ros2_ws/build/tello_control/prefix_override:/usr/lib/python3/dist-packages/colcon_core/task/python/colcon_distutils_commands:/home/ptrip/ros2_ws/install/tello_control/lib/python3.12/site-packages:${PYTHONPATH} /usr/bin/python3 -W ignore:setup.py install is deprecated -W ignore:easy_install command is deprecated setup.py egg_info --egg-base ../../build/tello_control build --build-base /home/ptrip/ros2_ws/build/tello_control/build install --record /home/ptrip/ros2_ws/build/tello_control/install.log --single-version-externally-managed install_data --force
[6.758s] running egg_info
[6.797s] writing ../../build/tello_control/tello_control.egg-info/PKG-INFO
[6.798s] writing dependency_links to ../../build/tello_control/tello_control.egg-info/dependency_links.txt
[6.799s] writing entry points to ../../build/tello_control/tello_control.egg-info/entry_points.txt
[6.800s] writing requirements to ../../build/tello_control/tello_control.egg-info/requires.txt
[6.801s] writing top-level names to ../../build/tello_control/tello_control.egg-info/top_level.txt
[6.911s] reading manifest file '../../build/tello_control/tello_control.egg-info/SOURCES.txt'
[6.913s] writing manifest file '../../build/tello_control/tello_control.egg-info/SOURCES.txt'
[6.914s] running build
[6.914s] running build_py
[6.915s] creating /home/ptrip/ros2_ws/build/tello_control/build
[6.917s] creating /home/ptrip/ros2_ws/build/tello_control/build/lib
[6.919s] creating /home/ptrip/ros2_ws/build/tello_control/build/lib/tello_control
[6.920s] copying tello_control/test_drone.py -> /home/ptrip/ros2_ws/build/tello_control/build/lib/tello_control
[6.921s] copying tello_control/control_node.py -> /home/ptrip/ros2_ws/build/tello_control/build/lib/tello_control
[6.922s] copying tello_control/__init__.py -> /home/ptrip/ros2_ws/build/tello_control/build/lib/tello_control
[6.922s] copying tello_control/command_node.py -> /home/ptrip/ros2_ws/build/tello_control/build/lib/tello_control
[6.924s] running install
[6.937s] running install_lib
[6.988s] creating /home/ptrip/ros2_ws/install/tello_control/lib/python3.12/site-packages/tello_control
[6.989s] copying /home/ptrip/ros2_ws/build/tello_control/build/lib/tello_control/test_drone.py -> /home/ptrip/ros2_ws/install/tello_control/lib/python3.12/site-packages/tello_control
[6.990s] copying /home/ptrip/ros2_ws/build/tello_control/build/lib/tello_control/control_node.py -> /home/ptrip/ros2_ws/install/tello_control/lib/python3.12/site-packages/tello_control
[6.990s] copying /home/ptrip/ros2_ws/build/tello_control/build/lib/tello_control/__init__.py -> /home/ptrip/ros2_ws/install/tello_control/lib/python3.12/site-packages/tello_control
[6.991s] copying /home/ptrip/ros2_ws/build/tello_control/build/lib/tello_control/command_node.py -> /home/ptrip/ros2_ws/install/tello_control/lib/python3.12/site-packages/tello_control
[6.993s] byte-compiling /home/ptrip/ros2_ws/install/tello_control/lib/python3.12/site-packages/tello_control/test_drone.py to test_drone.cpython-312.pyc
[6.996s] byte-compiling /home/ptrip/ros2_ws/install/tello_control/lib/python3.12/site-packages/tello_control/control_node.py to control_node.cpython-312.pyc
[6.999s] byte-compiling /home/ptrip/ros2_ws/install/tello_control/lib/python3.12/site-packages/tello_control/__init__.py to __init__.cpython-312.pyc
[6.999s] byte-compiling /home/ptrip/ros2_ws/install/tello_control/lib/python3.12/site-packages/tello_control/command_node.py to command_node.cpython-312.pyc
[7.001s] running install_data
[7.002s] copying resource/tello_control -> /home/ptrip/ros2_ws/install/tello_control/share/ament_index/resource_index/packages
[7.003s] copying package.xml -> /home/ptrip/ros2_ws/install/tello_control/share/tello_control
[7.005s] running install_egg_info
[7.050s] Copying ../../build/tello_control/tello_control.egg-info to /home/ptrip/ros2_ws/install/tello_control/lib/python3.12/site-packages/tello_control-0.0.0-py3.12.egg-info
[7.054s] running install_scripts
[7.429s] Installing command script to /home/ptrip/ros2_ws/install/tello_control/lib/tello_control
[7.435s] Installing control script to /home/ptrip/ros2_ws/install/tello_control/lib/tello_control
[7.436s] Installing test script to /home/ptrip/ros2_ws/install/tello_control/lib/tello_control
[7.437s] writing list of installed files to '/home/ptrip/ros2_ws/build/tello_control/install.log'
[7.545s] Invoked command in '/home/ptrip/ros2_ws/src/tello_control' returned '0': PYTHONPATH=/home/ptrip/ros2_ws/build/tello_control/prefix_override:/usr/lib/python3/dist-packages/colcon_core/task/python/colcon_distutils_commands:/home/ptrip/ros2_ws/install/tello_control/lib/python3.12/site-packages:${PYTHONPATH} /usr/bin/python3 -W ignore:setup.py install is deprecated -W ignore:easy_install command is deprecated setup.py egg_info --egg-base ../../build/tello_control build --build-base /home/ptrip/ros2_ws/build/tello_control/build install --record /home/ptrip/ros2_ws/build/tello_control/install.log --single-version-externally-managed install_data --force
