[2.409s] Invoking command in '/home/ptrip/ros2_ws/build/cam_sim': PYTHONPATH=/home/ptrip/ros2_ws/build/cam_sim/prefix_override:/usr/lib/python3/dist-packages/colcon_core/task/python/colcon_distutils_commands:/home/ptrip/ros2_ws/install/cam_sim/lib/python3.12/site-packages:${PYTHONPATH} /usr/bin/python3 -W ignore:setup.py install is deprecated -W ignore:easy_install command is deprecated setup.py develop --editable --build-directory /home/ptrip/ros2_ws/build/cam_sim/build --no-deps symlink_data
[3.150s] running develop
[3.598s] running egg_info
[3.598s] creating cam_sim.egg-info
[3.636s] writing cam_sim.egg-info/PKG-INFO
[3.637s] writing dependency_links to cam_sim.egg-info/dependency_links.txt
[3.639s] writing entry points to cam_sim.egg-info/entry_points.txt
[3.639s] writing requirements to cam_sim.egg-info/requires.txt
[3.640s] writing top-level names to cam_sim.egg-info/top_level.txt
[3.641s] writing manifest file 'cam_sim.egg-info/SOURCES.txt'
[3.722s] reading manifest file 'cam_sim.egg-info/SOURCES.txt'
[3.723s] writing manifest file 'cam_sim.egg-info/SOURCES.txt'
[3.767s] running build_ext
[3.768s] Creating /home/ptrip/ros2_ws/install/cam_sim/lib/python3.12/site-packages/cam-sim.egg-link (link to .)
[3.769s] Installing sim script to /home/ptrip/ros2_ws/install/cam_sim/lib/cam_sim
[3.771s] 
[3.772s] Installed /home/ptrip/ros2_ws/build/cam_sim
[3.772s] running symlink_data
[3.773s] creating /home/ptrip/ros2_ws/install/cam_sim/share/ament_index
[3.773s] creating /home/ptrip/ros2_ws/install/cam_sim/share/ament_index/resource_index
[3.773s] creating /home/ptrip/ros2_ws/install/cam_sim/share/ament_index/resource_index/packages
[3.775s] symbolically linking /home/ptrip/ros2_ws/build/cam_sim/resource/cam_sim -> /home/ptrip/ros2_ws/install/cam_sim/share/ament_index/resource_index/packages
[3.776s] symbolically linking /home/ptrip/ros2_ws/build/cam_sim/package.xml -> /home/ptrip/ros2_ws/install/cam_sim/share/cam_sim
[3.880s] Invoked command in '/home/ptrip/ros2_ws/build/cam_sim' returned '0': PYTHONPATH=/home/ptrip/ros2_ws/build/cam_sim/prefix_override:/usr/lib/python3/dist-packages/colcon_core/task/python/colcon_distutils_commands:/home/ptrip/ros2_ws/install/cam_sim/lib/python3.12/site-packages:${PYTHONPATH} /usr/bin/python3 -W ignore:setup.py install is deprecated -W ignore:easy_install command is deprecated setup.py develop --editable --build-directory /home/ptrip/ros2_ws/build/cam_sim/build --no-deps symlink_data
