[2.642s] Invoking command in '/home/ptrip/ros2_ws/build/cam_sim': PYTHONPATH=/home/ptrip/ros2_ws/build/cam_sim/prefix_override:/usr/lib/python3/dist-packages/colcon_core/task/python/colcon_distutils_commands:/home/ptrip/ros2_ws/install/cam_sim/lib/python3.12/site-packages:${PYTHONPATH} /usr/bin/python3 -W ignore:setup.py install is deprecated -W ignore:easy_install command is deprecated setup.py develop --editable --build-directory /home/ptrip/ros2_ws/build/cam_sim/build --no-deps symlink_data
[3.426s] running develop
[3.909s] running egg_info
[3.951s] writing cam_sim.egg-info/PKG-INFO
[3.952s] writing dependency_links to cam_sim.egg-info/dependency_links.txt
[3.953s] writing entry points to cam_sim.egg-info/entry_points.txt
[3.954s] writing requirements to cam_sim.egg-info/requires.txt
[3.955s] writing top-level names to cam_sim.egg-info/top_level.txt
[4.049s] reading manifest file 'cam_sim.egg-info/SOURCES.txt'
[4.051s] writing manifest file 'cam_sim.egg-info/SOURCES.txt'
[4.100s] running build_ext
[4.100s] Creating /home/ptrip/ros2_ws/install/cam_sim/lib/python3.12/site-packages/cam-sim.egg-link (link to .)
[4.103s] Installing sim1 script to /home/ptrip/ros2_ws/install/cam_sim/lib/cam_sim
[4.104s] Installing sim2 script to /home/ptrip/ros2_ws/install/cam_sim/lib/cam_sim
[4.105s] Installing sim3 script to /home/ptrip/ros2_ws/install/cam_sim/lib/cam_sim
[4.106s] Installing sim4 script to /home/ptrip/ros2_ws/install/cam_sim/lib/cam_sim
[4.109s] Installing sim5 script to /home/ptrip/ros2_ws/install/cam_sim/lib/cam_sim
[4.111s] 
[4.111s] Installed /home/ptrip/ros2_ws/build/cam_sim
[4.111s] running symlink_data
[4.204s] Invoked command in '/home/ptrip/ros2_ws/build/cam_sim' returned '0': PYTHONPATH=/home/ptrip/ros2_ws/build/cam_sim/prefix_override:/usr/lib/python3/dist-packages/colcon_core/task/python/colcon_distutils_commands:/home/ptrip/ros2_ws/install/cam_sim/lib/python3.12/site-packages:${PYTHONPATH} /usr/bin/python3 -W ignore:setup.py install is deprecated -W ignore:easy_install command is deprecated setup.py develop --editable --build-directory /home/ptrip/ros2_ws/build/cam_sim/build --no-deps symlink_data
