[7.798s] Invoking command in '/home/ptrip/ros2_ws/build/cam_sim': PYTHONPATH=/home/ptrip/ros2_ws/build/cam_sim/prefix_override:/usr/lib/python3/dist-packages/colcon_core/task/python/colcon_distutils_commands:/home/ptrip/ros2_ws/install/cam_sim/lib/python3.12/site-packages:${PYTHONPATH} /usr/bin/python3 -W ignore:setup.py install is deprecated -W ignore:easy_install command is deprecated setup.py develop --editable --build-directory /home/ptrip/ros2_ws/build/cam_sim/build --no-deps symlink_data
[8.843s] running develop
[9.198s] running egg_info
[9.221s] writing cam_sim.egg-info/PKG-INFO
[9.223s] writing dependency_links to cam_sim.egg-info/dependency_links.txt
[9.224s] writing entry points to cam_sim.egg-info/entry_points.txt
[9.225s] writing requirements to cam_sim.egg-info/requires.txt
[9.226s] writing top-level names to cam_sim.egg-info/top_level.txt
[9.292s] reading manifest file 'cam_sim.egg-info/SOURCES.txt'
[9.293s] writing manifest file 'cam_sim.egg-info/SOURCES.txt'
[10.155s] running build_ext
[10.251s] Creating /home/ptrip/ros2_ws/install/cam_sim/lib/python3.12/site-packages/cam-sim.egg-link (link to .)
[10.336s] Installing sim1 script to /home/ptrip/ros2_ws/install/cam_sim/lib/cam_sim
[10.585s] Installing sim2 script to /home/ptrip/ros2_ws/install/cam_sim/lib/cam_sim
[10.585s] Installing sim3 script to /home/ptrip/ros2_ws/install/cam_sim/lib/cam_sim
[10.585s] Installing sim4 script to /home/ptrip/ros2_ws/install/cam_sim/lib/cam_sim
[10.585s] Installing sim5 script to /home/ptrip/ros2_ws/install/cam_sim/lib/cam_sim
[10.585s] 
[10.585s] Installed /home/ptrip/ros2_ws/build/cam_sim
[10.585s] running symlink_data
[11.278s] Invoked command in '/home/ptrip/ros2_ws/build/cam_sim' returned '0': PYTHONPATH=/home/ptrip/ros2_ws/build/cam_sim/prefix_override:/usr/lib/python3/dist-packages/colcon_core/task/python/colcon_distutils_commands:/home/ptrip/ros2_ws/install/cam_sim/lib/python3.12/site-packages:${PYTHONPATH} /usr/bin/python3 -W ignore:setup.py install is deprecated -W ignore:easy_install command is deprecated setup.py develop --editable --build-directory /home/ptrip/ros2_ws/build/cam_sim/build --no-deps symlink_data
