[1.899s] Invoking command in '/home/roboticslab/rise/build/cam_sim': DEBUGINFOD_URLS=https://debuginfod.ubuntu.com PYTHONPATH=/home/roboticslab/rise/build/cam_sim/prefix_override:/usr/lib/python3/dist-packages/colcon_core/task/python/colcon_distutils_commands:/home/roboticslab/rise/install/cam_sim/lib/python3.12/site-packages:${PYTHONPATH} /usr/bin/python3 -W ignore:setup.py install is deprecated -W ignore:easy_install command is deprecated setup.py develop --uninstall --editable --build-directory /home/roboticslab/rise/build/cam_sim/build
[2.369s] running develop
[2.690s] Removing /home/roboticslab/rise/install/cam_sim/lib/python3.12/site-packages/cam-sim.egg-link (link to .)
[2.750s] Invoked command in '/home/roboticslab/rise/build/cam_sim' returned '0': DEBUGINFOD_URLS=https://debuginfod.ubuntu.com PYTHONPATH=/home/roboticslab/rise/build/cam_sim/prefix_override:/usr/lib/python3/dist-packages/colcon_core/task/python/colcon_distutils_commands:/home/roboticslab/rise/install/cam_sim/lib/python3.12/site-packages:${PYTHONPATH} /usr/bin/python3 -W ignore:setup.py install is deprecated -W ignore:easy_install command is deprecated setup.py develop --uninstall --editable --build-directory /home/roboticslab/rise/build/cam_sim/build
[2.751s] Invoking command in '/home/roboticslab/rise/src/cam_sim': DEBUGINFOD_URLS=https://debuginfod.ubuntu.com PYTHONPATH=/home/roboticslab/rise/build/cam_sim/prefix_override:/usr/lib/python3/dist-packages/colcon_core/task/python/colcon_distutils_commands:/home/roboticslab/rise/install/cam_sim/lib/python3.12/site-packages:${PYTHONPATH} /usr/bin/python3 -W ignore:setup.py install is deprecated -W ignore:easy_install command is deprecated setup.py egg_info --egg-base ../../build/cam_sim build --build-base /home/roboticslab/rise/build/cam_sim/build install --record /home/roboticslab/rise/build/cam_sim/install.log --single-version-externally-managed install_data --force
[3.090s] running egg_info
[3.122s] writing ../../build/cam_sim/cam_sim.egg-info/PKG-INFO
[3.122s] writing dependency_links to ../../build/cam_sim/cam_sim.egg-info/dependency_links.txt
[3.123s] writing entry points to ../../build/cam_sim/cam_sim.egg-info/entry_points.txt
[3.123s] writing requirements to ../../build/cam_sim/cam_sim.egg-info/requires.txt
[3.123s] writing top-level names to ../../build/cam_sim/cam_sim.egg-info/top_level.txt
[3.188s] reading manifest file '../../build/cam_sim/cam_sim.egg-info/SOURCES.txt'
[3.189s] writing manifest file '../../build/cam_sim/cam_sim.egg-info/SOURCES.txt'
[3.189s] running build
[3.190s] running build_py
[3.190s] creating /home/roboticslab/rise/build/cam_sim/build
[3.190s] creating /home/roboticslab/rise/build/cam_sim/build/lib
[3.190s] creating /home/roboticslab/rise/build/cam_sim/build/lib/cam_sim
[3.190s] copying cam_sim/curve_sim.py -> /home/roboticslab/rise/build/cam_sim/build/lib/cam_sim
[3.190s] copying cam_sim/__init__.py -> /home/roboticslab/rise/build/cam_sim/build/lib/cam_sim
[3.190s] copying cam_sim/top_sim.py -> /home/roboticslab/rise/build/cam_sim/build/lib/cam_sim
[3.190s] copying cam_sim/turn_sim.py -> /home/roboticslab/rise/build/cam_sim/build/lib/cam_sim
[3.191s] copying cam_sim/sim_node.py -> /home/roboticslab/rise/build/cam_sim/build/lib/cam_sim
[3.191s] copying cam_sim/final_sim.py -> /home/roboticslab/rise/build/cam_sim/build/lib/cam_sim
[3.191s] running install
[3.201s] running install_lib
[3.231s] creating /home/roboticslab/rise/install/cam_sim/lib/python3.12/site-packages/cam_sim
[3.231s] copying /home/roboticslab/rise/build/cam_sim/build/lib/cam_sim/curve_sim.py -> /home/roboticslab/rise/install/cam_sim/lib/python3.12/site-packages/cam_sim
[3.231s] copying /home/roboticslab/rise/build/cam_sim/build/lib/cam_sim/__init__.py -> /home/roboticslab/rise/install/cam_sim/lib/python3.12/site-packages/cam_sim
[3.231s] copying /home/roboticslab/rise/build/cam_sim/build/lib/cam_sim/top_sim.py -> /home/roboticslab/rise/install/cam_sim/lib/python3.12/site-packages/cam_sim
[3.232s] copying /home/roboticslab/rise/build/cam_sim/build/lib/cam_sim/turn_sim.py -> /home/roboticslab/rise/install/cam_sim/lib/python3.12/site-packages/cam_sim
[3.232s] copying /home/roboticslab/rise/build/cam_sim/build/lib/cam_sim/sim_node.py -> /home/roboticslab/rise/install/cam_sim/lib/python3.12/site-packages/cam_sim
[3.232s] copying /home/roboticslab/rise/build/cam_sim/build/lib/cam_sim/final_sim.py -> /home/roboticslab/rise/install/cam_sim/lib/python3.12/site-packages/cam_sim
[3.232s] byte-compiling /home/roboticslab/rise/install/cam_sim/lib/python3.12/site-packages/cam_sim/curve_sim.py to curve_sim.cpython-312.pyc
[3.234s] byte-compiling /home/roboticslab/rise/install/cam_sim/lib/python3.12/site-packages/cam_sim/__init__.py to __init__.cpython-312.pyc
[3.234s] byte-compiling /home/roboticslab/rise/install/cam_sim/lib/python3.12/site-packages/cam_sim/top_sim.py to top_sim.cpython-312.pyc
[3.236s] byte-compiling /home/roboticslab/rise/install/cam_sim/lib/python3.12/site-packages/cam_sim/turn_sim.py to turn_sim.cpython-312.pyc
[3.238s] byte-compiling /home/roboticslab/rise/install/cam_sim/lib/python3.12/site-packages/cam_sim/sim_node.py to sim_node.cpython-312.pyc
[3.239s] byte-compiling /home/roboticslab/rise/install/cam_sim/lib/python3.12/site-packages/cam_sim/final_sim.py to final_sim.cpython-312.pyc
[3.240s] running install_data
[3.241s] copying resource/cam_sim -> /home/roboticslab/rise/install/cam_sim/share/ament_index/resource_index/packages
[3.241s] copying package.xml -> /home/roboticslab/rise/install/cam_sim/share/cam_sim
[3.241s] running install_egg_info
[3.262s] Copying ../../build/cam_sim/cam_sim.egg-info to /home/roboticslab/rise/install/cam_sim/lib/python3.12/site-packages/cam_sim-0.0.0-py3.12.egg-info
[3.263s] running install_scripts
[3.404s] Installing sim1 script to /home/roboticslab/rise/install/cam_sim/lib/cam_sim
[3.404s] Installing sim2 script to /home/roboticslab/rise/install/cam_sim/lib/cam_sim
[3.404s] Installing sim3 script to /home/roboticslab/rise/install/cam_sim/lib/cam_sim
[3.404s] Installing sim4 script to /home/roboticslab/rise/install/cam_sim/lib/cam_sim
[3.404s] Installing sim5 script to /home/roboticslab/rise/install/cam_sim/lib/cam_sim
[3.404s] writing list of installed files to '/home/roboticslab/rise/build/cam_sim/install.log'
[3.427s] Invoked command in '/home/roboticslab/rise/src/cam_sim' returned '0': DEBUGINFOD_URLS=https://debuginfod.ubuntu.com PYTHONPATH=/home/roboticslab/rise/build/cam_sim/prefix_override:/usr/lib/python3/dist-packages/colcon_core/task/python/colcon_distutils_commands:/home/roboticslab/rise/install/cam_sim/lib/python3.12/site-packages:${PYTHONPATH} /usr/bin/python3 -W ignore:setup.py install is deprecated -W ignore:easy_install command is deprecated setup.py egg_info --egg-base ../../build/cam_sim build --build-base /home/roboticslab/rise/build/cam_sim/build install --record /home/roboticslab/rise/build/cam_sim/install.log --single-version-externally-managed install_data --force
