[1.862s] Invoking command in '/home/roboticslab/rise/src/cam_sim': DEBUGINFOD_URLS=https://debuginfod.ubuntu.com PYTHONPATH=/home/roboticslab/rise/build/cam_sim/prefix_override:/usr/lib/python3/dist-packages/colcon_core/task/python/colcon_distutils_commands:/home/roboticslab/rise/install/cam_sim/lib/python3.12/site-packages:${PYTHONPATH} /usr/bin/python3 -W ignore:setup.py install is deprecated -W ignore:easy_install command is deprecated setup.py egg_info --egg-base ../../build/cam_sim build --build-base /home/roboticslab/rise/build/cam_sim/build install --record /home/roboticslab/rise/build/cam_sim/install.log --single-version-externally-managed install_data
[2.122s] running egg_info
[2.140s] writing ../../build/cam_sim/cam_sim.egg-info/PKG-INFO
[2.141s] writing dependency_links to ../../build/cam_sim/cam_sim.egg-info/dependency_links.txt
[2.141s] writing entry points to ../../build/cam_sim/cam_sim.egg-info/entry_points.txt
[2.141s] writing requirements to ../../build/cam_sim/cam_sim.egg-info/requires.txt
[2.141s] writing top-level names to ../../build/cam_sim/cam_sim.egg-info/top_level.txt
[2.177s] reading manifest file '../../build/cam_sim/cam_sim.egg-info/SOURCES.txt'
[2.177s] writing manifest file '../../build/cam_sim/cam_sim.egg-info/SOURCES.txt'
[2.177s] running build
[2.178s] running build_py
[2.178s] running install
[2.183s] running install_lib
[2.202s] running install_data
[2.202s] running install_egg_info
[2.221s] removing '/home/roboticslab/rise/install/cam_sim/lib/python3.12/site-packages/cam_sim-0.0.0-py3.12.egg-info' (and everything under it)
[2.221s] Copying ../../build/cam_sim/cam_sim.egg-info to /home/roboticslab/rise/install/cam_sim/lib/python3.12/site-packages/cam_sim-0.0.0-py3.12.egg-info
[2.222s] running install_scripts
[2.345s] Installing sim1 script to /home/roboticslab/rise/install/cam_sim/lib/cam_sim
[2.345s] Installing sim2 script to /home/roboticslab/rise/install/cam_sim/lib/cam_sim
[2.346s] Installing sim3 script to /home/roboticslab/rise/install/cam_sim/lib/cam_sim
[2.346s] Installing sim4 script to /home/roboticslab/rise/install/cam_sim/lib/cam_sim
[2.346s] Installing sim5 script to /home/roboticslab/rise/install/cam_sim/lib/cam_sim
[2.346s] writing list of installed files to '/home/roboticslab/rise/build/cam_sim/install.log'
[2.366s] Invoked command in '/home/roboticslab/rise/src/cam_sim' returned '0': DEBUGINFOD_URLS=https://debuginfod.ubuntu.com PYTHONPATH=/home/roboticslab/rise/build/cam_sim/prefix_override:/usr/lib/python3/dist-packages/colcon_core/task/python/colcon_distutils_commands:/home/roboticslab/rise/install/cam_sim/lib/python3.12/site-packages:${PYTHONPATH} /usr/bin/python3 -W ignore:setup.py install is deprecated -W ignore:easy_install command is deprecated setup.py egg_info --egg-base ../../build/cam_sim build --build-base /home/roboticslab/rise/build/cam_sim/build install --record /home/roboticslab/rise/build/cam_sim/install.log --single-version-externally-managed install_data
