[2.018s] Invoking command in '/home/roboticslab/rise/src/tello_control': DEBUGINFOD_URLS=https://debuginfod.ubuntu.com PYTHONPATH=/home/roboticslab/rise/build/tello_control/prefix_override:/usr/lib/python3/dist-packages/colcon_core/task/python/colcon_distutils_commands:/home/roboticslab/rise/install/tello_control/lib/python3.12/site-packages:${PYTHONPATH} /usr/bin/python3 -W ignore:setup.py install is deprecated -W ignore:easy_install command is deprecated setup.py egg_info --egg-base ../../build/tello_control build --build-base /home/roboticslab/rise/build/tello_control/build install --record /home/roboticslab/rise/build/tello_control/install.log --single-version-externally-managed install_data
[2.260s] running egg_info
[2.277s] writing ../../build/tello_control/tello_control.egg-info/PKG-INFO
[2.277s] writing dependency_links to ../../build/tello_control/tello_control.egg-info/dependency_links.txt
[2.277s] writing entry points to ../../build/tello_control/tello_control.egg-info/entry_points.txt
[2.278s] writing requirements to ../../build/tello_control/tello_control.egg-info/requires.txt
[2.278s] writing top-level names to ../../build/tello_control/tello_control.egg-info/top_level.txt
[2.313s] reading manifest file '../../build/tello_control/tello_control.egg-info/SOURCES.txt'
[2.314s] writing manifest file '../../build/tello_control/tello_control.egg-info/SOURCES.txt'
[2.314s] running build
[2.314s] running build_py
[2.314s] copying tello_control/control_node.py -> /home/roboticslab/rise/build/tello_control/build/lib/tello_control
[2.314s] running install
[2.320s] running install_lib
[2.338s] copying /home/roboticslab/rise/build/tello_control/build/lib/tello_control/control_node.py -> /home/roboticslab/rise/install/tello_control/lib/python3.12/site-packages/tello_control
[2.338s] byte-compiling /home/roboticslab/rise/install/tello_control/lib/python3.12/site-packages/tello_control/control_node.py to control_node.cpython-312.pyc
[2.341s] running install_data
[2.342s] running install_egg_info
[2.360s] removing '/home/roboticslab/rise/install/tello_control/lib/python3.12/site-packages/tello_control-0.0.0-py3.12.egg-info' (and everything under it)
[2.360s] Copying ../../build/tello_control/tello_control.egg-info to /home/roboticslab/rise/install/tello_control/lib/python3.12/site-packages/tello_control-0.0.0-py3.12.egg-info
[2.361s] running install_scripts
[2.485s] Installing command script to /home/roboticslab/rise/install/tello_control/lib/tello_control
[2.485s] Installing control script to /home/roboticslab/rise/install/tello_control/lib/tello_control
[2.485s] Installing test script to /home/roboticslab/rise/install/tello_control/lib/tello_control
[2.485s] writing list of installed files to '/home/roboticslab/rise/build/tello_control/install.log'
[2.505s] Invoked command in '/home/roboticslab/rise/src/tello_control' returned '0': DEBUGINFOD_URLS=https://debuginfod.ubuntu.com PYTHONPATH=/home/roboticslab/rise/build/tello_control/prefix_override:/usr/lib/python3/dist-packages/colcon_core/task/python/colcon_distutils_commands:/home/roboticslab/rise/install/tello_control/lib/python3.12/site-packages:${PYTHONPATH} /usr/bin/python3 -W ignore:setup.py install is deprecated -W ignore:easy_install command is deprecated setup.py egg_info --egg-base ../../build/tello_control build --build-base /home/roboticslab/rise/build/tello_control/build install --record /home/roboticslab/rise/build/tello_control/install.log --single-version-externally-managed install_data
