[0.927s] DEBUG:colcon:Command line arguments: ['/usr/bin/colcon', 'build', '--symlink-install']
[0.928s] DEBUG:colcon:Parsed command line arguments: Namespace(log_base=None, log_level=None, verb_name='build', build_base='build', install_base='install', merge_install=False, symlink_install=True, test_result_base=None, continue_on_error=False, executor='parallel', parallel_workers=12, event_handlers=None, ignore_user_meta=False, metas=['./colcon.meta'], base_paths=['.'], packages_ignore=None, packages_ignore_regex=None, paths=None, packages_up_to=None, packages_up_to_regex=None, packages_above=None, packages_above_and_dependencies=None, packages_above_depth=None, packages_select_by_dep=None, packages_skip_by_dep=None, packages_skip_up_to=None, packages_select_build_failed=False, packages_skip_build_finished=False, packages_select_test_failures=False, packages_skip_test_passed=False, packages_select=None, packages_skip=None, packages_select_regex=None, packages_skip_regex=None, packages_start=None, packages_end=None, cmake_args=None, cmake_target=None, cmake_target_skip_unavailable=False, cmake_clean_cache=False, cmake_clean_first=False, cmake_force_configure=False, ament_cmake_args=None, catkin_cmake_args=None, catkin_skip_building_tests=False, verb_parser=<colcon_defaults.argument_parser.defaults.DefaultArgumentsDecorator object at 0x7e3dd000dd30>, verb_extension=<colcon_core.verb.build.BuildVerb object at 0x7e3dd0bbf830>, main=<bound method BuildVerb.main of <colcon_core.verb.build.BuildVerb object at 0x7e3dd0bbf830>>)
[1.179s] Level 1:colcon.colcon_core.package_discovery:discover_packages(colcon_meta) check parameters
[1.180s] Level 1:colcon.colcon_core.package_discovery:discover_packages(recursive) check parameters
[1.180s] Level 1:colcon.colcon_core.package_discovery:discover_packages(ignore) check parameters
[1.180s] Level 1:colcon.colcon_core.package_discovery:discover_packages(path) check parameters
[1.180s] Level 1:colcon.colcon_core.package_discovery:discover_packages(colcon_meta) discover
[1.180s] Level 1:colcon.colcon_core.package_discovery:discover_packages(recursive) discover
[1.180s] INFO:colcon.colcon_core.package_discovery:Crawling recursively for packages in '/home/ptrip/ros2_ws'
[1.180s] Level 1:colcon.colcon_core.package_identification:_identify(.) by extensions ['ignore', 'ignore_ament_install']
[1.181s] Level 1:colcon.colcon_core.package_identification:_identify(.) by extension 'ignore'
[1.181s] Level 1:colcon.colcon_core.package_identification:_identify(.) by extension 'ignore_ament_install'
[1.181s] Level 1:colcon.colcon_core.package_identification:_identify(.) by extensions ['colcon_pkg']
[1.182s] Level 1:colcon.colcon_core.package_identification:_identify(.) by extension 'colcon_pkg'
[1.182s] Level 1:colcon.colcon_core.package_identification:_identify(.) by extensions ['colcon_meta']
[1.182s] Level 1:colcon.colcon_core.package_identification:_identify(.) by extension 'colcon_meta'
[1.182s] Level 1:colcon.colcon_core.package_identification:_identify(.) by extensions ['ros']
[1.182s] Level 1:colcon.colcon_core.package_identification:_identify(.) by extension 'ros'
[1.296s] Level 1:colcon.colcon_core.package_identification:_identify(.) by extensions ['cmake', 'python']
[1.296s] Level 1:colcon.colcon_core.package_identification:_identify(.) by extension 'cmake'
[1.297s] Level 1:colcon.colcon_core.package_identification:_identify(.) by extension 'python'
[1.297s] Level 1:colcon.colcon_core.package_identification:_identify(.) by extensions ['python_setup_py']
[1.297s] Level 1:colcon.colcon_core.package_identification:_identify(.) by extension 'python_setup_py'
[1.297s] Level 1:colcon.colcon_core.package_identification:_identify(build) by extensions ['ignore', 'ignore_ament_install']
[1.298s] Level 1:colcon.colcon_core.package_identification:_identify(build) by extension 'ignore'
[1.298s] Level 1:colcon.colcon_core.package_identification:_identify(build) ignored
[1.299s] Level 1:colcon.colcon_core.package_identification:_identify(install) by extensions ['ignore', 'ignore_ament_install']
[1.299s] Level 1:colcon.colcon_core.package_identification:_identify(install) by extension 'ignore'
[1.299s] Level 1:colcon.colcon_core.package_identification:_identify(install) ignored
[1.300s] Level 1:colcon.colcon_core.package_identification:_identify(log) by extensions ['ignore', 'ignore_ament_install']
[1.300s] Level 1:colcon.colcon_core.package_identification:_identify(log) by extension 'ignore'
[1.300s] Level 1:colcon.colcon_core.package_identification:_identify(log) ignored
[1.301s] Level 1:colcon.colcon_core.package_identification:_identify(src) by extensions ['ignore', 'ignore_ament_install']
[1.301s] Level 1:colcon.colcon_core.package_identification:_identify(src) by extension 'ignore'
[1.301s] Level 1:colcon.colcon_core.package_identification:_identify(src) by extension 'ignore_ament_install'
[1.301s] Level 1:colcon.colcon_core.package_identification:_identify(src) by extensions ['colcon_pkg']
[1.301s] Level 1:colcon.colcon_core.package_identification:_identify(src) by extension 'colcon_pkg'
[1.301s] Level 1:colcon.colcon_core.package_identification:_identify(src) by extensions ['colcon_meta']
[1.301s] Level 1:colcon.colcon_core.package_identification:_identify(src) by extension 'colcon_meta'
[1.301s] Level 1:colcon.colcon_core.package_identification:_identify(src) by extensions ['ros']
[1.302s] Level 1:colcon.colcon_core.package_identification:_identify(src) by extension 'ros'
[1.302s] Level 1:colcon.colcon_core.package_identification:_identify(src) by extensions ['cmake', 'python']
[1.302s] Level 1:colcon.colcon_core.package_identification:_identify(src) by extension 'cmake'
[1.302s] Level 1:colcon.colcon_core.package_identification:_identify(src) by extension 'python'
[1.302s] Level 1:colcon.colcon_core.package_identification:_identify(src) by extensions ['python_setup_py']
[1.302s] Level 1:colcon.colcon_core.package_identification:_identify(src) by extension 'python_setup_py'
[1.303s] Level 1:colcon.colcon_core.package_identification:_identify(src/cam_sim) by extensions ['ignore', 'ignore_ament_install']
[1.303s] Level 1:colcon.colcon_core.package_identification:_identify(src/cam_sim) by extension 'ignore'
[1.303s] Level 1:colcon.colcon_core.package_identification:_identify(src/cam_sim) by extension 'ignore_ament_install'
[1.304s] Level 1:colcon.colcon_core.package_identification:_identify(src/cam_sim) by extensions ['colcon_pkg']
[1.304s] Level 1:colcon.colcon_core.package_identification:_identify(src/cam_sim) by extension 'colcon_pkg'
[1.304s] Level 1:colcon.colcon_core.package_identification:_identify(src/cam_sim) by extensions ['colcon_meta']
[1.304s] Level 1:colcon.colcon_core.package_identification:_identify(src/cam_sim) by extension 'colcon_meta'
[1.304s] Level 1:colcon.colcon_core.package_identification:_identify(src/cam_sim) by extensions ['ros']
[1.304s] Level 1:colcon.colcon_core.package_identification:_identify(src/cam_sim) by extension 'ros'
[1.317s] DEBUG:colcon.colcon_core.package_identification:Package 'src/cam_sim' with type 'ros.ament_python' and name 'cam_sim'
[1.317s] Level 1:colcon.colcon_core.package_discovery:discover_packages(recursive) using defaults
[1.317s] Level 1:colcon.colcon_core.package_discovery:discover_packages(ignore) discover
[1.317s] Level 1:colcon.colcon_core.package_discovery:discover_packages(ignore) using defaults
[1.317s] Level 1:colcon.colcon_core.package_discovery:discover_packages(path) discover
[1.317s] Level 1:colcon.colcon_core.package_discovery:discover_packages(path) using defaults
[1.409s] Level 5:colcon.colcon_core.verb:set package 'cam_sim' build argument 'cmake_args' from command line to 'None'
[1.409s] Level 5:colcon.colcon_core.verb:set package 'cam_sim' build argument 'cmake_target' from command line to 'None'
[1.409s] Level 5:colcon.colcon_core.verb:set package 'cam_sim' build argument 'cmake_target_skip_unavailable' from command line to 'False'
[1.409s] Level 5:colcon.colcon_core.verb:set package 'cam_sim' build argument 'cmake_clean_cache' from command line to 'False'
[1.409s] Level 5:colcon.colcon_core.verb:set package 'cam_sim' build argument 'cmake_clean_first' from command line to 'False'
[1.410s] Level 5:colcon.colcon_core.verb:set package 'cam_sim' build argument 'cmake_force_configure' from command line to 'False'
[1.410s] Level 5:colcon.colcon_core.verb:set package 'cam_sim' build argument 'ament_cmake_args' from command line to 'None'
[1.410s] Level 5:colcon.colcon_core.verb:set package 'cam_sim' build argument 'catkin_cmake_args' from command line to 'None'
[1.410s] Level 5:colcon.colcon_core.verb:set package 'cam_sim' build argument 'catkin_skip_building_tests' from command line to 'False'
[1.410s] DEBUG:colcon.colcon_core.verb:Building package 'cam_sim' with the following arguments: {'ament_cmake_args': None, 'build_base': '/home/ptrip/ros2_ws/build/cam_sim', 'catkin_cmake_args': None, 'catkin_skip_building_tests': False, 'cmake_args': None, 'cmake_clean_cache': False, 'cmake_clean_first': False, 'cmake_force_configure': False, 'cmake_target': None, 'cmake_target_skip_unavailable': False, 'install_base': '/home/ptrip/ros2_ws/install/cam_sim', 'merge_install': False, 'path': '/home/ptrip/ros2_ws/src/cam_sim', 'symlink_install': True, 'test_result_base': None}
[1.410s] INFO:colcon.colcon_core.executor:Executing jobs using 'parallel' executor
[1.413s] DEBUG:colcon.colcon_parallel_executor.executor.parallel:run_until_complete
[1.414s] INFO:colcon.colcon_ros.task.ament_python.build:Building ROS package in '/home/ptrip/ros2_ws/src/cam_sim' with build type 'ament_python'
[1.414s] Level 1:colcon.colcon_core.shell:create_environment_hook('cam_sim', 'ament_prefix_path')
[1.438s] INFO:colcon.colcon_core.plugin_system:Skipping extension 'colcon_core.shell.bat': Not used on non-Windows systems
[1.440s] INFO:colcon.colcon_core.shell:Creating environment descriptor '/home/ptrip/ros2_ws/install/cam_sim/share/cam_sim/hook/ament_prefix_path.dsv'
[1.445s] INFO:colcon.colcon_core.shell:Creating environment hook '/home/ptrip/ros2_ws/install/cam_sim/share/cam_sim/hook/ament_prefix_path.sh'
[1.449s] DEBUG:colcon.colcon_core.shell:Skip shell extension 'dsv' for command environment
[2.173s] INFO:colcon.colcon_core.task.python.build:Building Python package in '/home/ptrip/ros2_ws/src/cam_sim'
[2.173s] DEBUG:colcon.colcon_core.shell:Skip shell extension 'dsv' for command environment
[5.208s] DEBUG:colcon.colcon_core.event_handler.log_command:Invoking command in '/home/ptrip/ros2_ws/build/cam_sim': PYTHONPATH=/home/ptrip/ros2_ws/build/cam_sim/prefix_override:/usr/lib/python3/dist-packages/colcon_core/task/python/colcon_distutils_commands:/home/ptrip/ros2_ws/install/cam_sim/lib/python3.12/site-packages:${PYTHONPATH} /usr/bin/python3 -W ignore:setup.py install is deprecated -W ignore:easy_install command is deprecated setup.py develop --editable --build-directory /home/ptrip/ros2_ws/build/cam_sim/build --no-deps symlink_data
[7.067s] Level 1:colcon.colcon_core.shell:create_environment_hook('cam_sim', 'pythonpath_develop')
[7.068s] INFO:colcon.colcon_core.shell:Creating environment descriptor '/home/ptrip/ros2_ws/build/cam_sim/share/cam_sim/hook/pythonpath_develop.dsv'
[7.069s] DEBUG:colcon.colcon_core.event_handler.log_command:Invoked command in '/home/ptrip/ros2_ws/build/cam_sim' returned '0': PYTHONPATH=/home/ptrip/ros2_ws/build/cam_sim/prefix_override:/usr/lib/python3/dist-packages/colcon_core/task/python/colcon_distutils_commands:/home/ptrip/ros2_ws/install/cam_sim/lib/python3.12/site-packages:${PYTHONPATH} /usr/bin/python3 -W ignore:setup.py install is deprecated -W ignore:easy_install command is deprecated setup.py develop --editable --build-directory /home/ptrip/ros2_ws/build/cam_sim/build --no-deps symlink_data
[7.072s] INFO:colcon.colcon_core.shell:Creating environment hook '/home/ptrip/ros2_ws/build/cam_sim/share/cam_sim/hook/pythonpath_develop.sh'
[7.097s] Level 1:colcon.colcon_core.environment:checking '/home/ptrip/ros2_ws/install/cam_sim' for CMake module files
[7.099s] Level 1:colcon.colcon_core.environment:checking '/home/ptrip/ros2_ws/install/cam_sim' for CMake config files
[7.101s] Level 1:colcon.colcon_core.environment:checking '/home/ptrip/ros2_ws/install/cam_sim/lib'
[7.101s] Level 1:colcon.colcon_core.environment:checking '/home/ptrip/ros2_ws/install/cam_sim/bin'
[7.102s] Level 1:colcon.colcon_core.environment:checking '/home/ptrip/ros2_ws/install/cam_sim/lib/pkgconfig/cam_sim.pc'
[7.104s] Level 1:colcon.colcon_core.environment:checking '/home/ptrip/ros2_ws/install/cam_sim/lib/python3.12/site-packages'
[7.104s] Level 1:colcon.colcon_core.shell:create_environment_hook('cam_sim', 'pythonpath')
[7.105s] INFO:colcon.colcon_core.shell:Creating environment descriptor '/home/ptrip/ros2_ws/install/cam_sim/share/cam_sim/hook/pythonpath.dsv'
[7.106s] INFO:colcon.colcon_core.shell:Creating environment hook '/home/ptrip/ros2_ws/install/cam_sim/share/cam_sim/hook/pythonpath.sh'
[7.109s] Level 1:colcon.colcon_core.environment:checking '/home/ptrip/ros2_ws/install/cam_sim/bin'
[7.109s] Level 1:colcon.colcon_core.environment:create_environment_scripts_only(cam_sim)
[7.109s] INFO:colcon.colcon_core.shell:Creating package descriptor '/home/ptrip/ros2_ws/install/cam_sim/share/cam_sim/package.dsv'
[7.112s] INFO:colcon.colcon_core.shell:Creating package script '/home/ptrip/ros2_ws/install/cam_sim/share/cam_sim/package.sh'
[7.116s] INFO:colcon.colcon_core.shell:Creating package script '/home/ptrip/ros2_ws/install/cam_sim/share/cam_sim/package.bash'
[7.119s] INFO:colcon.colcon_core.shell:Creating package script '/home/ptrip/ros2_ws/install/cam_sim/share/cam_sim/package.zsh'
[7.122s] Level 1:colcon.colcon_core.environment:create_file_with_runtime_dependencies(/home/ptrip/ros2_ws/install/cam_sim/share/colcon-core/packages/cam_sim)
[7.124s] DEBUG:colcon.colcon_parallel_executor.executor.parallel:closing loop
[7.125s] DEBUG:colcon.colcon_parallel_executor.executor.parallel:loop closed
[7.126s] DEBUG:colcon.colcon_parallel_executor.executor.parallel:run_until_complete finished with '0'
[7.126s] DEBUG:colcon.colcon_core.event_reactor:joining thread
[7.213s] INFO:colcon.colcon_core.plugin_system:Skipping extension 'colcon_notification.desktop_notification.notify_send': Could not find 'notify-send'
[7.213s] INFO:colcon.colcon_core.plugin_system:Skipping extension 'colcon_notification.desktop_notification.terminal_notifier': Not used on non-Darwin systems
[7.214s] INFO:colcon.colcon_core.plugin_system:Skipping extension 'colcon_notification.desktop_notification.win32': Not used on non-Windows systems
[7.214s] INFO:colcon.colcon_notification.desktop_notification:Sending desktop notification using 'notify2'
[7.230s] DEBUG:colcon.colcon_notification.desktop_notification.notify2:Failed to initialize notify2: org.freedesktop.DBus.Error.ServiceUnknown: The name org.freedesktop.Notifications was not provided by any .service files
[7.231s] DEBUG:colcon.colcon_core.event_reactor:joined thread
[7.231s] INFO:colcon.colcon_core.shell:Creating prefix script '/home/ptrip/ros2_ws/install/local_setup.sh'
[7.235s] INFO:colcon.colcon_core.shell:Creating prefix util module '/home/ptrip/ros2_ws/install/_local_setup_util_sh.py'
[7.239s] INFO:colcon.colcon_core.shell:Creating prefix chain script '/home/ptrip/ros2_ws/install/setup.sh'
[7.242s] INFO:colcon.colcon_core.shell:Creating prefix script '/home/ptrip/ros2_ws/install/local_setup.bash'
[7.244s] INFO:colcon.colcon_core.shell:Creating prefix chain script '/home/ptrip/ros2_ws/install/setup.bash'
[7.248s] INFO:colcon.colcon_core.shell:Creating prefix script '/home/ptrip/ros2_ws/install/local_setup.zsh'
[7.249s] INFO:colcon.colcon_core.shell:Creating prefix chain script '/home/ptrip/ros2_ws/install/setup.zsh'
