[0.872s] DEBUG:colcon:Command line arguments: ['/usr/bin/colcon', 'list', '-p', '--base-paths', '/home/ptrip/ros2_ws']
[0.874s] DEBUG:colcon:Parsed command line arguments: Namespace(log_base=None, log_level=None, verb_name='list', build_base='build', ignore_user_meta=False, metas=['./colcon.meta'], base_paths=['/home/ptrip/ros2_ws'], packages_ignore=None, packages_ignore_regex=None, paths=None, packages_up_to=None, packages_up_to_regex=None, packages_above=None, packages_above_and_dependencies=None, packages_above_depth=None, packages_select_by_dep=None, packages_skip_by_dep=None, packages_skip_up_to=None, packages_select_build_failed=False, packages_skip_build_finished=False, packages_select_test_failures=False, packages_skip_test_passed=False, packages_select=None, packages_skip=None, packages_select_regex=None, packages_skip_regex=None, packages_start=None, packages_end=None, topological_order=False, names_only=False, paths_only=True, topological_graph=False, topological_graph_dot=False, topological_graph_density=False, topological_graph_legend=False, topological_graph_dot_cluster=False, topological_graph_dot_include_skipped=False, verb_parser=<colcon_defaults.argument_parser.defaults.DefaultArgumentsDecorator object at 0x78fc34a125a0>, verb_extension=<colcon_package_information.verb.list.ListVerb object at 0x78fc34b36bd0>, main=<bound method ListVerb.main of <colcon_package_information.verb.list.ListVerb object at 0x78fc34b36bd0>>)
[1.173s] Level 1:colcon.colcon_core.package_discovery:discover_packages(colcon_meta) check parameters
[1.173s] Level 1:colcon.colcon_core.package_discovery:discover_packages(recursive) check parameters
[1.173s] Level 1:colcon.colcon_core.package_discovery:discover_packages(ignore) check parameters
[1.174s] Level 1:colcon.colcon_core.package_discovery:discover_packages(path) check parameters
[1.174s] Level 1:colcon.colcon_core.package_discovery:discover_packages(recursive) discover
[1.174s] INFO:colcon.colcon_core.package_discovery:Crawling recursively for packages in '/home/ptrip/ros2_ws'
[1.174s] Level 1:colcon.colcon_core.package_identification:_identify(/home/ptrip/ros2_ws) by extensions ['ignore', 'ignore_ament_install']
[1.175s] Level 1:colcon.colcon_core.package_identification:_identify(/home/ptrip/ros2_ws) by extension 'ignore'
[1.175s] Level 1:colcon.colcon_core.package_identification:_identify(/home/ptrip/ros2_ws) by extension 'ignore_ament_install'
[1.175s] Level 1:colcon.colcon_core.package_identification:_identify(/home/ptrip/ros2_ws) by extensions ['colcon_pkg']
[1.176s] Level 1:colcon.colcon_core.package_identification:_identify(/home/ptrip/ros2_ws) by extension 'colcon_pkg'
[1.176s] Level 1:colcon.colcon_core.package_identification:_identify(/home/ptrip/ros2_ws) by extensions ['colcon_meta']
[1.176s] Level 1:colcon.colcon_core.package_identification:_identify(/home/ptrip/ros2_ws) by extension 'colcon_meta'
[1.177s] Level 1:colcon.colcon_core.package_identification:_identify(/home/ptrip/ros2_ws) by extensions ['ros']
[1.177s] Level 1:colcon.colcon_core.package_identification:_identify(/home/ptrip/ros2_ws) by extension 'ros'
[1.308s] Level 1:colcon.colcon_core.package_identification:_identify(/home/ptrip/ros2_ws) by extensions ['cmake', 'python']
[1.308s] Level 1:colcon.colcon_core.package_identification:_identify(/home/ptrip/ros2_ws) by extension 'cmake'
[1.309s] Level 1:colcon.colcon_core.package_identification:_identify(/home/ptrip/ros2_ws) by extension 'python'
[1.309s] Level 1:colcon.colcon_core.package_identification:_identify(/home/ptrip/ros2_ws) by extensions ['python_setup_py']
[1.310s] Level 1:colcon.colcon_core.package_identification:_identify(/home/ptrip/ros2_ws) by extension 'python_setup_py'
[1.311s] Level 1:colcon.colcon_core.package_identification:_identify(/home/ptrip/ros2_ws/build) by extensions ['ignore', 'ignore_ament_install']
[1.314s] Level 1:colcon.colcon_core.package_identification:_identify(/home/ptrip/ros2_ws/build) by extension 'ignore'
[1.314s] Level 1:colcon.colcon_core.package_identification:_identify(/home/ptrip/ros2_ws/build) ignored
[1.314s] Level 1:colcon.colcon_core.package_identification:_identify(/home/ptrip/ros2_ws/install) by extensions ['ignore', 'ignore_ament_install']
[1.315s] Level 1:colcon.colcon_core.package_identification:_identify(/home/ptrip/ros2_ws/install) by extension 'ignore'
[1.315s] Level 1:colcon.colcon_core.package_identification:_identify(/home/ptrip/ros2_ws/install) ignored
[1.316s] Level 1:colcon.colcon_core.package_identification:_identify(/home/ptrip/ros2_ws/log) by extensions ['ignore', 'ignore_ament_install']
[1.317s] Level 1:colcon.colcon_core.package_identification:_identify(/home/ptrip/ros2_ws/log) by extension 'ignore'
[1.317s] Level 1:colcon.colcon_core.package_identification:_identify(/home/ptrip/ros2_ws/log) ignored
[1.318s] Level 1:colcon.colcon_core.package_identification:_identify(/home/ptrip/ros2_ws/src) by extensions ['ignore', 'ignore_ament_install']
[1.318s] Level 1:colcon.colcon_core.package_identification:_identify(/home/ptrip/ros2_ws/src) by extension 'ignore'
[1.319s] Level 1:colcon.colcon_core.package_identification:_identify(/home/ptrip/ros2_ws/src) by extension 'ignore_ament_install'
[1.319s] Level 1:colcon.colcon_core.package_identification:_identify(/home/ptrip/ros2_ws/src) by extensions ['colcon_pkg']
[1.320s] Level 1:colcon.colcon_core.package_identification:_identify(/home/ptrip/ros2_ws/src) by extension 'colcon_pkg'
[1.320s] Level 1:colcon.colcon_core.package_identification:_identify(/home/ptrip/ros2_ws/src) by extensions ['colcon_meta']
[1.320s] Level 1:colcon.colcon_core.package_identification:_identify(/home/ptrip/ros2_ws/src) by extension 'colcon_meta'
[1.320s] Level 1:colcon.colcon_core.package_identification:_identify(/home/ptrip/ros2_ws/src) by extensions ['ros']
[1.321s] Level 1:colcon.colcon_core.package_identification:_identify(/home/ptrip/ros2_ws/src) by extension 'ros'
[1.321s] Level 1:colcon.colcon_core.package_identification:_identify(/home/ptrip/ros2_ws/src) by extensions ['cmake', 'python']
[1.321s] Level 1:colcon.colcon_core.package_identification:_identify(/home/ptrip/ros2_ws/src) by extension 'cmake'
[1.322s] Level 1:colcon.colcon_core.package_identification:_identify(/home/ptrip/ros2_ws/src) by extension 'python'
[1.322s] Level 1:colcon.colcon_core.package_identification:_identify(/home/ptrip/ros2_ws/src) by extensions ['python_setup_py']
[1.322s] Level 1:colcon.colcon_core.package_identification:_identify(/home/ptrip/ros2_ws/src) by extension 'python_setup_py'
[1.322s] Level 1:colcon.colcon_core.package_identification:_identify(/home/ptrip/ros2_ws/src/cam_sim) by extensions ['ignore', 'ignore_ament_install']
[1.323s] Level 1:colcon.colcon_core.package_identification:_identify(/home/ptrip/ros2_ws/src/cam_sim) by extension 'ignore'
[1.323s] Level 1:colcon.colcon_core.package_identification:_identify(/home/ptrip/ros2_ws/src/cam_sim) by extension 'ignore_ament_install'
[1.323s] Level 1:colcon.colcon_core.package_identification:_identify(/home/ptrip/ros2_ws/src/cam_sim) by extensions ['colcon_pkg']
[1.324s] Level 1:colcon.colcon_core.package_identification:_identify(/home/ptrip/ros2_ws/src/cam_sim) by extension 'colcon_pkg'
[1.324s] Level 1:colcon.colcon_core.package_identification:_identify(/home/ptrip/ros2_ws/src/cam_sim) by extensions ['colcon_meta']
[1.324s] Level 1:colcon.colcon_core.package_identification:_identify(/home/ptrip/ros2_ws/src/cam_sim) by extension 'colcon_meta'
[1.324s] Level 1:colcon.colcon_core.package_identification:_identify(/home/ptrip/ros2_ws/src/cam_sim) by extensions ['ros']
[1.324s] Level 1:colcon.colcon_core.package_identification:_identify(/home/ptrip/ros2_ws/src/cam_sim) by extension 'ros'
[1.339s] DEBUG:colcon.colcon_core.package_identification:Package '/home/ptrip/ros2_ws/src/cam_sim' with type 'ros.ament_python' and name 'cam_sim'
[1.339s] Level 1:colcon.colcon_core.package_discovery:discover_packages(recursive) using defaults
