[1.890s] Invoking command in '/home/roboticslab/rise/build/tello_control': DEBUGINFOD_URLS=https://debuginfod.ubuntu.com PYTHONPATH=/home/roboticslab/rise/build/tello_control/prefix_override:/usr/lib/python3/dist-packages/colcon_core/task/python/colcon_distutils_commands:/home/roboticslab/rise/install/tello_control/lib/python3.12/site-packages:${PYTHONPATH} /usr/bin/python3 -W ignore:setup.py install is deprecated -W ignore:easy_install command is deprecated setup.py develop --uninstall --editable --build-directory /home/roboticslab/rise/build/tello_control/build
[2.354s] running develop
[2.677s] Removing /home/roboticslab/rise/install/tello_control/lib/python3.12/site-packages/tello-control.egg-link (link to .)
[2.734s] Invoked command in '/home/roboticslab/rise/build/tello_control' returned '0': DEBUGINFOD_URLS=https://debuginfod.ubuntu.com PYTHONPATH=/home/roboticslab/rise/build/tello_control/prefix_override:/usr/lib/python3/dist-packages/colcon_core/task/python/colcon_distutils_commands:/home/roboticslab/rise/install/tello_control/lib/python3.12/site-packages:${PYTHONPATH} /usr/bin/python3 -W ignore:setup.py install is deprecated -W ignore:easy_install command is deprecated setup.py develop --uninstall --editable --build-directory /home/roboticslab/rise/build/tello_control/build
[2.736s] Invoking command in '/home/roboticslab/rise/src/tello_control': DEBUGINFOD_URLS=https://debuginfod.ubuntu.com PYTHONPATH=/home/roboticslab/rise/build/tello_control/prefix_override:/usr/lib/python3/dist-packages/colcon_core/task/python/colcon_distutils_commands:/home/roboticslab/rise/install/tello_control/lib/python3.12/site-packages:${PYTHONPATH} /usr/bin/python3 -W ignore:setup.py install is deprecated -W ignore:easy_install command is deprecated setup.py egg_info --egg-base ../../build/tello_control build --build-base /home/roboticslab/rise/build/tello_control/build install --record /home/roboticslab/rise/build/tello_control/install.log --single-version-externally-managed install_data --force
[3.062s] running egg_info
[3.080s] writing ../../build/tello_control/tello_control.egg-info/PKG-INFO
[3.080s] writing dependency_links to ../../build/tello_control/tello_control.egg-info/dependency_links.txt
[3.080s] writing entry points to ../../build/tello_control/tello_control.egg-info/entry_points.txt
[3.080s] writing requirements to ../../build/tello_control/tello_control.egg-info/requires.txt
[3.080s] writing top-level names to ../../build/tello_control/tello_control.egg-info/top_level.txt
[3.120s] reading manifest file '../../build/tello_control/tello_control.egg-info/SOURCES.txt'
[3.121s] writing manifest file '../../build/tello_control/tello_control.egg-info/SOURCES.txt'
[3.121s] running build
[3.121s] running build_py
[3.121s] creating /home/roboticslab/rise/build/tello_control/build
[3.121s] creating /home/roboticslab/rise/build/tello_control/build/lib
[3.121s] creating /home/roboticslab/rise/build/tello_control/build/lib/tello_control
[3.121s] copying tello_control/test_drone.py -> /home/roboticslab/rise/build/tello_control/build/lib/tello_control
[3.121s] copying tello_control/__init__.py -> /home/roboticslab/rise/build/tello_control/build/lib/tello_control
[3.121s] copying tello_control/control_node.py -> /home/roboticslab/rise/build/tello_control/build/lib/tello_control
[3.122s] copying tello_control/command_node.py -> /home/roboticslab/rise/build/tello_control/build/lib/tello_control
[3.122s] running install
[3.128s] running install_lib
[3.146s] creating /home/roboticslab/rise/install/tello_control/lib/python3.12/site-packages/tello_control
[3.147s] copying /home/roboticslab/rise/build/tello_control/build/lib/tello_control/test_drone.py -> /home/roboticslab/rise/install/tello_control/lib/python3.12/site-packages/tello_control
[3.147s] copying /home/roboticslab/rise/build/tello_control/build/lib/tello_control/__init__.py -> /home/roboticslab/rise/install/tello_control/lib/python3.12/site-packages/tello_control
[3.147s] copying /home/roboticslab/rise/build/tello_control/build/lib/tello_control/control_node.py -> /home/roboticslab/rise/install/tello_control/lib/python3.12/site-packages/tello_control
[3.147s] copying /home/roboticslab/rise/build/tello_control/build/lib/tello_control/command_node.py -> /home/roboticslab/rise/install/tello_control/lib/python3.12/site-packages/tello_control
[3.147s] byte-compiling /home/roboticslab/rise/install/tello_control/lib/python3.12/site-packages/tello_control/test_drone.py to test_drone.cpython-312.pyc
[3.148s] byte-compiling /home/roboticslab/rise/install/tello_control/lib/python3.12/site-packages/tello_control/__init__.py to __init__.cpython-312.pyc
[3.148s] byte-compiling /home/roboticslab/rise/install/tello_control/lib/python3.12/site-packages/tello_control/control_node.py to control_node.cpython-312.pyc
[3.148s] byte-compiling /home/roboticslab/rise/install/tello_control/lib/python3.12/site-packages/tello_control/command_node.py to command_node.cpython-312.pyc
[3.149s] running install_data
[3.149s] copying resource/tello_control -> /home/roboticslab/rise/install/tello_control/share/ament_index/resource_index/packages
[3.149s] copying package.xml -> /home/roboticslab/rise/install/tello_control/share/tello_control
[3.149s] running install_egg_info
[3.169s] Copying ../../build/tello_control/tello_control.egg-info to /home/roboticslab/rise/install/tello_control/lib/python3.12/site-packages/tello_control-0.0.0-py3.12.egg-info
[3.170s] running install_scripts
[3.296s] Installing command script to /home/roboticslab/rise/install/tello_control/lib/tello_control
[3.296s] Installing control script to /home/roboticslab/rise/install/tello_control/lib/tello_control
[3.296s] Installing test script to /home/roboticslab/rise/install/tello_control/lib/tello_control
[3.296s] writing list of installed files to '/home/roboticslab/rise/build/tello_control/install.log'
[3.320s] Invoked command in '/home/roboticslab/rise/src/tello_control' returned '0': DEBUGINFOD_URLS=https://debuginfod.ubuntu.com PYTHONPATH=/home/roboticslab/rise/build/tello_control/prefix_override:/usr/lib/python3/dist-packages/colcon_core/task/python/colcon_distutils_commands:/home/roboticslab/rise/install/tello_control/lib/python3.12/site-packages:${PYTHONPATH} /usr/bin/python3 -W ignore:setup.py install is deprecated -W ignore:easy_install command is deprecated setup.py egg_info --egg-base ../../build/tello_control build --build-base /home/roboticslab/rise/build/tello_control/build install --record /home/roboticslab/rise/build/tello_control/install.log --single-version-externally-managed install_data --force
