[2.537s] Invoking command in '/home/ptrip/ros2_ws/build/cam_sim': PYTHONPATH=/home/ptrip/ros2_ws/build/cam_sim/prefix_override:/usr/lib/python3/dist-packages/colcon_core/task/python/colcon_distutils_commands:/home/ptrip/ros2_ws/install/cam_sim/lib/python3.12/site-packages:${PYTHONPATH} /usr/bin/python3 -W ignore:setup.py install is deprecated -W ignore:easy_install command is deprecated setup.py develop --editable --build-directory /home/ptrip/ros2_ws/build/cam_sim/build --no-deps symlink_data
[3.370s] running develop
[3.872s] running egg_info
[3.912s] writing cam_sim.egg-info/PKG-INFO
[3.914s] writing dependency_links to cam_sim.egg-info/dependency_links.txt
[3.915s] writing entry points to cam_sim.egg-info/entry_points.txt
[3.915s] writing requirements to cam_sim.egg-info/requires.txt
[3.916s] writing top-level names to cam_sim.egg-info/top_level.txt
[4.001s] reading manifest file 'cam_sim.egg-info/SOURCES.txt'
[4.002s] writing manifest file 'cam_sim.egg-info/SOURCES.txt'
[4.049s] running build_ext
[4.049s] Creating /home/ptrip/ros2_ws/install/cam_sim/lib/python3.12/site-packages/cam-sim.egg-link (link to .)
[4.051s] Installing sim1 script to /home/ptrip/ros2_ws/install/cam_sim/lib/cam_sim
[4.052s] Installing sim2 script to /home/ptrip/ros2_ws/install/cam_sim/lib/cam_sim
[4.053s] Installing sim3 script to /home/ptrip/ros2_ws/install/cam_sim/lib/cam_sim
[4.053s] Installing sim4 script to /home/ptrip/ros2_ws/install/cam_sim/lib/cam_sim
[4.054s] 
[4.055s] Installed /home/ptrip/ros2_ws/build/cam_sim
[4.055s] running symlink_data
[4.149s] Invoked command in '/home/ptrip/ros2_ws/build/cam_sim' returned '0': PYTHONPATH=/home/ptrip/ros2_ws/build/cam_sim/prefix_override:/usr/lib/python3/dist-packages/colcon_core/task/python/colcon_distutils_commands:/home/ptrip/ros2_ws/install/cam_sim/lib/python3.12/site-packages:${PYTHONPATH} /usr/bin/python3 -W ignore:setup.py install is deprecated -W ignore:easy_install command is deprecated setup.py develop --editable --build-directory /home/ptrip/ros2_ws/build/cam_sim/build --no-deps symlink_data
