[0.461s] DEBUG:colcon:Command line arguments: ['/usr/bin/colcon', 'build', '--symlink-install']
[0.462s] DEBUG:colcon:Parsed command line arguments: Namespace(log_base=None, log_level=None, verb_name='build', build_base='build', install_base='install', merge_install=False, symlink_install=True, test_result_base=None, continue_on_error=False, executor='parallel', parallel_workers=12, event_handlers=None, ignore_user_meta=False, metas=['./colcon.meta'], base_paths=['.'], packages_ignore=None, packages_ignore_regex=None, paths=None, packages_up_to=None, packages_up_to_regex=None, packages_above=None, packages_above_and_dependencies=None, packages_above_depth=None, packages_select_by_dep=None, packages_skip_by_dep=None, packages_skip_up_to=None, packages_select_build_failed=False, packages_skip_build_finished=False, packages_select_test_failures=False, packages_skip_test_passed=False, packages_select=None, packages_skip=None, packages_select_regex=None, packages_skip_regex=None, packages_start=None, packages_end=None, cmake_args=None, cmake_target=None, cmake_target_skip_unavailable=False, cmake_clean_cache=False, cmake_clean_first=False, cmake_force_configure=False, ament_cmake_args=None, catkin_cmake_args=None, catkin_skip_building_tests=False, verb_parser=<colcon_defaults.argument_parser.defaults.DefaultArgumentsDecorator object at 0x7aa0adc02240>, verb_extension=<colcon_core.verb.build.BuildVerb object at 0x7aa0adc01eb0>, main=<bound method BuildVerb.main of <colcon_core.verb.build.BuildVerb object at 0x7aa0adc01eb0>>)
[0.576s] Level 1:colcon.colcon_core.package_discovery:discover_packages(colcon_meta) check parameters
[0.576s] Level 1:colcon.colcon_core.package_discovery:discover_packages(recursive) check parameters
[0.576s] Level 1:colcon.colcon_core.package_discovery:discover_packages(ignore) check parameters
[0.577s] Level 1:colcon.colcon_core.package_discovery:discover_packages(path) check parameters
[0.577s] Level 1:colcon.colcon_core.package_discovery:discover_packages(colcon_meta) discover
[0.577s] Level 1:colcon.colcon_core.package_discovery:discover_packages(recursive) discover
[0.577s] INFO:colcon.colcon_core.package_discovery:Crawling recursively for packages in '/home/ptrip/ros2_ws/src/cam_sim'
[0.577s] Level 1:colcon.colcon_core.package_identification:_identify(.) by extensions ['ignore', 'ignore_ament_install']
[0.577s] Level 1:colcon.colcon_core.package_identification:_identify(.) by extension 'ignore'
[0.577s] Level 1:colcon.colcon_core.package_identification:_identify(.) by extension 'ignore_ament_install'
[0.577s] Level 1:colcon.colcon_core.package_identification:_identify(.) by extensions ['colcon_pkg']
[0.577s] Level 1:colcon.colcon_core.package_identification:_identify(.) by extension 'colcon_pkg'
[0.577s] Level 1:colcon.colcon_core.package_identification:_identify(.) by extensions ['colcon_meta']
[0.577s] Level 1:colcon.colcon_core.package_identification:_identify(.) by extension 'colcon_meta'
[0.578s] Level 1:colcon.colcon_core.package_identification:_identify(.) by extensions ['ros']
[0.578s] Level 1:colcon.colcon_core.package_identification:_identify(.) by extension 'ros'
[0.651s] DEBUG:colcon.colcon_core.package_identification:Package '.' with type 'ros.ament_python' and name 'cam_sim'
[0.651s] Level 1:colcon.colcon_core.package_discovery:discover_packages(recursive) using defaults
[0.651s] Level 1:colcon.colcon_core.package_discovery:discover_packages(ignore) discover
[0.651s] Level 1:colcon.colcon_core.package_discovery:discover_packages(ignore) using defaults
[0.651s] Level 1:colcon.colcon_core.package_discovery:discover_packages(path) discover
[0.651s] Level 1:colcon.colcon_core.package_discovery:discover_packages(path) using defaults
[0.723s] Level 5:colcon.colcon_core.verb:set package 'cam_sim' build argument 'cmake_args' from command line to 'None'
[0.723s] Level 5:colcon.colcon_core.verb:set package 'cam_sim' build argument 'cmake_target' from command line to 'None'
[0.723s] Level 5:colcon.colcon_core.verb:set package 'cam_sim' build argument 'cmake_target_skip_unavailable' from command line to 'False'
[0.723s] Level 5:colcon.colcon_core.verb:set package 'cam_sim' build argument 'cmake_clean_cache' from command line to 'False'
[0.723s] Level 5:colcon.colcon_core.verb:set package 'cam_sim' build argument 'cmake_clean_first' from command line to 'False'
[0.723s] Level 5:colcon.colcon_core.verb:set package 'cam_sim' build argument 'cmake_force_configure' from command line to 'False'
[0.723s] Level 5:colcon.colcon_core.verb:set package 'cam_sim' build argument 'ament_cmake_args' from command line to 'None'
[0.724s] Level 5:colcon.colcon_core.verb:set package 'cam_sim' build argument 'catkin_cmake_args' from command line to 'None'
[0.724s] Level 5:colcon.colcon_core.verb:set package 'cam_sim' build argument 'catkin_skip_building_tests' from command line to 'False'
[0.724s] DEBUG:colcon.colcon_core.verb:Building package 'cam_sim' with the following arguments: {'ament_cmake_args': None, 'build_base': '/home/ptrip/ros2_ws/src/cam_sim/build/cam_sim', 'catkin_cmake_args': None, 'catkin_skip_building_tests': False, 'cmake_args': None, 'cmake_clean_cache': False, 'cmake_clean_first': False, 'cmake_force_configure': False, 'cmake_target': None, 'cmake_target_skip_unavailable': False, 'install_base': '/home/ptrip/ros2_ws/src/cam_sim/install/cam_sim', 'merge_install': False, 'path': '/home/ptrip/ros2_ws/src/cam_sim', 'symlink_install': True, 'test_result_base': None}
[0.724s] INFO:colcon.colcon_core.executor:Executing jobs using 'parallel' executor
[0.727s] DEBUG:colcon.colcon_parallel_executor.executor.parallel:run_until_complete
[0.729s] INFO:colcon.colcon_ros.task.ament_python.build:Building ROS package in '/home/ptrip/ros2_ws/src/cam_sim' with build type 'ament_python'
[0.729s] Level 1:colcon.colcon_core.shell:create_environment_hook('cam_sim', 'ament_prefix_path')
[0.739s] INFO:colcon.colcon_core.plugin_system:Skipping extension 'colcon_core.shell.bat': Not used on non-Windows systems
[0.739s] INFO:colcon.colcon_core.shell:Creating environment descriptor '/home/ptrip/ros2_ws/src/cam_sim/install/cam_sim/share/cam_sim/hook/ament_prefix_path.dsv'
[0.743s] INFO:colcon.colcon_core.shell:Creating environment hook '/home/ptrip/ros2_ws/src/cam_sim/install/cam_sim/share/cam_sim/hook/ament_prefix_path.sh'
[0.745s] DEBUG:colcon.colcon_core.shell:Skip shell extension 'dsv' for command environment
[1.114s] INFO:colcon.colcon_core.task.python.build:Building Python package in '/home/ptrip/ros2_ws/src/cam_sim'
[1.114s] DEBUG:colcon.colcon_core.shell:Skip shell extension 'dsv' for command environment
[2.683s] DEBUG:colcon.colcon_core.event_handler.log_command:Invoking command in '/home/ptrip/ros2_ws/src/cam_sim/build/cam_sim': PYTHONPATH=/home/ptrip/ros2_ws/src/cam_sim/build/cam_sim/prefix_override:/usr/lib/python3/dist-packages/colcon_core/task/python/colcon_distutils_commands:/home/ptrip/ros2_ws/src/cam_sim/install/cam_sim/lib/python3.12/site-packages:${PYTHONPATH} /usr/bin/python3 -W ignore:setup.py install is deprecated -W ignore:easy_install command is deprecated setup.py develop --editable --build-directory /home/ptrip/ros2_ws/src/cam_sim/build/cam_sim/build --no-deps symlink_data
[3.446s] Level 1:colcon.colcon_core.shell:create_environment_hook('cam_sim', 'pythonpath_develop')
[3.446s] INFO:colcon.colcon_core.shell:Creating environment descriptor '/home/ptrip/ros2_ws/src/cam_sim/build/cam_sim/share/cam_sim/hook/pythonpath_develop.dsv'
[3.447s] DEBUG:colcon.colcon_core.event_handler.log_command:Invoked command in '/home/ptrip/ros2_ws/src/cam_sim/build/cam_sim' returned '0': PYTHONPATH=/home/ptrip/ros2_ws/src/cam_sim/build/cam_sim/prefix_override:/usr/lib/python3/dist-packages/colcon_core/task/python/colcon_distutils_commands:/home/ptrip/ros2_ws/src/cam_sim/install/cam_sim/lib/python3.12/site-packages:${PYTHONPATH} /usr/bin/python3 -W ignore:setup.py install is deprecated -W ignore:easy_install command is deprecated setup.py develop --editable --build-directory /home/ptrip/ros2_ws/src/cam_sim/build/cam_sim/build --no-deps symlink_data
[3.450s] INFO:colcon.colcon_core.shell:Creating environment hook '/home/ptrip/ros2_ws/src/cam_sim/build/cam_sim/share/cam_sim/hook/pythonpath_develop.sh'
[3.464s] Level 1:colcon.colcon_core.environment:checking '/home/ptrip/ros2_ws/src/cam_sim/install/cam_sim' for CMake module files
[3.464s] Level 1:colcon.colcon_core.environment:checking '/home/ptrip/ros2_ws/src/cam_sim/install/cam_sim' for CMake config files
[3.465s] Level 1:colcon.colcon_core.environment:checking '/home/ptrip/ros2_ws/src/cam_sim/install/cam_sim/lib'
[3.466s] Level 1:colcon.colcon_core.environment:checking '/home/ptrip/ros2_ws/src/cam_sim/install/cam_sim/bin'
[3.466s] Level 1:colcon.colcon_core.environment:checking '/home/ptrip/ros2_ws/src/cam_sim/install/cam_sim/lib/pkgconfig/cam_sim.pc'
[3.466s] Level 1:colcon.colcon_core.environment:checking '/home/ptrip/ros2_ws/src/cam_sim/install/cam_sim/lib/python3.12/site-packages'
[3.466s] Level 1:colcon.colcon_core.shell:create_environment_hook('cam_sim', 'pythonpath')
[3.467s] INFO:colcon.colcon_core.shell:Creating environment descriptor '/home/ptrip/ros2_ws/src/cam_sim/install/cam_sim/share/cam_sim/hook/pythonpath.dsv'
[3.468s] INFO:colcon.colcon_core.shell:Creating environment hook '/home/ptrip/ros2_ws/src/cam_sim/install/cam_sim/share/cam_sim/hook/pythonpath.sh'
[3.470s] Level 1:colcon.colcon_core.environment:checking '/home/ptrip/ros2_ws/src/cam_sim/install/cam_sim/bin'
[3.470s] Level 1:colcon.colcon_core.environment:create_environment_scripts_only(cam_sim)
[3.471s] INFO:colcon.colcon_core.shell:Creating package descriptor '/home/ptrip/ros2_ws/src/cam_sim/install/cam_sim/share/cam_sim/package.dsv'
[3.473s] INFO:colcon.colcon_core.shell:Creating package script '/home/ptrip/ros2_ws/src/cam_sim/install/cam_sim/share/cam_sim/package.sh'
[3.475s] INFO:colcon.colcon_core.shell:Creating package script '/home/ptrip/ros2_ws/src/cam_sim/install/cam_sim/share/cam_sim/package.bash'
[3.478s] INFO:colcon.colcon_core.shell:Creating package script '/home/ptrip/ros2_ws/src/cam_sim/install/cam_sim/share/cam_sim/package.zsh'
[3.480s] Level 1:colcon.colcon_core.environment:create_file_with_runtime_dependencies(/home/ptrip/ros2_ws/src/cam_sim/install/cam_sim/share/colcon-core/packages/cam_sim)
[3.482s] DEBUG:colcon.colcon_parallel_executor.executor.parallel:closing loop
[3.483s] DEBUG:colcon.colcon_parallel_executor.executor.parallel:loop closed
[3.483s] DEBUG:colcon.colcon_parallel_executor.executor.parallel:run_until_complete finished with '0'
[3.484s] DEBUG:colcon.colcon_core.event_reactor:joining thread
[3.522s] INFO:colcon.colcon_core.plugin_system:Skipping extension 'colcon_notification.desktop_notification.notify_send': Could not find 'notify-send'
[3.522s] INFO:colcon.colcon_core.plugin_system:Skipping extension 'colcon_notification.desktop_notification.terminal_notifier': Not used on non-Darwin systems
[3.523s] INFO:colcon.colcon_core.plugin_system:Skipping extension 'colcon_notification.desktop_notification.win32': Not used on non-Windows systems
[3.523s] INFO:colcon.colcon_notification.desktop_notification:Sending desktop notification using 'notify2'
[3.542s] DEBUG:colcon.colcon_notification.desktop_notification.notify2:Failed to initialize notify2: org.freedesktop.DBus.Error.ServiceUnknown: The name org.freedesktop.Notifications was not provided by any .service files
[3.542s] DEBUG:colcon.colcon_core.event_reactor:joined thread
[3.543s] INFO:colcon.colcon_core.shell:Creating prefix script '/home/ptrip/ros2_ws/src/cam_sim/install/local_setup.sh'
[3.545s] INFO:colcon.colcon_core.shell:Creating prefix util module '/home/ptrip/ros2_ws/src/cam_sim/install/_local_setup_util_sh.py'
[3.548s] INFO:colcon.colcon_core.shell:Creating prefix chain script '/home/ptrip/ros2_ws/src/cam_sim/install/setup.sh'
[3.550s] INFO:colcon.colcon_core.shell:Creating prefix script '/home/ptrip/ros2_ws/src/cam_sim/install/local_setup.bash'
[3.551s] INFO:colcon.colcon_core.shell:Creating prefix chain script '/home/ptrip/ros2_ws/src/cam_sim/install/setup.bash'
[3.552s] INFO:colcon.colcon_core.shell:Creating prefix script '/home/ptrip/ros2_ws/src/cam_sim/install/local_setup.zsh'
[3.554s] INFO:colcon.colcon_core.shell:Creating prefix chain script '/home/ptrip/ros2_ws/src/cam_sim/install/setup.zsh'
