[5.212s] Invoking command in '/home/ptrip/ros2_ws/src/drone_sim': PYTHONPATH=/home/ptrip/ros2_ws/build/drone_sim/prefix_override:/usr/lib/python3/dist-packages/colcon_core/task/python/colcon_distutils_commands:/home/ptrip/ros2_ws/install/drone_sim/lib/python3.12/site-packages:${PYTHONPATH} /usr/bin/python3 -W ignore:setup.py install is deprecated -W ignore:easy_install command is deprecated setup.py egg_info --egg-base ../../build/drone_sim build --build-base /home/ptrip/ros2_ws/build/drone_sim/build install --record /home/ptrip/ros2_ws/build/drone_sim/install.log --single-version-externally-managed install_data
[6.018s] running egg_info
[6.065s] writing ../../build/drone_sim/drone_sim.egg-info/PKG-INFO
[6.066s] writing dependency_links to ../../build/drone_sim/drone_sim.egg-info/dependency_links.txt
[6.067s] writing entry points to ../../build/drone_sim/drone_sim.egg-info/entry_points.txt
[6.068s] writing requirements to ../../build/drone_sim/drone_sim.egg-info/requires.txt
[6.069s] writing top-level names to ../../build/drone_sim/drone_sim.egg-info/top_level.txt
[6.171s] reading manifest file '../../build/drone_sim/drone_sim.egg-info/SOURCES.txt'
[6.176s] writing manifest file '../../build/drone_sim/drone_sim.egg-info/SOURCES.txt'
[6.176s] running build
[6.177s] running build_py
[6.178s] copying drone_sim/sim_node.py -> /home/ptrip/ros2_ws/build/drone_sim/build/lib/drone_sim
[6.179s] running install
[6.221s] running install_lib
[6.308s] copying /home/ptrip/ros2_ws/build/drone_sim/build/lib/drone_sim/sim_node.py -> /home/ptrip/ros2_ws/install/drone_sim/lib/python3.12/site-packages/drone_sim
[6.310s] byte-compiling /home/ptrip/ros2_ws/install/drone_sim/lib/python3.12/site-packages/drone_sim/sim_node.py to sim_node.cpython-312.pyc
[6.317s] running install_data
[6.317s] running install_egg_info
[6.381s] removing '/home/ptrip/ros2_ws/install/drone_sim/lib/python3.12/site-packages/drone_sim-0.0.0-py3.12.egg-info' (and everything under it)
[6.383s] Copying ../../build/drone_sim/drone_sim.egg-info to /home/ptrip/ros2_ws/install/drone_sim/lib/python3.12/site-packages/drone_sim-0.0.0-py3.12.egg-info
[6.387s] running install_scripts
[7.728s] Installing sim_node script to /home/ptrip/ros2_ws/install/drone_sim/lib/drone_sim
[7.729s] writing list of installed files to '/home/ptrip/ros2_ws/build/drone_sim/install.log'
[7.828s] Invoked command in '/home/ptrip/ros2_ws/src/drone_sim' returned '0': PYTHONPATH=/home/ptrip/ros2_ws/build/drone_sim/prefix_override:/usr/lib/python3/dist-packages/colcon_core/task/python/colcon_distutils_commands:/home/ptrip/ros2_ws/install/drone_sim/lib/python3.12/site-packages:${PYTHONPATH} /usr/bin/python3 -W ignore:setup.py install is deprecated -W ignore:easy_install command is deprecated setup.py egg_info --egg-base ../../build/drone_sim build --build-base /home/ptrip/ros2_ws/build/drone_sim/build install --record /home/ptrip/ros2_ws/build/drone_sim/install.log --single-version-externally-managed install_data
