[0.000000] (-) TimerEvent: {}
[0.002035] (cam_sim) JobQueued: {'identifier': 'cam_sim', 'dependencies': OrderedDict()}
[0.002216] (tello_control) JobQueued: {'identifier': 'tello_control', 'dependencies': OrderedDict()}
[0.003593] (cam_sim) JobStarted: {'identifier': 'cam_sim'}
[0.047017] (tello_control) JobStarted: {'identifier': 'tello_control'}
[0.098435] (-) TimerEvent: {}
[0.199363] (-) TimerEvent: {}
[0.300177] (-) TimerEvent: {}
[0.401002] (-) TimerEvent: {}
[0.501735] (-) TimerEvent: {}
[0.602377] (-) TimerEvent: {}
[0.703186] (-) TimerEvent: {}
[0.804176] (-) TimerEvent: {}
[0.904951] (-) TimerEvent: {}
[1.005666] (-) TimerEvent: {}
[1.106561] (-) TimerEvent: {}
[1.207530] (-) TimerEvent: {}
[1.308517] (-) TimerEvent: {}
[1.415049] (-) TimerEvent: {}
[1.515868] (-) TimerEvent: {}
[1.616659] (-) TimerEvent: {}
[1.717447] (-) TimerEvent: {}
[1.818299] (-) TimerEvent: {}
[1.850760] (tello_control) JobEnded: {'identifier': 'tello_control', 'rc': 0}
[1.855686] (cam_sim) JobEnded: {'identifier': 'cam_sim', 'rc': 'SIGINT'}
[1.866672] (-) EventReactorShutdown: {}
