[0.535s] DEBUG:colcon:Command line arguments: ['/usr/bin/colcon', 'build', '--symlink-install']
[0.535s] DEBUG:colcon:Parsed command line arguments: Namespace(log_base=None, log_level=None, verb_name='build', build_base='build', install_base='install', merge_install=False, symlink_install=True, test_result_base=None, continue_on_error=False, executor='parallel', parallel_workers=12, event_handlers=None, ignore_user_meta=False, metas=['./colcon.meta'], base_paths=['.'], packages_ignore=None, packages_ignore_regex=None, paths=None, packages_up_to=None, packages_up_to_regex=None, packages_above=None, packages_above_and_dependencies=None, packages_above_depth=None, packages_select_by_dep=None, packages_skip_by_dep=None, packages_skip_up_to=None, packages_select_build_failed=False, packages_skip_build_finished=False, packages_select_test_failures=False, packages_skip_test_passed=False, packages_select=None, packages_skip=None, packages_select_regex=None, packages_skip_regex=None, packages_start=None, packages_end=None, cmake_args=None, cmake_target=None, cmake_target_skip_unavailable=False, cmake_clean_cache=False, cmake_clean_first=False, cmake_force_configure=False, ament_cmake_args=None, catkin_cmake_args=None, catkin_skip_building_tests=False, verb_parser=<colcon_defaults.argument_parser.defaults.DefaultArgumentsDecorator object at 0x7cd01840e180>, verb_extension=<colcon_core.verb.build.BuildVerb object at 0x7cd01840dd60>, main=<bound method BuildVerb.main of <colcon_core.verb.build.BuildVerb object at 0x7cd01840dd60>>)
[0.758s] Level 1:colcon.colcon_core.package_discovery:discover_packages(colcon_meta) check parameters
[0.759s] Level 1:colcon.colcon_core.package_discovery:discover_packages(recursive) check parameters
[0.759s] Level 1:colcon.colcon_core.package_discovery:discover_packages(ignore) check parameters
[0.760s] Level 1:colcon.colcon_core.package_discovery:discover_packages(path) check parameters
[0.760s] Level 1:colcon.colcon_core.package_discovery:discover_packages(colcon_meta) discover
[0.761s] Level 1:colcon.colcon_core.package_discovery:discover_packages(recursive) discover
[0.761s] INFO:colcon.colcon_core.package_discovery:Crawling recursively for packages in '/home/ptrip/ros2_ws'
[0.761s] Level 1:colcon.colcon_core.package_identification:_identify(.) by extensions ['ignore', 'ignore_ament_install']
[0.763s] Level 1:colcon.colcon_core.package_identification:_identify(.) by extension 'ignore'
[0.765s] Level 1:colcon.colcon_core.package_identification:_identify(.) by extension 'ignore_ament_install'
[0.765s] Level 1:colcon.colcon_core.package_identification:_identify(.) by extensions ['colcon_pkg']
[0.766s] Level 1:colcon.colcon_core.package_identification:_identify(.) by extension 'colcon_pkg'
[0.766s] Level 1:colcon.colcon_core.package_identification:_identify(.) by extensions ['colcon_meta']
[0.766s] Level 1:colcon.colcon_core.package_identification:_identify(.) by extension 'colcon_meta'
[0.766s] Level 1:colcon.colcon_core.package_identification:_identify(.) by extensions ['ros']
[0.766s] Level 1:colcon.colcon_core.package_identification:_identify(.) by extension 'ros'
[0.928s] Level 1:colcon.colcon_core.package_identification:_identify(.) by extensions ['cmake', 'python']
[0.928s] Level 1:colcon.colcon_core.package_identification:_identify(.) by extension 'cmake'
[0.929s] Level 1:colcon.colcon_core.package_identification:_identify(.) by extension 'python'
[0.929s] Level 1:colcon.colcon_core.package_identification:_identify(.) by extensions ['python_setup_py']
[0.929s] Level 1:colcon.colcon_core.package_identification:_identify(.) by extension 'python_setup_py'
[0.929s] Level 1:colcon.colcon_core.package_identification:_identify(build) by extensions ['ignore', 'ignore_ament_install']
[0.930s] Level 1:colcon.colcon_core.package_identification:_identify(build) by extension 'ignore'
[0.930s] Level 1:colcon.colcon_core.package_identification:_identify(build) ignored
[0.931s] Level 1:colcon.colcon_core.package_identification:_identify(images) by extensions ['ignore', 'ignore_ament_install']
[0.931s] Level 1:colcon.colcon_core.package_identification:_identify(images) by extension 'ignore'
[0.931s] Level 1:colcon.colcon_core.package_identification:_identify(images) by extension 'ignore_ament_install'
[0.932s] Level 1:colcon.colcon_core.package_identification:_identify(images) by extensions ['colcon_pkg']
[0.932s] Level 1:colcon.colcon_core.package_identification:_identify(images) by extension 'colcon_pkg'
[0.932s] Level 1:colcon.colcon_core.package_identification:_identify(images) by extensions ['colcon_meta']
[0.932s] Level 1:colcon.colcon_core.package_identification:_identify(images) by extension 'colcon_meta'
[0.932s] Level 1:colcon.colcon_core.package_identification:_identify(images) by extensions ['ros']
[0.932s] Level 1:colcon.colcon_core.package_identification:_identify(images) by extension 'ros'
[0.933s] Level 1:colcon.colcon_core.package_identification:_identify(images) by extensions ['cmake', 'python']
[0.933s] Level 1:colcon.colcon_core.package_identification:_identify(images) by extension 'cmake'
[0.933s] Level 1:colcon.colcon_core.package_identification:_identify(images) by extension 'python'
[0.933s] Level 1:colcon.colcon_core.package_identification:_identify(images) by extensions ['python_setup_py']
[0.934s] Level 1:colcon.colcon_core.package_identification:_identify(images) by extension 'python_setup_py'
[0.934s] Level 1:colcon.colcon_core.package_identification:_identify(install) by extensions ['ignore', 'ignore_ament_install']
[0.934s] Level 1:colcon.colcon_core.package_identification:_identify(install) by extension 'ignore'
[0.934s] Level 1:colcon.colcon_core.package_identification:_identify(install) ignored
[0.935s] Level 1:colcon.colcon_core.package_identification:_identify(log) by extensions ['ignore', 'ignore_ament_install']
[0.935s] Level 1:colcon.colcon_core.package_identification:_identify(log) by extension 'ignore'
[0.935s] Level 1:colcon.colcon_core.package_identification:_identify(log) ignored
[0.936s] Level 1:colcon.colcon_core.package_identification:_identify(src) by extensions ['ignore', 'ignore_ament_install']
[0.936s] Level 1:colcon.colcon_core.package_identification:_identify(src) by extension 'ignore'
[0.936s] Level 1:colcon.colcon_core.package_identification:_identify(src) by extension 'ignore_ament_install'
[0.937s] Level 1:colcon.colcon_core.package_identification:_identify(src) by extensions ['colcon_pkg']
[0.937s] Level 1:colcon.colcon_core.package_identification:_identify(src) by extension 'colcon_pkg'
[0.937s] Level 1:colcon.colcon_core.package_identification:_identify(src) by extensions ['colcon_meta']
[0.937s] Level 1:colcon.colcon_core.package_identification:_identify(src) by extension 'colcon_meta'
[0.937s] Level 1:colcon.colcon_core.package_identification:_identify(src) by extensions ['ros']
[0.937s] Level 1:colcon.colcon_core.package_identification:_identify(src) by extension 'ros'
[0.938s] Level 1:colcon.colcon_core.package_identification:_identify(src) by extensions ['cmake', 'python']
[0.938s] Level 1:colcon.colcon_core.package_identification:_identify(src) by extension 'cmake'
[0.938s] Level 1:colcon.colcon_core.package_identification:_identify(src) by extension 'python'
[0.938s] Level 1:colcon.colcon_core.package_identification:_identify(src) by extensions ['python_setup_py']
[0.938s] Level 1:colcon.colcon_core.package_identification:_identify(src) by extension 'python_setup_py'
[0.939s] Level 1:colcon.colcon_core.package_identification:_identify(src/cam_sim) by extensions ['ignore', 'ignore_ament_install']
[0.939s] Level 1:colcon.colcon_core.package_identification:_identify(src/cam_sim) by extension 'ignore'
[0.940s] Level 1:colcon.colcon_core.package_identification:_identify(src/cam_sim) by extension 'ignore_ament_install'
[0.940s] Level 1:colcon.colcon_core.package_identification:_identify(src/cam_sim) by extensions ['colcon_pkg']
[0.940s] Level 1:colcon.colcon_core.package_identification:_identify(src/cam_sim) by extension 'colcon_pkg'
[0.940s] Level 1:colcon.colcon_core.package_identification:_identify(src/cam_sim) by extensions ['colcon_meta']
[0.941s] Level 1:colcon.colcon_core.package_identification:_identify(src/cam_sim) by extension 'colcon_meta'
[0.941s] Level 1:colcon.colcon_core.package_identification:_identify(src/cam_sim) by extensions ['ros']
[0.941s] Level 1:colcon.colcon_core.package_identification:_identify(src/cam_sim) by extension 'ros'
[0.955s] DEBUG:colcon.colcon_core.package_identification:Package 'src/cam_sim' with type 'ros.ament_python' and name 'cam_sim'
[0.956s] Level 1:colcon.colcon_core.package_identification:_identify(src/tello_control) by extensions ['ignore', 'ignore_ament_install']
[0.956s] Level 1:colcon.colcon_core.package_identification:_identify(src/tello_control) by extension 'ignore'
[0.957s] Level 1:colcon.colcon_core.package_identification:_identify(src/tello_control) by extension 'ignore_ament_install'
[0.957s] Level 1:colcon.colcon_core.package_identification:_identify(src/tello_control) by extensions ['colcon_pkg']
[0.957s] Level 1:colcon.colcon_core.package_identification:_identify(src/tello_control) by extension 'colcon_pkg'
[0.958s] Level 1:colcon.colcon_core.package_identification:_identify(src/tello_control) by extensions ['colcon_meta']
[0.958s] Level 1:colcon.colcon_core.package_identification:_identify(src/tello_control) by extension 'colcon_meta'
[0.958s] Level 1:colcon.colcon_core.package_identification:_identify(src/tello_control) by extensions ['ros']
[0.958s] Level 1:colcon.colcon_core.package_identification:_identify(src/tello_control) by extension 'ros'
[0.961s] DEBUG:colcon.colcon_core.package_identification:Package 'src/tello_control' with type 'ros.ament_python' and name 'tello_control'
[0.961s] Level 1:colcon.colcon_core.package_discovery:discover_packages(recursive) using defaults
[0.962s] Level 1:colcon.colcon_core.package_discovery:discover_packages(ignore) discover
[0.963s] Level 1:colcon.colcon_core.package_discovery:discover_packages(ignore) using defaults
[0.963s] Level 1:colcon.colcon_core.package_discovery:discover_packages(path) discover
[0.964s] Level 1:colcon.colcon_core.package_discovery:discover_packages(path) using defaults
[1.065s] Level 5:colcon.colcon_core.verb:set package 'cam_sim' build argument 'cmake_args' from command line to 'None'
[1.065s] Level 5:colcon.colcon_core.verb:set package 'cam_sim' build argument 'cmake_target' from command line to 'None'
[1.065s] Level 5:colcon.colcon_core.verb:set package 'cam_sim' build argument 'cmake_target_skip_unavailable' from command line to 'False'
[1.065s] Level 5:colcon.colcon_core.verb:set package 'cam_sim' build argument 'cmake_clean_cache' from command line to 'False'
[1.065s] Level 5:colcon.colcon_core.verb:set package 'cam_sim' build argument 'cmake_clean_first' from command line to 'False'
[1.066s] Level 5:colcon.colcon_core.verb:set package 'cam_sim' build argument 'cmake_force_configure' from command line to 'False'
[1.066s] Level 5:colcon.colcon_core.verb:set package 'cam_sim' build argument 'ament_cmake_args' from command line to 'None'
[1.066s] Level 5:colcon.colcon_core.verb:set package 'cam_sim' build argument 'catkin_cmake_args' from command line to 'None'
[1.066s] Level 5:colcon.colcon_core.verb:set package 'cam_sim' build argument 'catkin_skip_building_tests' from command line to 'False'
[1.066s] DEBUG:colcon.colcon_core.verb:Building package 'cam_sim' with the following arguments: {'ament_cmake_args': None, 'build_base': '/home/ptrip/ros2_ws/build/cam_sim', 'catkin_cmake_args': None, 'catkin_skip_building_tests': False, 'cmake_args': None, 'cmake_clean_cache': False, 'cmake_clean_first': False, 'cmake_force_configure': False, 'cmake_target': None, 'cmake_target_skip_unavailable': False, 'install_base': '/home/ptrip/ros2_ws/install/cam_sim', 'merge_install': False, 'path': '/home/ptrip/ros2_ws/src/cam_sim', 'symlink_install': True, 'test_result_base': None}
[1.067s] Level 5:colcon.colcon_core.verb:set package 'tello_control' build argument 'cmake_args' from command line to 'None'
[1.067s] Level 5:colcon.colcon_core.verb:set package 'tello_control' build argument 'cmake_target' from command line to 'None'
[1.067s] Level 5:colcon.colcon_core.verb:set package 'tello_control' build argument 'cmake_target_skip_unavailable' from command line to 'False'
[1.067s] Level 5:colcon.colcon_core.verb:set package 'tello_control' build argument 'cmake_clean_cache' from command line to 'False'
[1.067s] Level 5:colcon.colcon_core.verb:set package 'tello_control' build argument 'cmake_clean_first' from command line to 'False'
[1.067s] Level 5:colcon.colcon_core.verb:set package 'tello_control' build argument 'cmake_force_configure' from command line to 'False'
[1.068s] Level 5:colcon.colcon_core.verb:set package 'tello_control' build argument 'ament_cmake_args' from command line to 'None'
[1.068s] Level 5:colcon.colcon_core.verb:set package 'tello_control' build argument 'catkin_cmake_args' from command line to 'None'
[1.068s] Level 5:colcon.colcon_core.verb:set package 'tello_control' build argument 'catkin_skip_building_tests' from command line to 'False'
[1.068s] DEBUG:colcon.colcon_core.verb:Building package 'tello_control' with the following arguments: {'ament_cmake_args': None, 'build_base': '/home/ptrip/ros2_ws/build/tello_control', 'catkin_cmake_args': None, 'catkin_skip_building_tests': False, 'cmake_args': None, 'cmake_clean_cache': False, 'cmake_clean_first': False, 'cmake_force_configure': False, 'cmake_target': None, 'cmake_target_skip_unavailable': False, 'install_base': '/home/ptrip/ros2_ws/install/tello_control', 'merge_install': False, 'path': '/home/ptrip/ros2_ws/src/tello_control', 'symlink_install': True, 'test_result_base': None}
[1.068s] INFO:colcon.colcon_core.executor:Executing jobs using 'parallel' executor
[1.071s] DEBUG:colcon.colcon_parallel_executor.executor.parallel:run_until_complete
[1.073s] INFO:colcon.colcon_ros.task.ament_python.build:Building ROS package in '/home/ptrip/ros2_ws/src/cam_sim' with build type 'ament_python'
[1.074s] Level 1:colcon.colcon_core.shell:create_environment_hook('cam_sim', 'ament_prefix_path')
[1.086s] INFO:colcon.colcon_core.plugin_system:Skipping extension 'colcon_core.shell.bat': Not used on non-Windows systems
[1.086s] INFO:colcon.colcon_core.shell:Creating environment descriptor '/home/ptrip/ros2_ws/install/cam_sim/share/cam_sim/hook/ament_prefix_path.dsv'
[1.089s] INFO:colcon.colcon_core.shell:Creating environment hook '/home/ptrip/ros2_ws/install/cam_sim/share/cam_sim/hook/ament_prefix_path.sh'
[1.091s] DEBUG:colcon.colcon_core.shell:Skip shell extension 'dsv' for command environment
[1.119s] INFO:colcon.colcon_ros.task.ament_python.build:Building ROS package in '/home/ptrip/ros2_ws/src/tello_control' with build type 'ament_python'
[1.119s] Level 1:colcon.colcon_core.shell:create_environment_hook('tello_control', 'ament_prefix_path')
[1.120s] INFO:colcon.colcon_core.shell:Creating environment descriptor '/home/ptrip/ros2_ws/install/tello_control/share/tello_control/hook/ament_prefix_path.dsv'
[1.122s] INFO:colcon.colcon_core.shell:Creating environment hook '/home/ptrip/ros2_ws/install/tello_control/share/tello_control/hook/ament_prefix_path.sh'
[1.125s] DEBUG:colcon.colcon_core.shell:Skip shell extension 'dsv' for command environment
[2.096s] INFO:colcon.colcon_core.task.python.build:Building Python package in '/home/ptrip/ros2_ws/src/cam_sim'
[2.097s] DEBUG:colcon.colcon_core.shell:Skip shell extension 'dsv' for command environment
[2.922s] DEBUG:colcon.colcon_parallel_executor.executor.parallel:run_until_complete was interrupted
[2.923s] DEBUG:colcon.colcon_parallel_executor.executor.parallel:run_until_complete again
[2.937s] DEBUG:colcon.colcon_parallel_executor.executor.parallel:run_until_complete finished
[2.938s] DEBUG:colcon.colcon_parallel_executor.executor.parallel:closing loop
[2.938s] DEBUG:colcon.colcon_parallel_executor.executor.parallel:loop closed
[2.938s] DEBUG:colcon.colcon_core.event_reactor:joining thread
[3.010s] INFO:colcon.colcon_core.plugin_system:Skipping extension 'colcon_notification.desktop_notification.notify_send': Could not find 'notify-send'
[3.011s] INFO:colcon.colcon_core.plugin_system:Skipping extension 'colcon_notification.desktop_notification.terminal_notifier': Not used on non-Darwin systems
[3.012s] INFO:colcon.colcon_core.plugin_system:Skipping extension 'colcon_notification.desktop_notification.win32': Not used on non-Windows systems
[3.012s] INFO:colcon.colcon_notification.desktop_notification:Sending desktop notification using 'notify2'
[3.016s] DEBUG:colcon.colcon_notification.desktop_notification.notify2:Failed to initialize notify2: org.freedesktop.DBus.Error.ServiceUnknown: The name org.freedesktop.Notifications was not provided by any .service files
[3.017s] DEBUG:colcon.colcon_core.event_reactor:joined thread
[3.018s] INFO:colcon.colcon_core.shell:Creating prefix script '/home/ptrip/ros2_ws/install/local_setup.sh'
[3.019s] INFO:colcon.colcon_core.shell:Creating prefix util module '/home/ptrip/ros2_ws/install/_local_setup_util_sh.py'
[3.023s] INFO:colcon.colcon_core.shell:Creating prefix chain script '/home/ptrip/ros2_ws/install/setup.sh'
[3.027s] INFO:colcon.colcon_core.shell:Creating prefix script '/home/ptrip/ros2_ws/install/local_setup.bash'
[3.031s] INFO:colcon.colcon_core.shell:Creating prefix chain script '/home/ptrip/ros2_ws/install/setup.bash'
[3.035s] INFO:colcon.colcon_core.shell:Creating prefix script '/home/ptrip/ros2_ws/install/local_setup.zsh'
[3.038s] INFO:colcon.colcon_core.shell:Creating prefix chain script '/home/ptrip/ros2_ws/install/setup.zsh'
