[2.627s] Invoking command in '/home/ptrip/ros2_ws/build/cam_sim': PYTHONPATH=/home/ptrip/ros2_ws/build/cam_sim/prefix_override:/usr/lib/python3/dist-packages/colcon_core/task/python/colcon_distutils_commands:/home/ptrip/ros2_ws/install/cam_sim/lib/python3.12/site-packages:${PYTHONPATH} /usr/bin/python3 -W ignore:setup.py install is deprecated -W ignore:easy_install command is deprecated setup.py develop --editable --build-directory /home/ptrip/ros2_ws/build/cam_sim/build --no-deps symlink_data
[3.598s] running develop
[4.117s] running egg_info
[4.160s] writing cam_sim.egg-info/PKG-INFO
[4.161s] writing dependency_links to cam_sim.egg-info/dependency_links.txt
[4.162s] writing entry points to cam_sim.egg-info/entry_points.txt
[4.162s] writing requirements to cam_sim.egg-info/requires.txt
[4.163s] writing top-level names to cam_sim.egg-info/top_level.txt
[4.253s] reading manifest file 'cam_sim.egg-info/SOURCES.txt'
[4.255s] writing manifest file 'cam_sim.egg-info/SOURCES.txt'
[4.300s] running build_ext
[4.301s] Creating /home/ptrip/ros2_ws/install/cam_sim/lib/python3.12/site-packages/cam-sim.egg-link (link to .)
[4.303s] Installing sim1 script to /home/ptrip/ros2_ws/install/cam_sim/lib/cam_sim
[4.304s] Installing sim2 script to /home/ptrip/ros2_ws/install/cam_sim/lib/cam_sim
[4.305s] Installing sim3 script to /home/ptrip/ros2_ws/install/cam_sim/lib/cam_sim
[4.306s] Installing sim4 script to /home/ptrip/ros2_ws/install/cam_sim/lib/cam_sim
[4.307s] 
[4.307s] Installed /home/ptrip/ros2_ws/build/cam_sim
[4.307s] running symlink_data
[4.391s] Invoked command in '/home/ptrip/ros2_ws/build/cam_sim' returned '0': PYTHONPATH=/home/ptrip/ros2_ws/build/cam_sim/prefix_override:/usr/lib/python3/dist-packages/colcon_core/task/python/colcon_distutils_commands:/home/ptrip/ros2_ws/install/cam_sim/lib/python3.12/site-packages:${PYTHONPATH} /usr/bin/python3 -W ignore:setup.py install is deprecated -W ignore:easy_install command is deprecated setup.py develop --editable --build-directory /home/ptrip/ros2_ws/build/cam_sim/build --no-deps symlink_data
