[3.627s] Invoking command in '/home/ptrip/ros2_ws/build/tello_control': PYTHONPATH=/home/ptrip/ros2_ws/build/tello_control/prefix_override:/usr/lib/python3/dist-packages/colcon_core/task/python/colcon_distutils_commands:/home/ptrip/ros2_ws/install/tello_control/lib/python3.12/site-packages:${PYTHONPATH} /usr/bin/python3 -W ignore:setup.py install is deprecated -W ignore:easy_install command is deprecated setup.py develop --editable --build-directory /home/ptrip/ros2_ws/build/tello_control/build --no-deps symlink_data
[4.573s] running develop
[5.174s] running egg_info
[5.217s] writing tello_control.egg-info/PKG-INFO
[5.218s] writing dependency_links to tello_control.egg-info/dependency_links.txt
[5.219s] writing entry points to tello_control.egg-info/entry_points.txt
[5.220s] writing requirements to tello_control.egg-info/requires.txt
[5.221s] writing top-level names to tello_control.egg-info/top_level.txt
[5.341s] reading manifest file 'tello_control.egg-info/SOURCES.txt'
[5.343s] writing manifest file 'tello_control.egg-info/SOURCES.txt'
[5.407s] running build_ext
[5.409s] Creating /home/ptrip/ros2_ws/install/tello_control/lib/python3.12/site-packages/tello-control.egg-link (link to .)
[5.412s] Installing command script to /home/ptrip/ros2_ws/install/tello_control/lib/tello_control
[5.414s] Installing control script to /home/ptrip/ros2_ws/install/tello_control/lib/tello_control
[5.415s] Installing test script to /home/ptrip/ros2_ws/install/tello_control/lib/tello_control
[5.416s] Installing video script to /home/ptrip/ros2_ws/install/tello_control/lib/tello_control
[5.418s] 
[5.418s] Installed /home/ptrip/ros2_ws/build/tello_control
[5.419s] running symlink_data
[5.535s] Invoked command in '/home/ptrip/ros2_ws/build/tello_control' returned '0': PYTHONPATH=/home/ptrip/ros2_ws/build/tello_control/prefix_override:/usr/lib/python3/dist-packages/colcon_core/task/python/colcon_distutils_commands:/home/ptrip/ros2_ws/install/tello_control/lib/python3.12/site-packages:${PYTHONPATH} /usr/bin/python3 -W ignore:setup.py install is deprecated -W ignore:easy_install command is deprecated setup.py develop --editable --build-directory /home/ptrip/ros2_ws/build/tello_control/build --no-deps symlink_data
