[2.374s] Invoking command in '/home/ptrip/ros2_ws/src/new_package': PYTHONPATH=/home/ptrip/ros2_ws/build/new_package/prefix_override:/usr/lib/python3/dist-packages/colcon_core/task/python/colcon_distutils_commands:/home/ptrip/ros2_ws/install/new_package/lib/python3.12/site-packages:${PYTHONPATH} /usr/bin/python3 -W ignore:setup.py install is deprecated -W ignore:easy_install command is deprecated setup.py egg_info --egg-base ../../build/new_package build --build-base /home/ptrip/ros2_ws/build/new_package/build install --record /home/ptrip/ros2_ws/build/new_package/install.log --single-version-externally-managed install_data
[2.944s] running egg_info
[2.981s] writing ../../build/new_package/new_package.egg-info/PKG-INFO
[2.982s] writing dependency_links to ../../build/new_package/new_package.egg-info/dependency_links.txt
[2.983s] writing entry points to ../../build/new_package/new_package.egg-info/entry_points.txt
[2.984s] writing requirements to ../../build/new_package/new_package.egg-info/requires.txt
[2.984s] writing top-level names to ../../build/new_package/new_package.egg-info/top_level.txt
[3.091s] reading manifest file '../../build/new_package/new_package.egg-info/SOURCES.txt'
[3.093s] writing manifest file '../../build/new_package/new_package.egg-info/SOURCES.txt'
[3.093s] running build
[3.094s] running build_py
[3.094s] running install
[3.108s] running install_lib
[3.158s] running install_data
[3.158s] running install_egg_info
[3.209s] removing '/home/ptrip/ros2_ws/install/new_package/lib/python3.12/site-packages/new_package-0.0.0-py3.12.egg-info' (and everything under it)
[3.211s] Copying ../../build/new_package/new_package.egg-info to /home/ptrip/ros2_ws/install/new_package/lib/python3.12/site-packages/new_package-0.0.0-py3.12.egg-info
[3.215s] running install_scripts
[3.523s] Installing new_node script to /home/ptrip/ros2_ws/install/new_package/lib/new_package
[3.524s] writing list of installed files to '/home/ptrip/ros2_ws/build/new_package/install.log'
[3.604s] Invoked command in '/home/ptrip/ros2_ws/src/new_package' returned '0': PYTHONPATH=/home/ptrip/ros2_ws/build/new_package/prefix_override:/usr/lib/python3/dist-packages/colcon_core/task/python/colcon_distutils_commands:/home/ptrip/ros2_ws/install/new_package/lib/python3.12/site-packages:${PYTHONPATH} /usr/bin/python3 -W ignore:setup.py install is deprecated -W ignore:easy_install command is deprecated setup.py egg_info --egg-base ../../build/new_package build --build-base /home/ptrip/ros2_ws/build/new_package/build install --record /home/ptrip/ros2_ws/build/new_package/install.log --single-version-externally-managed install_data
