[6.403s] Invoking command in '/home/ptrip/ros2_ws/build/cam_sim': PYTHONPATH=/home/ptrip/ros2_ws/build/cam_sim/prefix_override:/usr/lib/python3/dist-packages/colcon_core/task/python/colcon_distutils_commands:/home/ptrip/ros2_ws/install/cam_sim/lib/python3.12/site-packages:${PYTHONPATH} /usr/bin/python3 -W ignore:setup.py install is deprecated -W ignore:easy_install command is deprecated setup.py develop --editable --build-directory /home/ptrip/ros2_ws/build/cam_sim/build --no-deps symlink_data
[7.508s] running develop
[8.379s] running egg_info
[8.471s] writing cam_sim.egg-info/PKG-INFO
[8.473s] writing dependency_links to cam_sim.egg-info/dependency_links.txt
[8.475s] writing entry points to cam_sim.egg-info/entry_points.txt
[8.478s] writing requirements to cam_sim.egg-info/requires.txt
[8.482s] writing top-level names to cam_sim.egg-info/top_level.txt
[8.676s] reading manifest file 'cam_sim.egg-info/SOURCES.txt'
[8.680s] writing manifest file 'cam_sim.egg-info/SOURCES.txt'
[8.778s] running build_ext
[8.779s] Creating /home/ptrip/ros2_ws/install/cam_sim/lib/python3.12/site-packages/cam-sim.egg-link (link to .)
[8.781s] Installing sim1 script to /home/ptrip/ros2_ws/install/cam_sim/lib/cam_sim
[8.782s] Installing sim2 script to /home/ptrip/ros2_ws/install/cam_sim/lib/cam_sim
[8.782s] Installing sim3 script to /home/ptrip/ros2_ws/install/cam_sim/lib/cam_sim
[8.783s] Installing sim4 script to /home/ptrip/ros2_ws/install/cam_sim/lib/cam_sim
[8.786s] Installing sim5 script to /home/ptrip/ros2_ws/install/cam_sim/lib/cam_sim
[8.788s] 
[8.789s] Installed /home/ptrip/ros2_ws/build/cam_sim
[8.789s] running symlink_data
[8.968s] Invoked command in '/home/ptrip/ros2_ws/build/cam_sim' returned '0': PYTHONPATH=/home/ptrip/ros2_ws/build/cam_sim/prefix_override:/usr/lib/python3/dist-packages/colcon_core/task/python/colcon_distutils_commands:/home/ptrip/ros2_ws/install/cam_sim/lib/python3.12/site-packages:${PYTHONPATH} /usr/bin/python3 -W ignore:setup.py install is deprecated -W ignore:easy_install command is deprecated setup.py develop --editable --build-directory /home/ptrip/ros2_ws/build/cam_sim/build --no-deps symlink_data
