[2.651s] Invoking command in '/home/ptrip/ros2_ws/build/cam_sim': PYTHONPATH=/home/ptrip/ros2_ws/build/cam_sim/prefix_override:/usr/lib/python3/dist-packages/colcon_core/task/python/colcon_distutils_commands:/home/ptrip/ros2_ws/install/cam_sim/lib/python3.12/site-packages:${PYTHONPATH} /usr/bin/python3 -W ignore:setup.py install is deprecated -W ignore:easy_install command is deprecated setup.py develop --editable --build-directory /home/ptrip/ros2_ws/build/cam_sim/build --no-deps symlink_data
[3.696s] running develop
[4.237s] running egg_info
[4.295s] writing cam_sim.egg-info/PKG-INFO
[4.296s] writing dependency_links to cam_sim.egg-info/dependency_links.txt
[4.297s] writing entry points to cam_sim.egg-info/entry_points.txt
[4.297s] writing requirements to cam_sim.egg-info/requires.txt
[4.297s] writing top-level names to cam_sim.egg-info/top_level.txt
[4.398s] reading manifest file 'cam_sim.egg-info/SOURCES.txt'
[4.401s] writing manifest file 'cam_sim.egg-info/SOURCES.txt'
[4.449s] running build_ext
[4.450s] Creating /home/ptrip/ros2_ws/install/cam_sim/lib/python3.12/site-packages/cam-sim.egg-link (link to .)
[4.452s] Installing sim1 script to /home/ptrip/ros2_ws/install/cam_sim/lib/cam_sim
[4.452s] Installing sim2 script to /home/ptrip/ros2_ws/install/cam_sim/lib/cam_sim
[4.454s] Installing sim3 script to /home/ptrip/ros2_ws/install/cam_sim/lib/cam_sim
[4.455s] Installing sim4 script to /home/ptrip/ros2_ws/install/cam_sim/lib/cam_sim
[4.455s] Installing sim5 script to /home/ptrip/ros2_ws/install/cam_sim/lib/cam_sim
[4.456s] 
[4.457s] Installed /home/ptrip/ros2_ws/build/cam_sim
[4.458s] running symlink_data
[4.543s] Invoked command in '/home/ptrip/ros2_ws/build/cam_sim' returned '0': PYTHONPATH=/home/ptrip/ros2_ws/build/cam_sim/prefix_override:/usr/lib/python3/dist-packages/colcon_core/task/python/colcon_distutils_commands:/home/ptrip/ros2_ws/install/cam_sim/lib/python3.12/site-packages:${PYTHONPATH} /usr/bin/python3 -W ignore:setup.py install is deprecated -W ignore:easy_install command is deprecated setup.py develop --editable --build-directory /home/ptrip/ros2_ws/build/cam_sim/build --no-deps symlink_data
