[0.913s] Invoking command in '/home/roboticslab/rise/src/tello_control': DEBUGINFOD_URLS=https://debuginfod.ubuntu.com PYTHONPATH=/home/roboticslab/rise/build/tello_control/prefix_override:/usr/lib/python3/dist-packages/colcon_core/task/python/colcon_distutils_commands:/home/roboticslab/rise/install/tello_control/lib/python3.12/site-packages:${PYTHONPATH} /usr/bin/python3 -W ignore:setup.py install is deprecated -W ignore:easy_install command is deprecated setup.py egg_info --egg-base ../../build/tello_control build --build-base /home/roboticslab/rise/build/tello_control/build install --record /home/roboticslab/rise/build/tello_control/install.log --single-version-externally-managed install_data
[1.160s] running egg_info
[1.178s] writing ../../build/tello_control/tello_control.egg-info/PKG-INFO
[1.178s] writing dependency_links to ../../build/tello_control/tello_control.egg-info/dependency_links.txt
[1.179s] writing entry points to ../../build/tello_control/tello_control.egg-info/entry_points.txt
[1.179s] writing requirements to ../../build/tello_control/tello_control.egg-info/requires.txt
[1.179s] writing top-level names to ../../build/tello_control/tello_control.egg-info/top_level.txt
[1.217s] reading manifest file '../../build/tello_control/tello_control.egg-info/SOURCES.txt'
[1.218s] writing manifest file '../../build/tello_control/tello_control.egg-info/SOURCES.txt'
[1.218s] running build
[1.218s] running build_py
[1.219s] running install
[1.224s] running install_lib
[1.243s] running install_data
[1.243s] running install_egg_info
[1.263s] removing '/home/roboticslab/rise/install/tello_control/lib/python3.12/site-packages/tello_control-0.0.0-py3.12.egg-info' (and everything under it)
[1.263s] Copying ../../build/tello_control/tello_control.egg-info to /home/roboticslab/rise/install/tello_control/lib/python3.12/site-packages/tello_control-0.0.0-py3.12.egg-info
[1.264s] running install_scripts
[1.383s] Installing command script to /home/roboticslab/rise/install/tello_control/lib/tello_control
[1.384s] Installing control script to /home/roboticslab/rise/install/tello_control/lib/tello_control
[1.384s] Installing test script to /home/roboticslab/rise/install/tello_control/lib/tello_control
[1.384s] writing list of installed files to '/home/roboticslab/rise/build/tello_control/install.log'
[1.408s] Invoked command in '/home/roboticslab/rise/src/tello_control' returned '0': DEBUGINFOD_URLS=https://debuginfod.ubuntu.com PYTHONPATH=/home/roboticslab/rise/build/tello_control/prefix_override:/usr/lib/python3/dist-packages/colcon_core/task/python/colcon_distutils_commands:/home/roboticslab/rise/install/tello_control/lib/python3.12/site-packages:${PYTHONPATH} /usr/bin/python3 -W ignore:setup.py install is deprecated -W ignore:easy_install command is deprecated setup.py egg_info --egg-base ../../build/tello_control build --build-base /home/roboticslab/rise/build/tello_control/build install --record /home/roboticslab/rise/build/tello_control/install.log --single-version-externally-managed install_data
