[1.149s] Invoking command in '/home/ptrip/ros2_ws/build/cam_sim': PYTHONPATH=/home/ptrip/ros2_ws/build/cam_sim/prefix_override:/usr/lib/python3/dist-packages/colcon_core/task/python/colcon_distutils_commands:/home/ptrip/ros2_ws/install/cam_sim/lib/python3.12/site-packages:${PYTHONPATH} /usr/bin/python3 -W ignore:setup.py install is deprecated -W ignore:easy_install command is deprecated setup.py develop --editable --build-directory /home/ptrip/ros2_ws/build/cam_sim/build --no-deps symlink_data
[1.473s] running develop
[1.674s] running egg_info
[1.694s] writing cam_sim.egg-info/PKG-INFO
[1.696s] writing dependency_links to cam_sim.egg-info/dependency_links.txt
[1.697s] writing entry points to cam_sim.egg-info/entry_points.txt
[1.698s] writing requirements to cam_sim.egg-info/requires.txt
[1.698s] writing top-level names to cam_sim.egg-info/top_level.txt
[1.743s] reading manifest file 'cam_sim.egg-info/SOURCES.txt'
[1.748s] writing manifest file 'cam_sim.egg-info/SOURCES.txt'
[1.768s] running build_ext
[1.769s] Creating /home/ptrip/ros2_ws/install/cam_sim/lib/python3.12/site-packages/cam-sim.egg-link (link to .)
[1.769s] Installing sim1 script to /home/ptrip/ros2_ws/install/cam_sim/lib/cam_sim
[1.771s] Installing sim2 script to /home/ptrip/ros2_ws/install/cam_sim/lib/cam_sim
[1.772s] Installing sim3 script to /home/ptrip/ros2_ws/install/cam_sim/lib/cam_sim
[1.772s] Installing sim4 script to /home/ptrip/ros2_ws/install/cam_sim/lib/cam_sim
[1.773s] 
[1.773s] Installed /home/ptrip/ros2_ws/build/cam_sim
[1.773s] running symlink_data
[1.831s] Invoked command in '/home/ptrip/ros2_ws/build/cam_sim' returned '0': PYTHONPATH=/home/ptrip/ros2_ws/build/cam_sim/prefix_override:/usr/lib/python3/dist-packages/colcon_core/task/python/colcon_distutils_commands:/home/ptrip/ros2_ws/install/cam_sim/lib/python3.12/site-packages:${PYTHONPATH} /usr/bin/python3 -W ignore:setup.py install is deprecated -W ignore:easy_install command is deprecated setup.py develop --editable --build-directory /home/ptrip/ros2_ws/build/cam_sim/build --no-deps symlink_data
