[2.321s] Invoking command in '/home/ptrip/ros2_ws/src/new_package': PYTHONPATH=/home/ptrip/ros2_ws/build/new_package/prefix_override:/usr/lib/python3/dist-packages/colcon_core/task/python/colcon_distutils_commands:/home/ptrip/ros2_ws/install/new_package/lib/python3.12/site-packages:${PYTHONPATH} /usr/bin/python3 -W ignore:setup.py install is deprecated -W ignore:easy_install command is deprecated setup.py egg_info --egg-base ../../build/new_package build --build-base /home/ptrip/ros2_ws/build/new_package/build install --record /home/ptrip/ros2_ws/build/new_package/install.log --single-version-externally-managed install_data
[2.917s] running egg_info
[2.967s] writing ../../build/new_package/new_package.egg-info/PKG-INFO
[2.968s] writing dependency_links to ../../build/new_package/new_package.egg-info/dependency_links.txt
[2.969s] writing entry points to ../../build/new_package/new_package.egg-info/entry_points.txt
[2.970s] writing requirements to ../../build/new_package/new_package.egg-info/requires.txt
[2.970s] writing top-level names to ../../build/new_package/new_package.egg-info/top_level.txt
[3.057s] reading manifest file '../../build/new_package/new_package.egg-info/SOURCES.txt'
[3.059s] writing manifest file '../../build/new_package/new_package.egg-info/SOURCES.txt'
[3.059s] running build
[3.059s] running build_py
[3.060s] running install
[3.074s] running install_lib
[3.119s] running install_data
[3.120s] running install_egg_info
[3.159s] removing '/home/ptrip/ros2_ws/install/new_package/lib/python3.12/site-packages/new_package-0.0.0-py3.12.egg-info' (and everything under it)
[3.160s] Copying ../../build/new_package/new_package.egg-info to /home/ptrip/ros2_ws/install/new_package/lib/python3.12/site-packages/new_package-0.0.0-py3.12.egg-info
[3.163s] running install_scripts
[3.453s] Installing new_node script to /home/ptrip/ros2_ws/install/new_package/lib/new_package
[3.454s] writing list of installed files to '/home/ptrip/ros2_ws/build/new_package/install.log'
[3.534s] Invoked command in '/home/ptrip/ros2_ws/src/new_package' returned '0': PYTHONPATH=/home/ptrip/ros2_ws/build/new_package/prefix_override:/usr/lib/python3/dist-packages/colcon_core/task/python/colcon_distutils_commands:/home/ptrip/ros2_ws/install/new_package/lib/python3.12/site-packages:${PYTHONPATH} /usr/bin/python3 -W ignore:setup.py install is deprecated -W ignore:easy_install command is deprecated setup.py egg_info --egg-base ../../build/new_package build --build-base /home/ptrip/ros2_ws/build/new_package/build install --record /home/ptrip/ros2_ws/build/new_package/install.log --single-version-externally-managed install_data
