[0.878s] Invoking command in '/home/ptrip/ros2_ws/build/cam_sim': PYTHONPATH=/home/ptrip/ros2_ws/build/cam_sim/prefix_override:/usr/lib/python3/dist-packages/colcon_core/task/python/colcon_distutils_commands:/home/ptrip/ros2_ws/install/cam_sim/lib/python3.12/site-packages:${PYTHONPATH} /usr/bin/python3 -W ignore:setup.py install is deprecated -W ignore:easy_install command is deprecated setup.py develop --editable --build-directory /home/ptrip/ros2_ws/build/cam_sim/build --no-deps symlink_data
[1.199s] running develop
[1.386s] running egg_info
[1.407s] writing cam_sim.egg-info/PKG-INFO
[1.407s] writing dependency_links to cam_sim.egg-info/dependency_links.txt
[1.407s] writing entry points to cam_sim.egg-info/entry_points.txt
[1.408s] writing requirements to cam_sim.egg-info/requires.txt
[1.408s] writing top-level names to cam_sim.egg-info/top_level.txt
[1.447s] reading manifest file 'cam_sim.egg-info/SOURCES.txt'
[1.447s] writing manifest file 'cam_sim.egg-info/SOURCES.txt'
[1.466s] running build_ext
[1.467s] Creating /home/ptrip/ros2_ws/install/cam_sim/lib/python3.12/site-packages/cam-sim.egg-link (link to .)
[1.468s] Installing sim1 script to /home/ptrip/ros2_ws/install/cam_sim/lib/cam_sim
[1.468s] Installing sim2 script to /home/ptrip/ros2_ws/install/cam_sim/lib/cam_sim
[1.468s] Installing sim3 script to /home/ptrip/ros2_ws/install/cam_sim/lib/cam_sim
[1.469s] Installing sim4 script to /home/ptrip/ros2_ws/install/cam_sim/lib/cam_sim
[1.469s] 
[1.470s] Installed /home/ptrip/ros2_ws/build/cam_sim
[1.470s] running symlink_data
[1.525s] Invoked command in '/home/ptrip/ros2_ws/build/cam_sim' returned '0': PYTHONPATH=/home/ptrip/ros2_ws/build/cam_sim/prefix_override:/usr/lib/python3/dist-packages/colcon_core/task/python/colcon_distutils_commands:/home/ptrip/ros2_ws/install/cam_sim/lib/python3.12/site-packages:${PYTHONPATH} /usr/bin/python3 -W ignore:setup.py install is deprecated -W ignore:easy_install command is deprecated setup.py develop --editable --build-directory /home/ptrip/ros2_ws/build/cam_sim/build --no-deps symlink_data
