[4.454s] Invoking command in '/home/ptrip/ros2_ws/build/cam_sim': PYTHONPATH=/home/ptrip/ros2_ws/build/cam_sim/prefix_override:/usr/lib/python3/dist-packages/colcon_core/task/python/colcon_distutils_commands:/home/ptrip/ros2_ws/install/cam_sim/lib/python3.12/site-packages:${PYTHONPATH} /usr/bin/python3 -W ignore:setup.py install is deprecated -W ignore:easy_install command is deprecated setup.py develop --editable --build-directory /home/ptrip/ros2_ws/build/cam_sim/build --no-deps symlink_data
[5.441s] running develop
[6.020s] running egg_info
[6.060s] writing cam_sim.egg-info/PKG-INFO
[6.061s] writing dependency_links to cam_sim.egg-info/dependency_links.txt
[6.063s] writing entry points to cam_sim.egg-info/entry_points.txt
[6.064s] writing requirements to cam_sim.egg-info/requires.txt
[6.065s] writing top-level names to cam_sim.egg-info/top_level.txt
[6.194s] reading manifest file 'cam_sim.egg-info/SOURCES.txt'
[6.196s] writing manifest file 'cam_sim.egg-info/SOURCES.txt'
[6.246s] running build_ext
[6.247s] Creating /home/ptrip/ros2_ws/install/cam_sim/lib/python3.12/site-packages/cam-sim.egg-link (link to .)
[6.249s] Installing sim1 script to /home/ptrip/ros2_ws/install/cam_sim/lib/cam_sim
[6.250s] Installing sim2 script to /home/ptrip/ros2_ws/install/cam_sim/lib/cam_sim
[6.251s] Installing sim3 script to /home/ptrip/ros2_ws/install/cam_sim/lib/cam_sim
[6.252s] Installing sim4 script to /home/ptrip/ros2_ws/install/cam_sim/lib/cam_sim
[6.253s] Installing sim5 script to /home/ptrip/ros2_ws/install/cam_sim/lib/cam_sim
[6.254s] 
[6.255s] Installed /home/ptrip/ros2_ws/build/cam_sim
[6.255s] running symlink_data
[6.380s] Invoked command in '/home/ptrip/ros2_ws/build/cam_sim' returned '0': PYTHONPATH=/home/ptrip/ros2_ws/build/cam_sim/prefix_override:/usr/lib/python3/dist-packages/colcon_core/task/python/colcon_distutils_commands:/home/ptrip/ros2_ws/install/cam_sim/lib/python3.12/site-packages:${PYTHONPATH} /usr/bin/python3 -W ignore:setup.py install is deprecated -W ignore:easy_install command is deprecated setup.py develop --editable --build-directory /home/ptrip/ros2_ws/build/cam_sim/build --no-deps symlink_data
