[1.018s] Invoking command in '/home/ptrip/ros2_ws/build/cam_sim': PYTHONPATH=/home/ptrip/ros2_ws/build/cam_sim/prefix_override:/usr/lib/python3/dist-packages/colcon_core/task/python/colcon_distutils_commands:/home/ptrip/ros2_ws/install/cam_sim/lib/python3.12/site-packages:${PYTHONPATH} /usr/bin/python3 -W ignore:setup.py install is deprecated -W ignore:easy_install command is deprecated setup.py develop --editable --build-directory /home/ptrip/ros2_ws/build/cam_sim/build --no-deps symlink_data
[1.366s] running develop
[1.594s] running egg_info
[1.616s] writing cam_sim.egg-info/PKG-INFO
[1.616s] writing dependency_links to cam_sim.egg-info/dependency_links.txt
[1.617s] writing entry points to cam_sim.egg-info/entry_points.txt
[1.618s] writing requirements to cam_sim.egg-info/requires.txt
[1.618s] writing top-level names to cam_sim.egg-info/top_level.txt
[1.660s] reading manifest file 'cam_sim.egg-info/SOURCES.txt'
[1.661s] writing manifest file 'cam_sim.egg-info/SOURCES.txt'
[1.683s] running build_ext
[1.683s] Creating /home/ptrip/ros2_ws/install/cam_sim/lib/python3.12/site-packages/cam-sim.egg-link (link to .)
[1.683s] Installing sim1 script to /home/ptrip/ros2_ws/install/cam_sim/lib/cam_sim
[1.684s] Installing sim2 script to /home/ptrip/ros2_ws/install/cam_sim/lib/cam_sim
[1.684s] Installing sim3 script to /home/ptrip/ros2_ws/install/cam_sim/lib/cam_sim
[1.684s] Installing sim4 script to /home/ptrip/ros2_ws/install/cam_sim/lib/cam_sim
[1.684s] Installing sim5 script to /home/ptrip/ros2_ws/install/cam_sim/lib/cam_sim
[1.685s] 
[1.685s] Installed /home/ptrip/ros2_ws/build/cam_sim
[1.685s] running symlink_data
[1.743s] Invoked command in '/home/ptrip/ros2_ws/build/cam_sim' returned '0': PYTHONPATH=/home/ptrip/ros2_ws/build/cam_sim/prefix_override:/usr/lib/python3/dist-packages/colcon_core/task/python/colcon_distutils_commands:/home/ptrip/ros2_ws/install/cam_sim/lib/python3.12/site-packages:${PYTHONPATH} /usr/bin/python3 -W ignore:setup.py install is deprecated -W ignore:easy_install command is deprecated setup.py develop --editable --build-directory /home/ptrip/ros2_ws/build/cam_sim/build --no-deps symlink_data
