[0.457s] DEBUG:colcon:Command line arguments: ['/usr/bin/colcon', 'build', '--symlink-install']
[0.459s] DEBUG:colcon:Parsed command line arguments: Namespace(log_base=None, log_level=None, verb_name='build', build_base='build', install_base='install', merge_install=False, symlink_install=True, test_result_base=None, continue_on_error=False, executor='parallel', parallel_workers=12, event_handlers=None, ignore_user_meta=False, metas=['./colcon.meta'], base_paths=['.'], packages_ignore=None, packages_ignore_regex=None, paths=None, packages_up_to=None, packages_up_to_regex=None, packages_above=None, packages_above_and_dependencies=None, packages_above_depth=None, packages_select_by_dep=None, packages_skip_by_dep=None, packages_skip_up_to=None, packages_select_build_failed=False, packages_skip_build_finished=False, packages_select_test_failures=False, packages_skip_test_passed=False, packages_select=None, packages_skip=None, packages_select_regex=None, packages_skip_regex=None, packages_start=None, packages_end=None, cmake_args=None, cmake_target=None, cmake_target_skip_unavailable=False, cmake_clean_cache=False, cmake_clean_first=False, cmake_force_configure=False, ament_cmake_args=None, catkin_cmake_args=None, catkin_skip_building_tests=False, verb_parser=<colcon_defaults.argument_parser.defaults.DefaultArgumentsDecorator object at 0x75bce3c127e0>, verb_extension=<colcon_core.verb.build.BuildVerb object at 0x75bce472f830>, main=<bound method BuildVerb.main of <colcon_core.verb.build.BuildVerb object at 0x75bce472f830>>)
[0.589s] Level 1:colcon.colcon_core.package_discovery:discover_packages(colcon_meta) check parameters
[0.589s] Level 1:colcon.colcon_core.package_discovery:discover_packages(recursive) check parameters
[0.589s] Level 1:colcon.colcon_core.package_discovery:discover_packages(ignore) check parameters
[0.589s] Level 1:colcon.colcon_core.package_discovery:discover_packages(path) check parameters
[0.589s] Level 1:colcon.colcon_core.package_discovery:discover_packages(colcon_meta) discover
[0.589s] Level 1:colcon.colcon_core.package_discovery:discover_packages(recursive) discover
[0.589s] INFO:colcon.colcon_core.package_discovery:Crawling recursively for packages in '/home/ptrip/ros2_ws'
[0.590s] Level 1:colcon.colcon_core.package_identification:_identify(.) by extensions ['ignore', 'ignore_ament_install']
[0.590s] Level 1:colcon.colcon_core.package_identification:_identify(.) by extension 'ignore'
[0.590s] Level 1:colcon.colcon_core.package_identification:_identify(.) by extension 'ignore_ament_install'
[0.590s] Level 1:colcon.colcon_core.package_identification:_identify(.) by extensions ['colcon_pkg']
[0.591s] Level 1:colcon.colcon_core.package_identification:_identify(.) by extension 'colcon_pkg'
[0.591s] Level 1:colcon.colcon_core.package_identification:_identify(.) by extensions ['colcon_meta']
[0.591s] Level 1:colcon.colcon_core.package_identification:_identify(.) by extension 'colcon_meta'
[0.591s] Level 1:colcon.colcon_core.package_identification:_identify(.) by extensions ['ros']
[0.591s] Level 1:colcon.colcon_core.package_identification:_identify(.) by extension 'ros'
[0.648s] Level 1:colcon.colcon_core.package_identification:_identify(.) by extensions ['cmake', 'python']
[0.648s] Level 1:colcon.colcon_core.package_identification:_identify(.) by extension 'cmake'
[0.648s] Level 1:colcon.colcon_core.package_identification:_identify(.) by extension 'python'
[0.648s] Level 1:colcon.colcon_core.package_identification:_identify(.) by extensions ['python_setup_py']
[0.648s] Level 1:colcon.colcon_core.package_identification:_identify(.) by extension 'python_setup_py'
[0.648s] Level 1:colcon.colcon_core.package_identification:_identify(build) by extensions ['ignore', 'ignore_ament_install']
[0.648s] Level 1:colcon.colcon_core.package_identification:_identify(build) by extension 'ignore'
[0.648s] Level 1:colcon.colcon_core.package_identification:_identify(build) ignored
[0.648s] Level 1:colcon.colcon_core.package_identification:_identify(install) by extensions ['ignore', 'ignore_ament_install']
[0.648s] Level 1:colcon.colcon_core.package_identification:_identify(install) by extension 'ignore'
[0.648s] Level 1:colcon.colcon_core.package_identification:_identify(install) ignored
[0.648s] Level 1:colcon.colcon_core.package_identification:_identify(log) by extensions ['ignore', 'ignore_ament_install']
[0.648s] Level 1:colcon.colcon_core.package_identification:_identify(log) by extension 'ignore'
[0.648s] Level 1:colcon.colcon_core.package_identification:_identify(log) ignored
[0.649s] Level 1:colcon.colcon_core.package_identification:_identify(src) by extensions ['ignore', 'ignore_ament_install']
[0.649s] Level 1:colcon.colcon_core.package_identification:_identify(src) by extension 'ignore'
[0.649s] Level 1:colcon.colcon_core.package_identification:_identify(src) by extension 'ignore_ament_install'
[0.649s] Level 1:colcon.colcon_core.package_identification:_identify(src) by extensions ['colcon_pkg']
[0.649s] Level 1:colcon.colcon_core.package_identification:_identify(src) by extension 'colcon_pkg'
[0.649s] Level 1:colcon.colcon_core.package_identification:_identify(src) by extensions ['colcon_meta']
[0.649s] Level 1:colcon.colcon_core.package_identification:_identify(src) by extension 'colcon_meta'
[0.649s] Level 1:colcon.colcon_core.package_identification:_identify(src) by extensions ['ros']
[0.649s] Level 1:colcon.colcon_core.package_identification:_identify(src) by extension 'ros'
[0.649s] Level 1:colcon.colcon_core.package_identification:_identify(src) by extensions ['cmake', 'python']
[0.649s] Level 1:colcon.colcon_core.package_identification:_identify(src) by extension 'cmake'
[0.649s] Level 1:colcon.colcon_core.package_identification:_identify(src) by extension 'python'
[0.649s] Level 1:colcon.colcon_core.package_identification:_identify(src) by extensions ['python_setup_py']
[0.649s] Level 1:colcon.colcon_core.package_identification:_identify(src) by extension 'python_setup_py'
[0.649s] Level 1:colcon.colcon_core.package_identification:_identify(src/cam_sim) by extensions ['ignore', 'ignore_ament_install']
[0.649s] Level 1:colcon.colcon_core.package_identification:_identify(src/cam_sim) by extension 'ignore'
[0.649s] Level 1:colcon.colcon_core.package_identification:_identify(src/cam_sim) by extension 'ignore_ament_install'
[0.649s] Level 1:colcon.colcon_core.package_identification:_identify(src/cam_sim) by extensions ['colcon_pkg']
[0.649s] Level 1:colcon.colcon_core.package_identification:_identify(src/cam_sim) by extension 'colcon_pkg'
[0.649s] Level 1:colcon.colcon_core.package_identification:_identify(src/cam_sim) by extensions ['colcon_meta']
[0.649s] Level 1:colcon.colcon_core.package_identification:_identify(src/cam_sim) by extension 'colcon_meta'
[0.649s] Level 1:colcon.colcon_core.package_identification:_identify(src/cam_sim) by extensions ['ros']
[0.649s] Level 1:colcon.colcon_core.package_identification:_identify(src/cam_sim) by extension 'ros'
[0.657s] DEBUG:colcon.colcon_core.package_identification:Package 'src/cam_sim' with type 'ros.ament_python' and name 'cam_sim'
[0.657s] Level 1:colcon.colcon_core.package_identification:_identify(src/tello_control) by extensions ['ignore', 'ignore_ament_install']
[0.658s] Level 1:colcon.colcon_core.package_identification:_identify(src/tello_control) by extension 'ignore'
[0.659s] Level 1:colcon.colcon_core.package_identification:_identify(src/tello_control) by extension 'ignore_ament_install'
[0.660s] Level 1:colcon.colcon_core.package_identification:_identify(src/tello_control) by extensions ['colcon_pkg']
[0.660s] Level 1:colcon.colcon_core.package_identification:_identify(src/tello_control) by extension 'colcon_pkg'
[0.660s] Level 1:colcon.colcon_core.package_identification:_identify(src/tello_control) by extensions ['colcon_meta']
[0.660s] Level 1:colcon.colcon_core.package_identification:_identify(src/tello_control) by extension 'colcon_meta'
[0.661s] Level 1:colcon.colcon_core.package_identification:_identify(src/tello_control) by extensions ['ros']
[0.661s] Level 1:colcon.colcon_core.package_identification:_identify(src/tello_control) by extension 'ros'
[0.662s] DEBUG:colcon.colcon_core.package_identification:Package 'src/tello_control' with type 'ros.ament_python' and name 'tello_control'
[0.662s] Level 1:colcon.colcon_core.package_discovery:discover_packages(recursive) using defaults
[0.662s] Level 1:colcon.colcon_core.package_discovery:discover_packages(ignore) discover
[0.662s] Level 1:colcon.colcon_core.package_discovery:discover_packages(ignore) using defaults
[0.662s] Level 1:colcon.colcon_core.package_discovery:discover_packages(path) discover
[0.662s] Level 1:colcon.colcon_core.package_discovery:discover_packages(path) using defaults
[0.711s] Level 5:colcon.colcon_core.verb:set package 'cam_sim' build argument 'cmake_args' from command line to 'None'
[0.712s] Level 5:colcon.colcon_core.verb:set package 'cam_sim' build argument 'cmake_target' from command line to 'None'
[0.712s] Level 5:colcon.colcon_core.verb:set package 'cam_sim' build argument 'cmake_target_skip_unavailable' from command line to 'False'
[0.712s] Level 5:colcon.colcon_core.verb:set package 'cam_sim' build argument 'cmake_clean_cache' from command line to 'False'
[0.712s] Level 5:colcon.colcon_core.verb:set package 'cam_sim' build argument 'cmake_clean_first' from command line to 'False'
[0.712s] Level 5:colcon.colcon_core.verb:set package 'cam_sim' build argument 'cmake_force_configure' from command line to 'False'
[0.712s] Level 5:colcon.colcon_core.verb:set package 'cam_sim' build argument 'ament_cmake_args' from command line to 'None'
[0.712s] Level 5:colcon.colcon_core.verb:set package 'cam_sim' build argument 'catkin_cmake_args' from command line to 'None'
[0.712s] Level 5:colcon.colcon_core.verb:set package 'cam_sim' build argument 'catkin_skip_building_tests' from command line to 'False'
[0.712s] DEBUG:colcon.colcon_core.verb:Building package 'cam_sim' with the following arguments: {'ament_cmake_args': None, 'build_base': '/home/ptrip/ros2_ws/build/cam_sim', 'catkin_cmake_args': None, 'catkin_skip_building_tests': False, 'cmake_args': None, 'cmake_clean_cache': False, 'cmake_clean_first': False, 'cmake_force_configure': False, 'cmake_target': None, 'cmake_target_skip_unavailable': False, 'install_base': '/home/ptrip/ros2_ws/install/cam_sim', 'merge_install': False, 'path': '/home/ptrip/ros2_ws/src/cam_sim', 'symlink_install': True, 'test_result_base': None}
[0.712s] Level 5:colcon.colcon_core.verb:set package 'tello_control' build argument 'cmake_args' from command line to 'None'
[0.712s] Level 5:colcon.colcon_core.verb:set package 'tello_control' build argument 'cmake_target' from command line to 'None'
[0.712s] Level 5:colcon.colcon_core.verb:set package 'tello_control' build argument 'cmake_target_skip_unavailable' from command line to 'False'
[0.712s] Level 5:colcon.colcon_core.verb:set package 'tello_control' build argument 'cmake_clean_cache' from command line to 'False'
[0.712s] Level 5:colcon.colcon_core.verb:set package 'tello_control' build argument 'cmake_clean_first' from command line to 'False'
[0.712s] Level 5:colcon.colcon_core.verb:set package 'tello_control' build argument 'cmake_force_configure' from command line to 'False'
[0.712s] Level 5:colcon.colcon_core.verb:set package 'tello_control' build argument 'ament_cmake_args' from command line to 'None'
[0.712s] Level 5:colcon.colcon_core.verb:set package 'tello_control' build argument 'catkin_cmake_args' from command line to 'None'
[0.712s] Level 5:colcon.colcon_core.verb:set package 'tello_control' build argument 'catkin_skip_building_tests' from command line to 'False'
[0.712s] DEBUG:colcon.colcon_core.verb:Building package 'tello_control' with the following arguments: {'ament_cmake_args': None, 'build_base': '/home/ptrip/ros2_ws/build/tello_control', 'catkin_cmake_args': None, 'catkin_skip_building_tests': False, 'cmake_args': None, 'cmake_clean_cache': False, 'cmake_clean_first': False, 'cmake_force_configure': False, 'cmake_target': None, 'cmake_target_skip_unavailable': False, 'install_base': '/home/ptrip/ros2_ws/install/tello_control', 'merge_install': False, 'path': '/home/ptrip/ros2_ws/src/tello_control', 'symlink_install': True, 'test_result_base': None}
[0.713s] INFO:colcon.colcon_core.executor:Executing jobs using 'parallel' executor
[0.715s] DEBUG:colcon.colcon_parallel_executor.executor.parallel:run_until_complete
[0.716s] INFO:colcon.colcon_ros.task.ament_python.build:Building ROS package in '/home/ptrip/ros2_ws/src/cam_sim' with build type 'ament_python'
[0.716s] Level 1:colcon.colcon_core.shell:create_environment_hook('cam_sim', 'ament_prefix_path')
[0.722s] INFO:colcon.colcon_core.plugin_system:Skipping extension 'colcon_core.shell.bat': Not used on non-Windows systems
[0.723s] INFO:colcon.colcon_core.shell:Creating environment descriptor '/home/ptrip/ros2_ws/install/cam_sim/share/cam_sim/hook/ament_prefix_path.dsv'
[0.725s] INFO:colcon.colcon_core.shell:Creating environment hook '/home/ptrip/ros2_ws/install/cam_sim/share/cam_sim/hook/ament_prefix_path.sh'
[0.726s] DEBUG:colcon.colcon_core.shell:Skip shell extension 'dsv' for command environment
[0.733s] INFO:colcon.colcon_ros.task.ament_python.build:Building ROS package in '/home/ptrip/ros2_ws/src/tello_control' with build type 'ament_python'
[0.734s] Level 1:colcon.colcon_core.shell:create_environment_hook('tello_control', 'ament_prefix_path')
[0.734s] INFO:colcon.colcon_core.shell:Creating environment descriptor '/home/ptrip/ros2_ws/install/tello_control/share/tello_control/hook/ament_prefix_path.dsv'
[0.736s] INFO:colcon.colcon_core.shell:Creating environment hook '/home/ptrip/ros2_ws/install/tello_control/share/tello_control/hook/ament_prefix_path.sh'
[0.737s] DEBUG:colcon.colcon_core.shell:Skip shell extension 'dsv' for command environment
[1.070s] INFO:colcon.colcon_core.task.python.build:Building Python package in '/home/ptrip/ros2_ws/src/cam_sim'
[1.070s] DEBUG:colcon.colcon_core.shell:Skip shell extension 'dsv' for command environment
[1.360s] INFO:colcon.colcon_core.task.python.build:Building Python package in '/home/ptrip/ros2_ws/src/tello_control'
[1.361s] DEBUG:colcon.colcon_core.shell:Skip shell extension 'dsv' for command environment
[2.391s] DEBUG:colcon.colcon_core.event_handler.log_command:Invoking command in '/home/ptrip/ros2_ws/build/tello_control': PYTHONPATH=/home/ptrip/ros2_ws/build/tello_control/prefix_override:/usr/lib/python3/dist-packages/colcon_core/task/python/colcon_distutils_commands:/home/ptrip/ros2_ws/install/tello_control/lib/python3.12/site-packages:${PYTHONPATH} /usr/bin/python3 -W ignore:setup.py install is deprecated -W ignore:easy_install command is deprecated setup.py develop --editable --build-directory /home/ptrip/ros2_ws/build/tello_control/build --no-deps symlink_data
[2.397s] DEBUG:colcon.colcon_core.event_handler.log_command:Invoking command in '/home/ptrip/ros2_ws/build/cam_sim': PYTHONPATH=/home/ptrip/ros2_ws/build/cam_sim/prefix_override:/usr/lib/python3/dist-packages/colcon_core/task/python/colcon_distutils_commands:/home/ptrip/ros2_ws/install/cam_sim/lib/python3.12/site-packages:${PYTHONPATH} /usr/bin/python3 -W ignore:setup.py install is deprecated -W ignore:easy_install command is deprecated setup.py develop --editable --build-directory /home/ptrip/ros2_ws/build/cam_sim/build --no-deps symlink_data
[3.208s] Level 1:colcon.colcon_core.shell:create_environment_hook('cam_sim', 'pythonpath_develop')
[3.209s] DEBUG:colcon.colcon_core.event_handler.log_command:Invoked command in '/home/ptrip/ros2_ws/build/cam_sim' returned '0': PYTHONPATH=/home/ptrip/ros2_ws/build/cam_sim/prefix_override:/usr/lib/python3/dist-packages/colcon_core/task/python/colcon_distutils_commands:/home/ptrip/ros2_ws/install/cam_sim/lib/python3.12/site-packages:${PYTHONPATH} /usr/bin/python3 -W ignore:setup.py install is deprecated -W ignore:easy_install command is deprecated setup.py develop --editable --build-directory /home/ptrip/ros2_ws/build/cam_sim/build --no-deps symlink_data
[3.210s] INFO:colcon.colcon_core.shell:Creating environment descriptor '/home/ptrip/ros2_ws/build/cam_sim/share/cam_sim/hook/pythonpath_develop.dsv'
[3.212s] INFO:colcon.colcon_core.shell:Creating environment hook '/home/ptrip/ros2_ws/build/cam_sim/share/cam_sim/hook/pythonpath_develop.sh'
[3.221s] Level 1:colcon.colcon_core.environment:checking '/home/ptrip/ros2_ws/install/cam_sim' for CMake module files
[3.222s] Level 1:colcon.colcon_core.environment:checking '/home/ptrip/ros2_ws/install/cam_sim' for CMake config files
[3.223s] Level 1:colcon.colcon_core.environment:checking '/home/ptrip/ros2_ws/install/cam_sim/lib'
[3.224s] Level 1:colcon.colcon_core.environment:checking '/home/ptrip/ros2_ws/install/cam_sim/bin'
[3.225s] Level 1:colcon.colcon_core.environment:checking '/home/ptrip/ros2_ws/install/cam_sim/lib/pkgconfig/cam_sim.pc'
[3.225s] Level 1:colcon.colcon_core.environment:checking '/home/ptrip/ros2_ws/install/cam_sim/lib/python3.12/site-packages'
[3.225s] Level 1:colcon.colcon_core.shell:create_environment_hook('cam_sim', 'pythonpath')
[3.225s] INFO:colcon.colcon_core.shell:Creating environment descriptor '/home/ptrip/ros2_ws/install/cam_sim/share/cam_sim/hook/pythonpath.dsv'
[3.226s] INFO:colcon.colcon_core.shell:Creating environment hook '/home/ptrip/ros2_ws/install/cam_sim/share/cam_sim/hook/pythonpath.sh'
[3.228s] Level 1:colcon.colcon_core.environment:checking '/home/ptrip/ros2_ws/install/cam_sim/bin'
[3.228s] Level 1:colcon.colcon_core.environment:create_environment_scripts_only(cam_sim)
[3.229s] INFO:colcon.colcon_core.shell:Creating package descriptor '/home/ptrip/ros2_ws/install/cam_sim/share/cam_sim/package.dsv'
[3.230s] INFO:colcon.colcon_core.shell:Creating package script '/home/ptrip/ros2_ws/install/cam_sim/share/cam_sim/package.sh'
[3.232s] INFO:colcon.colcon_core.shell:Creating package script '/home/ptrip/ros2_ws/install/cam_sim/share/cam_sim/package.bash'
[3.234s] INFO:colcon.colcon_core.shell:Creating package script '/home/ptrip/ros2_ws/install/cam_sim/share/cam_sim/package.zsh'
[3.237s] Level 1:colcon.colcon_core.environment:create_file_with_runtime_dependencies(/home/ptrip/ros2_ws/install/cam_sim/share/colcon-core/packages/cam_sim)
[3.250s] Level 1:colcon.colcon_core.shell:create_environment_hook('tello_control', 'pythonpath_develop')
[3.251s] INFO:colcon.colcon_core.shell:Creating environment descriptor '/home/ptrip/ros2_ws/build/tello_control/share/tello_control/hook/pythonpath_develop.dsv'
[3.251s] DEBUG:colcon.colcon_core.event_handler.log_command:Invoked command in '/home/ptrip/ros2_ws/build/tello_control' returned '0': PYTHONPATH=/home/ptrip/ros2_ws/build/tello_control/prefix_override:/usr/lib/python3/dist-packages/colcon_core/task/python/colcon_distutils_commands:/home/ptrip/ros2_ws/install/tello_control/lib/python3.12/site-packages:${PYTHONPATH} /usr/bin/python3 -W ignore:setup.py install is deprecated -W ignore:easy_install command is deprecated setup.py develop --editable --build-directory /home/ptrip/ros2_ws/build/tello_control/build --no-deps symlink_data
[3.253s] INFO:colcon.colcon_core.shell:Creating environment hook '/home/ptrip/ros2_ws/build/tello_control/share/tello_control/hook/pythonpath_develop.sh'
[3.255s] Level 1:colcon.colcon_core.environment:checking '/home/ptrip/ros2_ws/install/tello_control' for CMake module files
[3.255s] Level 1:colcon.colcon_core.environment:checking '/home/ptrip/ros2_ws/install/tello_control' for CMake config files
[3.256s] Level 1:colcon.colcon_core.environment:checking '/home/ptrip/ros2_ws/install/tello_control/lib'
[3.257s] Level 1:colcon.colcon_core.environment:checking '/home/ptrip/ros2_ws/install/tello_control/bin'
[3.257s] Level 1:colcon.colcon_core.environment:checking '/home/ptrip/ros2_ws/install/tello_control/lib/pkgconfig/tello_control.pc'
[3.257s] Level 1:colcon.colcon_core.environment:checking '/home/ptrip/ros2_ws/install/tello_control/lib/python3.12/site-packages'
[3.257s] Level 1:colcon.colcon_core.shell:create_environment_hook('tello_control', 'pythonpath')
[3.258s] INFO:colcon.colcon_core.shell:Creating environment descriptor '/home/ptrip/ros2_ws/install/tello_control/share/tello_control/hook/pythonpath.dsv'
[3.259s] INFO:colcon.colcon_core.shell:Creating environment hook '/home/ptrip/ros2_ws/install/tello_control/share/tello_control/hook/pythonpath.sh'
[3.260s] Level 1:colcon.colcon_core.environment:checking '/home/ptrip/ros2_ws/install/tello_control/bin'
[3.260s] Level 1:colcon.colcon_core.environment:create_environment_scripts_only(tello_control)
[3.261s] INFO:colcon.colcon_core.shell:Creating package descriptor '/home/ptrip/ros2_ws/install/tello_control/share/tello_control/package.dsv'
[3.261s] INFO:colcon.colcon_core.shell:Creating package script '/home/ptrip/ros2_ws/install/tello_control/share/tello_control/package.sh'
[3.262s] INFO:colcon.colcon_core.shell:Creating package script '/home/ptrip/ros2_ws/install/tello_control/share/tello_control/package.bash'
[3.262s] INFO:colcon.colcon_core.shell:Creating package script '/home/ptrip/ros2_ws/install/tello_control/share/tello_control/package.zsh'
[3.263s] Level 1:colcon.colcon_core.environment:create_file_with_runtime_dependencies(/home/ptrip/ros2_ws/install/tello_control/share/colcon-core/packages/tello_control)
[3.264s] DEBUG:colcon.colcon_parallel_executor.executor.parallel:closing loop
[3.266s] DEBUG:colcon.colcon_parallel_executor.executor.parallel:loop closed
[3.266s] DEBUG:colcon.colcon_parallel_executor.executor.parallel:run_until_complete finished with '0'
[3.267s] DEBUG:colcon.colcon_core.event_reactor:joining thread
[3.308s] INFO:colcon.colcon_core.plugin_system:Skipping extension 'colcon_notification.desktop_notification.notify_send': Could not find 'notify-send'
[3.308s] INFO:colcon.colcon_core.plugin_system:Skipping extension 'colcon_notification.desktop_notification.terminal_notifier': Not used on non-Darwin systems
[3.308s] INFO:colcon.colcon_core.plugin_system:Skipping extension 'colcon_notification.desktop_notification.win32': Not used on non-Windows systems
[3.309s] INFO:colcon.colcon_notification.desktop_notification:Sending desktop notification using 'notify2'
[3.326s] DEBUG:colcon.colcon_notification.desktop_notification.notify2:Failed to initialize notify2: org.freedesktop.DBus.Error.ServiceUnknown: The name org.freedesktop.Notifications was not provided by any .service files
[3.327s] DEBUG:colcon.colcon_core.event_reactor:joined thread
[3.327s] INFO:colcon.colcon_core.shell:Creating prefix script '/home/ptrip/ros2_ws/install/local_setup.sh'
[3.328s] INFO:colcon.colcon_core.shell:Creating prefix util module '/home/ptrip/ros2_ws/install/_local_setup_util_sh.py'
[3.330s] INFO:colcon.colcon_core.shell:Creating prefix chain script '/home/ptrip/ros2_ws/install/setup.sh'
[3.331s] INFO:colcon.colcon_core.shell:Creating prefix script '/home/ptrip/ros2_ws/install/local_setup.bash'
[3.332s] INFO:colcon.colcon_core.shell:Creating prefix chain script '/home/ptrip/ros2_ws/install/setup.bash'
[3.334s] INFO:colcon.colcon_core.shell:Creating prefix script '/home/ptrip/ros2_ws/install/local_setup.zsh'
[3.335s] INFO:colcon.colcon_core.shell:Creating prefix chain script '/home/ptrip/ros2_ws/install/setup.zsh'
