[3.554s] Invoking command in '/home/ptrip/ros2_ws/build/tello_control': PYTHONPATH=/home/ptrip/ros2_ws/build/tello_control/prefix_override:/usr/lib/python3/dist-packages/colcon_core/task/python/colcon_distutils_commands:/home/ptrip/ros2_ws/install/tello_control/lib/python3.12/site-packages:${PYTHONPATH} /usr/bin/python3 -W ignore:setup.py install is deprecated -W ignore:easy_install command is deprecated setup.py develop --editable --build-directory /home/ptrip/ros2_ws/build/tello_control/build --no-deps symlink_data
[4.394s] running develop
[4.868s] running egg_info
[4.924s] writing tello_control.egg-info/PKG-INFO
[4.925s] writing dependency_links to tello_control.egg-info/dependency_links.txt
[4.926s] writing entry points to tello_control.egg-info/entry_points.txt
[4.926s] writing requirements to tello_control.egg-info/requires.txt
[4.927s] writing top-level names to tello_control.egg-info/top_level.txt
[5.026s] reading manifest file 'tello_control.egg-info/SOURCES.txt'
[5.027s] writing manifest file 'tello_control.egg-info/SOURCES.txt'
[5.082s] running build_ext
[5.083s] Creating /home/ptrip/ros2_ws/install/tello_control/lib/python3.12/site-packages/tello-control.egg-link (link to .)
[5.084s] Installing command script to /home/ptrip/ros2_ws/install/tello_control/lib/tello_control
[5.085s] Installing control script to /home/ptrip/ros2_ws/install/tello_control/lib/tello_control
[5.096s] Installing test script to /home/ptrip/ros2_ws/install/tello_control/lib/tello_control
[5.103s] Installing video script to /home/ptrip/ros2_ws/install/tello_control/lib/tello_control
[5.103s] 
[5.103s] Installed /home/ptrip/ros2_ws/build/tello_control
[5.104s] running symlink_data
[5.244s] Invoked command in '/home/ptrip/ros2_ws/build/tello_control' returned '0': PYTHONPATH=/home/ptrip/ros2_ws/build/tello_control/prefix_override:/usr/lib/python3/dist-packages/colcon_core/task/python/colcon_distutils_commands:/home/ptrip/ros2_ws/install/tello_control/lib/python3.12/site-packages:${PYTHONPATH} /usr/bin/python3 -W ignore:setup.py install is deprecated -W ignore:easy_install command is deprecated setup.py develop --editable --build-directory /home/ptrip/ros2_ws/build/tello_control/build --no-deps symlink_data
