[3.607s] Invoking command in '/home/ptrip/ros2_ws/build/tello_control': PYTHONPATH=/home/ptrip/ros2_ws/build/tello_control/prefix_override:/usr/lib/python3/dist-packages/colcon_core/task/python/colcon_distutils_commands:/home/ptrip/ros2_ws/install/tello_control/lib/python3.12/site-packages:${PYTHONPATH} /usr/bin/python3 -W ignore:setup.py install is deprecated -W ignore:easy_install command is deprecated setup.py develop --editable --build-directory /home/ptrip/ros2_ws/build/tello_control/build --no-deps symlink_data
[4.416s] running develop
[4.898s] running egg_info
[4.944s] writing tello_control.egg-info/PKG-INFO
[4.944s] writing dependency_links to tello_control.egg-info/dependency_links.txt
[4.945s] writing entry points to tello_control.egg-info/entry_points.txt
[4.946s] writing requirements to tello_control.egg-info/requires.txt
[4.946s] writing top-level names to tello_control.egg-info/top_level.txt
[5.028s] reading manifest file 'tello_control.egg-info/SOURCES.txt'
[5.031s] writing manifest file 'tello_control.egg-info/SOURCES.txt'
[5.073s] running build_ext
[5.074s] Creating /home/ptrip/ros2_ws/install/tello_control/lib/python3.12/site-packages/tello-control.egg-link (link to .)
[5.075s] Installing command script to /home/ptrip/ros2_ws/install/tello_control/lib/tello_control
[5.079s] Installing control script to /home/ptrip/ros2_ws/install/tello_control/lib/tello_control
[5.080s] Installing test script to /home/ptrip/ros2_ws/install/tello_control/lib/tello_control
[5.080s] Installing video script to /home/ptrip/ros2_ws/install/tello_control/lib/tello_control
[5.082s] 
[5.082s] Installed /home/ptrip/ros2_ws/build/tello_control
[5.082s] running symlink_data
[5.208s] Invoked command in '/home/ptrip/ros2_ws/build/tello_control' returned '0': PYTHONPATH=/home/ptrip/ros2_ws/build/tello_control/prefix_override:/usr/lib/python3/dist-packages/colcon_core/task/python/colcon_distutils_commands:/home/ptrip/ros2_ws/install/tello_control/lib/python3.12/site-packages:${PYTHONPATH} /usr/bin/python3 -W ignore:setup.py install is deprecated -W ignore:easy_install command is deprecated setup.py develop --editable --build-directory /home/ptrip/ros2_ws/build/tello_control/build --no-deps symlink_data
