[0.394s] DEBUG:colcon:Command line arguments: ['/usr/bin/colcon', 'build', '--symlink-install']
[0.394s] DEBUG:colcon:Parsed command line arguments: Namespace(log_base=None, log_level=None, verb_name='build', build_base='build', install_base='install', merge_install=False, symlink_install=True, test_result_base=None, continue_on_error=False, executor='parallel', parallel_workers=12, event_handlers=None, ignore_user_meta=False, metas=['./colcon.meta'], base_paths=['.'], packages_ignore=None, packages_ignore_regex=None, paths=None, packages_up_to=None, packages_up_to_regex=None, packages_above=None, packages_above_and_dependencies=None, packages_above_depth=None, packages_select_by_dep=None, packages_skip_by_dep=None, packages_skip_up_to=None, packages_select_build_failed=False, packages_skip_build_finished=False, packages_select_test_failures=False, packages_skip_test_passed=False, packages_select=None, packages_skip=None, packages_select_regex=None, packages_skip_regex=None, packages_start=None, packages_end=None, cmake_args=None, cmake_target=None, cmake_target_skip_unavailable=False, cmake_clean_cache=False, cmake_clean_first=False, cmake_force_configure=False, ament_cmake_args=None, catkin_cmake_args=None, catkin_skip_building_tests=False, verb_parser=<colcon_defaults.argument_parser.defaults.DefaultArgumentsDecorator object at 0x7a3c9c411dc0>, verb_extension=<colcon_core.verb.build.BuildVerb object at 0x7a3c9c411a00>, main=<bound method BuildVerb.main of <colcon_core.verb.build.BuildVerb object at 0x7a3c9c411a00>>)
[0.531s] Level 1:colcon.colcon_core.package_discovery:discover_packages(colcon_meta) check parameters
[0.532s] Level 1:colcon.colcon_core.package_discovery:discover_packages(recursive) check parameters
[0.532s] Level 1:colcon.colcon_core.package_discovery:discover_packages(ignore) check parameters
[0.532s] Level 1:colcon.colcon_core.package_discovery:discover_packages(path) check parameters
[0.532s] Level 1:colcon.colcon_core.package_discovery:discover_packages(colcon_meta) discover
[0.532s] Level 1:colcon.colcon_core.package_discovery:discover_packages(recursive) discover
[0.533s] INFO:colcon.colcon_core.package_discovery:Crawling recursively for packages in '/home/ptrip/ros2_ws/src/cam_sim'
[0.533s] Level 1:colcon.colcon_core.package_identification:_identify(.) by extensions ['ignore', 'ignore_ament_install']
[0.533s] Level 1:colcon.colcon_core.package_identification:_identify(.) by extension 'ignore'
[0.534s] Level 1:colcon.colcon_core.package_identification:_identify(.) by extension 'ignore_ament_install'
[0.534s] Level 1:colcon.colcon_core.package_identification:_identify(.) by extensions ['colcon_pkg']
[0.534s] Level 1:colcon.colcon_core.package_identification:_identify(.) by extension 'colcon_pkg'
[0.534s] Level 1:colcon.colcon_core.package_identification:_identify(.) by extensions ['colcon_meta']
[0.534s] Level 1:colcon.colcon_core.package_identification:_identify(.) by extension 'colcon_meta'
[0.535s] Level 1:colcon.colcon_core.package_identification:_identify(.) by extensions ['ros']
[0.535s] Level 1:colcon.colcon_core.package_identification:_identify(.) by extension 'ros'
[0.620s] DEBUG:colcon.colcon_core.package_identification:Package '.' with type 'ros.ament_python' and name 'cam_sim'
[0.620s] Level 1:colcon.colcon_core.package_discovery:discover_packages(recursive) using defaults
[0.620s] Level 1:colcon.colcon_core.package_discovery:discover_packages(ignore) discover
[0.620s] Level 1:colcon.colcon_core.package_discovery:discover_packages(ignore) using defaults
[0.620s] Level 1:colcon.colcon_core.package_discovery:discover_packages(path) discover
[0.620s] Level 1:colcon.colcon_core.package_discovery:discover_packages(path) using defaults
[0.676s] Level 5:colcon.colcon_core.verb:set package 'cam_sim' build argument 'cmake_args' from command line to 'None'
[0.676s] Level 5:colcon.colcon_core.verb:set package 'cam_sim' build argument 'cmake_target' from command line to 'None'
[0.677s] Level 5:colcon.colcon_core.verb:set package 'cam_sim' build argument 'cmake_target_skip_unavailable' from command line to 'False'
[0.677s] Level 5:colcon.colcon_core.verb:set package 'cam_sim' build argument 'cmake_clean_cache' from command line to 'False'
[0.677s] Level 5:colcon.colcon_core.verb:set package 'cam_sim' build argument 'cmake_clean_first' from command line to 'False'
[0.677s] Level 5:colcon.colcon_core.verb:set package 'cam_sim' build argument 'cmake_force_configure' from command line to 'False'
[0.677s] Level 5:colcon.colcon_core.verb:set package 'cam_sim' build argument 'ament_cmake_args' from command line to 'None'
[0.677s] Level 5:colcon.colcon_core.verb:set package 'cam_sim' build argument 'catkin_cmake_args' from command line to 'None'
[0.677s] Level 5:colcon.colcon_core.verb:set package 'cam_sim' build argument 'catkin_skip_building_tests' from command line to 'False'
[0.677s] DEBUG:colcon.colcon_core.verb:Building package 'cam_sim' with the following arguments: {'ament_cmake_args': None, 'build_base': '/home/ptrip/ros2_ws/src/cam_sim/build/cam_sim', 'catkin_cmake_args': None, 'catkin_skip_building_tests': False, 'cmake_args': None, 'cmake_clean_cache': False, 'cmake_clean_first': False, 'cmake_force_configure': False, 'cmake_target': None, 'cmake_target_skip_unavailable': False, 'install_base': '/home/ptrip/ros2_ws/src/cam_sim/install/cam_sim', 'merge_install': False, 'path': '/home/ptrip/ros2_ws/src/cam_sim', 'symlink_install': True, 'test_result_base': None}
[0.677s] INFO:colcon.colcon_core.executor:Executing jobs using 'parallel' executor
[0.680s] DEBUG:colcon.colcon_parallel_executor.executor.parallel:run_until_complete
[0.681s] INFO:colcon.colcon_ros.task.ament_python.build:Building ROS package in '/home/ptrip/ros2_ws/src/cam_sim' with build type 'ament_python'
[0.681s] Level 1:colcon.colcon_core.shell:create_environment_hook('cam_sim', 'ament_prefix_path')
[0.688s] INFO:colcon.colcon_core.plugin_system:Skipping extension 'colcon_core.shell.bat': Not used on non-Windows systems
[0.689s] INFO:colcon.colcon_core.shell:Creating environment descriptor '/home/ptrip/ros2_ws/src/cam_sim/install/cam_sim/share/cam_sim/hook/ament_prefix_path.dsv'
[0.693s] INFO:colcon.colcon_core.shell:Creating environment hook '/home/ptrip/ros2_ws/src/cam_sim/install/cam_sim/share/cam_sim/hook/ament_prefix_path.sh'
[0.697s] DEBUG:colcon.colcon_core.shell:Skip shell extension 'dsv' for command environment
[1.462s] INFO:colcon.colcon_core.task.python.build:Building Python package in '/home/ptrip/ros2_ws/src/cam_sim'
[1.463s] DEBUG:colcon.colcon_core.shell:Skip shell extension 'dsv' for command environment
[3.651s] DEBUG:colcon.colcon_core.event_handler.log_command:Invoking command in '/home/ptrip/ros2_ws/src/cam_sim/build/cam_sim': PYTHONPATH=/home/ptrip/ros2_ws/src/cam_sim/build/cam_sim/prefix_override:/usr/lib/python3/dist-packages/colcon_core/task/python/colcon_distutils_commands:/home/ptrip/ros2_ws/src/cam_sim/install/cam_sim/lib/python3.12/site-packages:${PYTHONPATH} /usr/bin/python3 -W ignore:setup.py install is deprecated -W ignore:easy_install command is deprecated setup.py develop --editable --build-directory /home/ptrip/ros2_ws/src/cam_sim/build/cam_sim/build --no-deps symlink_data
[5.470s] Level 1:colcon.colcon_core.shell:create_environment_hook('cam_sim', 'pythonpath_develop')
[5.471s] INFO:colcon.colcon_core.shell:Creating environment descriptor '/home/ptrip/ros2_ws/src/cam_sim/build/cam_sim/share/cam_sim/hook/pythonpath_develop.dsv'
[5.472s] DEBUG:colcon.colcon_core.event_handler.log_command:Invoked command in '/home/ptrip/ros2_ws/src/cam_sim/build/cam_sim' returned '0': PYTHONPATH=/home/ptrip/ros2_ws/src/cam_sim/build/cam_sim/prefix_override:/usr/lib/python3/dist-packages/colcon_core/task/python/colcon_distutils_commands:/home/ptrip/ros2_ws/src/cam_sim/install/cam_sim/lib/python3.12/site-packages:${PYTHONPATH} /usr/bin/python3 -W ignore:setup.py install is deprecated -W ignore:easy_install command is deprecated setup.py develop --editable --build-directory /home/ptrip/ros2_ws/src/cam_sim/build/cam_sim/build --no-deps symlink_data
[5.473s] INFO:colcon.colcon_core.shell:Creating environment hook '/home/ptrip/ros2_ws/src/cam_sim/build/cam_sim/share/cam_sim/hook/pythonpath_develop.sh'
[5.483s] Level 1:colcon.colcon_core.environment:checking '/home/ptrip/ros2_ws/src/cam_sim/install/cam_sim' for CMake module files
[5.487s] Level 1:colcon.colcon_core.environment:checking '/home/ptrip/ros2_ws/src/cam_sim/install/cam_sim' for CMake config files
[5.489s] Level 1:colcon.colcon_core.environment:checking '/home/ptrip/ros2_ws/src/cam_sim/install/cam_sim/lib'
[5.490s] Level 1:colcon.colcon_core.environment:checking '/home/ptrip/ros2_ws/src/cam_sim/install/cam_sim/bin'
[5.490s] Level 1:colcon.colcon_core.environment:checking '/home/ptrip/ros2_ws/src/cam_sim/install/cam_sim/lib/pkgconfig/cam_sim.pc'
[5.492s] Level 1:colcon.colcon_core.environment:checking '/home/ptrip/ros2_ws/src/cam_sim/install/cam_sim/lib/python3.12/site-packages'
[5.492s] Level 1:colcon.colcon_core.shell:create_environment_hook('cam_sim', 'pythonpath')
[5.493s] INFO:colcon.colcon_core.shell:Creating environment descriptor '/home/ptrip/ros2_ws/src/cam_sim/install/cam_sim/share/cam_sim/hook/pythonpath.dsv'
[5.494s] INFO:colcon.colcon_core.shell:Creating environment hook '/home/ptrip/ros2_ws/src/cam_sim/install/cam_sim/share/cam_sim/hook/pythonpath.sh'
[5.496s] Level 1:colcon.colcon_core.environment:checking '/home/ptrip/ros2_ws/src/cam_sim/install/cam_sim/bin'
[5.496s] Level 1:colcon.colcon_core.environment:create_environment_scripts_only(cam_sim)
[5.497s] INFO:colcon.colcon_core.shell:Creating package descriptor '/home/ptrip/ros2_ws/src/cam_sim/install/cam_sim/share/cam_sim/package.dsv'
[5.498s] INFO:colcon.colcon_core.shell:Creating package script '/home/ptrip/ros2_ws/src/cam_sim/install/cam_sim/share/cam_sim/package.sh'
[5.499s] INFO:colcon.colcon_core.shell:Creating package script '/home/ptrip/ros2_ws/src/cam_sim/install/cam_sim/share/cam_sim/package.bash'
[5.502s] INFO:colcon.colcon_core.shell:Creating package script '/home/ptrip/ros2_ws/src/cam_sim/install/cam_sim/share/cam_sim/package.zsh'
[5.503s] Level 1:colcon.colcon_core.environment:create_file_with_runtime_dependencies(/home/ptrip/ros2_ws/src/cam_sim/install/cam_sim/share/colcon-core/packages/cam_sim)
[5.504s] DEBUG:colcon.colcon_parallel_executor.executor.parallel:closing loop
[5.506s] DEBUG:colcon.colcon_parallel_executor.executor.parallel:loop closed
[5.507s] DEBUG:colcon.colcon_parallel_executor.executor.parallel:run_until_complete finished with '0'
[5.507s] DEBUG:colcon.colcon_core.event_reactor:joining thread
[5.558s] INFO:colcon.colcon_core.plugin_system:Skipping extension 'colcon_notification.desktop_notification.notify_send': Could not find 'notify-send'
[5.559s] INFO:colcon.colcon_core.plugin_system:Skipping extension 'colcon_notification.desktop_notification.terminal_notifier': Not used on non-Darwin systems
[5.559s] INFO:colcon.colcon_core.plugin_system:Skipping extension 'colcon_notification.desktop_notification.win32': Not used on non-Windows systems
[5.559s] INFO:colcon.colcon_notification.desktop_notification:Sending desktop notification using 'notify2'
[5.562s] DEBUG:colcon.colcon_notification.desktop_notification.notify2:Failed to initialize notify2: org.freedesktop.DBus.Error.ServiceUnknown: The name org.freedesktop.Notifications was not provided by any .service files
[5.563s] DEBUG:colcon.colcon_core.event_reactor:joined thread
[5.572s] INFO:colcon.colcon_core.shell:Creating prefix script '/home/ptrip/ros2_ws/src/cam_sim/install/local_setup.sh'
[5.574s] INFO:colcon.colcon_core.shell:Creating prefix util module '/home/ptrip/ros2_ws/src/cam_sim/install/_local_setup_util_sh.py'
[5.578s] INFO:colcon.colcon_core.shell:Creating prefix chain script '/home/ptrip/ros2_ws/src/cam_sim/install/setup.sh'
[5.580s] INFO:colcon.colcon_core.shell:Creating prefix script '/home/ptrip/ros2_ws/src/cam_sim/install/local_setup.bash'
[5.581s] INFO:colcon.colcon_core.shell:Creating prefix chain script '/home/ptrip/ros2_ws/src/cam_sim/install/setup.bash'
[5.585s] INFO:colcon.colcon_core.shell:Creating prefix script '/home/ptrip/ros2_ws/src/cam_sim/install/local_setup.zsh'
[5.590s] INFO:colcon.colcon_core.shell:Creating prefix chain script '/home/ptrip/ros2_ws/src/cam_sim/install/setup.zsh'
