[1.236s] Invoking command in '/home/ptrip/ros2_ws/build/cam_sim': PYTHONPATH=/home/ptrip/ros2_ws/build/cam_sim/prefix_override:/usr/lib/python3/dist-packages/colcon_core/task/python/colcon_distutils_commands:/home/ptrip/ros2_ws/install/cam_sim/lib/python3.12/site-packages:${PYTHONPATH} /usr/bin/python3 -W ignore:setup.py install is deprecated -W ignore:easy_install command is deprecated setup.py develop --editable --build-directory /home/ptrip/ros2_ws/build/cam_sim/build --no-deps symlink_data
[1.647s] running develop
[1.925s] running egg_info
[1.948s] writing cam_sim.egg-info/PKG-INFO
[1.949s] writing dependency_links to cam_sim.egg-info/dependency_links.txt
[1.950s] writing entry points to cam_sim.egg-info/entry_points.txt
[1.951s] writing requirements to cam_sim.egg-info/requires.txt
[1.951s] writing top-level names to cam_sim.egg-info/top_level.txt
[2.006s] reading manifest file 'cam_sim.egg-info/SOURCES.txt'
[2.007s] writing manifest file 'cam_sim.egg-info/SOURCES.txt'
[2.034s] running build_ext
[2.034s] Creating /home/ptrip/ros2_ws/install/cam_sim/lib/python3.12/site-packages/cam-sim.egg-link (link to .)
[2.036s] Installing sim1 script to /home/ptrip/ros2_ws/install/cam_sim/lib/cam_sim
[2.036s] Installing sim2 script to /home/ptrip/ros2_ws/install/cam_sim/lib/cam_sim
[2.037s] Installing sim3 script to /home/ptrip/ros2_ws/install/cam_sim/lib/cam_sim
[2.038s] Installing sim4 script to /home/ptrip/ros2_ws/install/cam_sim/lib/cam_sim
[2.038s] Installing sim5 script to /home/ptrip/ros2_ws/install/cam_sim/lib/cam_sim
[2.039s] 
[2.039s] Installed /home/ptrip/ros2_ws/build/cam_sim
[2.039s] running symlink_data
[2.135s] Invoked command in '/home/ptrip/ros2_ws/build/cam_sim' returned '0': PYTHONPATH=/home/ptrip/ros2_ws/build/cam_sim/prefix_override:/usr/lib/python3/dist-packages/colcon_core/task/python/colcon_distutils_commands:/home/ptrip/ros2_ws/install/cam_sim/lib/python3.12/site-packages:${PYTHONPATH} /usr/bin/python3 -W ignore:setup.py install is deprecated -W ignore:easy_install command is deprecated setup.py develop --editable --build-directory /home/ptrip/ros2_ws/build/cam_sim/build --no-deps symlink_data
