[0.408s] DEBUG:colcon:Command line arguments: ['/usr/bin/colcon', 'build', '--symlink-install']
[0.408s] DEBUG:colcon:Parsed command line arguments: Namespace(log_base=None, log_level=None, verb_name='build', build_base='build', install_base='install', merge_install=False, symlink_install=True, test_result_base=None, continue_on_error=False, executor='parallel', parallel_workers=12, event_handlers=None, ignore_user_meta=False, metas=['./colcon.meta'], base_paths=['.'], packages_ignore=None, packages_ignore_regex=None, paths=None, packages_up_to=None, packages_up_to_regex=None, packages_above=None, packages_above_and_dependencies=None, packages_above_depth=None, packages_select_by_dep=None, packages_skip_by_dep=None, packages_skip_up_to=None, packages_select_build_failed=False, packages_skip_build_finished=False, packages_select_test_failures=False, packages_skip_test_passed=False, packages_select=None, packages_skip=None, packages_select_regex=None, packages_skip_regex=None, packages_start=None, packages_end=None, cmake_args=None, cmake_target=None, cmake_target_skip_unavailable=False, cmake_clean_cache=False, cmake_clean_first=False, cmake_force_configure=False, ament_cmake_args=None, catkin_cmake_args=None, catkin_skip_building_tests=False, verb_parser=<colcon_defaults.argument_parser.defaults.DefaultArgumentsDecorator object at 0x7532dee15e20>, verb_extension=<colcon_core.verb.build.BuildVerb object at 0x7532dee15940>, main=<bound method BuildVerb.main of <colcon_core.verb.build.BuildVerb object at 0x7532dee15940>>)
[0.543s] Level 1:colcon.colcon_core.package_discovery:discover_packages(colcon_meta) check parameters
[0.543s] Level 1:colcon.colcon_core.package_discovery:discover_packages(recursive) check parameters
[0.543s] Level 1:colcon.colcon_core.package_discovery:discover_packages(ignore) check parameters
[0.543s] Level 1:colcon.colcon_core.package_discovery:discover_packages(path) check parameters
[0.543s] Level 1:colcon.colcon_core.package_discovery:discover_packages(colcon_meta) discover
[0.543s] Level 1:colcon.colcon_core.package_discovery:discover_packages(recursive) discover
[0.543s] INFO:colcon.colcon_core.package_discovery:Crawling recursively for packages in '/home/ptrip/ros2_ws'
[0.544s] Level 1:colcon.colcon_core.package_identification:_identify(.) by extensions ['ignore', 'ignore_ament_install']
[0.544s] Level 1:colcon.colcon_core.package_identification:_identify(.) by extension 'ignore'
[0.544s] Level 1:colcon.colcon_core.package_identification:_identify(.) by extension 'ignore_ament_install'
[0.544s] Level 1:colcon.colcon_core.package_identification:_identify(.) by extensions ['colcon_pkg']
[0.544s] Level 1:colcon.colcon_core.package_identification:_identify(.) by extension 'colcon_pkg'
[0.545s] Level 1:colcon.colcon_core.package_identification:_identify(.) by extensions ['colcon_meta']
[0.545s] Level 1:colcon.colcon_core.package_identification:_identify(.) by extension 'colcon_meta'
[0.545s] Level 1:colcon.colcon_core.package_identification:_identify(.) by extensions ['ros']
[0.545s] Level 1:colcon.colcon_core.package_identification:_identify(.) by extension 'ros'
[0.627s] Level 1:colcon.colcon_core.package_identification:_identify(.) by extensions ['cmake', 'python']
[0.627s] Level 1:colcon.colcon_core.package_identification:_identify(.) by extension 'cmake'
[0.627s] Level 1:colcon.colcon_core.package_identification:_identify(.) by extension 'python'
[0.627s] Level 1:colcon.colcon_core.package_identification:_identify(.) by extensions ['python_setup_py']
[0.628s] Level 1:colcon.colcon_core.package_identification:_identify(.) by extension 'python_setup_py'
[0.628s] Level 1:colcon.colcon_core.package_identification:_identify(build) by extensions ['ignore', 'ignore_ament_install']
[0.628s] Level 1:colcon.colcon_core.package_identification:_identify(build) by extension 'ignore'
[0.628s] Level 1:colcon.colcon_core.package_identification:_identify(build) ignored
[0.629s] Level 1:colcon.colcon_core.package_identification:_identify(install) by extensions ['ignore', 'ignore_ament_install']
[0.629s] Level 1:colcon.colcon_core.package_identification:_identify(install) by extension 'ignore'
[0.629s] Level 1:colcon.colcon_core.package_identification:_identify(install) ignored
[0.632s] Level 1:colcon.colcon_core.package_identification:_identify(log) by extensions ['ignore', 'ignore_ament_install']
[0.633s] Level 1:colcon.colcon_core.package_identification:_identify(log) by extension 'ignore'
[0.633s] Level 1:colcon.colcon_core.package_identification:_identify(log) ignored
[0.633s] Level 1:colcon.colcon_core.package_identification:_identify(src) by extensions ['ignore', 'ignore_ament_install']
[0.634s] Level 1:colcon.colcon_core.package_identification:_identify(src) by extension 'ignore'
[0.634s] Level 1:colcon.colcon_core.package_identification:_identify(src) by extension 'ignore_ament_install'
[0.634s] Level 1:colcon.colcon_core.package_identification:_identify(src) by extensions ['colcon_pkg']
[0.634s] Level 1:colcon.colcon_core.package_identification:_identify(src) by extension 'colcon_pkg'
[0.634s] Level 1:colcon.colcon_core.package_identification:_identify(src) by extensions ['colcon_meta']
[0.634s] Level 1:colcon.colcon_core.package_identification:_identify(src) by extension 'colcon_meta'
[0.634s] Level 1:colcon.colcon_core.package_identification:_identify(src) by extensions ['ros']
[0.634s] Level 1:colcon.colcon_core.package_identification:_identify(src) by extension 'ros'
[0.634s] Level 1:colcon.colcon_core.package_identification:_identify(src) by extensions ['cmake', 'python']
[0.635s] Level 1:colcon.colcon_core.package_identification:_identify(src) by extension 'cmake'
[0.635s] Level 1:colcon.colcon_core.package_identification:_identify(src) by extension 'python'
[0.635s] Level 1:colcon.colcon_core.package_identification:_identify(src) by extensions ['python_setup_py']
[0.635s] Level 1:colcon.colcon_core.package_identification:_identify(src) by extension 'python_setup_py'
[0.635s] Level 1:colcon.colcon_core.package_identification:_identify(src/cam_sim) by extensions ['ignore', 'ignore_ament_install']
[0.636s] Level 1:colcon.colcon_core.package_identification:_identify(src/cam_sim) by extension 'ignore'
[0.637s] Level 1:colcon.colcon_core.package_identification:_identify(src/cam_sim) by extension 'ignore_ament_install'
[0.637s] Level 1:colcon.colcon_core.package_identification:_identify(src/cam_sim) by extensions ['colcon_pkg']
[0.637s] Level 1:colcon.colcon_core.package_identification:_identify(src/cam_sim) by extension 'colcon_pkg'
[0.638s] Level 1:colcon.colcon_core.package_identification:_identify(src/cam_sim) by extensions ['colcon_meta']
[0.638s] Level 1:colcon.colcon_core.package_identification:_identify(src/cam_sim) by extension 'colcon_meta'
[0.638s] Level 1:colcon.colcon_core.package_identification:_identify(src/cam_sim) by extensions ['ros']
[0.638s] Level 1:colcon.colcon_core.package_identification:_identify(src/cam_sim) by extension 'ros'
[0.644s] DEBUG:colcon.colcon_core.package_identification:Package 'src/cam_sim' with type 'ros.ament_python' and name 'cam_sim'
[0.644s] Level 1:colcon.colcon_core.package_discovery:discover_packages(recursive) using defaults
[0.644s] Level 1:colcon.colcon_core.package_discovery:discover_packages(ignore) discover
[0.645s] Level 1:colcon.colcon_core.package_discovery:discover_packages(ignore) using defaults
[0.645s] Level 1:colcon.colcon_core.package_discovery:discover_packages(path) discover
[0.645s] Level 1:colcon.colcon_core.package_discovery:discover_packages(path) using defaults
[0.703s] Level 5:colcon.colcon_core.verb:set package 'cam_sim' build argument 'cmake_args' from command line to 'None'
[0.704s] Level 5:colcon.colcon_core.verb:set package 'cam_sim' build argument 'cmake_target' from command line to 'None'
[0.704s] Level 5:colcon.colcon_core.verb:set package 'cam_sim' build argument 'cmake_target_skip_unavailable' from command line to 'False'
[0.704s] Level 5:colcon.colcon_core.verb:set package 'cam_sim' build argument 'cmake_clean_cache' from command line to 'False'
[0.704s] Level 5:colcon.colcon_core.verb:set package 'cam_sim' build argument 'cmake_clean_first' from command line to 'False'
[0.704s] Level 5:colcon.colcon_core.verb:set package 'cam_sim' build argument 'cmake_force_configure' from command line to 'False'
[0.704s] Level 5:colcon.colcon_core.verb:set package 'cam_sim' build argument 'ament_cmake_args' from command line to 'None'
[0.704s] Level 5:colcon.colcon_core.verb:set package 'cam_sim' build argument 'catkin_cmake_args' from command line to 'None'
[0.704s] Level 5:colcon.colcon_core.verb:set package 'cam_sim' build argument 'catkin_skip_building_tests' from command line to 'False'
[0.705s] DEBUG:colcon.colcon_core.verb:Building package 'cam_sim' with the following arguments: {'ament_cmake_args': None, 'build_base': '/home/ptrip/ros2_ws/build/cam_sim', 'catkin_cmake_args': None, 'catkin_skip_building_tests': False, 'cmake_args': None, 'cmake_clean_cache': False, 'cmake_clean_first': False, 'cmake_force_configure': False, 'cmake_target': None, 'cmake_target_skip_unavailable': False, 'install_base': '/home/ptrip/ros2_ws/install/cam_sim', 'merge_install': False, 'path': '/home/ptrip/ros2_ws/src/cam_sim', 'symlink_install': True, 'test_result_base': None}
[0.705s] INFO:colcon.colcon_core.executor:Executing jobs using 'parallel' executor
[0.707s] DEBUG:colcon.colcon_parallel_executor.executor.parallel:run_until_complete
[0.708s] INFO:colcon.colcon_ros.task.ament_python.build:Building ROS package in '/home/ptrip/ros2_ws/src/cam_sim' with build type 'ament_python'
[0.708s] Level 1:colcon.colcon_core.shell:create_environment_hook('cam_sim', 'ament_prefix_path')
[0.716s] INFO:colcon.colcon_core.plugin_system:Skipping extension 'colcon_core.shell.bat': Not used on non-Windows systems
[0.717s] INFO:colcon.colcon_core.shell:Creating environment descriptor '/home/ptrip/ros2_ws/install/cam_sim/share/cam_sim/hook/ament_prefix_path.dsv'
[0.724s] INFO:colcon.colcon_core.shell:Creating environment hook '/home/ptrip/ros2_ws/install/cam_sim/share/cam_sim/hook/ament_prefix_path.sh'
[0.727s] DEBUG:colcon.colcon_core.shell:Skip shell extension 'dsv' for command environment
[1.437s] INFO:colcon.colcon_core.task.python.build:Building Python package in '/home/ptrip/ros2_ws/src/cam_sim'
[1.438s] DEBUG:colcon.colcon_core.shell:Skip shell extension 'dsv' for command environment
[3.486s] DEBUG:colcon.colcon_core.event_handler.log_command:Invoking command in '/home/ptrip/ros2_ws/build/cam_sim': PYTHONPATH=/home/ptrip/ros2_ws/build/cam_sim/prefix_override:/usr/lib/python3/dist-packages/colcon_core/task/python/colcon_distutils_commands:/home/ptrip/ros2_ws/install/cam_sim/lib/python3.12/site-packages:${PYTHONPATH} /usr/bin/python3 -W ignore:setup.py install is deprecated -W ignore:easy_install command is deprecated setup.py develop --editable --build-directory /home/ptrip/ros2_ws/build/cam_sim/build --no-deps symlink_data
[5.334s] Level 1:colcon.colcon_core.shell:create_environment_hook('cam_sim', 'pythonpath_develop')
[5.335s] INFO:colcon.colcon_core.shell:Creating environment descriptor '/home/ptrip/ros2_ws/build/cam_sim/share/cam_sim/hook/pythonpath_develop.dsv'
[5.337s] DEBUG:colcon.colcon_core.event_handler.log_command:Invoked command in '/home/ptrip/ros2_ws/build/cam_sim' returned '0': PYTHONPATH=/home/ptrip/ros2_ws/build/cam_sim/prefix_override:/usr/lib/python3/dist-packages/colcon_core/task/python/colcon_distutils_commands:/home/ptrip/ros2_ws/install/cam_sim/lib/python3.12/site-packages:${PYTHONPATH} /usr/bin/python3 -W ignore:setup.py install is deprecated -W ignore:easy_install command is deprecated setup.py develop --editable --build-directory /home/ptrip/ros2_ws/build/cam_sim/build --no-deps symlink_data
[5.338s] INFO:colcon.colcon_core.shell:Creating environment hook '/home/ptrip/ros2_ws/build/cam_sim/share/cam_sim/hook/pythonpath_develop.sh'
[5.344s] Level 1:colcon.colcon_core.environment:checking '/home/ptrip/ros2_ws/install/cam_sim' for CMake module files
[5.346s] Level 1:colcon.colcon_core.environment:checking '/home/ptrip/ros2_ws/install/cam_sim' for CMake config files
[5.347s] Level 1:colcon.colcon_core.environment:checking '/home/ptrip/ros2_ws/install/cam_sim/lib'
[5.347s] Level 1:colcon.colcon_core.environment:checking '/home/ptrip/ros2_ws/install/cam_sim/bin'
[5.348s] Level 1:colcon.colcon_core.environment:checking '/home/ptrip/ros2_ws/install/cam_sim/lib/pkgconfig/cam_sim.pc'
[5.348s] Level 1:colcon.colcon_core.environment:checking '/home/ptrip/ros2_ws/install/cam_sim/lib/python3.12/site-packages'
[5.349s] Level 1:colcon.colcon_core.shell:create_environment_hook('cam_sim', 'pythonpath')
[5.349s] INFO:colcon.colcon_core.shell:Creating environment descriptor '/home/ptrip/ros2_ws/install/cam_sim/share/cam_sim/hook/pythonpath.dsv'
[5.351s] INFO:colcon.colcon_core.shell:Creating environment hook '/home/ptrip/ros2_ws/install/cam_sim/share/cam_sim/hook/pythonpath.sh'
[5.353s] Level 1:colcon.colcon_core.environment:checking '/home/ptrip/ros2_ws/install/cam_sim/bin'
[5.353s] Level 1:colcon.colcon_core.environment:create_environment_scripts_only(cam_sim)
[5.354s] INFO:colcon.colcon_core.shell:Creating package descriptor '/home/ptrip/ros2_ws/install/cam_sim/share/cam_sim/package.dsv'
[5.356s] INFO:colcon.colcon_core.shell:Creating package script '/home/ptrip/ros2_ws/install/cam_sim/share/cam_sim/package.sh'
[5.358s] INFO:colcon.colcon_core.shell:Creating package script '/home/ptrip/ros2_ws/install/cam_sim/share/cam_sim/package.bash'
[5.360s] INFO:colcon.colcon_core.shell:Creating package script '/home/ptrip/ros2_ws/install/cam_sim/share/cam_sim/package.zsh'
[5.362s] Level 1:colcon.colcon_core.environment:create_file_with_runtime_dependencies(/home/ptrip/ros2_ws/install/cam_sim/share/colcon-core/packages/cam_sim)
[5.363s] DEBUG:colcon.colcon_parallel_executor.executor.parallel:closing loop
[5.365s] DEBUG:colcon.colcon_parallel_executor.executor.parallel:loop closed
[5.366s] DEBUG:colcon.colcon_parallel_executor.executor.parallel:run_until_complete finished with '0'
[5.366s] DEBUG:colcon.colcon_core.event_reactor:joining thread
[5.424s] INFO:colcon.colcon_core.plugin_system:Skipping extension 'colcon_notification.desktop_notification.notify_send': Could not find 'notify-send'
[5.424s] INFO:colcon.colcon_core.plugin_system:Skipping extension 'colcon_notification.desktop_notification.terminal_notifier': Not used on non-Darwin systems
[5.424s] INFO:colcon.colcon_core.plugin_system:Skipping extension 'colcon_notification.desktop_notification.win32': Not used on non-Windows systems
[5.425s] INFO:colcon.colcon_notification.desktop_notification:Sending desktop notification using 'notify2'
[5.428s] DEBUG:colcon.colcon_notification.desktop_notification.notify2:Failed to initialize notify2: org.freedesktop.DBus.Error.ServiceUnknown: The name org.freedesktop.Notifications was not provided by any .service files
[5.428s] DEBUG:colcon.colcon_core.event_reactor:joined thread
[5.429s] INFO:colcon.colcon_core.shell:Creating prefix script '/home/ptrip/ros2_ws/install/local_setup.sh'
[5.431s] INFO:colcon.colcon_core.shell:Creating prefix util module '/home/ptrip/ros2_ws/install/_local_setup_util_sh.py'
[5.433s] INFO:colcon.colcon_core.shell:Creating prefix chain script '/home/ptrip/ros2_ws/install/setup.sh'
[5.435s] INFO:colcon.colcon_core.shell:Creating prefix script '/home/ptrip/ros2_ws/install/local_setup.bash'
[5.437s] INFO:colcon.colcon_core.shell:Creating prefix chain script '/home/ptrip/ros2_ws/install/setup.bash'
[5.440s] INFO:colcon.colcon_core.shell:Creating prefix script '/home/ptrip/ros2_ws/install/local_setup.zsh'
[5.441s] INFO:colcon.colcon_core.shell:Creating prefix chain script '/home/ptrip/ros2_ws/install/setup.zsh'
