[3.890s] Invoking command in '/home/ptrip/ros2_ws/build/cam_sim': PYTHONPATH=/home/ptrip/ros2_ws/build/cam_sim/prefix_override:/usr/lib/python3/dist-packages/colcon_core/task/python/colcon_distutils_commands:/home/ptrip/ros2_ws/install/cam_sim/lib/python3.12/site-packages:${PYTHONPATH} /usr/bin/python3 -W ignore:setup.py install is deprecated -W ignore:easy_install command is deprecated setup.py develop --editable --build-directory /home/ptrip/ros2_ws/build/cam_sim/build --no-deps symlink_data
[5.167s] running develop
[5.834s] running egg_info
[5.897s] writing cam_sim.egg-info/PKG-INFO
[5.899s] writing dependency_links to cam_sim.egg-info/dependency_links.txt
[5.900s] writing entry points to cam_sim.egg-info/entry_points.txt
[5.917s] writing requirements to cam_sim.egg-info/requires.txt
[5.917s] writing top-level names to cam_sim.egg-info/top_level.txt
[6.059s] reading manifest file 'cam_sim.egg-info/SOURCES.txt'
[6.062s] writing manifest file 'cam_sim.egg-info/SOURCES.txt'
[6.133s] running build_ext
[6.134s] Creating /home/ptrip/ros2_ws/install/cam_sim/lib/python3.12/site-packages/cam-sim.egg-link (link to .)
[6.137s] Installing sim1 script to /home/ptrip/ros2_ws/install/cam_sim/lib/cam_sim
[6.143s] Installing sim2 script to /home/ptrip/ros2_ws/install/cam_sim/lib/cam_sim
[6.145s] Installing sim3 script to /home/ptrip/ros2_ws/install/cam_sim/lib/cam_sim
[6.147s] Installing sim4 script to /home/ptrip/ros2_ws/install/cam_sim/lib/cam_sim
[6.149s] Installing sim5 script to /home/ptrip/ros2_ws/install/cam_sim/lib/cam_sim
[6.152s] 
[6.153s] Installed /home/ptrip/ros2_ws/build/cam_sim
[6.154s] running symlink_data
[6.290s] Invoked command in '/home/ptrip/ros2_ws/build/cam_sim' returned '0': PYTHONPATH=/home/ptrip/ros2_ws/build/cam_sim/prefix_override:/usr/lib/python3/dist-packages/colcon_core/task/python/colcon_distutils_commands:/home/ptrip/ros2_ws/install/cam_sim/lib/python3.12/site-packages:${PYTHONPATH} /usr/bin/python3 -W ignore:setup.py install is deprecated -W ignore:easy_install command is deprecated setup.py develop --editable --build-directory /home/ptrip/ros2_ws/build/cam_sim/build --no-deps symlink_data
