[0.092s] DEBUG:colcon:Command line arguments: ['/usr/bin/colcon', 'build']
[0.092s] DEBUG:colcon:Parsed command line arguments: Namespace(log_base=None, log_level=None, verb_name='build', build_base='build', install_base='install', merge_install=False, symlink_install=False, test_result_base=None, continue_on_error=False, executor='parallel', parallel_workers=12, event_handlers=None, ignore_user_meta=False, metas=['./colcon.meta'], base_paths=['.'], packages_ignore=None, packages_ignore_regex=None, paths=None, packages_up_to=None, packages_up_to_regex=None, packages_above=None, packages_above_and_dependencies=None, packages_above_depth=None, packages_select_by_dep=None, packages_skip_by_dep=None, packages_skip_up_to=None, packages_select_build_failed=False, packages_skip_build_finished=False, packages_select_test_failures=False, packages_skip_test_passed=False, packages_select=None, packages_skip=None, packages_select_regex=None, packages_skip_regex=None, packages_start=None, packages_end=None, allow_overriding=[], cmake_args=None, cmake_target=None, cmake_target_skip_unavailable=False, cmake_clean_cache=False, cmake_clean_first=False, cmake_force_configure=False, ament_cmake_args=None, catkin_cmake_args=None, catkin_skip_building_tests=False, verb_parser=<colcon_defaults.argument_parser.defaults.DefaultArgumentsDecorator object at 0x758c74465b50>, verb_extension=<colcon_core.verb.build.BuildVerb object at 0x758c74465400>, main=<bound method BuildVerb.main of <colcon_core.verb.build.BuildVerb object at 0x758c74465400>>)
[0.125s] Level 1:colcon.colcon_core.package_discovery:discover_packages(colcon_meta) check parameters
[0.125s] Level 1:colcon.colcon_core.package_discovery:discover_packages(recursive) check parameters
[0.126s] Level 1:colcon.colcon_core.package_discovery:discover_packages(ignore) check parameters
[0.126s] Level 1:colcon.colcon_core.package_discovery:discover_packages(path) check parameters
[0.126s] Level 1:colcon.colcon_core.package_discovery:discover_packages(colcon_meta) discover
[0.126s] Level 1:colcon.colcon_core.package_discovery:discover_packages(recursive) discover
[0.126s] INFO:colcon.colcon_core.package_discovery:Crawling recursively for packages in '/home/roboticslab/rise'
[0.126s] Level 1:colcon.colcon_core.package_identification:_identify(.) by extensions ['ignore', 'ignore_ament_install']
[0.126s] Level 1:colcon.colcon_core.package_identification:_identify(.) by extension 'ignore'
[0.126s] Level 1:colcon.colcon_core.package_identification:_identify(.) by extension 'ignore_ament_install'
[0.126s] Level 1:colcon.colcon_core.package_identification:_identify(.) by extensions ['colcon_pkg']
[0.126s] Level 1:colcon.colcon_core.package_identification:_identify(.) by extension 'colcon_pkg'
[0.126s] Level 1:colcon.colcon_core.package_identification:_identify(.) by extensions ['colcon_meta']
[0.126s] Level 1:colcon.colcon_core.package_identification:_identify(.) by extension 'colcon_meta'
[0.126s] Level 1:colcon.colcon_core.package_identification:_identify(.) by extensions ['ros']
[0.126s] Level 1:colcon.colcon_core.package_identification:_identify(.) by extension 'ros'
[0.147s] Level 1:colcon.colcon_core.package_identification:_identify(.) by extensions ['cmake', 'python']
[0.147s] Level 1:colcon.colcon_core.package_identification:_identify(.) by extension 'cmake'
[0.147s] Level 1:colcon.colcon_core.package_identification:_identify(.) by extension 'python'
[0.147s] Level 1:colcon.colcon_core.package_identification:_identify(.) by extensions ['python_setup_py']
[0.147s] Level 1:colcon.colcon_core.package_identification:_identify(.) by extension 'python_setup_py'
[0.147s] Level 1:colcon.colcon_core.package_identification:_identify(build) by extensions ['ignore', 'ignore_ament_install']
[0.147s] Level 1:colcon.colcon_core.package_identification:_identify(build) by extension 'ignore'
[0.148s] Level 1:colcon.colcon_core.package_identification:_identify(build) ignored
[0.148s] Level 1:colcon.colcon_core.package_identification:_identify(images) by extensions ['ignore', 'ignore_ament_install']
[0.148s] Level 1:colcon.colcon_core.package_identification:_identify(images) by extension 'ignore'
[0.148s] Level 1:colcon.colcon_core.package_identification:_identify(images) by extension 'ignore_ament_install'
[0.148s] Level 1:colcon.colcon_core.package_identification:_identify(images) by extensions ['colcon_pkg']
[0.148s] Level 1:colcon.colcon_core.package_identification:_identify(images) by extension 'colcon_pkg'
[0.148s] Level 1:colcon.colcon_core.package_identification:_identify(images) by extensions ['colcon_meta']
[0.148s] Level 1:colcon.colcon_core.package_identification:_identify(images) by extension 'colcon_meta'
[0.148s] Level 1:colcon.colcon_core.package_identification:_identify(images) by extensions ['ros']
[0.148s] Level 1:colcon.colcon_core.package_identification:_identify(images) by extension 'ros'
[0.148s] Level 1:colcon.colcon_core.package_identification:_identify(images) by extensions ['cmake', 'python']
[0.148s] Level 1:colcon.colcon_core.package_identification:_identify(images) by extension 'cmake'
[0.148s] Level 1:colcon.colcon_core.package_identification:_identify(images) by extension 'python'
[0.148s] Level 1:colcon.colcon_core.package_identification:_identify(images) by extensions ['python_setup_py']
[0.148s] Level 1:colcon.colcon_core.package_identification:_identify(images) by extension 'python_setup_py'
[0.148s] Level 1:colcon.colcon_core.package_identification:_identify(install) by extensions ['ignore', 'ignore_ament_install']
[0.148s] Level 1:colcon.colcon_core.package_identification:_identify(install) by extension 'ignore'
[0.148s] Level 1:colcon.colcon_core.package_identification:_identify(install) ignored
[0.149s] Level 1:colcon.colcon_core.package_identification:_identify(log) by extensions ['ignore', 'ignore_ament_install']
[0.149s] Level 1:colcon.colcon_core.package_identification:_identify(log) by extension 'ignore'
[0.149s] Level 1:colcon.colcon_core.package_identification:_identify(log) ignored
[0.149s] Level 1:colcon.colcon_core.package_identification:_identify(src) by extensions ['ignore', 'ignore_ament_install']
[0.149s] Level 1:colcon.colcon_core.package_identification:_identify(src) by extension 'ignore'
[0.149s] Level 1:colcon.colcon_core.package_identification:_identify(src) by extension 'ignore_ament_install'
[0.149s] Level 1:colcon.colcon_core.package_identification:_identify(src) by extensions ['colcon_pkg']
[0.149s] Level 1:colcon.colcon_core.package_identification:_identify(src) by extension 'colcon_pkg'
[0.149s] Level 1:colcon.colcon_core.package_identification:_identify(src) by extensions ['colcon_meta']
[0.149s] Level 1:colcon.colcon_core.package_identification:_identify(src) by extension 'colcon_meta'
[0.149s] Level 1:colcon.colcon_core.package_identification:_identify(src) by extensions ['ros']
[0.149s] Level 1:colcon.colcon_core.package_identification:_identify(src) by extension 'ros'
[0.149s] Level 1:colcon.colcon_core.package_identification:_identify(src) by extensions ['cmake', 'python']
[0.149s] Level 1:colcon.colcon_core.package_identification:_identify(src) by extension 'cmake'
[0.149s] Level 1:colcon.colcon_core.package_identification:_identify(src) by extension 'python'
[0.149s] Level 1:colcon.colcon_core.package_identification:_identify(src) by extensions ['python_setup_py']
[0.149s] Level 1:colcon.colcon_core.package_identification:_identify(src) by extension 'python_setup_py'
[0.149s] Level 1:colcon.colcon_core.package_identification:_identify(src/build) by extensions ['ignore', 'ignore_ament_install']
[0.150s] Level 1:colcon.colcon_core.package_identification:_identify(src/build) by extension 'ignore'
[0.150s] Level 1:colcon.colcon_core.package_identification:_identify(src/build) ignored
[0.150s] Level 1:colcon.colcon_core.package_identification:_identify(src/cam_sim) by extensions ['ignore', 'ignore_ament_install']
[0.150s] Level 1:colcon.colcon_core.package_identification:_identify(src/cam_sim) by extension 'ignore'
[0.150s] Level 1:colcon.colcon_core.package_identification:_identify(src/cam_sim) by extension 'ignore_ament_install'
[0.150s] Level 1:colcon.colcon_core.package_identification:_identify(src/cam_sim) by extensions ['colcon_pkg']
[0.150s] Level 1:colcon.colcon_core.package_identification:_identify(src/cam_sim) by extension 'colcon_pkg'
[0.150s] Level 1:colcon.colcon_core.package_identification:_identify(src/cam_sim) by extensions ['colcon_meta']
[0.150s] Level 1:colcon.colcon_core.package_identification:_identify(src/cam_sim) by extension 'colcon_meta'
[0.150s] Level 1:colcon.colcon_core.package_identification:_identify(src/cam_sim) by extensions ['ros']
[0.150s] Level 1:colcon.colcon_core.package_identification:_identify(src/cam_sim) by extension 'ros'
[0.153s] DEBUG:colcon.colcon_core.package_identification:Package 'src/cam_sim' with type 'ros.ament_python' and name 'cam_sim'
[0.153s] Level 1:colcon.colcon_core.package_identification:_identify(src/install) by extensions ['ignore', 'ignore_ament_install']
[0.153s] Level 1:colcon.colcon_core.package_identification:_identify(src/install) by extension 'ignore'
[0.153s] Level 1:colcon.colcon_core.package_identification:_identify(src/install) ignored
[0.153s] Level 1:colcon.colcon_core.package_identification:_identify(src/log) by extensions ['ignore', 'ignore_ament_install']
[0.153s] Level 1:colcon.colcon_core.package_identification:_identify(src/log) by extension 'ignore'
[0.153s] Level 1:colcon.colcon_core.package_identification:_identify(src/log) ignored
[0.153s] Level 1:colcon.colcon_core.package_identification:_identify(src/tello_control) by extensions ['ignore', 'ignore_ament_install']
[0.153s] Level 1:colcon.colcon_core.package_identification:_identify(src/tello_control) by extension 'ignore'
[0.153s] Level 1:colcon.colcon_core.package_identification:_identify(src/tello_control) by extension 'ignore_ament_install'
[0.153s] Level 1:colcon.colcon_core.package_identification:_identify(src/tello_control) by extensions ['colcon_pkg']
[0.153s] Level 1:colcon.colcon_core.package_identification:_identify(src/tello_control) by extension 'colcon_pkg'
[0.153s] Level 1:colcon.colcon_core.package_identification:_identify(src/tello_control) by extensions ['colcon_meta']
[0.153s] Level 1:colcon.colcon_core.package_identification:_identify(src/tello_control) by extension 'colcon_meta'
[0.153s] Level 1:colcon.colcon_core.package_identification:_identify(src/tello_control) by extensions ['ros']
[0.153s] Level 1:colcon.colcon_core.package_identification:_identify(src/tello_control) by extension 'ros'
[0.154s] DEBUG:colcon.colcon_core.package_identification:Package 'src/tello_control' with type 'ros.ament_python' and name 'tello_control'
[0.154s] Level 1:colcon.colcon_core.package_discovery:discover_packages(recursive) using defaults
[0.154s] Level 1:colcon.colcon_core.package_discovery:discover_packages(ignore) discover
[0.154s] Level 1:colcon.colcon_core.package_discovery:discover_packages(ignore) using defaults
[0.154s] Level 1:colcon.colcon_core.package_discovery:discover_packages(path) discover
[0.154s] Level 1:colcon.colcon_core.package_discovery:discover_packages(path) using defaults
[0.169s] Level 1:colcon.colcon_core.package_discovery:discover_packages(prefix_path) check parameters
[0.169s] Level 1:colcon.colcon_core.package_discovery:discover_packages(prefix_path) discover
[0.170s] DEBUG:colcon.colcon_installed_package_information.package_discovery:Found 2 installed packages in /home/roboticslab/rise/install
[0.172s] DEBUG:colcon.colcon_installed_package_information.package_discovery:Found 285 installed packages in /opt/ros/jazzy
[0.172s] Level 1:colcon.colcon_core.package_discovery:discover_packages(prefix_path) using defaults
[0.210s] Level 5:colcon.colcon_core.verb:set package 'cam_sim' build argument 'cmake_args' from command line to 'None'
[0.210s] Level 5:colcon.colcon_core.verb:set package 'cam_sim' build argument 'cmake_target' from command line to 'None'
[0.210s] Level 5:colcon.colcon_core.verb:set package 'cam_sim' build argument 'cmake_target_skip_unavailable' from command line to 'False'
[0.210s] Level 5:colcon.colcon_core.verb:set package 'cam_sim' build argument 'cmake_clean_cache' from command line to 'False'
[0.210s] Level 5:colcon.colcon_core.verb:set package 'cam_sim' build argument 'cmake_clean_first' from command line to 'False'
[0.210s] Level 5:colcon.colcon_core.verb:set package 'cam_sim' build argument 'cmake_force_configure' from command line to 'False'
[0.210s] Level 5:colcon.colcon_core.verb:set package 'cam_sim' build argument 'ament_cmake_args' from command line to 'None'
[0.210s] Level 5:colcon.colcon_core.verb:set package 'cam_sim' build argument 'catkin_cmake_args' from command line to 'None'
[0.210s] Level 5:colcon.colcon_core.verb:set package 'cam_sim' build argument 'catkin_skip_building_tests' from command line to 'False'
[0.210s] DEBUG:colcon.colcon_core.verb:Building package 'cam_sim' with the following arguments: {'ament_cmake_args': None, 'build_base': '/home/roboticslab/rise/build/cam_sim', 'catkin_cmake_args': None, 'catkin_skip_building_tests': False, 'cmake_args': None, 'cmake_clean_cache': False, 'cmake_clean_first': False, 'cmake_force_configure': False, 'cmake_target': None, 'cmake_target_skip_unavailable': False, 'install_base': '/home/roboticslab/rise/install/cam_sim', 'merge_install': False, 'path': '/home/roboticslab/rise/src/cam_sim', 'symlink_install': False, 'test_result_base': None}
[0.210s] Level 5:colcon.colcon_core.verb:set package 'tello_control' build argument 'cmake_args' from command line to 'None'
[0.211s] Level 5:colcon.colcon_core.verb:set package 'tello_control' build argument 'cmake_target' from command line to 'None'
[0.211s] Level 5:colcon.colcon_core.verb:set package 'tello_control' build argument 'cmake_target_skip_unavailable' from command line to 'False'
[0.211s] Level 5:colcon.colcon_core.verb:set package 'tello_control' build argument 'cmake_clean_cache' from command line to 'False'
[0.211s] Level 5:colcon.colcon_core.verb:set package 'tello_control' build argument 'cmake_clean_first' from command line to 'False'
[0.211s] Level 5:colcon.colcon_core.verb:set package 'tello_control' build argument 'cmake_force_configure' from command line to 'False'
[0.211s] Level 5:colcon.colcon_core.verb:set package 'tello_control' build argument 'ament_cmake_args' from command line to 'None'
[0.211s] Level 5:colcon.colcon_core.verb:set package 'tello_control' build argument 'catkin_cmake_args' from command line to 'None'
[0.211s] Level 5:colcon.colcon_core.verb:set package 'tello_control' build argument 'catkin_skip_building_tests' from command line to 'False'
[0.211s] DEBUG:colcon.colcon_core.verb:Building package 'tello_control' with the following arguments: {'ament_cmake_args': None, 'build_base': '/home/roboticslab/rise/build/tello_control', 'catkin_cmake_args': None, 'catkin_skip_building_tests': False, 'cmake_args': None, 'cmake_clean_cache': False, 'cmake_clean_first': False, 'cmake_force_configure': False, 'cmake_target': None, 'cmake_target_skip_unavailable': False, 'install_base': '/home/roboticslab/rise/install/tello_control', 'merge_install': False, 'path': '/home/roboticslab/rise/src/tello_control', 'symlink_install': False, 'test_result_base': None}
[0.211s] INFO:colcon.colcon_core.executor:Executing jobs using 'parallel' executor
[0.212s] DEBUG:colcon.colcon_parallel_executor.executor.parallel:run_until_complete
[0.212s] INFO:colcon.colcon_ros.task.ament_python.build:Building ROS package in '/home/roboticslab/rise/src/cam_sim' with build type 'ament_python'
[0.212s] Level 1:colcon.colcon_core.shell:create_environment_hook('cam_sim', 'ament_prefix_path')
[0.213s] INFO:colcon.colcon_core.plugin_system:Skipping extension 'colcon_core.shell.bat': Not used on non-Windows systems
[0.214s] INFO:colcon.colcon_core.shell:Creating environment hook '/home/roboticslab/rise/install/cam_sim/share/cam_sim/hook/ament_prefix_path.ps1'
[0.214s] INFO:colcon.colcon_core.shell:Creating environment descriptor '/home/roboticslab/rise/install/cam_sim/share/cam_sim/hook/ament_prefix_path.dsv'
[0.214s] INFO:colcon.colcon_core.shell:Creating environment hook '/home/roboticslab/rise/install/cam_sim/share/cam_sim/hook/ament_prefix_path.sh'
[0.215s] INFO:colcon.colcon_core.shell:Skip shell extension 'powershell' for command environment: Not usable outside of PowerShell
[0.215s] DEBUG:colcon.colcon_core.shell:Skip shell extension 'dsv' for command environment
[0.218s] INFO:colcon.colcon_ros.task.ament_python.build:Building ROS package in '/home/roboticslab/rise/src/tello_control' with build type 'ament_python'
[0.218s] Level 1:colcon.colcon_core.shell:create_environment_hook('tello_control', 'ament_prefix_path')
[0.218s] INFO:colcon.colcon_core.shell:Creating environment hook '/home/roboticslab/rise/install/tello_control/share/tello_control/hook/ament_prefix_path.ps1'
[0.218s] INFO:colcon.colcon_core.shell:Creating environment descriptor '/home/roboticslab/rise/install/tello_control/share/tello_control/hook/ament_prefix_path.dsv'
[0.219s] INFO:colcon.colcon_core.shell:Creating environment hook '/home/roboticslab/rise/install/tello_control/share/tello_control/hook/ament_prefix_path.sh'
[0.219s] INFO:colcon.colcon_core.shell:Skip shell extension 'powershell' for command environment: Not usable outside of PowerShell
[0.219s] DEBUG:colcon.colcon_core.shell:Skip shell extension 'dsv' for command environment
[0.497s] INFO:colcon.colcon_core.task.python.build:Building Python package in '/home/roboticslab/rise/src/cam_sim'
[0.497s] INFO:colcon.colcon_core.shell:Skip shell extension 'powershell' for command environment: Not usable outside of PowerShell
[0.497s] DEBUG:colcon.colcon_core.shell:Skip shell extension 'dsv' for command environment
[0.681s] INFO:colcon.colcon_core.task.python.build:Building Python package in '/home/roboticslab/rise/src/tello_control'
[0.681s] INFO:colcon.colcon_core.shell:Skip shell extension 'powershell' for command environment: Not usable outside of PowerShell
[0.681s] DEBUG:colcon.colcon_core.shell:Skip shell extension 'dsv' for command environment
[1.204s] DEBUG:colcon.colcon_core.event_handler.log_command:Invoking command in '/home/roboticslab/rise/src/cam_sim': DEBUGINFOD_URLS=https://debuginfod.ubuntu.com PYTHONPATH=/home/roboticslab/rise/build/cam_sim/prefix_override:/usr/lib/python3/dist-packages/colcon_core/task/python/colcon_distutils_commands:/home/roboticslab/rise/install/cam_sim/lib/python3.12/site-packages:${PYTHONPATH} /usr/bin/python3 -W ignore:setup.py install is deprecated -W ignore:easy_install command is deprecated setup.py egg_info --egg-base ../../build/cam_sim build --build-base /home/roboticslab/rise/build/cam_sim/build install --record /home/roboticslab/rise/build/cam_sim/install.log --single-version-externally-managed install_data
[1.207s] DEBUG:colcon.colcon_core.event_handler.log_command:Invoking command in '/home/roboticslab/rise/src/tello_control': DEBUGINFOD_URLS=https://debuginfod.ubuntu.com PYTHONPATH=/home/roboticslab/rise/build/tello_control/prefix_override:/usr/lib/python3/dist-packages/colcon_core/task/python/colcon_distutils_commands:/home/roboticslab/rise/install/tello_control/lib/python3.12/site-packages:${PYTHONPATH} /usr/bin/python3 -W ignore:setup.py install is deprecated -W ignore:easy_install command is deprecated setup.py egg_info --egg-base ../../build/tello_control build --build-base /home/roboticslab/rise/build/tello_control/build install --record /home/roboticslab/rise/build/tello_control/install.log --single-version-externally-managed install_data
[1.701s] DEBUG:colcon.colcon_core.event_handler.log_command:Invoked command in '/home/roboticslab/rise/src/cam_sim' returned '0': DEBUGINFOD_URLS=https://debuginfod.ubuntu.com PYTHONPATH=/home/roboticslab/rise/build/cam_sim/prefix_override:/usr/lib/python3/dist-packages/colcon_core/task/python/colcon_distutils_commands:/home/roboticslab/rise/install/cam_sim/lib/python3.12/site-packages:${PYTHONPATH} /usr/bin/python3 -W ignore:setup.py install is deprecated -W ignore:easy_install command is deprecated setup.py egg_info --egg-base ../../build/cam_sim build --build-base /home/roboticslab/rise/build/cam_sim/build install --record /home/roboticslab/rise/build/cam_sim/install.log --single-version-externally-managed install_data
[1.703s] Level 1:colcon.colcon_core.environment:checking '/home/roboticslab/rise/install/cam_sim' for CMake module files
[1.703s] Level 1:colcon.colcon_core.environment:checking '/home/roboticslab/rise/install/cam_sim' for CMake config files
[1.704s] Level 1:colcon.colcon_core.environment:checking '/home/roboticslab/rise/install/cam_sim/lib'
[1.704s] Level 1:colcon.colcon_core.environment:checking '/home/roboticslab/rise/install/cam_sim/bin'
[1.704s] Level 1:colcon.colcon_core.environment:checking '/home/roboticslab/rise/install/cam_sim/lib/pkgconfig/cam_sim.pc'
[1.704s] Level 1:colcon.colcon_core.environment:checking '/home/roboticslab/rise/install/cam_sim/lib/python3.12/site-packages'
[1.704s] Level 1:colcon.colcon_core.shell:create_environment_hook('cam_sim', 'pythonpath')
[1.704s] INFO:colcon.colcon_core.shell:Creating environment hook '/home/roboticslab/rise/install/cam_sim/share/cam_sim/hook/pythonpath.ps1'
[1.705s] INFO:colcon.colcon_core.shell:Creating environment descriptor '/home/roboticslab/rise/install/cam_sim/share/cam_sim/hook/pythonpath.dsv'
[1.705s] INFO:colcon.colcon_core.shell:Creating environment hook '/home/roboticslab/rise/install/cam_sim/share/cam_sim/hook/pythonpath.sh'
[1.705s] Level 1:colcon.colcon_core.environment:checking '/home/roboticslab/rise/install/cam_sim/bin'
[1.706s] Level 1:colcon.colcon_core.environment:create_environment_scripts_only(cam_sim)
[1.706s] INFO:colcon.colcon_core.shell:Creating package script '/home/roboticslab/rise/install/cam_sim/share/cam_sim/package.ps1'
[1.707s] INFO:colcon.colcon_core.shell:Creating package descriptor '/home/roboticslab/rise/install/cam_sim/share/cam_sim/package.dsv'
[1.707s] INFO:colcon.colcon_core.shell:Creating package script '/home/roboticslab/rise/install/cam_sim/share/cam_sim/package.sh'
[1.708s] INFO:colcon.colcon_core.shell:Creating package script '/home/roboticslab/rise/install/cam_sim/share/cam_sim/package.bash'
[1.709s] INFO:colcon.colcon_core.shell:Creating package script '/home/roboticslab/rise/install/cam_sim/share/cam_sim/package.zsh'
[1.710s] Level 1:colcon.colcon_core.environment:create_file_with_runtime_dependencies(/home/roboticslab/rise/install/cam_sim/share/colcon-core/packages/cam_sim)
[1.711s] Level 1:colcon.colcon_core.environment:checking '/home/roboticslab/rise/install/tello_control' for CMake module files
[1.712s] DEBUG:colcon.colcon_core.event_handler.log_command:Invoked command in '/home/roboticslab/rise/src/tello_control' returned '0': DEBUGINFOD_URLS=https://debuginfod.ubuntu.com PYTHONPATH=/home/roboticslab/rise/build/tello_control/prefix_override:/usr/lib/python3/dist-packages/colcon_core/task/python/colcon_distutils_commands:/home/roboticslab/rise/install/tello_control/lib/python3.12/site-packages:${PYTHONPATH} /usr/bin/python3 -W ignore:setup.py install is deprecated -W ignore:easy_install command is deprecated setup.py egg_info --egg-base ../../build/tello_control build --build-base /home/roboticslab/rise/build/tello_control/build install --record /home/roboticslab/rise/build/tello_control/install.log --single-version-externally-managed install_data
[1.712s] Level 1:colcon.colcon_core.environment:checking '/home/roboticslab/rise/install/tello_control' for CMake config files
[1.713s] Level 1:colcon.colcon_core.environment:checking '/home/roboticslab/rise/install/tello_control/lib'
[1.713s] Level 1:colcon.colcon_core.environment:checking '/home/roboticslab/rise/install/tello_control/bin'
[1.713s] Level 1:colcon.colcon_core.environment:checking '/home/roboticslab/rise/install/tello_control/lib/pkgconfig/tello_control.pc'
[1.713s] Level 1:colcon.colcon_core.environment:checking '/home/roboticslab/rise/install/tello_control/lib/python3.12/site-packages'
[1.713s] Level 1:colcon.colcon_core.shell:create_environment_hook('tello_control', 'pythonpath')
[1.713s] INFO:colcon.colcon_core.shell:Creating environment hook '/home/roboticslab/rise/install/tello_control/share/tello_control/hook/pythonpath.ps1'
[1.714s] INFO:colcon.colcon_core.shell:Creating environment descriptor '/home/roboticslab/rise/install/tello_control/share/tello_control/hook/pythonpath.dsv'
[1.714s] INFO:colcon.colcon_core.shell:Creating environment hook '/home/roboticslab/rise/install/tello_control/share/tello_control/hook/pythonpath.sh'
[1.715s] Level 1:colcon.colcon_core.environment:checking '/home/roboticslab/rise/install/tello_control/bin'
[1.715s] Level 1:colcon.colcon_core.environment:create_environment_scripts_only(tello_control)
[1.715s] INFO:colcon.colcon_core.shell:Creating package script '/home/roboticslab/rise/install/tello_control/share/tello_control/package.ps1'
[1.716s] INFO:colcon.colcon_core.shell:Creating package descriptor '/home/roboticslab/rise/install/tello_control/share/tello_control/package.dsv'
[1.716s] INFO:colcon.colcon_core.shell:Creating package script '/home/roboticslab/rise/install/tello_control/share/tello_control/package.sh'
[1.716s] INFO:colcon.colcon_core.shell:Creating package script '/home/roboticslab/rise/install/tello_control/share/tello_control/package.bash'
[1.717s] INFO:colcon.colcon_core.shell:Creating package script '/home/roboticslab/rise/install/tello_control/share/tello_control/package.zsh'
[1.717s] Level 1:colcon.colcon_core.environment:create_file_with_runtime_dependencies(/home/roboticslab/rise/install/tello_control/share/colcon-core/packages/tello_control)
[1.717s] DEBUG:colcon.colcon_parallel_executor.executor.parallel:closing loop
[1.717s] DEBUG:colcon.colcon_parallel_executor.executor.parallel:loop closed
[1.717s] DEBUG:colcon.colcon_parallel_executor.executor.parallel:run_until_complete finished with '0'
[1.718s] DEBUG:colcon.colcon_core.event_reactor:joining thread
[1.722s] INFO:colcon.colcon_core.plugin_system:Skipping extension 'colcon_notification.desktop_notification.terminal_notifier': Not used on non-Darwin systems
[1.722s] INFO:colcon.colcon_core.plugin_system:Skipping extension 'colcon_notification.desktop_notification.win32': Not used on non-Windows systems
[1.722s] INFO:colcon.colcon_notification.desktop_notification:Sending desktop notification using 'notify2'
[1.735s] DEBUG:colcon.colcon_core.event_reactor:joined thread
[1.735s] INFO:colcon.colcon_core.shell:Creating prefix script '/home/roboticslab/rise/install/local_setup.ps1'
[1.735s] INFO:colcon.colcon_core.shell:Creating prefix util module '/home/roboticslab/rise/install/_local_setup_util_ps1.py'
[1.736s] INFO:colcon.colcon_core.shell:Creating prefix chain script '/home/roboticslab/rise/install/setup.ps1'
[1.737s] INFO:colcon.colcon_core.shell:Creating prefix script '/home/roboticslab/rise/install/local_setup.sh'
[1.737s] INFO:colcon.colcon_core.shell:Creating prefix util module '/home/roboticslab/rise/install/_local_setup_util_sh.py'
[1.738s] INFO:colcon.colcon_core.shell:Creating prefix chain script '/home/roboticslab/rise/install/setup.sh'
[1.739s] INFO:colcon.colcon_core.shell:Creating prefix script '/home/roboticslab/rise/install/local_setup.bash'
[1.740s] INFO:colcon.colcon_core.shell:Creating prefix chain script '/home/roboticslab/rise/install/setup.bash'
[1.741s] INFO:colcon.colcon_core.shell:Creating prefix script '/home/roboticslab/rise/install/local_setup.zsh'
[1.741s] INFO:colcon.colcon_core.shell:Creating prefix chain script '/home/roboticslab/rise/install/setup.zsh'
