[0.904s] Invoking command in '/home/ptrip/ros2_ws/build/cam_sim': PYTHONPATH=/home/ptrip/ros2_ws/build/cam_sim/prefix_override:/usr/lib/python3/dist-packages/colcon_core/task/python/colcon_distutils_commands:/home/ptrip/ros2_ws/install/cam_sim/lib/python3.12/site-packages:${PYTHONPATH} /usr/bin/python3 -W ignore:setup.py install is deprecated -W ignore:easy_install command is deprecated setup.py develop --editable --build-directory /home/ptrip/ros2_ws/build/cam_sim/build --no-deps symlink_data
[1.257s] running develop
[1.458s] running egg_info
[1.482s] writing cam_sim.egg-info/PKG-INFO
[1.482s] writing dependency_links to cam_sim.egg-info/dependency_links.txt
[1.484s] writing entry points to cam_sim.egg-info/entry_points.txt
[1.484s] writing requirements to cam_sim.egg-info/requires.txt
[1.484s] writing top-level names to cam_sim.egg-info/top_level.txt
[1.528s] reading manifest file 'cam_sim.egg-info/SOURCES.txt'
[1.529s] writing manifest file 'cam_sim.egg-info/SOURCES.txt'
[1.551s] running build_ext
[1.551s] Creating /home/ptrip/ros2_ws/install/cam_sim/lib/python3.12/site-packages/cam-sim.egg-link (link to .)
[1.552s] Installing sim1 script to /home/ptrip/ros2_ws/install/cam_sim/lib/cam_sim
[1.552s] Installing sim2 script to /home/ptrip/ros2_ws/install/cam_sim/lib/cam_sim
[1.553s] Installing sim3 script to /home/ptrip/ros2_ws/install/cam_sim/lib/cam_sim
[1.554s] Installing sim4 script to /home/ptrip/ros2_ws/install/cam_sim/lib/cam_sim
[1.554s] 
[1.555s] Installed /home/ptrip/ros2_ws/build/cam_sim
[1.555s] running symlink_data
[1.624s] Invoked command in '/home/ptrip/ros2_ws/build/cam_sim' returned '0': PYTHONPATH=/home/ptrip/ros2_ws/build/cam_sim/prefix_override:/usr/lib/python3/dist-packages/colcon_core/task/python/colcon_distutils_commands:/home/ptrip/ros2_ws/install/cam_sim/lib/python3.12/site-packages:${PYTHONPATH} /usr/bin/python3 -W ignore:setup.py install is deprecated -W ignore:easy_install command is deprecated setup.py develop --editable --build-directory /home/ptrip/ros2_ws/build/cam_sim/build --no-deps symlink_data
