[0.979s] Invoking command in '/home/roboticslab/rise/src/tello_control': DEBUGINFOD_URLS=https://debuginfod.ubuntu.com PYTHONPATH=/home/roboticslab/rise/build/tello_control/prefix_override:/usr/lib/python3/dist-packages/colcon_core/task/python/colcon_distutils_commands:/home/roboticslab/rise/install/tello_control/lib/python3.12/site-packages:${PYTHONPATH} /usr/bin/python3 -W ignore:setup.py install is deprecated -W ignore:easy_install command is deprecated setup.py egg_info --egg-base ../../build/tello_control build --build-base /home/roboticslab/rise/build/tello_control/build install --record /home/roboticslab/rise/build/tello_control/install.log --single-version-externally-managed install_data
[1.231s] running egg_info
[1.249s] writing ../../build/tello_control/tello_control.egg-info/PKG-INFO
[1.249s] writing dependency_links to ../../build/tello_control/tello_control.egg-info/dependency_links.txt
[1.249s] writing entry points to ../../build/tello_control/tello_control.egg-info/entry_points.txt
[1.250s] writing requirements to ../../build/tello_control/tello_control.egg-info/requires.txt
[1.250s] writing top-level names to ../../build/tello_control/tello_control.egg-info/top_level.txt
[1.286s] reading manifest file '../../build/tello_control/tello_control.egg-info/SOURCES.txt'
[1.287s] writing manifest file '../../build/tello_control/tello_control.egg-info/SOURCES.txt'
[1.287s] running build
[1.287s] running build_py
[1.287s] copying tello_control/command_node.py -> /home/roboticslab/rise/build/tello_control/build/lib/tello_control
[1.287s] running install
[1.293s] running install_lib
[1.311s] copying /home/roboticslab/rise/build/tello_control/build/lib/tello_control/command_node.py -> /home/roboticslab/rise/install/tello_control/lib/python3.12/site-packages/tello_control
[1.312s] byte-compiling /home/roboticslab/rise/install/tello_control/lib/python3.12/site-packages/tello_control/command_node.py to command_node.cpython-312.pyc
[1.312s] running install_data
[1.313s] running install_egg_info
[1.333s] removing '/home/roboticslab/rise/install/tello_control/lib/python3.12/site-packages/tello_control-0.0.0-py3.12.egg-info' (and everything under it)
[1.333s] Copying ../../build/tello_control/tello_control.egg-info to /home/roboticslab/rise/install/tello_control/lib/python3.12/site-packages/tello_control-0.0.0-py3.12.egg-info
[1.334s] running install_scripts
[1.461s] Installing command script to /home/roboticslab/rise/install/tello_control/lib/tello_control
[1.461s] Installing control script to /home/roboticslab/rise/install/tello_control/lib/tello_control
[1.461s] Installing test script to /home/roboticslab/rise/install/tello_control/lib/tello_control
[1.461s] writing list of installed files to '/home/roboticslab/rise/build/tello_control/install.log'
[1.484s] Invoked command in '/home/roboticslab/rise/src/tello_control' returned '0': DEBUGINFOD_URLS=https://debuginfod.ubuntu.com PYTHONPATH=/home/roboticslab/rise/build/tello_control/prefix_override:/usr/lib/python3/dist-packages/colcon_core/task/python/colcon_distutils_commands:/home/roboticslab/rise/install/tello_control/lib/python3.12/site-packages:${PYTHONPATH} /usr/bin/python3 -W ignore:setup.py install is deprecated -W ignore:easy_install command is deprecated setup.py egg_info --egg-base ../../build/tello_control build --build-base /home/roboticslab/rise/build/tello_control/build install --record /home/roboticslab/rise/build/tello_control/install.log --single-version-externally-managed install_data
