[4.174s] Invoking command in '/home/ptrip/ros2_ws/build/cam_sim': PYTHONPATH=/home/ptrip/ros2_ws/build/cam_sim/prefix_override:/usr/lib/python3/dist-packages/colcon_core/task/python/colcon_distutils_commands:/home/ptrip/ros2_ws/install/cam_sim/lib/python3.12/site-packages:${PYTHONPATH} /usr/bin/python3 -W ignore:setup.py install is deprecated -W ignore:easy_install command is deprecated setup.py develop --editable --build-directory /home/ptrip/ros2_ws/build/cam_sim/build --no-deps symlink_data --force
[5.369s] running develop
[5.905s] running egg_info
[5.943s] writing cam_sim.egg-info/PKG-INFO
[5.944s] writing dependency_links to cam_sim.egg-info/dependency_links.txt
[5.945s] writing entry points to cam_sim.egg-info/entry_points.txt
[5.945s] writing requirements to cam_sim.egg-info/requires.txt
[5.946s] writing top-level names to cam_sim.egg-info/top_level.txt
[6.037s] reading manifest file 'cam_sim.egg-info/SOURCES.txt'
[6.040s] writing manifest file 'cam_sim.egg-info/SOURCES.txt'
[6.092s] running build_ext
[6.092s] Creating /home/ptrip/ros2_ws/install/cam_sim/lib/python3.12/site-packages/cam-sim.egg-link (link to .)
[6.094s] Installing sim1 script to /home/ptrip/ros2_ws/install/cam_sim/lib/cam_sim
[6.095s] Installing sim2 script to /home/ptrip/ros2_ws/install/cam_sim/lib/cam_sim
[6.096s] Installing sim3 script to /home/ptrip/ros2_ws/install/cam_sim/lib/cam_sim
[6.097s] Installing sim4 script to /home/ptrip/ros2_ws/install/cam_sim/lib/cam_sim
[6.098s] Installing sim5 script to /home/ptrip/ros2_ws/install/cam_sim/lib/cam_sim
[6.099s] 
[6.100s] Installed /home/ptrip/ros2_ws/build/cam_sim
[6.101s] running symlink_data
[6.101s] symbolically linking /home/ptrip/ros2_ws/build/cam_sim/resource/cam_sim -> /home/ptrip/ros2_ws/install/cam_sim/share/ament_index/resource_index/packages
[6.102s] symbolically linking /home/ptrip/ros2_ws/build/cam_sim/package.xml -> /home/ptrip/ros2_ws/install/cam_sim/share/cam_sim
[6.219s] Invoked command in '/home/ptrip/ros2_ws/build/cam_sim' returned '0': PYTHONPATH=/home/ptrip/ros2_ws/build/cam_sim/prefix_override:/usr/lib/python3/dist-packages/colcon_core/task/python/colcon_distutils_commands:/home/ptrip/ros2_ws/install/cam_sim/lib/python3.12/site-packages:${PYTHONPATH} /usr/bin/python3 -W ignore:setup.py install is deprecated -W ignore:easy_install command is deprecated setup.py develop --editable --build-directory /home/ptrip/ros2_ws/build/cam_sim/build --no-deps symlink_data --force
