[0.409s] DEBUG:colcon:Command line arguments: ['/usr/bin/colcon', 'list', '-p', '--base-paths', '/home/ptrip/ros2_ws']
[0.410s] DEBUG:colcon:Parsed command line arguments: Namespace(log_base=None, log_level=None, verb_name='list', build_base='build', ignore_user_meta=False, metas=['./colcon.meta'], base_paths=['/home/ptrip/ros2_ws'], packages_ignore=None, packages_ignore_regex=None, paths=None, packages_up_to=None, packages_up_to_regex=None, packages_above=None, packages_above_and_dependencies=None, packages_above_depth=None, packages_select_by_dep=None, packages_skip_by_dep=None, packages_skip_up_to=None, packages_select_build_failed=False, packages_skip_build_finished=False, packages_select_test_failures=False, packages_skip_test_passed=False, packages_select=None, packages_skip=None, packages_select_regex=None, packages_skip_regex=None, packages_start=None, packages_end=None, topological_order=False, names_only=False, paths_only=True, topological_graph=False, topological_graph_dot=False, topological_graph_density=False, topological_graph_legend=False, topological_graph_dot_cluster=False, topological_graph_dot_include_skipped=False, verb_parser=<colcon_defaults.argument_parser.defaults.DefaultArgumentsDecorator object at 0x7e4e52efa240>, verb_extension=<colcon_package_information.verb.list.ListVerb object at 0x7e4e52e22450>, main=<bound method ListVerb.main of <colcon_package_information.verb.list.ListVerb object at 0x7e4e52e22450>>)
[0.548s] Level 1:colcon.colcon_core.package_discovery:discover_packages(colcon_meta) check parameters
[0.548s] Level 1:colcon.colcon_core.package_discovery:discover_packages(recursive) check parameters
[0.549s] Level 1:colcon.colcon_core.package_discovery:discover_packages(ignore) check parameters
[0.549s] Level 1:colcon.colcon_core.package_discovery:discover_packages(path) check parameters
[0.549s] Level 1:colcon.colcon_core.package_discovery:discover_packages(recursive) discover
[0.549s] INFO:colcon.colcon_core.package_discovery:Crawling recursively for packages in '/home/ptrip/ros2_ws'
[0.550s] Level 1:colcon.colcon_core.package_identification:_identify(/home/ptrip/ros2_ws) by extensions ['ignore', 'ignore_ament_install']
[0.550s] Level 1:colcon.colcon_core.package_identification:_identify(/home/ptrip/ros2_ws) by extension 'ignore'
[0.550s] Level 1:colcon.colcon_core.package_identification:_identify(/home/ptrip/ros2_ws) by extension 'ignore_ament_install'
[0.551s] Level 1:colcon.colcon_core.package_identification:_identify(/home/ptrip/ros2_ws) by extensions ['colcon_pkg']
[0.551s] Level 1:colcon.colcon_core.package_identification:_identify(/home/ptrip/ros2_ws) by extension 'colcon_pkg'
[0.551s] Level 1:colcon.colcon_core.package_identification:_identify(/home/ptrip/ros2_ws) by extensions ['colcon_meta']
[0.551s] Level 1:colcon.colcon_core.package_identification:_identify(/home/ptrip/ros2_ws) by extension 'colcon_meta'
[0.551s] Level 1:colcon.colcon_core.package_identification:_identify(/home/ptrip/ros2_ws) by extensions ['ros']
[0.551s] Level 1:colcon.colcon_core.package_identification:_identify(/home/ptrip/ros2_ws) by extension 'ros'
[0.677s] Level 1:colcon.colcon_core.package_identification:_identify(/home/ptrip/ros2_ws) by extensions ['cmake', 'python']
[0.678s] Level 1:colcon.colcon_core.package_identification:_identify(/home/ptrip/ros2_ws) by extension 'cmake'
[0.678s] Level 1:colcon.colcon_core.package_identification:_identify(/home/ptrip/ros2_ws) by extension 'python'
[0.678s] Level 1:colcon.colcon_core.package_identification:_identify(/home/ptrip/ros2_ws) by extensions ['python_setup_py']
[0.679s] Level 1:colcon.colcon_core.package_identification:_identify(/home/ptrip/ros2_ws) by extension 'python_setup_py'
[0.680s] Level 1:colcon.colcon_core.package_identification:_identify(/home/ptrip/ros2_ws/build) by extensions ['ignore', 'ignore_ament_install']
[0.680s] Level 1:colcon.colcon_core.package_identification:_identify(/home/ptrip/ros2_ws/build) by extension 'ignore'
[0.681s] Level 1:colcon.colcon_core.package_identification:_identify(/home/ptrip/ros2_ws/build) ignored
[0.682s] Level 1:colcon.colcon_core.package_identification:_identify(/home/ptrip/ros2_ws/install) by extensions ['ignore', 'ignore_ament_install']
[0.682s] Level 1:colcon.colcon_core.package_identification:_identify(/home/ptrip/ros2_ws/install) by extension 'ignore'
[0.683s] Level 1:colcon.colcon_core.package_identification:_identify(/home/ptrip/ros2_ws/install) ignored
[0.687s] Level 1:colcon.colcon_core.package_identification:_identify(/home/ptrip/ros2_ws/log) by extensions ['ignore', 'ignore_ament_install']
[0.688s] Level 1:colcon.colcon_core.package_identification:_identify(/home/ptrip/ros2_ws/log) by extension 'ignore'
[0.688s] Level 1:colcon.colcon_core.package_identification:_identify(/home/ptrip/ros2_ws/log) ignored
[0.689s] Level 1:colcon.colcon_core.package_identification:_identify(/home/ptrip/ros2_ws/src) by extensions ['ignore', 'ignore_ament_install']
[0.689s] Level 1:colcon.colcon_core.package_identification:_identify(/home/ptrip/ros2_ws/src) by extension 'ignore'
[0.689s] Level 1:colcon.colcon_core.package_identification:_identify(/home/ptrip/ros2_ws/src) by extension 'ignore_ament_install'
[0.690s] Level 1:colcon.colcon_core.package_identification:_identify(/home/ptrip/ros2_ws/src) by extensions ['colcon_pkg']
[0.690s] Level 1:colcon.colcon_core.package_identification:_identify(/home/ptrip/ros2_ws/src) by extension 'colcon_pkg'
[0.690s] Level 1:colcon.colcon_core.package_identification:_identify(/home/ptrip/ros2_ws/src) by extensions ['colcon_meta']
[0.690s] Level 1:colcon.colcon_core.package_identification:_identify(/home/ptrip/ros2_ws/src) by extension 'colcon_meta'
[0.690s] Level 1:colcon.colcon_core.package_identification:_identify(/home/ptrip/ros2_ws/src) by extensions ['ros']
[0.690s] Level 1:colcon.colcon_core.package_identification:_identify(/home/ptrip/ros2_ws/src) by extension 'ros'
[0.690s] Level 1:colcon.colcon_core.package_identification:_identify(/home/ptrip/ros2_ws/src) by extensions ['cmake', 'python']
[0.690s] Level 1:colcon.colcon_core.package_identification:_identify(/home/ptrip/ros2_ws/src) by extension 'cmake'
[0.691s] Level 1:colcon.colcon_core.package_identification:_identify(/home/ptrip/ros2_ws/src) by extension 'python'
[0.691s] Level 1:colcon.colcon_core.package_identification:_identify(/home/ptrip/ros2_ws/src) by extensions ['python_setup_py']
[0.691s] Level 1:colcon.colcon_core.package_identification:_identify(/home/ptrip/ros2_ws/src) by extension 'python_setup_py'
[0.691s] Level 1:colcon.colcon_core.package_identification:_identify(/home/ptrip/ros2_ws/src/cam_sim) by extensions ['ignore', 'ignore_ament_install']
[0.691s] Level 1:colcon.colcon_core.package_identification:_identify(/home/ptrip/ros2_ws/src/cam_sim) by extension 'ignore'
[0.692s] Level 1:colcon.colcon_core.package_identification:_identify(/home/ptrip/ros2_ws/src/cam_sim) by extension 'ignore_ament_install'
[0.692s] Level 1:colcon.colcon_core.package_identification:_identify(/home/ptrip/ros2_ws/src/cam_sim) by extensions ['colcon_pkg']
[0.692s] Level 1:colcon.colcon_core.package_identification:_identify(/home/ptrip/ros2_ws/src/cam_sim) by extension 'colcon_pkg'
[0.692s] Level 1:colcon.colcon_core.package_identification:_identify(/home/ptrip/ros2_ws/src/cam_sim) by extensions ['colcon_meta']
[0.692s] Level 1:colcon.colcon_core.package_identification:_identify(/home/ptrip/ros2_ws/src/cam_sim) by extension 'colcon_meta'
[0.693s] Level 1:colcon.colcon_core.package_identification:_identify(/home/ptrip/ros2_ws/src/cam_sim) by extensions ['ros']
[0.693s] Level 1:colcon.colcon_core.package_identification:_identify(/home/ptrip/ros2_ws/src/cam_sim) by extension 'ros'
[0.700s] DEBUG:colcon.colcon_core.package_identification:Package '/home/ptrip/ros2_ws/src/cam_sim' with type 'ros.ament_python' and name 'cam_sim'
[0.701s] Level 1:colcon.colcon_core.package_discovery:discover_packages(recursive) using defaults
