[4.412s] Invoking command in '/home/ptrip/ros2_ws/build/cam_sim': PYTHONPATH=/home/ptrip/ros2_ws/build/cam_sim/prefix_override:/usr/lib/python3/dist-packages/colcon_core/task/python/colcon_distutils_commands:/home/ptrip/ros2_ws/install/cam_sim/lib/python3.12/site-packages:${PYTHONPATH} /usr/bin/python3 -W ignore:setup.py install is deprecated -W ignore:easy_install command is deprecated setup.py develop --uninstall --editable --build-directory /home/ptrip/ros2_ws/build/cam_sim/build
[5.418s] running develop
[6.048s] Removing /home/ptrip/ros2_ws/install/cam_sim/lib/python3.12/site-packages/cam-sim.egg-link (link to .)
[6.176s] Invoked command in '/home/ptrip/ros2_ws/build/cam_sim' returned '0': PYTHONPATH=/home/ptrip/ros2_ws/build/cam_sim/prefix_override:/usr/lib/python3/dist-packages/colcon_core/task/python/colcon_distutils_commands:/home/ptrip/ros2_ws/install/cam_sim/lib/python3.12/site-packages:${PYTHONPATH} /usr/bin/python3 -W ignore:setup.py install is deprecated -W ignore:easy_install command is deprecated setup.py develop --uninstall --editable --build-directory /home/ptrip/ros2_ws/build/cam_sim/build
[6.180s] Invoking command in '/home/ptrip/ros2_ws/src/cam_sim': PYTHONPATH=/home/ptrip/ros2_ws/build/cam_sim/prefix_override:/usr/lib/python3/dist-packages/colcon_core/task/python/colcon_distutils_commands:/home/ptrip/ros2_ws/install/cam_sim/lib/python3.12/site-packages:${PYTHONPATH} /usr/bin/python3 -W ignore:setup.py install is deprecated -W ignore:easy_install command is deprecated setup.py egg_info --egg-base ../../build/cam_sim build --build-base /home/ptrip/ros2_ws/build/cam_sim/build install --record /home/ptrip/ros2_ws/build/cam_sim/install.log --single-version-externally-managed install_data --force
[6.876s] running egg_info
[6.922s] writing ../../build/cam_sim/cam_sim.egg-info/PKG-INFO
[6.923s] writing dependency_links to ../../build/cam_sim/cam_sim.egg-info/dependency_links.txt
[6.930s] writing entry points to ../../build/cam_sim/cam_sim.egg-info/entry_points.txt
[6.931s] writing requirements to ../../build/cam_sim/cam_sim.egg-info/requires.txt
[6.932s] writing top-level names to ../../build/cam_sim/cam_sim.egg-info/top_level.txt
[7.045s] reading manifest file '../../build/cam_sim/cam_sim.egg-info/SOURCES.txt'
[7.047s] writing manifest file '../../build/cam_sim/cam_sim.egg-info/SOURCES.txt'
[7.048s] running build
[7.048s] running build_py
[7.048s] creating /home/ptrip/ros2_ws/build/cam_sim/build
[7.049s] creating /home/ptrip/ros2_ws/build/cam_sim/build/lib
[7.050s] creating /home/ptrip/ros2_ws/build/cam_sim/build/lib/cam_sim
[7.051s] copying cam_sim/curve_sim.py -> /home/ptrip/ros2_ws/build/cam_sim/build/lib/cam_sim
[7.052s] copying cam_sim/turn_sim.py -> /home/ptrip/ros2_ws/build/cam_sim/build/lib/cam_sim
[7.052s] copying cam_sim/sim_node.py -> /home/ptrip/ros2_ws/build/cam_sim/build/lib/cam_sim
[7.053s] copying cam_sim/final_sim.py -> /home/ptrip/ros2_ws/build/cam_sim/build/lib/cam_sim
[7.053s] copying cam_sim/__init__.py -> /home/ptrip/ros2_ws/build/cam_sim/build/lib/cam_sim
[7.053s] copying cam_sim/top_sim.py -> /home/ptrip/ros2_ws/build/cam_sim/build/lib/cam_sim
[7.054s] running install
[7.071s] running install_lib
[7.109s] creating /home/ptrip/ros2_ws/install/cam_sim/lib/python3.12/site-packages/cam_sim
[7.110s] copying /home/ptrip/ros2_ws/build/cam_sim/build/lib/cam_sim/curve_sim.py -> /home/ptrip/ros2_ws/install/cam_sim/lib/python3.12/site-packages/cam_sim
[7.111s] copying /home/ptrip/ros2_ws/build/cam_sim/build/lib/cam_sim/turn_sim.py -> /home/ptrip/ros2_ws/install/cam_sim/lib/python3.12/site-packages/cam_sim
[7.112s] copying /home/ptrip/ros2_ws/build/cam_sim/build/lib/cam_sim/sim_node.py -> /home/ptrip/ros2_ws/install/cam_sim/lib/python3.12/site-packages/cam_sim
[7.112s] copying /home/ptrip/ros2_ws/build/cam_sim/build/lib/cam_sim/final_sim.py -> /home/ptrip/ros2_ws/install/cam_sim/lib/python3.12/site-packages/cam_sim
[7.113s] copying /home/ptrip/ros2_ws/build/cam_sim/build/lib/cam_sim/__init__.py -> /home/ptrip/ros2_ws/install/cam_sim/lib/python3.12/site-packages/cam_sim
[7.113s] copying /home/ptrip/ros2_ws/build/cam_sim/build/lib/cam_sim/top_sim.py -> /home/ptrip/ros2_ws/install/cam_sim/lib/python3.12/site-packages/cam_sim
[7.115s] byte-compiling /home/ptrip/ros2_ws/install/cam_sim/lib/python3.12/site-packages/cam_sim/curve_sim.py to curve_sim.cpython-312.pyc
[7.121s] byte-compiling /home/ptrip/ros2_ws/install/cam_sim/lib/python3.12/site-packages/cam_sim/turn_sim.py to turn_sim.cpython-312.pyc
[7.125s] byte-compiling /home/ptrip/ros2_ws/install/cam_sim/lib/python3.12/site-packages/cam_sim/sim_node.py to sim_node.cpython-312.pyc
[7.128s] byte-compiling /home/ptrip/ros2_ws/install/cam_sim/lib/python3.12/site-packages/cam_sim/final_sim.py to final_sim.cpython-312.pyc
[7.132s] byte-compiling /home/ptrip/ros2_ws/install/cam_sim/lib/python3.12/site-packages/cam_sim/__init__.py to __init__.cpython-312.pyc
[7.133s] byte-compiling /home/ptrip/ros2_ws/install/cam_sim/lib/python3.12/site-packages/cam_sim/top_sim.py to top_sim.cpython-312.pyc
[7.139s] running install_data
[7.139s] copying resource/cam_sim -> /home/ptrip/ros2_ws/install/cam_sim/share/ament_index/resource_index/packages
[7.140s] copying package.xml -> /home/ptrip/ros2_ws/install/cam_sim/share/cam_sim
[7.141s] running install_egg_info
[7.201s] Copying ../../build/cam_sim/cam_sim.egg-info to /home/ptrip/ros2_ws/install/cam_sim/lib/python3.12/site-packages/cam_sim-0.0.0-py3.12.egg-info
[7.206s] running install_scripts
[7.581s] Installing sim1 script to /home/ptrip/ros2_ws/install/cam_sim/lib/cam_sim
[7.582s] Installing sim2 script to /home/ptrip/ros2_ws/install/cam_sim/lib/cam_sim
[7.583s] Installing sim3 script to /home/ptrip/ros2_ws/install/cam_sim/lib/cam_sim
[7.583s] Installing sim4 script to /home/ptrip/ros2_ws/install/cam_sim/lib/cam_sim
[7.585s] Installing sim5 script to /home/ptrip/ros2_ws/install/cam_sim/lib/cam_sim
[7.587s] writing list of installed files to '/home/ptrip/ros2_ws/build/cam_sim/install.log'
[7.703s] Invoked command in '/home/ptrip/ros2_ws/src/cam_sim' returned '0': PYTHONPATH=/home/ptrip/ros2_ws/build/cam_sim/prefix_override:/usr/lib/python3/dist-packages/colcon_core/task/python/colcon_distutils_commands:/home/ptrip/ros2_ws/install/cam_sim/lib/python3.12/site-packages:${PYTHONPATH} /usr/bin/python3 -W ignore:setup.py install is deprecated -W ignore:easy_install command is deprecated setup.py egg_info --egg-base ../../build/cam_sim build --build-base /home/ptrip/ros2_ws/build/cam_sim/build install --record /home/ptrip/ros2_ws/build/cam_sim/install.log --single-version-externally-managed install_data --force
