[2.649s] Invoking command in '/home/ptrip/ros2_ws/build/cam_sim': PYTHONPATH=/home/ptrip/ros2_ws/build/cam_sim/prefix_override:/usr/lib/python3/dist-packages/colcon_core/task/python/colcon_distutils_commands:/home/ptrip/ros2_ws/install/cam_sim/lib/python3.12/site-packages:${PYTHONPATH} /usr/bin/python3 -W ignore:setup.py install is deprecated -W ignore:easy_install command is deprecated setup.py develop --editable --build-directory /home/ptrip/ros2_ws/build/cam_sim/build --no-deps symlink_data
[3.590s] running develop
[4.079s] running egg_info
[4.121s] writing cam_sim.egg-info/PKG-INFO
[4.122s] writing dependency_links to cam_sim.egg-info/dependency_links.txt
[4.122s] writing entry points to cam_sim.egg-info/entry_points.txt
[4.123s] writing requirements to cam_sim.egg-info/requires.txt
[4.123s] writing top-level names to cam_sim.egg-info/top_level.txt
[4.215s] reading manifest file 'cam_sim.egg-info/SOURCES.txt'
[4.217s] writing manifest file 'cam_sim.egg-info/SOURCES.txt'
[4.263s] running build_ext
[4.263s] Creating /home/ptrip/ros2_ws/install/cam_sim/lib/python3.12/site-packages/cam-sim.egg-link (link to .)
[4.265s] Installing sim1 script to /home/ptrip/ros2_ws/install/cam_sim/lib/cam_sim
[4.266s] Installing sim2 script to /home/ptrip/ros2_ws/install/cam_sim/lib/cam_sim
[4.267s] Installing sim3 script to /home/ptrip/ros2_ws/install/cam_sim/lib/cam_sim
[4.267s] Installing sim4 script to /home/ptrip/ros2_ws/install/cam_sim/lib/cam_sim
[4.268s] 
[4.269s] Installed /home/ptrip/ros2_ws/build/cam_sim
[4.269s] running symlink_data
[4.357s] Invoked command in '/home/ptrip/ros2_ws/build/cam_sim' returned '0': PYTHONPATH=/home/ptrip/ros2_ws/build/cam_sim/prefix_override:/usr/lib/python3/dist-packages/colcon_core/task/python/colcon_distutils_commands:/home/ptrip/ros2_ws/install/cam_sim/lib/python3.12/site-packages:${PYTHONPATH} /usr/bin/python3 -W ignore:setup.py install is deprecated -W ignore:easy_install command is deprecated setup.py develop --editable --build-directory /home/ptrip/ros2_ws/build/cam_sim/build --no-deps symlink_data
