[0.889s] Invoking command in '/home/ptrip/ros2_ws/build/cam_sim': PYTHONPATH=/home/ptrip/ros2_ws/build/cam_sim/prefix_override:/usr/lib/python3/dist-packages/colcon_core/task/python/colcon_distutils_commands:/home/ptrip/ros2_ws/install/cam_sim/lib/python3.12/site-packages:${PYTHONPATH} /usr/bin/python3 -W ignore:setup.py install is deprecated -W ignore:easy_install command is deprecated setup.py develop --editable --build-directory /home/ptrip/ros2_ws/build/cam_sim/build --no-deps symlink_data
[1.272s] running develop
[1.460s] running egg_info
[1.476s] writing cam_sim.egg-info/PKG-INFO
[1.477s] writing dependency_links to cam_sim.egg-info/dependency_links.txt
[1.477s] writing entry points to cam_sim.egg-info/entry_points.txt
[1.477s] writing requirements to cam_sim.egg-info/requires.txt
[1.478s] writing top-level names to cam_sim.egg-info/top_level.txt
[1.514s] reading manifest file 'cam_sim.egg-info/SOURCES.txt'
[1.515s] writing manifest file 'cam_sim.egg-info/SOURCES.txt'
[1.536s] running build_ext
[1.536s] Creating /home/ptrip/ros2_ws/install/cam_sim/lib/python3.12/site-packages/cam-sim.egg-link (link to .)
[1.537s] Installing sim1 script to /home/ptrip/ros2_ws/install/cam_sim/lib/cam_sim
[1.537s] Installing sim2 script to /home/ptrip/ros2_ws/install/cam_sim/lib/cam_sim
[1.537s] Installing sim3 script to /home/ptrip/ros2_ws/install/cam_sim/lib/cam_sim
[1.538s] Installing sim4 script to /home/ptrip/ros2_ws/install/cam_sim/lib/cam_sim
[1.538s] 
[1.538s] Installed /home/ptrip/ros2_ws/build/cam_sim
[1.538s] running symlink_data
[1.607s] Invoked command in '/home/ptrip/ros2_ws/build/cam_sim' returned '0': PYTHONPATH=/home/ptrip/ros2_ws/build/cam_sim/prefix_override:/usr/lib/python3/dist-packages/colcon_core/task/python/colcon_distutils_commands:/home/ptrip/ros2_ws/install/cam_sim/lib/python3.12/site-packages:${PYTHONPATH} /usr/bin/python3 -W ignore:setup.py install is deprecated -W ignore:easy_install command is deprecated setup.py develop --editable --build-directory /home/ptrip/ros2_ws/build/cam_sim/build --no-deps symlink_data
