[2.752s] Invoking command in '/home/ptrip/ros2_ws/src/tello_control/build/tello_control': PYTHONPATH=/home/ptrip/ros2_ws/src/tello_control/build/tello_control/prefix_override:/usr/lib/python3/dist-packages/colcon_core/task/python/colcon_distutils_commands:/home/ptrip/ros2_ws/src/tello_control/install/tello_control/lib/python3.12/site-packages:${PYTHONPATH} /usr/bin/python3 -W ignore:setup.py install is deprecated -W ignore:easy_install command is deprecated setup.py develop --editable --build-directory /home/ptrip/ros2_ws/src/tello_control/build/tello_control/build --no-deps symlink_data
[3.748s] running develop
[4.369s] running egg_info
[4.369s] creating tello_control.egg-info
[4.428s] writing tello_control.egg-info/PKG-INFO
[4.429s] writing dependency_links to tello_control.egg-info/dependency_links.txt
[4.430s] writing entry points to tello_control.egg-info/entry_points.txt
[4.432s] writing requirements to tello_control.egg-info/requires.txt
[4.433s] writing top-level names to tello_control.egg-info/top_level.txt
[4.433s] writing manifest file 'tello_control.egg-info/SOURCES.txt'
[4.610s] reading manifest file 'tello_control.egg-info/SOURCES.txt'
[4.612s] writing manifest file 'tello_control.egg-info/SOURCES.txt'
[4.676s] running build_ext
[4.676s] Creating /home/ptrip/ros2_ws/src/tello_control/install/tello_control/lib/python3.12/site-packages/tello-control.egg-link (link to .)
[4.678s] Installing command script to /home/ptrip/ros2_ws/src/tello_control/install/tello_control/lib/tello_control
[4.680s] Installing control script to /home/ptrip/ros2_ws/src/tello_control/install/tello_control/lib/tello_control
[4.680s] Installing test script to /home/ptrip/ros2_ws/src/tello_control/install/tello_control/lib/tello_control
[4.681s] Installing video script to /home/ptrip/ros2_ws/src/tello_control/install/tello_control/lib/tello_control
[4.682s] 
[4.683s] Installed /home/ptrip/ros2_ws/src/tello_control/build/tello_control
[4.683s] running symlink_data
[4.683s] creating /home/ptrip/ros2_ws/src/tello_control/install/tello_control/share/ament_index
[4.684s] creating /home/ptrip/ros2_ws/src/tello_control/install/tello_control/share/ament_index/resource_index
[4.685s] creating /home/ptrip/ros2_ws/src/tello_control/install/tello_control/share/ament_index/resource_index/packages
[4.687s] symbolically linking /home/ptrip/ros2_ws/src/tello_control/build/tello_control/resource/tello_control -> /home/ptrip/ros2_ws/src/tello_control/install/tello_control/share/ament_index/resource_index/packages
[4.688s] symbolically linking /home/ptrip/ros2_ws/src/tello_control/build/tello_control/package.xml -> /home/ptrip/ros2_ws/src/tello_control/install/tello_control/share/tello_control
[4.837s] Invoked command in '/home/ptrip/ros2_ws/src/tello_control/build/tello_control' returned '0': PYTHONPATH=/home/ptrip/ros2_ws/src/tello_control/build/tello_control/prefix_override:/usr/lib/python3/dist-packages/colcon_core/task/python/colcon_distutils_commands:/home/ptrip/ros2_ws/src/tello_control/install/tello_control/lib/python3.12/site-packages:${PYTHONPATH} /usr/bin/python3 -W ignore:setup.py install is deprecated -W ignore:easy_install command is deprecated setup.py develop --editable --build-directory /home/ptrip/ros2_ws/src/tello_control/build/tello_control/build --no-deps symlink_data
