[4.257s] Invoking command in '/home/ptrip/ros2_ws/src/new_package': PYTHONPATH=/home/ptrip/ros2_ws/build/new_package/prefix_override:/usr/lib/python3/dist-packages/colcon_core/task/python/colcon_distutils_commands:/home/ptrip/ros2_ws/install/new_package/lib/python3.12/site-packages:${PYTHONPATH} /usr/bin/python3 -W ignore:setup.py install is deprecated -W ignore:easy_install command is deprecated setup.py egg_info --egg-base ../../build/new_package build --build-base /home/ptrip/ros2_ws/build/new_package/build install --record /home/ptrip/ros2_ws/build/new_package/install.log --single-version-externally-managed install_data
[4.952s] running egg_info
[4.996s] writing ../../build/new_package/new_package.egg-info/PKG-INFO
[4.998s] writing dependency_links to ../../build/new_package/new_package.egg-info/dependency_links.txt
[4.999s] writing entry points to ../../build/new_package/new_package.egg-info/entry_points.txt
[5.001s] writing requirements to ../../build/new_package/new_package.egg-info/requires.txt
[5.002s] writing top-level names to ../../build/new_package/new_package.egg-info/top_level.txt
[5.091s] reading manifest file '../../build/new_package/new_package.egg-info/SOURCES.txt'
[5.093s] writing manifest file '../../build/new_package/new_package.egg-info/SOURCES.txt'
[5.094s] running build
[5.094s] running build_py
[5.095s] running install
[5.108s] running install_lib
[5.171s] running install_data
[5.171s] running install_egg_info
[5.249s] removing '/home/ptrip/ros2_ws/install/new_package/lib/python3.12/site-packages/new_package-0.0.0-py3.12.egg-info' (and everything under it)
[5.253s] Copying ../../build/new_package/new_package.egg-info to /home/ptrip/ros2_ws/install/new_package/lib/python3.12/site-packages/new_package-0.0.0-py3.12.egg-info
[5.259s] running install_scripts
[5.581s] Installing new_node script to /home/ptrip/ros2_ws/install/new_package/lib/new_package
[5.583s] writing list of installed files to '/home/ptrip/ros2_ws/build/new_package/install.log'
[5.690s] Invoked command in '/home/ptrip/ros2_ws/src/new_package' returned '0': PYTHONPATH=/home/ptrip/ros2_ws/build/new_package/prefix_override:/usr/lib/python3/dist-packages/colcon_core/task/python/colcon_distutils_commands:/home/ptrip/ros2_ws/install/new_package/lib/python3.12/site-packages:${PYTHONPATH} /usr/bin/python3 -W ignore:setup.py install is deprecated -W ignore:easy_install command is deprecated setup.py egg_info --egg-base ../../build/new_package build --build-base /home/ptrip/ros2_ws/build/new_package/build install --record /home/ptrip/ros2_ws/build/new_package/install.log --single-version-externally-managed install_data
