[3.633s] Invoking command in '/home/ptrip/ros2_ws/build/tello_control': PYTHONPATH=/home/ptrip/ros2_ws/build/tello_control/prefix_override:/usr/lib/python3/dist-packages/colcon_core/task/python/colcon_distutils_commands:/home/ptrip/ros2_ws/install/tello_control/lib/python3.12/site-packages:${PYTHONPATH} /usr/bin/python3 -W ignore:setup.py install is deprecated -W ignore:easy_install command is deprecated setup.py develop --editable --build-directory /home/ptrip/ros2_ws/build/tello_control/build --no-deps symlink_data
[4.551s] running develop
[5.072s] running egg_info
[5.117s] writing tello_control.egg-info/PKG-INFO
[5.119s] writing dependency_links to tello_control.egg-info/dependency_links.txt
[5.119s] writing entry points to tello_control.egg-info/entry_points.txt
[5.120s] writing requirements to tello_control.egg-info/requires.txt
[5.120s] writing top-level names to tello_control.egg-info/top_level.txt
[5.222s] reading manifest file 'tello_control.egg-info/SOURCES.txt'
[5.223s] writing manifest file 'tello_control.egg-info/SOURCES.txt'
[5.284s] running build_ext
[5.285s] Creating /home/ptrip/ros2_ws/install/tello_control/lib/python3.12/site-packages/tello-control.egg-link (link to .)
[5.286s] Installing command script to /home/ptrip/ros2_ws/install/tello_control/lib/tello_control
[5.287s] Installing control script to /home/ptrip/ros2_ws/install/tello_control/lib/tello_control
[5.287s] Installing test script to /home/ptrip/ros2_ws/install/tello_control/lib/tello_control
[5.288s] Installing video script to /home/ptrip/ros2_ws/install/tello_control/lib/tello_control
[5.289s] 
[5.290s] Installed /home/ptrip/ros2_ws/build/tello_control
[5.290s] running symlink_data
[5.396s] Invoked command in '/home/ptrip/ros2_ws/build/tello_control' returned '0': PYTHONPATH=/home/ptrip/ros2_ws/build/tello_control/prefix_override:/usr/lib/python3/dist-packages/colcon_core/task/python/colcon_distutils_commands:/home/ptrip/ros2_ws/install/tello_control/lib/python3.12/site-packages:${PYTHONPATH} /usr/bin/python3 -W ignore:setup.py install is deprecated -W ignore:easy_install command is deprecated setup.py develop --editable --build-directory /home/ptrip/ros2_ws/build/tello_control/build --no-deps symlink_data
