running develop
running egg_info
creating camera_sim.egg-info
writing camera_sim.egg-info/PKG-INFO
writing dependency_links to camera_sim.egg-info/dependency_links.txt
writing entry points to camera_sim.egg-info/entry_points.txt
writing requirements to camera_sim.egg-info/requires.txt
writing top-level names to camera_sim.egg-info/top_level.txt
writing manifest file 'camera_sim.egg-info/SOURCES.txt'
reading manifest file 'camera_sim.egg-info/SOURCES.txt'
writing manifest file 'camera_sim.egg-info/SOURCES.txt'
running build_ext
Creating /home/ptrip/ros2_ws/install/camera_sim/lib/python3.12/site-packages/camera-sim.egg-link (link to .)
Installing sim script to /home/ptrip/ros2_ws/install/camera_sim/lib/camera_sim

Installed /home/ptrip/ros2_ws/build/camera_sim
running symlink_data
creating /home/ptrip/ros2_ws/install/camera_sim/share/ament_index
creating /home/ptrip/ros2_ws/install/camera_sim/share/ament_index/resource_index
creating /home/ptrip/ros2_ws/install/camera_sim/share/ament_index/resource_index/packages
symbolically linking /home/ptrip/ros2_ws/build/camera_sim/resource/camera_sim -> /home/ptrip/ros2_ws/install/camera_sim/share/ament_index/resource_index/packages
symbolically linking /home/ptrip/ros2_ws/build/camera_sim/package.xml -> /home/ptrip/ros2_ws/install/camera_sim/share/camera_sim
