[1.916s] Invoking command in '/home/ptrip/ros2_ws/build/camera_sim': PYTHONPATH=/home/ptrip/ros2_ws/build/camera_sim/prefix_override:/usr/lib/python3/dist-packages/colcon_core/task/python/colcon_distutils_commands:/home/ptrip/ros2_ws/install/camera_sim/lib/python3.12/site-packages:${PYTHONPATH} VIRTUAL_ENV_PROMPT=(venv) /usr/bin/python3 -W ignore:setup.py install is deprecated -W ignore:easy_install command is deprecated setup.py develop --editable --build-directory /home/ptrip/ros2_ws/build/camera_sim/build --no-deps symlink_data
[2.725s] running develop
[3.313s] running egg_info
[3.313s] creating camera_sim.egg-info
[3.372s] writing camera_sim.egg-info/PKG-INFO
[3.374s] writing dependency_links to camera_sim.egg-info/dependency_links.txt
[3.376s] writing entry points to camera_sim.egg-info/entry_points.txt
[3.377s] writing requirements to camera_sim.egg-info/requires.txt
[3.378s] writing top-level names to camera_sim.egg-info/top_level.txt
[3.380s] writing manifest file 'camera_sim.egg-info/SOURCES.txt'
[3.474s] reading manifest file 'camera_sim.egg-info/SOURCES.txt'
[3.476s] writing manifest file 'camera_sim.egg-info/SOURCES.txt'
[3.528s] running build_ext
[3.528s] Creating /home/ptrip/ros2_ws/install/camera_sim/lib/python3.12/site-packages/camera-sim.egg-link (link to .)
[3.530s] Installing sim script to /home/ptrip/ros2_ws/install/camera_sim/lib/camera_sim
[3.532s] 
[3.532s] Installed /home/ptrip/ros2_ws/build/camera_sim
[3.533s] running symlink_data
[3.534s] creating /home/ptrip/ros2_ws/install/camera_sim/share/ament_index
[3.536s] creating /home/ptrip/ros2_ws/install/camera_sim/share/ament_index/resource_index
[3.539s] creating /home/ptrip/ros2_ws/install/camera_sim/share/ament_index/resource_index/packages
[3.542s] symbolically linking /home/ptrip/ros2_ws/build/camera_sim/resource/camera_sim -> /home/ptrip/ros2_ws/install/camera_sim/share/ament_index/resource_index/packages
[3.543s] symbolically linking /home/ptrip/ros2_ws/build/camera_sim/package.xml -> /home/ptrip/ros2_ws/install/camera_sim/share/camera_sim
[3.680s] Invoked command in '/home/ptrip/ros2_ws/build/camera_sim' returned '0': PYTHONPATH=/home/ptrip/ros2_ws/build/camera_sim/prefix_override:/usr/lib/python3/dist-packages/colcon_core/task/python/colcon_distutils_commands:/home/ptrip/ros2_ws/install/camera_sim/lib/python3.12/site-packages:${PYTHONPATH} VIRTUAL_ENV_PROMPT=(venv) /usr/bin/python3 -W ignore:setup.py install is deprecated -W ignore:easy_install command is deprecated setup.py develop --editable --build-directory /home/ptrip/ros2_ws/build/camera_sim/build --no-deps symlink_data
