[4.147s] Invoking command in '/home/ptrip/ros2_ws/src/new_package': PYTHONPATH=/home/ptrip/ros2_ws/build/new_package/prefix_override:/usr/lib/python3/dist-packages/colcon_core/task/python/colcon_distutils_commands:/home/ptrip/ros2_ws/install/new_package/lib/python3.12/site-packages:${PYTHONPATH} /usr/bin/python3 -W ignore:setup.py install is deprecated -W ignore:easy_install command is deprecated setup.py egg_info --egg-base ../../build/new_package build --build-base /home/ptrip/ros2_ws/build/new_package/build install --record /home/ptrip/ros2_ws/build/new_package/install.log --single-version-externally-managed install_data
[4.702s] running egg_info
[4.778s] writing ../../build/new_package/new_package.egg-info/PKG-INFO
[4.780s] writing dependency_links to ../../build/new_package/new_package.egg-info/dependency_links.txt
[4.781s] writing entry points to ../../build/new_package/new_package.egg-info/entry_points.txt
[4.785s] writing requirements to ../../build/new_package/new_package.egg-info/requires.txt
[4.785s] writing top-level names to ../../build/new_package/new_package.egg-info/top_level.txt
[4.866s] reading manifest file '../../build/new_package/new_package.egg-info/SOURCES.txt'
[4.867s] writing manifest file '../../build/new_package/new_package.egg-info/SOURCES.txt'
[4.867s] running build
[4.868s] running build_py
[4.868s] running install
[4.883s] running install_lib
[4.922s] running install_data
[4.922s] running install_egg_info
[4.967s] removing '/home/ptrip/ros2_ws/install/new_package/lib/python3.12/site-packages/new_package-0.0.0-py3.12.egg-info' (and everything under it)
[4.987s] Copying ../../build/new_package/new_package.egg-info to /home/ptrip/ros2_ws/install/new_package/lib/python3.12/site-packages/new_package-0.0.0-py3.12.egg-info
[5.011s] running install_scripts
[5.343s] Installing new_node script to /home/ptrip/ros2_ws/install/new_package/lib/new_package
[5.346s] writing list of installed files to '/home/ptrip/ros2_ws/build/new_package/install.log'
[5.457s] Invoked command in '/home/ptrip/ros2_ws/src/new_package' returned '0': PYTHONPATH=/home/ptrip/ros2_ws/build/new_package/prefix_override:/usr/lib/python3/dist-packages/colcon_core/task/python/colcon_distutils_commands:/home/ptrip/ros2_ws/install/new_package/lib/python3.12/site-packages:${PYTHONPATH} /usr/bin/python3 -W ignore:setup.py install is deprecated -W ignore:easy_install command is deprecated setup.py egg_info --egg-base ../../build/new_package build --build-base /home/ptrip/ros2_ws/build/new_package/build install --record /home/ptrip/ros2_ws/build/new_package/install.log --single-version-externally-managed install_data
