[2.560s] Invoking command in '/home/ptrip/ros2_ws/build/cam_sim': PYTHONPATH=/home/ptrip/ros2_ws/build/cam_sim/prefix_override:/usr/lib/python3/dist-packages/colcon_core/task/python/colcon_distutils_commands:/home/ptrip/ros2_ws/install/cam_sim/lib/python3.12/site-packages:${PYTHONPATH} /usr/bin/python3 -W ignore:setup.py install is deprecated -W ignore:easy_install command is deprecated setup.py develop --editable --build-directory /home/ptrip/ros2_ws/build/cam_sim/build --no-deps symlink_data
[3.536s] running develop
[4.032s] running egg_info
[4.077s] writing cam_sim.egg-info/PKG-INFO
[4.093s] writing dependency_links to cam_sim.egg-info/dependency_links.txt
[4.094s] writing entry points to cam_sim.egg-info/entry_points.txt
[4.095s] writing requirements to cam_sim.egg-info/requires.txt
[4.095s] writing top-level names to cam_sim.egg-info/top_level.txt
[4.186s] reading manifest file 'cam_sim.egg-info/SOURCES.txt'
[4.188s] writing manifest file 'cam_sim.egg-info/SOURCES.txt'
[4.234s] running build_ext
[4.235s] Creating /home/ptrip/ros2_ws/install/cam_sim/lib/python3.12/site-packages/cam-sim.egg-link (link to .)
[4.237s] Installing sim1 script to /home/ptrip/ros2_ws/install/cam_sim/lib/cam_sim
[4.238s] Installing sim2 script to /home/ptrip/ros2_ws/install/cam_sim/lib/cam_sim
[4.239s] Installing sim3 script to /home/ptrip/ros2_ws/install/cam_sim/lib/cam_sim
[4.240s] Installing sim4 script to /home/ptrip/ros2_ws/install/cam_sim/lib/cam_sim
[4.242s] 
[4.242s] Installed /home/ptrip/ros2_ws/build/cam_sim
[4.243s] running symlink_data
[4.328s] Invoked command in '/home/ptrip/ros2_ws/build/cam_sim' returned '0': PYTHONPATH=/home/ptrip/ros2_ws/build/cam_sim/prefix_override:/usr/lib/python3/dist-packages/colcon_core/task/python/colcon_distutils_commands:/home/ptrip/ros2_ws/install/cam_sim/lib/python3.12/site-packages:${PYTHONPATH} /usr/bin/python3 -W ignore:setup.py install is deprecated -W ignore:easy_install command is deprecated setup.py develop --editable --build-directory /home/ptrip/ros2_ws/build/cam_sim/build --no-deps symlink_data
