[1.978s] Invoking command in '/home/ptrip/ros2_ws/build/cam_sim': PYTHONPATH=/home/ptrip/ros2_ws/build/cam_sim/prefix_override:/usr/lib/python3/dist-packages/colcon_core/task/python/colcon_distutils_commands:/home/ptrip/ros2_ws/install/cam_sim/lib/python3.12/site-packages:${PYTHONPATH} /usr/bin/python3 -W ignore:setup.py install is deprecated -W ignore:easy_install command is deprecated setup.py develop --editable --build-directory /home/ptrip/ros2_ws/build/cam_sim/build --no-deps symlink_data
[2.440s] running develop
[2.678s] running egg_info
[2.700s] writing cam_sim.egg-info/PKG-INFO
[2.702s] writing dependency_links to cam_sim.egg-info/dependency_links.txt
[2.702s] writing entry points to cam_sim.egg-info/entry_points.txt
[2.703s] writing requirements to cam_sim.egg-info/requires.txt
[2.703s] writing top-level names to cam_sim.egg-info/top_level.txt
[2.745s] reading manifest file 'cam_sim.egg-info/SOURCES.txt'
[2.745s] writing manifest file 'cam_sim.egg-info/SOURCES.txt'
[2.767s] running build_ext
[2.768s] Creating /home/ptrip/ros2_ws/install/cam_sim/lib/python3.12/site-packages/cam-sim.egg-link (link to .)
[2.769s] Installing sim1 script to /home/ptrip/ros2_ws/install/cam_sim/lib/cam_sim
[2.769s] Installing sim2 script to /home/ptrip/ros2_ws/install/cam_sim/lib/cam_sim
[2.770s] Installing sim3 script to /home/ptrip/ros2_ws/install/cam_sim/lib/cam_sim
[2.770s] Installing sim4 script to /home/ptrip/ros2_ws/install/cam_sim/lib/cam_sim
[2.770s] Installing sim5 script to /home/ptrip/ros2_ws/install/cam_sim/lib/cam_sim
[2.772s] 
[2.772s] Installed /home/ptrip/ros2_ws/build/cam_sim
[2.772s] running symlink_data
[2.839s] Invoked command in '/home/ptrip/ros2_ws/build/cam_sim' returned '0': PYTHONPATH=/home/ptrip/ros2_ws/build/cam_sim/prefix_override:/usr/lib/python3/dist-packages/colcon_core/task/python/colcon_distutils_commands:/home/ptrip/ros2_ws/install/cam_sim/lib/python3.12/site-packages:${PYTHONPATH} /usr/bin/python3 -W ignore:setup.py install is deprecated -W ignore:easy_install command is deprecated setup.py develop --editable --build-directory /home/ptrip/ros2_ws/build/cam_sim/build --no-deps symlink_data
