[2.044s] Invoking command in '/home/ptrip/ros2_ws/src/drone_sim': PYTHONPATH=/home/ptrip/ros2_ws/build/drone_sim/prefix_override:/usr/lib/python3/dist-packages/colcon_core/task/python/colcon_distutils_commands:/home/ptrip/ros2_ws/install/drone_sim/lib/python3.12/site-packages:${PYTHONPATH} /usr/bin/python3 -W ignore:setup.py install is deprecated -W ignore:easy_install command is deprecated setup.py egg_info --egg-base ../../build/drone_sim build --build-base /home/ptrip/ros2_ws/build/drone_sim/build install --record /home/ptrip/ros2_ws/build/drone_sim/install.log --single-version-externally-managed install_data
[2.594s] running egg_info
[2.631s] writing ../../build/drone_sim/drone_sim.egg-info/PKG-INFO
[2.632s] writing dependency_links to ../../build/drone_sim/drone_sim.egg-info/dependency_links.txt
[2.633s] writing entry points to ../../build/drone_sim/drone_sim.egg-info/entry_points.txt
[2.634s] writing requirements to ../../build/drone_sim/drone_sim.egg-info/requires.txt
[2.635s] writing top-level names to ../../build/drone_sim/drone_sim.egg-info/top_level.txt
[2.729s] reading manifest file '../../build/drone_sim/drone_sim.egg-info/SOURCES.txt'
[2.732s] writing manifest file '../../build/drone_sim/drone_sim.egg-info/SOURCES.txt'
[2.734s] running build
[2.735s] running build_py
[2.736s] copying drone_sim/sim_node.py -> /home/ptrip/ros2_ws/build/drone_sim/build/lib/drone_sim
[2.736s] running install
[2.750s] running install_lib
[2.788s] copying /home/ptrip/ros2_ws/build/drone_sim/build/lib/drone_sim/sim_node.py -> /home/ptrip/ros2_ws/install/drone_sim/lib/python3.12/site-packages/drone_sim
[2.789s] byte-compiling /home/ptrip/ros2_ws/install/drone_sim/lib/python3.12/site-packages/drone_sim/sim_node.py to sim_node.cpython-312.pyc
[2.794s] running install_data
[2.794s] running install_egg_info
[2.836s] removing '/home/ptrip/ros2_ws/install/drone_sim/lib/python3.12/site-packages/drone_sim-0.0.0-py3.12.egg-info' (and everything under it)
[2.838s] Copying ../../build/drone_sim/drone_sim.egg-info to /home/ptrip/ros2_ws/install/drone_sim/lib/python3.12/site-packages/drone_sim-0.0.0-py3.12.egg-info
[2.842s] running install_scripts
[3.092s] Installing sim_node script to /home/ptrip/ros2_ws/install/drone_sim/lib/drone_sim
[3.093s] writing list of installed files to '/home/ptrip/ros2_ws/build/drone_sim/install.log'
[3.176s] Invoked command in '/home/ptrip/ros2_ws/src/drone_sim' returned '0': PYTHONPATH=/home/ptrip/ros2_ws/build/drone_sim/prefix_override:/usr/lib/python3/dist-packages/colcon_core/task/python/colcon_distutils_commands:/home/ptrip/ros2_ws/install/drone_sim/lib/python3.12/site-packages:${PYTHONPATH} /usr/bin/python3 -W ignore:setup.py install is deprecated -W ignore:easy_install command is deprecated setup.py egg_info --egg-base ../../build/drone_sim build --build-base /home/ptrip/ros2_ws/build/drone_sim/build install --record /home/ptrip/ros2_ws/build/drone_sim/install.log --single-version-externally-managed install_data
