[1.586s] Invoking command in '/home/ptrip/ros2_ws/build/cam_sim': PYTHONPATH=/home/ptrip/ros2_ws/build/cam_sim/prefix_override:/usr/lib/python3/dist-packages/colcon_core/task/python/colcon_distutils_commands:/home/ptrip/ros2_ws/install/cam_sim/lib/python3.12/site-packages:${PYTHONPATH} /usr/bin/python3 -W ignore:setup.py install is deprecated -W ignore:easy_install command is deprecated setup.py develop --editable --build-directory /home/ptrip/ros2_ws/build/cam_sim/build --no-deps symlink_data
[2.037s] running develop
[2.266s] running egg_info
[2.286s] writing cam_sim.egg-info/PKG-INFO
[2.287s] writing dependency_links to cam_sim.egg-info/dependency_links.txt
[2.288s] writing entry points to cam_sim.egg-info/entry_points.txt
[2.288s] writing requirements to cam_sim.egg-info/requires.txt
[2.288s] writing top-level names to cam_sim.egg-info/top_level.txt
[2.332s] reading manifest file 'cam_sim.egg-info/SOURCES.txt'
[2.334s] writing manifest file 'cam_sim.egg-info/SOURCES.txt'
[2.355s] running build_ext
[2.356s] Creating /home/ptrip/ros2_ws/install/cam_sim/lib/python3.12/site-packages/cam-sim.egg-link (link to .)
[2.358s] Installing sim1 script to /home/ptrip/ros2_ws/install/cam_sim/lib/cam_sim
[2.358s] Installing sim2 script to /home/ptrip/ros2_ws/install/cam_sim/lib/cam_sim
[2.360s] Installing sim3 script to /home/ptrip/ros2_ws/install/cam_sim/lib/cam_sim
[2.360s] Installing sim4 script to /home/ptrip/ros2_ws/install/cam_sim/lib/cam_sim
[2.361s] Installing sim5 script to /home/ptrip/ros2_ws/install/cam_sim/lib/cam_sim
[2.362s] 
[2.362s] Installed /home/ptrip/ros2_ws/build/cam_sim
[2.362s] running symlink_data
[2.428s] Invoked command in '/home/ptrip/ros2_ws/build/cam_sim' returned '0': PYTHONPATH=/home/ptrip/ros2_ws/build/cam_sim/prefix_override:/usr/lib/python3/dist-packages/colcon_core/task/python/colcon_distutils_commands:/home/ptrip/ros2_ws/install/cam_sim/lib/python3.12/site-packages:${PYTHONPATH} /usr/bin/python3 -W ignore:setup.py install is deprecated -W ignore:easy_install command is deprecated setup.py develop --editable --build-directory /home/ptrip/ros2_ws/build/cam_sim/build --no-deps symlink_data
