[4.719s] Invoking command in '/home/ptrip/ros2_ws/build/cam_sim': PYTHONPATH=/home/ptrip/ros2_ws/build/cam_sim/prefix_override:/usr/lib/python3/dist-packages/colcon_core/task/python/colcon_distutils_commands:/home/ptrip/ros2_ws/install/cam_sim/lib/python3.12/site-packages:${PYTHONPATH} /usr/bin/python3 -W ignore:setup.py install is deprecated -W ignore:easy_install command is deprecated setup.py develop --editable --build-directory /home/ptrip/ros2_ws/build/cam_sim/build --no-deps symlink_data
[5.865s] running develop
[6.548s] running egg_info
[6.621s] writing cam_sim.egg-info/PKG-INFO
[6.622s] writing dependency_links to cam_sim.egg-info/dependency_links.txt
[6.624s] writing entry points to cam_sim.egg-info/entry_points.txt
[6.625s] writing requirements to cam_sim.egg-info/requires.txt
[6.627s] writing top-level names to cam_sim.egg-info/top_level.txt
[6.779s] reading manifest file 'cam_sim.egg-info/SOURCES.txt'
[6.783s] writing manifest file 'cam_sim.egg-info/SOURCES.txt'
[6.866s] running build_ext
[6.866s] Creating /home/ptrip/ros2_ws/install/cam_sim/lib/python3.12/site-packages/cam-sim.egg-link (link to .)
[6.870s] Installing sim1 script to /home/ptrip/ros2_ws/install/cam_sim/lib/cam_sim
[6.871s] Installing sim2 script to /home/ptrip/ros2_ws/install/cam_sim/lib/cam_sim
[6.873s] Installing sim3 script to /home/ptrip/ros2_ws/install/cam_sim/lib/cam_sim
[6.873s] Installing sim4 script to /home/ptrip/ros2_ws/install/cam_sim/lib/cam_sim
[6.874s] Installing sim5 script to /home/ptrip/ros2_ws/install/cam_sim/lib/cam_sim
[6.875s] 
[6.877s] Installed /home/ptrip/ros2_ws/build/cam_sim
[6.877s] running symlink_data
[7.011s] Invoked command in '/home/ptrip/ros2_ws/build/cam_sim' returned '0': PYTHONPATH=/home/ptrip/ros2_ws/build/cam_sim/prefix_override:/usr/lib/python3/dist-packages/colcon_core/task/python/colcon_distutils_commands:/home/ptrip/ros2_ws/install/cam_sim/lib/python3.12/site-packages:${PYTHONPATH} /usr/bin/python3 -W ignore:setup.py install is deprecated -W ignore:easy_install command is deprecated setup.py develop --editable --build-directory /home/ptrip/ros2_ws/build/cam_sim/build --no-deps symlink_data
