[1.925s] Invoking command in '/home/ptrip/ros2_ws/build/cam_sim': PYTHONPATH=/home/ptrip/ros2_ws/build/cam_sim/prefix_override:/usr/lib/python3/dist-packages/colcon_core/task/python/colcon_distutils_commands:/home/ptrip/ros2_ws/install/cam_sim/lib/python3.12/site-packages:${PYTHONPATH} /usr/bin/python3 -W ignore:setup.py install is deprecated -W ignore:easy_install command is deprecated setup.py develop --uninstall --editable --build-directory /home/ptrip/ros2_ws/build/cam_sim/build
[2.288s] running develop
[2.543s] Removing /home/ptrip/ros2_ws/install/cam_sim/lib/python3.12/site-packages/cam-sim.egg-link (link to .)
[2.615s] Invoked command in '/home/ptrip/ros2_ws/build/cam_sim' returned '0': PYTHONPATH=/home/ptrip/ros2_ws/build/cam_sim/prefix_override:/usr/lib/python3/dist-packages/colcon_core/task/python/colcon_distutils_commands:/home/ptrip/ros2_ws/install/cam_sim/lib/python3.12/site-packages:${PYTHONPATH} /usr/bin/python3 -W ignore:setup.py install is deprecated -W ignore:easy_install command is deprecated setup.py develop --uninstall --editable --build-directory /home/ptrip/ros2_ws/build/cam_sim/build
[2.617s] Invoking command in '/home/ptrip/ros2_ws/src/cam_sim': PYTHONPATH=/home/ptrip/ros2_ws/build/cam_sim/prefix_override:/usr/lib/python3/dist-packages/colcon_core/task/python/colcon_distutils_commands:/home/ptrip/ros2_ws/install/cam_sim/lib/python3.12/site-packages:${PYTHONPATH} /usr/bin/python3 -W ignore:setup.py install is deprecated -W ignore:easy_install command is deprecated setup.py egg_info --egg-base ../../build/cam_sim build --build-base /home/ptrip/ros2_ws/build/cam_sim/build install --record /home/ptrip/ros2_ws/build/cam_sim/install.log --single-version-externally-managed install_data --force
[2.920s] running egg_info
[2.943s] writing ../../build/cam_sim/cam_sim.egg-info/PKG-INFO
[2.945s] writing dependency_links to ../../build/cam_sim/cam_sim.egg-info/dependency_links.txt
[2.945s] writing entry points to ../../build/cam_sim/cam_sim.egg-info/entry_points.txt
[2.947s] writing requirements to ../../build/cam_sim/cam_sim.egg-info/requires.txt
[2.947s] writing top-level names to ../../build/cam_sim/cam_sim.egg-info/top_level.txt
[2.995s] reading manifest file '../../build/cam_sim/cam_sim.egg-info/SOURCES.txt'
[3.002s] writing manifest file '../../build/cam_sim/cam_sim.egg-info/SOURCES.txt'
[3.002s] running build
[3.002s] running build_py
[3.002s] creating /home/ptrip/ros2_ws/build/cam_sim/build
[3.003s] creating /home/ptrip/ros2_ws/build/cam_sim/build/lib
[3.004s] creating /home/ptrip/ros2_ws/build/cam_sim/build/lib/cam_sim
[3.004s] copying cam_sim/sim_node.py -> /home/ptrip/ros2_ws/build/cam_sim/build/lib/cam_sim
[3.005s] copying cam_sim/__init__.py -> /home/ptrip/ros2_ws/build/cam_sim/build/lib/cam_sim
[3.005s] running install
[3.012s] running install_lib
[3.035s] creating /home/ptrip/ros2_ws/install/cam_sim/lib/python3.12/site-packages/cam_sim
[3.036s] copying /home/ptrip/ros2_ws/build/cam_sim/build/lib/cam_sim/sim_node.py -> /home/ptrip/ros2_ws/install/cam_sim/lib/python3.12/site-packages/cam_sim
[3.036s] copying /home/ptrip/ros2_ws/build/cam_sim/build/lib/cam_sim/__init__.py -> /home/ptrip/ros2_ws/install/cam_sim/lib/python3.12/site-packages/cam_sim
[3.038s] byte-compiling /home/ptrip/ros2_ws/install/cam_sim/lib/python3.12/site-packages/cam_sim/sim_node.py to sim_node.cpython-312.pyc
[3.040s] byte-compiling /home/ptrip/ros2_ws/install/cam_sim/lib/python3.12/site-packages/cam_sim/__init__.py to __init__.cpython-312.pyc
[3.041s] running install_data
[3.041s] copying resource/cam_sim -> /home/ptrip/ros2_ws/install/cam_sim/share/ament_index/resource_index/packages
[3.042s] copying package.xml -> /home/ptrip/ros2_ws/install/cam_sim/share/cam_sim
[3.042s] running install_egg_info
[3.066s] Copying ../../build/cam_sim/cam_sim.egg-info to /home/ptrip/ros2_ws/install/cam_sim/lib/python3.12/site-packages/cam_sim-0.0.0-py3.12.egg-info
[3.071s] running install_scripts
[3.276s] Installing sim script to /home/ptrip/ros2_ws/install/cam_sim/lib/cam_sim
[3.278s] writing list of installed files to '/home/ptrip/ros2_ws/build/cam_sim/install.log'
[3.365s] Invoked command in '/home/ptrip/ros2_ws/src/cam_sim' returned '0': PYTHONPATH=/home/ptrip/ros2_ws/build/cam_sim/prefix_override:/usr/lib/python3/dist-packages/colcon_core/task/python/colcon_distutils_commands:/home/ptrip/ros2_ws/install/cam_sim/lib/python3.12/site-packages:${PYTHONPATH} /usr/bin/python3 -W ignore:setup.py install is deprecated -W ignore:easy_install command is deprecated setup.py egg_info --egg-base ../../build/cam_sim build --build-base /home/ptrip/ros2_ws/build/cam_sim/build install --record /home/ptrip/ros2_ws/build/cam_sim/install.log --single-version-externally-managed install_data --force
