[4.121s] Invoking command in '/home/ptrip/ros2_ws/build/tello_control': PYTHONPATH=/home/ptrip/ros2_ws/build/tello_control/prefix_override:/usr/lib/python3/dist-packages/colcon_core/task/python/colcon_distutils_commands:/home/ptrip/ros2_ws/install/tello_control/lib/python3.12/site-packages:${PYTHONPATH} /usr/bin/python3 -W ignore:setup.py install is deprecated -W ignore:easy_install command is deprecated setup.py develop --editable --build-directory /home/ptrip/ros2_ws/build/tello_control/build --no-deps symlink_data --force
[5.272s] running develop
[5.825s] running egg_info
[5.866s] writing tello_control.egg-info/PKG-INFO
[5.866s] writing dependency_links to tello_control.egg-info/dependency_links.txt
[5.867s] writing entry points to tello_control.egg-info/entry_points.txt
[5.867s] writing requirements to tello_control.egg-info/requires.txt
[5.867s] writing top-level names to tello_control.egg-info/top_level.txt
[5.949s] reading manifest file 'tello_control.egg-info/SOURCES.txt'
[5.951s] writing manifest file 'tello_control.egg-info/SOURCES.txt'
[6.001s] running build_ext
[6.006s] Creating /home/ptrip/ros2_ws/install/tello_control/lib/python3.12/site-packages/tello-control.egg-link (link to .)
[6.007s] Installing command script to /home/ptrip/ros2_ws/install/tello_control/lib/tello_control
[6.009s] Installing control script to /home/ptrip/ros2_ws/install/tello_control/lib/tello_control
[6.009s] Installing test script to /home/ptrip/ros2_ws/install/tello_control/lib/tello_control
[6.009s] 
[6.010s] Installed /home/ptrip/ros2_ws/build/tello_control
[6.010s] running symlink_data
[6.010s] symbolically linking /home/ptrip/ros2_ws/build/tello_control/resource/tello_control -> /home/ptrip/ros2_ws/install/tello_control/share/ament_index/resource_index/packages
[6.011s] symbolically linking /home/ptrip/ros2_ws/build/tello_control/package.xml -> /home/ptrip/ros2_ws/install/tello_control/share/tello_control
[6.122s] Invoked command in '/home/ptrip/ros2_ws/build/tello_control' returned '0': PYTHONPATH=/home/ptrip/ros2_ws/build/tello_control/prefix_override:/usr/lib/python3/dist-packages/colcon_core/task/python/colcon_distutils_commands:/home/ptrip/ros2_ws/install/tello_control/lib/python3.12/site-packages:${PYTHONPATH} /usr/bin/python3 -W ignore:setup.py install is deprecated -W ignore:easy_install command is deprecated setup.py develop --editable --build-directory /home/ptrip/ros2_ws/build/tello_control/build --no-deps symlink_data --force
