[9.199s] Invoking command in '/home/ptrip/ros2_ws/src/new_package': PYTHONPATH=/home/ptrip/ros2_ws/build/new_package/prefix_override:/usr/lib/python3/dist-packages/colcon_core/task/python/colcon_distutils_commands:/home/ptrip/ros2_ws/install/new_package/lib/python3.12/site-packages:${PYTHONPATH} /usr/bin/python3 -W ignore:setup.py install is deprecated -W ignore:easy_install command is deprecated setup.py egg_info --egg-base ../../build/new_package build --build-base /home/ptrip/ros2_ws/build/new_package/build install --record /home/ptrip/ros2_ws/build/new_package/install.log --single-version-externally-managed install_data
[12.720s] running egg_info
[12.852s] writing ../../build/new_package/new_package.egg-info/PKG-INFO
[12.857s] writing dependency_links to ../../build/new_package/new_package.egg-info/dependency_links.txt
[12.858s] writing entry points to ../../build/new_package/new_package.egg-info/entry_points.txt
[13.099s] writing requirements to ../../build/new_package/new_package.egg-info/requires.txt
[13.102s] writing top-level names to ../../build/new_package/new_package.egg-info/top_level.txt
[13.446s] reading manifest file '../../build/new_package/new_package.egg-info/SOURCES.txt'
[13.448s] writing manifest file '../../build/new_package/new_package.egg-info/SOURCES.txt'
[13.451s] running build
[13.453s] running build_py
[13.454s] running install
[13.569s] running install_lib
[13.721s] running install_data
[13.723s] running install_egg_info
[13.993s] removing '/home/ptrip/ros2_ws/install/new_package/lib/python3.12/site-packages/new_package-0.0.0-py3.12.egg-info' (and everything under it)
[13.994s] Copying ../../build/new_package/new_package.egg-info to /home/ptrip/ros2_ws/install/new_package/lib/python3.12/site-packages/new_package-0.0.0-py3.12.egg-info
[13.995s] running install_scripts
[15.701s] Installing new_node script to /home/ptrip/ros2_ws/install/new_package/lib/new_package
[15.704s] writing list of installed files to '/home/ptrip/ros2_ws/build/new_package/install.log'
[15.995s] Invoked command in '/home/ptrip/ros2_ws/src/new_package' returned '0': PYTHONPATH=/home/ptrip/ros2_ws/build/new_package/prefix_override:/usr/lib/python3/dist-packages/colcon_core/task/python/colcon_distutils_commands:/home/ptrip/ros2_ws/install/new_package/lib/python3.12/site-packages:${PYTHONPATH} /usr/bin/python3 -W ignore:setup.py install is deprecated -W ignore:easy_install command is deprecated setup.py egg_info --egg-base ../../build/new_package build --build-base /home/ptrip/ros2_ws/build/new_package/build install --record /home/ptrip/ros2_ws/build/new_package/install.log --single-version-externally-managed install_data
