[2.683s] Invoking command in '/home/ptrip/ros2_ws/build/cam_sim': PYTHONPATH=/home/ptrip/ros2_ws/build/cam_sim/prefix_override:/usr/lib/python3/dist-packages/colcon_core/task/python/colcon_distutils_commands:/home/ptrip/ros2_ws/install/cam_sim/lib/python3.12/site-packages:${PYTHONPATH} /usr/bin/python3 -W ignore:setup.py install is deprecated -W ignore:easy_install command is deprecated setup.py develop --editable --build-directory /home/ptrip/ros2_ws/build/cam_sim/build --no-deps symlink_data
[3.730s] running develop
[4.323s] running egg_info
[4.375s] writing cam_sim.egg-info/PKG-INFO
[4.376s] writing dependency_links to cam_sim.egg-info/dependency_links.txt
[4.377s] writing entry points to cam_sim.egg-info/entry_points.txt
[4.377s] writing requirements to cam_sim.egg-info/requires.txt
[4.378s] writing top-level names to cam_sim.egg-info/top_level.txt
[4.484s] reading manifest file 'cam_sim.egg-info/SOURCES.txt'
[4.486s] writing manifest file 'cam_sim.egg-info/SOURCES.txt'
[4.538s] running build_ext
[4.538s] Creating /home/ptrip/ros2_ws/install/cam_sim/lib/python3.12/site-packages/cam-sim.egg-link (link to .)
[4.541s] Installing sim1 script to /home/ptrip/ros2_ws/install/cam_sim/lib/cam_sim
[4.542s] Installing sim2 script to /home/ptrip/ros2_ws/install/cam_sim/lib/cam_sim
[4.543s] Installing sim3 script to /home/ptrip/ros2_ws/install/cam_sim/lib/cam_sim
[4.544s] Installing sim4 script to /home/ptrip/ros2_ws/install/cam_sim/lib/cam_sim
[4.545s] 
[4.546s] Installed /home/ptrip/ros2_ws/build/cam_sim
[4.548s] running symlink_data
[4.640s] Invoked command in '/home/ptrip/ros2_ws/build/cam_sim' returned '0': PYTHONPATH=/home/ptrip/ros2_ws/build/cam_sim/prefix_override:/usr/lib/python3/dist-packages/colcon_core/task/python/colcon_distutils_commands:/home/ptrip/ros2_ws/install/cam_sim/lib/python3.12/site-packages:${PYTHONPATH} /usr/bin/python3 -W ignore:setup.py install is deprecated -W ignore:easy_install command is deprecated setup.py develop --editable --build-directory /home/ptrip/ros2_ws/build/cam_sim/build --no-deps symlink_data
