[0.383s] DEBUG:colcon:Command line arguments: ['/usr/bin/colcon', 'build', '--symlink-install']
[0.383s] DEBUG:colcon:Parsed command line arguments: Namespace(log_base=None, log_level=None, verb_name='build', build_base='build', install_base='install', merge_install=False, symlink_install=True, test_result_base=None, continue_on_error=False, executor='parallel', parallel_workers=12, event_handlers=None, ignore_user_meta=False, metas=['./colcon.meta'], base_paths=['.'], packages_ignore=None, packages_ignore_regex=None, paths=None, packages_up_to=None, packages_up_to_regex=None, packages_above=None, packages_above_and_dependencies=None, packages_above_depth=None, packages_select_by_dep=None, packages_skip_by_dep=None, packages_skip_up_to=None, packages_select_build_failed=False, packages_skip_build_finished=False, packages_select_test_failures=False, packages_skip_test_passed=False, packages_select=None, packages_skip=None, packages_select_regex=None, packages_skip_regex=None, packages_start=None, packages_end=None, cmake_args=None, cmake_target=None, cmake_target_skip_unavailable=False, cmake_clean_cache=False, cmake_clean_first=False, cmake_force_configure=False, ament_cmake_args=None, catkin_cmake_args=None, catkin_skip_building_tests=False, verb_parser=<colcon_defaults.argument_parser.defaults.DefaultArgumentsDecorator object at 0x7983118fa420>, verb_extension=<colcon_core.verb.build.BuildVerb object at 0x79831189f830>, main=<bound method BuildVerb.main of <colcon_core.verb.build.BuildVerb object at 0x79831189f830>>)
[0.526s] Level 1:colcon.colcon_core.package_discovery:discover_packages(colcon_meta) check parameters
[0.526s] Level 1:colcon.colcon_core.package_discovery:discover_packages(recursive) check parameters
[0.526s] Level 1:colcon.colcon_core.package_discovery:discover_packages(ignore) check parameters
[0.526s] Level 1:colcon.colcon_core.package_discovery:discover_packages(path) check parameters
[0.527s] Level 1:colcon.colcon_core.package_discovery:discover_packages(colcon_meta) discover
[0.527s] Level 1:colcon.colcon_core.package_discovery:discover_packages(recursive) discover
[0.527s] INFO:colcon.colcon_core.package_discovery:Crawling recursively for packages in '/home/ptrip/ros2_ws'
[0.527s] Level 1:colcon.colcon_core.package_identification:_identify(.) by extensions ['ignore', 'ignore_ament_install']
[0.528s] Level 1:colcon.colcon_core.package_identification:_identify(.) by extension 'ignore'
[0.528s] Level 1:colcon.colcon_core.package_identification:_identify(.) by extension 'ignore_ament_install'
[0.529s] Level 1:colcon.colcon_core.package_identification:_identify(.) by extensions ['colcon_pkg']
[0.529s] Level 1:colcon.colcon_core.package_identification:_identify(.) by extension 'colcon_pkg'
[0.530s] Level 1:colcon.colcon_core.package_identification:_identify(.) by extensions ['colcon_meta']
[0.530s] Level 1:colcon.colcon_core.package_identification:_identify(.) by extension 'colcon_meta'
[0.530s] Level 1:colcon.colcon_core.package_identification:_identify(.) by extensions ['ros']
[0.530s] Level 1:colcon.colcon_core.package_identification:_identify(.) by extension 'ros'
[0.630s] Level 1:colcon.colcon_core.package_identification:_identify(.) by extensions ['cmake', 'python']
[0.631s] Level 1:colcon.colcon_core.package_identification:_identify(.) by extension 'cmake'
[0.631s] Level 1:colcon.colcon_core.package_identification:_identify(.) by extension 'python'
[0.631s] Level 1:colcon.colcon_core.package_identification:_identify(.) by extensions ['python_setup_py']
[0.631s] Level 1:colcon.colcon_core.package_identification:_identify(.) by extension 'python_setup_py'
[0.631s] Level 1:colcon.colcon_core.package_identification:_identify(build) by extensions ['ignore', 'ignore_ament_install']
[0.632s] Level 1:colcon.colcon_core.package_identification:_identify(build) by extension 'ignore'
[0.632s] Level 1:colcon.colcon_core.package_identification:_identify(build) ignored
[0.632s] Level 1:colcon.colcon_core.package_identification:_identify(images) by extensions ['ignore', 'ignore_ament_install']
[0.633s] Level 1:colcon.colcon_core.package_identification:_identify(images) by extension 'ignore'
[0.633s] Level 1:colcon.colcon_core.package_identification:_identify(images) by extension 'ignore_ament_install'
[0.633s] Level 1:colcon.colcon_core.package_identification:_identify(images) by extensions ['colcon_pkg']
[0.633s] Level 1:colcon.colcon_core.package_identification:_identify(images) by extension 'colcon_pkg'
[0.633s] Level 1:colcon.colcon_core.package_identification:_identify(images) by extensions ['colcon_meta']
[0.634s] Level 1:colcon.colcon_core.package_identification:_identify(images) by extension 'colcon_meta'
[0.634s] Level 1:colcon.colcon_core.package_identification:_identify(images) by extensions ['ros']
[0.634s] Level 1:colcon.colcon_core.package_identification:_identify(images) by extension 'ros'
[0.634s] Level 1:colcon.colcon_core.package_identification:_identify(images) by extensions ['cmake', 'python']
[0.634s] Level 1:colcon.colcon_core.package_identification:_identify(images) by extension 'cmake'
[0.634s] Level 1:colcon.colcon_core.package_identification:_identify(images) by extension 'python'
[0.634s] Level 1:colcon.colcon_core.package_identification:_identify(images) by extensions ['python_setup_py']
[0.635s] Level 1:colcon.colcon_core.package_identification:_identify(images) by extension 'python_setup_py'
[0.635s] Level 1:colcon.colcon_core.package_identification:_identify(install) by extensions ['ignore', 'ignore_ament_install']
[0.635s] Level 1:colcon.colcon_core.package_identification:_identify(install) by extension 'ignore'
[0.635s] Level 1:colcon.colcon_core.package_identification:_identify(install) ignored
[0.636s] Level 1:colcon.colcon_core.package_identification:_identify(log) by extensions ['ignore', 'ignore_ament_install']
[0.636s] Level 1:colcon.colcon_core.package_identification:_identify(log) by extension 'ignore'
[0.636s] Level 1:colcon.colcon_core.package_identification:_identify(log) ignored
[0.636s] Level 1:colcon.colcon_core.package_identification:_identify(src) by extensions ['ignore', 'ignore_ament_install']
[0.637s] Level 1:colcon.colcon_core.package_identification:_identify(src) by extension 'ignore'
[0.637s] Level 1:colcon.colcon_core.package_identification:_identify(src) by extension 'ignore_ament_install'
[0.637s] Level 1:colcon.colcon_core.package_identification:_identify(src) by extensions ['colcon_pkg']
[0.637s] Level 1:colcon.colcon_core.package_identification:_identify(src) by extension 'colcon_pkg'
[0.637s] Level 1:colcon.colcon_core.package_identification:_identify(src) by extensions ['colcon_meta']
[0.637s] Level 1:colcon.colcon_core.package_identification:_identify(src) by extension 'colcon_meta'
[0.638s] Level 1:colcon.colcon_core.package_identification:_identify(src) by extensions ['ros']
[0.638s] Level 1:colcon.colcon_core.package_identification:_identify(src) by extension 'ros'
[0.638s] Level 1:colcon.colcon_core.package_identification:_identify(src) by extensions ['cmake', 'python']
[0.638s] Level 1:colcon.colcon_core.package_identification:_identify(src) by extension 'cmake'
[0.638s] Level 1:colcon.colcon_core.package_identification:_identify(src) by extension 'python'
[0.638s] Level 1:colcon.colcon_core.package_identification:_identify(src) by extensions ['python_setup_py']
[0.638s] Level 1:colcon.colcon_core.package_identification:_identify(src) by extension 'python_setup_py'
[0.639s] Level 1:colcon.colcon_core.package_identification:_identify(src/cam_sim) by extensions ['ignore', 'ignore_ament_install']
[0.639s] Level 1:colcon.colcon_core.package_identification:_identify(src/cam_sim) by extension 'ignore'
[0.639s] Level 1:colcon.colcon_core.package_identification:_identify(src/cam_sim) by extension 'ignore_ament_install'
[0.639s] Level 1:colcon.colcon_core.package_identification:_identify(src/cam_sim) by extensions ['colcon_pkg']
[0.639s] Level 1:colcon.colcon_core.package_identification:_identify(src/cam_sim) by extension 'colcon_pkg'
[0.639s] Level 1:colcon.colcon_core.package_identification:_identify(src/cam_sim) by extensions ['colcon_meta']
[0.639s] Level 1:colcon.colcon_core.package_identification:_identify(src/cam_sim) by extension 'colcon_meta'
[0.640s] Level 1:colcon.colcon_core.package_identification:_identify(src/cam_sim) by extensions ['ros']
[0.640s] Level 1:colcon.colcon_core.package_identification:_identify(src/cam_sim) by extension 'ros'
[0.647s] DEBUG:colcon.colcon_core.package_identification:Package 'src/cam_sim' with type 'ros.ament_python' and name 'cam_sim'
[0.648s] Level 1:colcon.colcon_core.package_identification:_identify(src/tello_control) by extensions ['ignore', 'ignore_ament_install']
[0.648s] Level 1:colcon.colcon_core.package_identification:_identify(src/tello_control) by extension 'ignore'
[0.648s] Level 1:colcon.colcon_core.package_identification:_identify(src/tello_control) by extension 'ignore_ament_install'
[0.648s] Level 1:colcon.colcon_core.package_identification:_identify(src/tello_control) by extensions ['colcon_pkg']
[0.649s] Level 1:colcon.colcon_core.package_identification:_identify(src/tello_control) by extension 'colcon_pkg'
[0.649s] Level 1:colcon.colcon_core.package_identification:_identify(src/tello_control) by extensions ['colcon_meta']
[0.649s] Level 1:colcon.colcon_core.package_identification:_identify(src/tello_control) by extension 'colcon_meta'
[0.649s] Level 1:colcon.colcon_core.package_identification:_identify(src/tello_control) by extensions ['ros']
[0.649s] Level 1:colcon.colcon_core.package_identification:_identify(src/tello_control) by extension 'ros'
[0.651s] DEBUG:colcon.colcon_core.package_identification:Package 'src/tello_control' with type 'ros.ament_python' and name 'tello_control'
[0.651s] Level 1:colcon.colcon_core.package_discovery:discover_packages(recursive) using defaults
[0.651s] Level 1:colcon.colcon_core.package_discovery:discover_packages(ignore) discover
[0.651s] Level 1:colcon.colcon_core.package_discovery:discover_packages(ignore) using defaults
[0.651s] Level 1:colcon.colcon_core.package_discovery:discover_packages(path) discover
[0.651s] Level 1:colcon.colcon_core.package_discovery:discover_packages(path) using defaults
[0.716s] Level 5:colcon.colcon_core.verb:set package 'cam_sim' build argument 'cmake_args' from command line to 'None'
[0.717s] Level 5:colcon.colcon_core.verb:set package 'cam_sim' build argument 'cmake_target' from command line to 'None'
[0.717s] Level 5:colcon.colcon_core.verb:set package 'cam_sim' build argument 'cmake_target_skip_unavailable' from command line to 'False'
[0.717s] Level 5:colcon.colcon_core.verb:set package 'cam_sim' build argument 'cmake_clean_cache' from command line to 'False'
[0.717s] Level 5:colcon.colcon_core.verb:set package 'cam_sim' build argument 'cmake_clean_first' from command line to 'False'
[0.717s] Level 5:colcon.colcon_core.verb:set package 'cam_sim' build argument 'cmake_force_configure' from command line to 'False'
[0.717s] Level 5:colcon.colcon_core.verb:set package 'cam_sim' build argument 'ament_cmake_args' from command line to 'None'
[0.717s] Level 5:colcon.colcon_core.verb:set package 'cam_sim' build argument 'catkin_cmake_args' from command line to 'None'
[0.717s] Level 5:colcon.colcon_core.verb:set package 'cam_sim' build argument 'catkin_skip_building_tests' from command line to 'False'
[0.717s] DEBUG:colcon.colcon_core.verb:Building package 'cam_sim' with the following arguments: {'ament_cmake_args': None, 'build_base': '/home/ptrip/ros2_ws/build/cam_sim', 'catkin_cmake_args': None, 'catkin_skip_building_tests': False, 'cmake_args': None, 'cmake_clean_cache': False, 'cmake_clean_first': False, 'cmake_force_configure': False, 'cmake_target': None, 'cmake_target_skip_unavailable': False, 'install_base': '/home/ptrip/ros2_ws/install/cam_sim', 'merge_install': False, 'path': '/home/ptrip/ros2_ws/src/cam_sim', 'symlink_install': True, 'test_result_base': None}
[0.718s] Level 5:colcon.colcon_core.verb:set package 'tello_control' build argument 'cmake_args' from command line to 'None'
[0.719s] Level 5:colcon.colcon_core.verb:set package 'tello_control' build argument 'cmake_target' from command line to 'None'
[0.719s] Level 5:colcon.colcon_core.verb:set package 'tello_control' build argument 'cmake_target_skip_unavailable' from command line to 'False'
[0.719s] Level 5:colcon.colcon_core.verb:set package 'tello_control' build argument 'cmake_clean_cache' from command line to 'False'
[0.719s] Level 5:colcon.colcon_core.verb:set package 'tello_control' build argument 'cmake_clean_first' from command line to 'False'
[0.719s] Level 5:colcon.colcon_core.verb:set package 'tello_control' build argument 'cmake_force_configure' from command line to 'False'
[0.719s] Level 5:colcon.colcon_core.verb:set package 'tello_control' build argument 'ament_cmake_args' from command line to 'None'
[0.719s] Level 5:colcon.colcon_core.verb:set package 'tello_control' build argument 'catkin_cmake_args' from command line to 'None'
[0.719s] Level 5:colcon.colcon_core.verb:set package 'tello_control' build argument 'catkin_skip_building_tests' from command line to 'False'
[0.719s] DEBUG:colcon.colcon_core.verb:Building package 'tello_control' with the following arguments: {'ament_cmake_args': None, 'build_base': '/home/ptrip/ros2_ws/build/tello_control', 'catkin_cmake_args': None, 'catkin_skip_building_tests': False, 'cmake_args': None, 'cmake_clean_cache': False, 'cmake_clean_first': False, 'cmake_force_configure': False, 'cmake_target': None, 'cmake_target_skip_unavailable': False, 'install_base': '/home/ptrip/ros2_ws/install/tello_control', 'merge_install': False, 'path': '/home/ptrip/ros2_ws/src/tello_control', 'symlink_install': True, 'test_result_base': None}
[0.720s] INFO:colcon.colcon_core.executor:Executing jobs using 'parallel' executor
[0.724s] DEBUG:colcon.colcon_parallel_executor.executor.parallel:run_until_complete
[0.726s] INFO:colcon.colcon_ros.task.ament_python.build:Building ROS package in '/home/ptrip/ros2_ws/src/cam_sim' with build type 'ament_python'
[0.726s] Level 1:colcon.colcon_core.shell:create_environment_hook('cam_sim', 'ament_prefix_path')
[0.738s] INFO:colcon.colcon_core.plugin_system:Skipping extension 'colcon_core.shell.bat': Not used on non-Windows systems
[0.739s] INFO:colcon.colcon_core.shell:Creating environment descriptor '/home/ptrip/ros2_ws/install/cam_sim/share/cam_sim/hook/ament_prefix_path.dsv'
[0.741s] INFO:colcon.colcon_core.shell:Creating environment hook '/home/ptrip/ros2_ws/install/cam_sim/share/cam_sim/hook/ament_prefix_path.sh'
[0.744s] DEBUG:colcon.colcon_core.shell:Skip shell extension 'dsv' for command environment
[0.761s] INFO:colcon.colcon_ros.task.ament_python.build:Building ROS package in '/home/ptrip/ros2_ws/src/tello_control' with build type 'ament_python'
[0.762s] Level 1:colcon.colcon_core.shell:create_environment_hook('tello_control', 'ament_prefix_path')
[0.763s] INFO:colcon.colcon_core.shell:Creating environment descriptor '/home/ptrip/ros2_ws/install/tello_control/share/tello_control/hook/ament_prefix_path.dsv'
[0.765s] INFO:colcon.colcon_core.shell:Creating environment hook '/home/ptrip/ros2_ws/install/tello_control/share/tello_control/hook/ament_prefix_path.sh'
[0.768s] DEBUG:colcon.colcon_core.shell:Skip shell extension 'dsv' for command environment
[1.517s] INFO:colcon.colcon_core.task.python.build:Building Python package in '/home/ptrip/ros2_ws/src/cam_sim'
[1.518s] DEBUG:colcon.colcon_core.shell:Skip shell extension 'dsv' for command environment
[2.266s] INFO:colcon.colcon_core.task.python.build:Building Python package in '/home/ptrip/ros2_ws/src/tello_control'
[2.266s] DEBUG:colcon.colcon_core.shell:Skip shell extension 'dsv' for command environment
[4.268s] DEBUG:colcon.colcon_core.event_handler.log_command:Invoking command in '/home/ptrip/ros2_ws/build/cam_sim': PYTHONPATH=/home/ptrip/ros2_ws/build/cam_sim/prefix_override:/usr/lib/python3/dist-packages/colcon_core/task/python/colcon_distutils_commands:/home/ptrip/ros2_ws/install/cam_sim/lib/python3.12/site-packages:${PYTHONPATH} /usr/bin/python3 -W ignore:setup.py install is deprecated -W ignore:easy_install command is deprecated setup.py develop --editable --build-directory /home/ptrip/ros2_ws/build/cam_sim/build --no-deps symlink_data
[4.298s] DEBUG:colcon.colcon_core.event_handler.log_command:Invoking command in '/home/ptrip/ros2_ws/build/tello_control': PYTHONPATH=/home/ptrip/ros2_ws/build/tello_control/prefix_override:/usr/lib/python3/dist-packages/colcon_core/task/python/colcon_distutils_commands:/home/ptrip/ros2_ws/install/tello_control/lib/python3.12/site-packages:${PYTHONPATH} /usr/bin/python3 -W ignore:setup.py install is deprecated -W ignore:easy_install command is deprecated setup.py develop --editable --build-directory /home/ptrip/ros2_ws/build/tello_control/build --no-deps symlink_data
[6.060s] Level 1:colcon.colcon_core.shell:create_environment_hook('tello_control', 'pythonpath_develop')
[6.061s] INFO:colcon.colcon_core.shell:Creating environment descriptor '/home/ptrip/ros2_ws/build/tello_control/share/tello_control/hook/pythonpath_develop.dsv'
[6.064s] DEBUG:colcon.colcon_core.event_handler.log_command:Invoked command in '/home/ptrip/ros2_ws/build/tello_control' returned '0': PYTHONPATH=/home/ptrip/ros2_ws/build/tello_control/prefix_override:/usr/lib/python3/dist-packages/colcon_core/task/python/colcon_distutils_commands:/home/ptrip/ros2_ws/install/tello_control/lib/python3.12/site-packages:${PYTHONPATH} /usr/bin/python3 -W ignore:setup.py install is deprecated -W ignore:easy_install command is deprecated setup.py develop --editable --build-directory /home/ptrip/ros2_ws/build/tello_control/build --no-deps symlink_data
[6.065s] INFO:colcon.colcon_core.shell:Creating environment hook '/home/ptrip/ros2_ws/build/tello_control/share/tello_control/hook/pythonpath_develop.sh'
[6.072s] Level 1:colcon.colcon_core.environment:checking '/home/ptrip/ros2_ws/install/tello_control' for CMake module files
[6.074s] Level 1:colcon.colcon_core.environment:checking '/home/ptrip/ros2_ws/install/tello_control' for CMake config files
[6.076s] Level 1:colcon.colcon_core.environment:checking '/home/ptrip/ros2_ws/install/tello_control/lib'
[6.076s] Level 1:colcon.colcon_core.environment:checking '/home/ptrip/ros2_ws/install/tello_control/bin'
[6.076s] Level 1:colcon.colcon_core.environment:checking '/home/ptrip/ros2_ws/install/tello_control/lib/pkgconfig/tello_control.pc'
[6.077s] Level 1:colcon.colcon_core.environment:checking '/home/ptrip/ros2_ws/install/tello_control/lib/python3.12/site-packages'
[6.077s] Level 1:colcon.colcon_core.shell:create_environment_hook('tello_control', 'pythonpath')
[6.078s] INFO:colcon.colcon_core.shell:Creating environment descriptor '/home/ptrip/ros2_ws/install/tello_control/share/tello_control/hook/pythonpath.dsv'
[6.079s] INFO:colcon.colcon_core.shell:Creating environment hook '/home/ptrip/ros2_ws/install/tello_control/share/tello_control/hook/pythonpath.sh'
[6.081s] Level 1:colcon.colcon_core.environment:checking '/home/ptrip/ros2_ws/install/tello_control/bin'
[6.081s] Level 1:colcon.colcon_core.environment:create_environment_scripts_only(tello_control)
[6.082s] INFO:colcon.colcon_core.shell:Creating package descriptor '/home/ptrip/ros2_ws/install/tello_control/share/tello_control/package.dsv'
[6.083s] INFO:colcon.colcon_core.shell:Creating package script '/home/ptrip/ros2_ws/install/tello_control/share/tello_control/package.sh'
[6.085s] INFO:colcon.colcon_core.shell:Creating package script '/home/ptrip/ros2_ws/install/tello_control/share/tello_control/package.bash'
[6.087s] INFO:colcon.colcon_core.shell:Creating package script '/home/ptrip/ros2_ws/install/tello_control/share/tello_control/package.zsh'
[6.089s] Level 1:colcon.colcon_core.environment:create_file_with_runtime_dependencies(/home/ptrip/ros2_ws/install/tello_control/share/colcon-core/packages/tello_control)
[6.094s] Level 1:colcon.colcon_core.shell:create_environment_hook('cam_sim', 'pythonpath_develop')
[6.095s] INFO:colcon.colcon_core.shell:Creating environment descriptor '/home/ptrip/ros2_ws/build/cam_sim/share/cam_sim/hook/pythonpath_develop.dsv'
[6.098s] INFO:colcon.colcon_core.shell:Creating environment hook '/home/ptrip/ros2_ws/build/cam_sim/share/cam_sim/hook/pythonpath_develop.sh'
[6.099s] DEBUG:colcon.colcon_core.event_handler.log_command:Invoked command in '/home/ptrip/ros2_ws/build/cam_sim' returned '0': PYTHONPATH=/home/ptrip/ros2_ws/build/cam_sim/prefix_override:/usr/lib/python3/dist-packages/colcon_core/task/python/colcon_distutils_commands:/home/ptrip/ros2_ws/install/cam_sim/lib/python3.12/site-packages:${PYTHONPATH} /usr/bin/python3 -W ignore:setup.py install is deprecated -W ignore:easy_install command is deprecated setup.py develop --editable --build-directory /home/ptrip/ros2_ws/build/cam_sim/build --no-deps symlink_data
[6.101s] Level 1:colcon.colcon_core.environment:checking '/home/ptrip/ros2_ws/install/cam_sim' for CMake module files
[6.102s] Level 1:colcon.colcon_core.environment:checking '/home/ptrip/ros2_ws/install/cam_sim' for CMake config files
[6.104s] Level 1:colcon.colcon_core.environment:checking '/home/ptrip/ros2_ws/install/cam_sim/lib'
[6.104s] Level 1:colcon.colcon_core.environment:checking '/home/ptrip/ros2_ws/install/cam_sim/bin'
[6.104s] Level 1:colcon.colcon_core.environment:checking '/home/ptrip/ros2_ws/install/cam_sim/lib/pkgconfig/cam_sim.pc'
[6.105s] Level 1:colcon.colcon_core.environment:checking '/home/ptrip/ros2_ws/install/cam_sim/lib/python3.12/site-packages'
[6.105s] Level 1:colcon.colcon_core.shell:create_environment_hook('cam_sim', 'pythonpath')
[6.105s] INFO:colcon.colcon_core.shell:Creating environment descriptor '/home/ptrip/ros2_ws/install/cam_sim/share/cam_sim/hook/pythonpath.dsv'
[6.106s] INFO:colcon.colcon_core.shell:Creating environment hook '/home/ptrip/ros2_ws/install/cam_sim/share/cam_sim/hook/pythonpath.sh'
[6.108s] Level 1:colcon.colcon_core.environment:checking '/home/ptrip/ros2_ws/install/cam_sim/bin'
[6.108s] Level 1:colcon.colcon_core.environment:create_environment_scripts_only(cam_sim)
[6.108s] INFO:colcon.colcon_core.shell:Creating package descriptor '/home/ptrip/ros2_ws/install/cam_sim/share/cam_sim/package.dsv'
[6.109s] INFO:colcon.colcon_core.shell:Creating package script '/home/ptrip/ros2_ws/install/cam_sim/share/cam_sim/package.sh'
[6.110s] INFO:colcon.colcon_core.shell:Creating package script '/home/ptrip/ros2_ws/install/cam_sim/share/cam_sim/package.bash'
[6.112s] INFO:colcon.colcon_core.shell:Creating package script '/home/ptrip/ros2_ws/install/cam_sim/share/cam_sim/package.zsh'
[6.113s] Level 1:colcon.colcon_core.environment:create_file_with_runtime_dependencies(/home/ptrip/ros2_ws/install/cam_sim/share/colcon-core/packages/cam_sim)
[6.115s] DEBUG:colcon.colcon_parallel_executor.executor.parallel:closing loop
[6.117s] DEBUG:colcon.colcon_parallel_executor.executor.parallel:loop closed
[6.117s] DEBUG:colcon.colcon_parallel_executor.executor.parallel:run_until_complete finished with '0'
[6.117s] DEBUG:colcon.colcon_core.event_reactor:joining thread
[6.173s] INFO:colcon.colcon_core.plugin_system:Skipping extension 'colcon_notification.desktop_notification.notify_send': Could not find 'notify-send'
[6.173s] INFO:colcon.colcon_core.plugin_system:Skipping extension 'colcon_notification.desktop_notification.terminal_notifier': Not used on non-Darwin systems
[6.174s] INFO:colcon.colcon_core.plugin_system:Skipping extension 'colcon_notification.desktop_notification.win32': Not used on non-Windows systems
[6.174s] INFO:colcon.colcon_notification.desktop_notification:Sending desktop notification using 'notify2'
[6.176s] DEBUG:colcon.colcon_notification.desktop_notification.notify2:Failed to initialize notify2: org.freedesktop.DBus.Error.ServiceUnknown: The name org.freedesktop.Notifications was not provided by any .service files
[6.177s] DEBUG:colcon.colcon_core.event_reactor:joined thread
[6.178s] INFO:colcon.colcon_core.shell:Creating prefix script '/home/ptrip/ros2_ws/install/local_setup.sh'
[6.179s] INFO:colcon.colcon_core.shell:Creating prefix util module '/home/ptrip/ros2_ws/install/_local_setup_util_sh.py'
[6.182s] INFO:colcon.colcon_core.shell:Creating prefix chain script '/home/ptrip/ros2_ws/install/setup.sh'
[6.184s] INFO:colcon.colcon_core.shell:Creating prefix script '/home/ptrip/ros2_ws/install/local_setup.bash'
[6.185s] INFO:colcon.colcon_core.shell:Creating prefix chain script '/home/ptrip/ros2_ws/install/setup.bash'
[6.187s] INFO:colcon.colcon_core.shell:Creating prefix script '/home/ptrip/ros2_ws/install/local_setup.zsh'
[6.189s] INFO:colcon.colcon_core.shell:Creating prefix chain script '/home/ptrip/ros2_ws/install/setup.zsh'
