[4.070s] Invoking command in '/home/roboticslab/rise/src/cam_sim': DEBUGINFOD_URLS=https://debuginfod.ubuntu.com PYTHONPATH=/home/roboticslab/rise/build/cam_sim/prefix_override:/usr/lib/python3/dist-packages/colcon_core/task/python/colcon_distutils_commands:/home/roboticslab/rise/install/cam_sim/lib/python3.12/site-packages:${PYTHONPATH} /usr/bin/python3 -W ignore:setup.py install is deprecated -W ignore:easy_install command is deprecated setup.py egg_info --egg-base ../../build/cam_sim build --build-base /home/roboticslab/rise/build/cam_sim/build install --record /home/roboticslab/rise/build/cam_sim/install.log --single-version-externally-managed install_data
[4.339s] running egg_info
[4.357s] writing ../../build/cam_sim/cam_sim.egg-info/PKG-INFO
[4.358s] writing dependency_links to ../../build/cam_sim/cam_sim.egg-info/dependency_links.txt
[4.358s] writing entry points to ../../build/cam_sim/cam_sim.egg-info/entry_points.txt
[4.358s] writing requirements to ../../build/cam_sim/cam_sim.egg-info/requires.txt
[4.358s] writing top-level names to ../../build/cam_sim/cam_sim.egg-info/top_level.txt
[4.396s] reading manifest file '../../build/cam_sim/cam_sim.egg-info/SOURCES.txt'
[4.413s] writing manifest file '../../build/cam_sim/cam_sim.egg-info/SOURCES.txt'
[4.413s] running build
[4.413s] running build_py
[4.414s] running install
[4.419s] running install_lib
[4.439s] running install_data
[4.439s] running install_egg_info
[4.459s] removing '/home/roboticslab/rise/install/cam_sim/lib/python3.12/site-packages/cam_sim-0.0.0-py3.12.egg-info' (and everything under it)
[4.459s] Copying ../../build/cam_sim/cam_sim.egg-info to /home/roboticslab/rise/install/cam_sim/lib/python3.12/site-packages/cam_sim-0.0.0-py3.12.egg-info
[4.467s] running install_scripts
[4.595s] Installing sim1 script to /home/roboticslab/rise/install/cam_sim/lib/cam_sim
[4.595s] Installing sim2 script to /home/roboticslab/rise/install/cam_sim/lib/cam_sim
[4.595s] Installing sim3 script to /home/roboticslab/rise/install/cam_sim/lib/cam_sim
[4.595s] Installing sim4 script to /home/roboticslab/rise/install/cam_sim/lib/cam_sim
[4.595s] Installing sim5 script to /home/roboticslab/rise/install/cam_sim/lib/cam_sim
[4.596s] writing list of installed files to '/home/roboticslab/rise/build/cam_sim/install.log'
[4.679s] Invoked command in '/home/roboticslab/rise/src/cam_sim' returned '0': DEBUGINFOD_URLS=https://debuginfod.ubuntu.com PYTHONPATH=/home/roboticslab/rise/build/cam_sim/prefix_override:/usr/lib/python3/dist-packages/colcon_core/task/python/colcon_distutils_commands:/home/roboticslab/rise/install/cam_sim/lib/python3.12/site-packages:${PYTHONPATH} /usr/bin/python3 -W ignore:setup.py install is deprecated -W ignore:easy_install command is deprecated setup.py egg_info --egg-base ../../build/cam_sim build --build-base /home/roboticslab/rise/build/cam_sim/build install --record /home/roboticslab/rise/build/cam_sim/install.log --single-version-externally-managed install_data
