[16.823s] Invoking command in '/home/ptrip/ros2_ws/build/cam_sim': PYTHONPATH=/home/ptrip/ros2_ws/build/cam_sim/prefix_override:/usr/lib/python3/dist-packages/colcon_core/task/python/colcon_distutils_commands:/home/ptrip/ros2_ws/install/cam_sim/lib/python3.12/site-packages:${PYTHONPATH} /usr/bin/python3 -W ignore:setup.py install is deprecated -W ignore:easy_install command is deprecated setup.py develop --editable --build-directory /home/ptrip/ros2_ws/build/cam_sim/build --no-deps symlink_data
[18.173s] running develop
[18.992s] running egg_info
[19.109s] writing cam_sim.egg-info/PKG-INFO
[19.112s] writing dependency_links to cam_sim.egg-info/dependency_links.txt
[19.114s] writing entry points to cam_sim.egg-info/entry_points.txt
[19.116s] writing requirements to cam_sim.egg-info/requires.txt
[19.117s] writing top-level names to cam_sim.egg-info/top_level.txt
[19.301s] reading manifest file 'cam_sim.egg-info/SOURCES.txt'
[19.305s] writing manifest file 'cam_sim.egg-info/SOURCES.txt'
[19.386s] running build_ext
[19.386s] Creating /home/ptrip/ros2_ws/install/cam_sim/lib/python3.12/site-packages/cam-sim.egg-link (link to .)
[19.390s] Installing sim1 script to /home/ptrip/ros2_ws/install/cam_sim/lib/cam_sim
[19.391s] Installing sim2 script to /home/ptrip/ros2_ws/install/cam_sim/lib/cam_sim
[19.392s] Installing sim3 script to /home/ptrip/ros2_ws/install/cam_sim/lib/cam_sim
[19.393s] Installing sim4 script to /home/ptrip/ros2_ws/install/cam_sim/lib/cam_sim
[19.395s] Installing sim5 script to /home/ptrip/ros2_ws/install/cam_sim/lib/cam_sim
[19.396s] 
[19.396s] Installed /home/ptrip/ros2_ws/build/cam_sim
[19.397s] running symlink_data
[19.572s] Invoked command in '/home/ptrip/ros2_ws/build/cam_sim' returned '0': PYTHONPATH=/home/ptrip/ros2_ws/build/cam_sim/prefix_override:/usr/lib/python3/dist-packages/colcon_core/task/python/colcon_distutils_commands:/home/ptrip/ros2_ws/install/cam_sim/lib/python3.12/site-packages:${PYTHONPATH} /usr/bin/python3 -W ignore:setup.py install is deprecated -W ignore:easy_install command is deprecated setup.py develop --editable --build-directory /home/ptrip/ros2_ws/build/cam_sim/build --no-deps symlink_data
