[1.935s] Invoking command in '/home/roboticslab/rise/src/tello_control': DEBUGINFOD_URLS=https://debuginfod.ubuntu.com PYTHONPATH=/home/roboticslab/rise/build/tello_control/prefix_override:/usr/lib/python3/dist-packages/colcon_core/task/python/colcon_distutils_commands:/home/roboticslab/rise/install/tello_control/lib/python3.12/site-packages:${PYTHONPATH} /usr/bin/python3 -W ignore:setup.py install is deprecated -W ignore:easy_install command is deprecated setup.py egg_info --egg-base ../../build/tello_control build --build-base /home/roboticslab/rise/build/tello_control/build install --record /home/roboticslab/rise/build/tello_control/install.log --single-version-externally-managed install_data
[2.180s] running egg_info
[2.198s] writing ../../build/tello_control/tello_control.egg-info/PKG-INFO
[2.198s] writing dependency_links to ../../build/tello_control/tello_control.egg-info/dependency_links.txt
[2.198s] writing entry points to ../../build/tello_control/tello_control.egg-info/entry_points.txt
[2.198s] writing requirements to ../../build/tello_control/tello_control.egg-info/requires.txt
[2.198s] writing top-level names to ../../build/tello_control/tello_control.egg-info/top_level.txt
[2.235s] reading manifest file '../../build/tello_control/tello_control.egg-info/SOURCES.txt'
[2.236s] writing manifest file '../../build/tello_control/tello_control.egg-info/SOURCES.txt'
[2.236s] running build
[2.236s] running build_py
[2.236s] running install
[2.242s] running install_lib
[2.260s] running install_data
[2.260s] running install_egg_info
[2.279s] removing '/home/roboticslab/rise/install/tello_control/lib/python3.12/site-packages/tello_control-0.0.0-py3.12.egg-info' (and everything under it)
[2.279s] Copying ../../build/tello_control/tello_control.egg-info to /home/roboticslab/rise/install/tello_control/lib/python3.12/site-packages/tello_control-0.0.0-py3.12.egg-info
[2.280s] running install_scripts
[2.404s] Installing command script to /home/roboticslab/rise/install/tello_control/lib/tello_control
[2.404s] Installing control script to /home/roboticslab/rise/install/tello_control/lib/tello_control
[2.404s] Installing test script to /home/roboticslab/rise/install/tello_control/lib/tello_control
[2.405s] writing list of installed files to '/home/roboticslab/rise/build/tello_control/install.log'
[2.426s] Invoked command in '/home/roboticslab/rise/src/tello_control' returned '0': DEBUGINFOD_URLS=https://debuginfod.ubuntu.com PYTHONPATH=/home/roboticslab/rise/build/tello_control/prefix_override:/usr/lib/python3/dist-packages/colcon_core/task/python/colcon_distutils_commands:/home/roboticslab/rise/install/tello_control/lib/python3.12/site-packages:${PYTHONPATH} /usr/bin/python3 -W ignore:setup.py install is deprecated -W ignore:easy_install command is deprecated setup.py egg_info --egg-base ../../build/tello_control build --build-base /home/roboticslab/rise/build/tello_control/build install --record /home/roboticslab/rise/build/tello_control/install.log --single-version-externally-managed install_data
