[16.706s] Invoking command in '/home/ptrip/ros2_ws/build/cam_sim': PYTHONPATH=/home/ptrip/ros2_ws/build/cam_sim/prefix_override:/usr/lib/python3/dist-packages/colcon_core/task/python/colcon_distutils_commands:/home/ptrip/ros2_ws/install/cam_sim/lib/python3.12/site-packages:${PYTHONPATH} /usr/bin/python3 -W ignore:setup.py install is deprecated -W ignore:easy_install command is deprecated setup.py develop --editable --build-directory /home/ptrip/ros2_ws/build/cam_sim/build --no-deps symlink_data
[18.421s] running develop
[19.073s] running egg_info
[19.129s] writing cam_sim.egg-info/PKG-INFO
[19.131s] writing dependency_links to cam_sim.egg-info/dependency_links.txt
[19.133s] writing entry points to cam_sim.egg-info/entry_points.txt
[19.134s] writing requirements to cam_sim.egg-info/requires.txt
[19.135s] writing top-level names to cam_sim.egg-info/top_level.txt
[19.249s] reading manifest file 'cam_sim.egg-info/SOURCES.txt'
[19.252s] writing manifest file 'cam_sim.egg-info/SOURCES.txt'
[19.323s] running build_ext
[19.326s] Creating /home/ptrip/ros2_ws/install/cam_sim/lib/python3.12/site-packages/cam-sim.egg-link (link to .)
[19.328s] Installing sim1 script to /home/ptrip/ros2_ws/install/cam_sim/lib/cam_sim
[19.331s] Installing sim2 script to /home/ptrip/ros2_ws/install/cam_sim/lib/cam_sim
[19.332s] Installing sim3 script to /home/ptrip/ros2_ws/install/cam_sim/lib/cam_sim
[19.335s] Installing sim4 script to /home/ptrip/ros2_ws/install/cam_sim/lib/cam_sim
[19.335s] Installing sim5 script to /home/ptrip/ros2_ws/install/cam_sim/lib/cam_sim
[19.335s] 
[19.336s] Installed /home/ptrip/ros2_ws/build/cam_sim
[19.336s] running symlink_data
[19.465s] Invoked command in '/home/ptrip/ros2_ws/build/cam_sim' returned '0': PYTHONPATH=/home/ptrip/ros2_ws/build/cam_sim/prefix_override:/usr/lib/python3/dist-packages/colcon_core/task/python/colcon_distutils_commands:/home/ptrip/ros2_ws/install/cam_sim/lib/python3.12/site-packages:${PYTHONPATH} /usr/bin/python3 -W ignore:setup.py install is deprecated -W ignore:easy_install command is deprecated setup.py develop --editable --build-directory /home/ptrip/ros2_ws/build/cam_sim/build --no-deps symlink_data
