[3.366s] DEBUG:colcon:Command line arguments: ['/usr/bin/colcon', 'build', '--symlink-install']
[3.366s] DEBUG:colcon:Parsed command line arguments: Namespace(log_base=None, log_level=None, verb_name='build', build_base='build', install_base='install', merge_install=False, symlink_install=True, test_result_base=None, continue_on_error=False, executor='parallel', parallel_workers=12, event_handlers=None, ignore_user_meta=False, metas=['./colcon.meta'], base_paths=['.'], packages_ignore=None, packages_ignore_regex=None, paths=None, packages_up_to=None, packages_up_to_regex=None, packages_above=None, packages_above_and_dependencies=None, packages_above_depth=None, packages_select_by_dep=None, packages_skip_by_dep=None, packages_skip_up_to=None, packages_select_build_failed=False, packages_skip_build_finished=False, packages_select_test_failures=False, packages_skip_test_passed=False, packages_select=None, packages_skip=None, packages_select_regex=None, packages_skip_regex=None, packages_start=None, packages_end=None, cmake_args=None, cmake_target=None, cmake_target_skip_unavailable=False, cmake_clean_cache=False, cmake_clean_first=False, cmake_force_configure=False, ament_cmake_args=None, catkin_cmake_args=None, catkin_skip_building_tests=False, verb_parser=<colcon_defaults.argument_parser.defaults.DefaultArgumentsDecorator object at 0x706fdfb01fa0>, verb_extension=<colcon_core.verb.build.BuildVerb object at 0x706fdfb01970>, main=<bound method BuildVerb.main of <colcon_core.verb.build.BuildVerb object at 0x706fdfb01970>>)
[3.516s] Level 1:colcon.colcon_core.package_discovery:discover_packages(colcon_meta) check parameters
[3.516s] Level 1:colcon.colcon_core.package_discovery:discover_packages(recursive) check parameters
[3.517s] Level 1:colcon.colcon_core.package_discovery:discover_packages(ignore) check parameters
[3.517s] Level 1:colcon.colcon_core.package_discovery:discover_packages(path) check parameters
[3.517s] Level 1:colcon.colcon_core.package_discovery:discover_packages(colcon_meta) discover
[3.517s] Level 1:colcon.colcon_core.package_discovery:discover_packages(recursive) discover
[3.517s] INFO:colcon.colcon_core.package_discovery:Crawling recursively for packages in '/home/ptrip/ros2_ws'
[3.517s] Level 1:colcon.colcon_core.package_identification:_identify(.) by extensions ['ignore', 'ignore_ament_install']
[3.517s] Level 1:colcon.colcon_core.package_identification:_identify(.) by extension 'ignore'
[3.518s] Level 1:colcon.colcon_core.package_identification:_identify(.) by extension 'ignore_ament_install'
[3.518s] Level 1:colcon.colcon_core.package_identification:_identify(.) by extensions ['colcon_pkg']
[3.518s] Level 1:colcon.colcon_core.package_identification:_identify(.) by extension 'colcon_pkg'
[3.518s] Level 1:colcon.colcon_core.package_identification:_identify(.) by extensions ['colcon_meta']
[3.518s] Level 1:colcon.colcon_core.package_identification:_identify(.) by extension 'colcon_meta'
[3.518s] Level 1:colcon.colcon_core.package_identification:_identify(.) by extensions ['ros']
[3.518s] Level 1:colcon.colcon_core.package_identification:_identify(.) by extension 'ros'
[3.595s] Level 1:colcon.colcon_core.package_identification:_identify(.) by extensions ['cmake', 'python']
[3.595s] Level 1:colcon.colcon_core.package_identification:_identify(.) by extension 'cmake'
[3.596s] Level 1:colcon.colcon_core.package_identification:_identify(.) by extension 'python'
[3.596s] Level 1:colcon.colcon_core.package_identification:_identify(.) by extensions ['python_setup_py']
[3.596s] Level 1:colcon.colcon_core.package_identification:_identify(.) by extension 'python_setup_py'
[3.596s] Level 1:colcon.colcon_core.package_identification:_identify(build) by extensions ['ignore', 'ignore_ament_install']
[3.597s] Level 1:colcon.colcon_core.package_identification:_identify(build) by extension 'ignore'
[3.597s] Level 1:colcon.colcon_core.package_identification:_identify(build) ignored
[3.597s] Level 1:colcon.colcon_core.package_identification:_identify(install) by extensions ['ignore', 'ignore_ament_install']
[3.598s] Level 1:colcon.colcon_core.package_identification:_identify(install) by extension 'ignore'
[3.598s] Level 1:colcon.colcon_core.package_identification:_identify(install) ignored
[3.599s] Level 1:colcon.colcon_core.package_identification:_identify(log) by extensions ['ignore', 'ignore_ament_install']
[3.600s] Level 1:colcon.colcon_core.package_identification:_identify(log) by extension 'ignore'
[3.600s] Level 1:colcon.colcon_core.package_identification:_identify(log) ignored
[3.600s] Level 1:colcon.colcon_core.package_identification:_identify(src) by extensions ['ignore', 'ignore_ament_install']
[3.601s] Level 1:colcon.colcon_core.package_identification:_identify(src) by extension 'ignore'
[3.601s] Level 1:colcon.colcon_core.package_identification:_identify(src) by extension 'ignore_ament_install'
[3.601s] Level 1:colcon.colcon_core.package_identification:_identify(src) by extensions ['colcon_pkg']
[3.601s] Level 1:colcon.colcon_core.package_identification:_identify(src) by extension 'colcon_pkg'
[3.602s] Level 1:colcon.colcon_core.package_identification:_identify(src) by extensions ['colcon_meta']
[3.602s] Level 1:colcon.colcon_core.package_identification:_identify(src) by extension 'colcon_meta'
[3.602s] Level 1:colcon.colcon_core.package_identification:_identify(src) by extensions ['ros']
[3.602s] Level 1:colcon.colcon_core.package_identification:_identify(src) by extension 'ros'
[3.602s] Level 1:colcon.colcon_core.package_identification:_identify(src) by extensions ['cmake', 'python']
[3.602s] Level 1:colcon.colcon_core.package_identification:_identify(src) by extension 'cmake'
[3.602s] Level 1:colcon.colcon_core.package_identification:_identify(src) by extension 'python'
[3.602s] Level 1:colcon.colcon_core.package_identification:_identify(src) by extensions ['python_setup_py']
[3.602s] Level 1:colcon.colcon_core.package_identification:_identify(src) by extension 'python_setup_py'
[3.603s] Level 1:colcon.colcon_core.package_identification:_identify(src/cam_sim) by extensions ['ignore', 'ignore_ament_install']
[3.603s] Level 1:colcon.colcon_core.package_identification:_identify(src/cam_sim) by extension 'ignore'
[3.603s] Level 1:colcon.colcon_core.package_identification:_identify(src/cam_sim) by extension 'ignore_ament_install'
[3.603s] Level 1:colcon.colcon_core.package_identification:_identify(src/cam_sim) by extensions ['colcon_pkg']
[3.603s] Level 1:colcon.colcon_core.package_identification:_identify(src/cam_sim) by extension 'colcon_pkg'
[3.603s] Level 1:colcon.colcon_core.package_identification:_identify(src/cam_sim) by extensions ['colcon_meta']
[3.604s] Level 1:colcon.colcon_core.package_identification:_identify(src/cam_sim) by extension 'colcon_meta'
[3.604s] Level 1:colcon.colcon_core.package_identification:_identify(src/cam_sim) by extensions ['ros']
[3.604s] Level 1:colcon.colcon_core.package_identification:_identify(src/cam_sim) by extension 'ros'
[3.609s] DEBUG:colcon.colcon_core.package_identification:Package 'src/cam_sim' with type 'ros.ament_python' and name 'cam_sim'
[3.609s] Level 1:colcon.colcon_core.package_discovery:discover_packages(recursive) using defaults
[3.610s] Level 1:colcon.colcon_core.package_discovery:discover_packages(ignore) discover
[3.610s] Level 1:colcon.colcon_core.package_discovery:discover_packages(ignore) using defaults
[3.610s] Level 1:colcon.colcon_core.package_discovery:discover_packages(path) discover
[3.610s] Level 1:colcon.colcon_core.package_discovery:discover_packages(path) using defaults
[3.655s] Level 5:colcon.colcon_core.verb:set package 'cam_sim' build argument 'cmake_args' from command line to 'None'
[3.655s] Level 5:colcon.colcon_core.verb:set package 'cam_sim' build argument 'cmake_target' from command line to 'None'
[3.655s] Level 5:colcon.colcon_core.verb:set package 'cam_sim' build argument 'cmake_target_skip_unavailable' from command line to 'False'
[3.655s] Level 5:colcon.colcon_core.verb:set package 'cam_sim' build argument 'cmake_clean_cache' from command line to 'False'
[3.655s] Level 5:colcon.colcon_core.verb:set package 'cam_sim' build argument 'cmake_clean_first' from command line to 'False'
[3.655s] Level 5:colcon.colcon_core.verb:set package 'cam_sim' build argument 'cmake_force_configure' from command line to 'False'
[3.655s] Level 5:colcon.colcon_core.verb:set package 'cam_sim' build argument 'ament_cmake_args' from command line to 'None'
[3.655s] Level 5:colcon.colcon_core.verb:set package 'cam_sim' build argument 'catkin_cmake_args' from command line to 'None'
[3.656s] Level 5:colcon.colcon_core.verb:set package 'cam_sim' build argument 'catkin_skip_building_tests' from command line to 'False'
[3.656s] DEBUG:colcon.colcon_core.verb:Building package 'cam_sim' with the following arguments: {'ament_cmake_args': None, 'build_base': '/home/ptrip/ros2_ws/build/cam_sim', 'catkin_cmake_args': None, 'catkin_skip_building_tests': False, 'cmake_args': None, 'cmake_clean_cache': False, 'cmake_clean_first': False, 'cmake_force_configure': False, 'cmake_target': None, 'cmake_target_skip_unavailable': False, 'install_base': '/home/ptrip/ros2_ws/install/cam_sim', 'merge_install': False, 'path': '/home/ptrip/ros2_ws/src/cam_sim', 'symlink_install': True, 'test_result_base': None}
[3.656s] INFO:colcon.colcon_core.executor:Executing jobs using 'parallel' executor
[3.659s] DEBUG:colcon.colcon_parallel_executor.executor.parallel:run_until_complete
[3.660s] INFO:colcon.colcon_ros.task.ament_python.build:Building ROS package in '/home/ptrip/ros2_ws/src/cam_sim' with build type 'ament_python'
[3.660s] Level 1:colcon.colcon_core.shell:create_environment_hook('cam_sim', 'ament_prefix_path')
[3.667s] INFO:colcon.colcon_core.plugin_system:Skipping extension 'colcon_core.shell.bat': Not used on non-Windows systems
[3.667s] INFO:colcon.colcon_core.shell:Creating environment descriptor '/home/ptrip/ros2_ws/install/cam_sim/share/cam_sim/hook/ament_prefix_path.dsv'
[3.669s] INFO:colcon.colcon_core.shell:Creating environment hook '/home/ptrip/ros2_ws/install/cam_sim/share/cam_sim/hook/ament_prefix_path.sh'
[3.671s] DEBUG:colcon.colcon_core.shell:Skip shell extension 'dsv' for command environment
[4.349s] INFO:colcon.colcon_core.task.python.build:Building Python package in '/home/ptrip/ros2_ws/src/cam_sim'
[4.350s] DEBUG:colcon.colcon_core.shell:Skip shell extension 'dsv' for command environment
[6.045s] DEBUG:colcon.colcon_core.event_handler.log_command:Invoking command in '/home/ptrip/ros2_ws/build/cam_sim': PYTHONPATH=/home/ptrip/ros2_ws/build/cam_sim/prefix_override:/usr/lib/python3/dist-packages/colcon_core/task/python/colcon_distutils_commands:/home/ptrip/ros2_ws/install/cam_sim/lib/python3.12/site-packages:${PYTHONPATH} /usr/bin/python3 -W ignore:setup.py install is deprecated -W ignore:easy_install command is deprecated setup.py develop --editable --build-directory /home/ptrip/ros2_ws/build/cam_sim/build --no-deps symlink_data
[7.554s] Level 1:colcon.colcon_core.shell:create_environment_hook('cam_sim', 'pythonpath_develop')
[7.555s] INFO:colcon.colcon_core.shell:Creating environment descriptor '/home/ptrip/ros2_ws/build/cam_sim/share/cam_sim/hook/pythonpath_develop.dsv'
[7.556s] DEBUG:colcon.colcon_core.event_handler.log_command:Invoked command in '/home/ptrip/ros2_ws/build/cam_sim' returned '0': PYTHONPATH=/home/ptrip/ros2_ws/build/cam_sim/prefix_override:/usr/lib/python3/dist-packages/colcon_core/task/python/colcon_distutils_commands:/home/ptrip/ros2_ws/install/cam_sim/lib/python3.12/site-packages:${PYTHONPATH} /usr/bin/python3 -W ignore:setup.py install is deprecated -W ignore:easy_install command is deprecated setup.py develop --editable --build-directory /home/ptrip/ros2_ws/build/cam_sim/build --no-deps symlink_data
[7.557s] INFO:colcon.colcon_core.shell:Creating environment hook '/home/ptrip/ros2_ws/build/cam_sim/share/cam_sim/hook/pythonpath_develop.sh'
[7.563s] Level 1:colcon.colcon_core.environment:checking '/home/ptrip/ros2_ws/install/cam_sim' for CMake module files
[7.564s] Level 1:colcon.colcon_core.environment:checking '/home/ptrip/ros2_ws/install/cam_sim' for CMake config files
[7.566s] Level 1:colcon.colcon_core.environment:checking '/home/ptrip/ros2_ws/install/cam_sim/lib'
[7.566s] Level 1:colcon.colcon_core.environment:checking '/home/ptrip/ros2_ws/install/cam_sim/bin'
[7.567s] Level 1:colcon.colcon_core.environment:checking '/home/ptrip/ros2_ws/install/cam_sim/lib/pkgconfig/cam_sim.pc'
[7.567s] Level 1:colcon.colcon_core.environment:checking '/home/ptrip/ros2_ws/install/cam_sim/lib/python3.12/site-packages'
[7.567s] Level 1:colcon.colcon_core.shell:create_environment_hook('cam_sim', 'pythonpath')
[7.568s] INFO:colcon.colcon_core.shell:Creating environment descriptor '/home/ptrip/ros2_ws/install/cam_sim/share/cam_sim/hook/pythonpath.dsv'
[7.569s] INFO:colcon.colcon_core.shell:Creating environment hook '/home/ptrip/ros2_ws/install/cam_sim/share/cam_sim/hook/pythonpath.sh'
[7.571s] Level 1:colcon.colcon_core.environment:checking '/home/ptrip/ros2_ws/install/cam_sim/bin'
[7.572s] Level 1:colcon.colcon_core.environment:create_environment_scripts_only(cam_sim)
[7.572s] INFO:colcon.colcon_core.shell:Creating package descriptor '/home/ptrip/ros2_ws/install/cam_sim/share/cam_sim/package.dsv'
[7.573s] INFO:colcon.colcon_core.shell:Creating package script '/home/ptrip/ros2_ws/install/cam_sim/share/cam_sim/package.sh'
[7.575s] INFO:colcon.colcon_core.shell:Creating package script '/home/ptrip/ros2_ws/install/cam_sim/share/cam_sim/package.bash'
[7.576s] INFO:colcon.colcon_core.shell:Creating package script '/home/ptrip/ros2_ws/install/cam_sim/share/cam_sim/package.zsh'
[7.577s] Level 1:colcon.colcon_core.environment:create_file_with_runtime_dependencies(/home/ptrip/ros2_ws/install/cam_sim/share/colcon-core/packages/cam_sim)
[7.578s] DEBUG:colcon.colcon_parallel_executor.executor.parallel:closing loop
[7.581s] DEBUG:colcon.colcon_parallel_executor.executor.parallel:loop closed
[7.581s] DEBUG:colcon.colcon_parallel_executor.executor.parallel:run_until_complete finished with '0'
[7.582s] DEBUG:colcon.colcon_core.event_reactor:joining thread
[7.648s] INFO:colcon.colcon_core.plugin_system:Skipping extension 'colcon_notification.desktop_notification.notify_send': Could not find 'notify-send'
[7.648s] INFO:colcon.colcon_core.plugin_system:Skipping extension 'colcon_notification.desktop_notification.terminal_notifier': Not used on non-Darwin systems
[7.648s] INFO:colcon.colcon_core.plugin_system:Skipping extension 'colcon_notification.desktop_notification.win32': Not used on non-Windows systems
[7.648s] INFO:colcon.colcon_notification.desktop_notification:Sending desktop notification using 'notify2'
[7.651s] DEBUG:colcon.colcon_notification.desktop_notification.notify2:Failed to initialize notify2: org.freedesktop.DBus.Error.ServiceUnknown: The name org.freedesktop.Notifications was not provided by any .service files
[7.651s] DEBUG:colcon.colcon_core.event_reactor:joined thread
[7.652s] INFO:colcon.colcon_core.shell:Creating prefix script '/home/ptrip/ros2_ws/install/local_setup.sh'
[7.653s] INFO:colcon.colcon_core.shell:Creating prefix util module '/home/ptrip/ros2_ws/install/_local_setup_util_sh.py'
[7.655s] INFO:colcon.colcon_core.shell:Creating prefix chain script '/home/ptrip/ros2_ws/install/setup.sh'
[7.657s] INFO:colcon.colcon_core.shell:Creating prefix script '/home/ptrip/ros2_ws/install/local_setup.bash'
[7.659s] INFO:colcon.colcon_core.shell:Creating prefix chain script '/home/ptrip/ros2_ws/install/setup.bash'
[7.661s] INFO:colcon.colcon_core.shell:Creating prefix script '/home/ptrip/ros2_ws/install/local_setup.zsh'
[7.663s] INFO:colcon.colcon_core.shell:Creating prefix chain script '/home/ptrip/ros2_ws/install/setup.zsh'
