[1.133s] Invoking command in '/home/ptrip/ros2_ws/build/cam_sim': PYTHONPATH=/home/ptrip/ros2_ws/build/cam_sim/prefix_override:/usr/lib/python3/dist-packages/colcon_core/task/python/colcon_distutils_commands:/home/ptrip/ros2_ws/install/cam_sim/lib/python3.12/site-packages:${PYTHONPATH} /usr/bin/python3 -W ignore:setup.py install is deprecated -W ignore:easy_install command is deprecated setup.py develop --editable --build-directory /home/ptrip/ros2_ws/build/cam_sim/build --no-deps symlink_data
[1.514s] running develop
[1.728s] running egg_info
[1.751s] writing cam_sim.egg-info/PKG-INFO
[1.752s] writing dependency_links to cam_sim.egg-info/dependency_links.txt
[1.753s] writing entry points to cam_sim.egg-info/entry_points.txt
[1.753s] writing requirements to cam_sim.egg-info/requires.txt
[1.754s] writing top-level names to cam_sim.egg-info/top_level.txt
[1.799s] reading manifest file 'cam_sim.egg-info/SOURCES.txt'
[1.799s] writing manifest file 'cam_sim.egg-info/SOURCES.txt'
[1.820s] running build_ext
[1.821s] Creating /home/ptrip/ros2_ws/install/cam_sim/lib/python3.12/site-packages/cam-sim.egg-link (link to .)
[1.822s] Installing sim1 script to /home/ptrip/ros2_ws/install/cam_sim/lib/cam_sim
[1.822s] Installing sim2 script to /home/ptrip/ros2_ws/install/cam_sim/lib/cam_sim
[1.823s] Installing sim3 script to /home/ptrip/ros2_ws/install/cam_sim/lib/cam_sim
[1.823s] Installing sim4 script to /home/ptrip/ros2_ws/install/cam_sim/lib/cam_sim
[1.824s] Installing sim5 script to /home/ptrip/ros2_ws/install/cam_sim/lib/cam_sim
[1.824s] 
[1.825s] Installed /home/ptrip/ros2_ws/build/cam_sim
[1.825s] running symlink_data
[1.889s] Invoked command in '/home/ptrip/ros2_ws/build/cam_sim' returned '0': PYTHONPATH=/home/ptrip/ros2_ws/build/cam_sim/prefix_override:/usr/lib/python3/dist-packages/colcon_core/task/python/colcon_distutils_commands:/home/ptrip/ros2_ws/install/cam_sim/lib/python3.12/site-packages:${PYTHONPATH} /usr/bin/python3 -W ignore:setup.py install is deprecated -W ignore:easy_install command is deprecated setup.py develop --editable --build-directory /home/ptrip/ros2_ws/build/cam_sim/build --no-deps symlink_data
