[5.431s] Invoking command in '/home/ptrip/ros2_ws/build/tello_control': PYTHONPATH=/home/ptrip/ros2_ws/build/tello_control/prefix_override:/usr/lib/python3/dist-packages/colcon_core/task/python/colcon_distutils_commands:/home/ptrip/ros2_ws/install/tello_control/lib/python3.12/site-packages:${PYTHONPATH} /usr/bin/python3 -W ignore:setup.py install is deprecated -W ignore:easy_install command is deprecated setup.py develop --editable --build-directory /home/ptrip/ros2_ws/build/tello_control/build --no-deps symlink_data
[6.460s] running develop
[6.949s] running egg_info
[7.000s] writing tello_control.egg-info/PKG-INFO
[7.002s] writing dependency_links to tello_control.egg-info/dependency_links.txt
[7.003s] writing entry points to tello_control.egg-info/entry_points.txt
[7.004s] writing requirements to tello_control.egg-info/requires.txt
[7.005s] writing top-level names to tello_control.egg-info/top_level.txt
[7.133s] reading manifest file 'tello_control.egg-info/SOURCES.txt'
[7.135s] writing manifest file 'tello_control.egg-info/SOURCES.txt'
[7.180s] running build_ext
[7.180s] Creating /home/ptrip/ros2_ws/install/tello_control/lib/python3.12/site-packages/tello-control.egg-link (link to .)
[7.182s] Installing command script to /home/ptrip/ros2_ws/install/tello_control/lib/tello_control
[7.183s] Installing control script to /home/ptrip/ros2_ws/install/tello_control/lib/tello_control
[7.184s] Installing test script to /home/ptrip/ros2_ws/install/tello_control/lib/tello_control
[7.184s] Installing video script to /home/ptrip/ros2_ws/install/tello_control/lib/tello_control
[7.186s] 
[7.186s] Installed /home/ptrip/ros2_ws/build/tello_control
[7.186s] running symlink_data
[7.301s] Invoked command in '/home/ptrip/ros2_ws/build/tello_control' returned '0': PYTHONPATH=/home/ptrip/ros2_ws/build/tello_control/prefix_override:/usr/lib/python3/dist-packages/colcon_core/task/python/colcon_distutils_commands:/home/ptrip/ros2_ws/install/tello_control/lib/python3.12/site-packages:${PYTHONPATH} /usr/bin/python3 -W ignore:setup.py install is deprecated -W ignore:easy_install command is deprecated setup.py develop --editable --build-directory /home/ptrip/ros2_ws/build/tello_control/build --no-deps symlink_data
