[3.541s] Invoking command in '/home/ptrip/ros2_ws/src/new_package': PYTHONPATH=/home/ptrip/ros2_ws/build/new_package/prefix_override:/usr/lib/python3/dist-packages/colcon_core/task/python/colcon_distutils_commands:/home/ptrip/ros2_ws/install/new_package/lib/python3.12/site-packages:${PYTHONPATH} /usr/bin/python3 -W ignore:setup.py install is deprecated -W ignore:easy_install command is deprecated setup.py egg_info --egg-base ../../build/new_package build --build-base /home/ptrip/ros2_ws/build/new_package/build install --record /home/ptrip/ros2_ws/build/new_package/install.log --single-version-externally-managed install_data
[4.166s] running egg_info
[4.184s] creating ../../build/new_package/new_package.egg-info
[4.231s] writing ../../build/new_package/new_package.egg-info/PKG-INFO
[4.234s] writing dependency_links to ../../build/new_package/new_package.egg-info/dependency_links.txt
[4.235s] writing requirements to ../../build/new_package/new_package.egg-info/requires.txt
[4.237s] writing top-level names to ../../build/new_package/new_package.egg-info/top_level.txt
[4.240s] writing manifest file '../../build/new_package/new_package.egg-info/SOURCES.txt'
[4.335s] reading manifest file '../../build/new_package/new_package.egg-info/SOURCES.txt'
[4.336s] writing manifest file '../../build/new_package/new_package.egg-info/SOURCES.txt'
[4.339s] running build
[4.339s] running build_py
[4.339s] creating /home/ptrip/ros2_ws/build/new_package/build
[4.340s] creating /home/ptrip/ros2_ws/build/new_package/build/lib
[4.341s] creating /home/ptrip/ros2_ws/build/new_package/build/lib/new_package
[4.342s] copying new_package/new_node.py -> /home/ptrip/ros2_ws/build/new_package/build/lib/new_package
[4.347s] copying new_package/__init__.py -> /home/ptrip/ros2_ws/build/new_package/build/lib/new_package
[4.348s] running install
[4.363s] running install_lib
[4.408s] creating /home/ptrip/ros2_ws/install/new_package/lib/python3.12/site-packages/new_package
[4.409s] copying /home/ptrip/ros2_ws/build/new_package/build/lib/new_package/new_node.py -> /home/ptrip/ros2_ws/install/new_package/lib/python3.12/site-packages/new_package
[4.410s] copying /home/ptrip/ros2_ws/build/new_package/build/lib/new_package/__init__.py -> /home/ptrip/ros2_ws/install/new_package/lib/python3.12/site-packages/new_package
[4.411s] byte-compiling /home/ptrip/ros2_ws/install/new_package/lib/python3.12/site-packages/new_package/new_node.py to new_node.cpython-312.pyc
[4.414s] byte-compiling /home/ptrip/ros2_ws/install/new_package/lib/python3.12/site-packages/new_package/__init__.py to __init__.cpython-312.pyc
[4.418s] running install_data
[4.418s] creating /home/ptrip/ros2_ws/install/new_package/share/ament_index
[4.419s] creating /home/ptrip/ros2_ws/install/new_package/share/ament_index/resource_index
[4.420s] creating /home/ptrip/ros2_ws/install/new_package/share/ament_index/resource_index/packages
[4.421s] copying resource/new_package -> /home/ptrip/ros2_ws/install/new_package/share/ament_index/resource_index/packages
[4.423s] copying package.xml -> /home/ptrip/ros2_ws/install/new_package/share/new_package
[4.424s] running install_egg_info
[4.474s] Copying ../../build/new_package/new_package.egg-info to /home/ptrip/ros2_ws/install/new_package/lib/python3.12/site-packages/new_package-0.0.0-py3.12.egg-info
[4.484s] running install_scripts
[4.789s] writing list of installed files to '/home/ptrip/ros2_ws/build/new_package/install.log'
[4.869s] Invoked command in '/home/ptrip/ros2_ws/src/new_package' returned '0': PYTHONPATH=/home/ptrip/ros2_ws/build/new_package/prefix_override:/usr/lib/python3/dist-packages/colcon_core/task/python/colcon_distutils_commands:/home/ptrip/ros2_ws/install/new_package/lib/python3.12/site-packages:${PYTHONPATH} /usr/bin/python3 -W ignore:setup.py install is deprecated -W ignore:easy_install command is deprecated setup.py egg_info --egg-base ../../build/new_package build --build-base /home/ptrip/ros2_ws/build/new_package/build install --record /home/ptrip/ros2_ws/build/new_package/install.log --single-version-externally-managed install_data
