[1.657s] Invoking command in '/home/ptrip/ros2_ws/build/tello_control': PYTHONPATH=/home/ptrip/ros2_ws/build/tello_control/prefix_override:/usr/lib/python3/dist-packages/colcon_core/task/python/colcon_distutils_commands:/home/ptrip/ros2_ws/install/tello_control/lib/python3.12/site-packages:${PYTHONPATH} /usr/bin/python3 -W ignore:setup.py install is deprecated -W ignore:easy_install command is deprecated setup.py develop --editable --build-directory /home/ptrip/ros2_ws/build/tello_control/build --no-deps symlink_data
[2.072s] running develop
[2.307s] running egg_info
[2.307s] creating tello_control.egg-info
[2.337s] writing tello_control.egg-info/PKG-INFO
[2.338s] writing dependency_links to tello_control.egg-info/dependency_links.txt
[2.338s] writing requirements to tello_control.egg-info/requires.txt
[2.338s] writing top-level names to tello_control.egg-info/top_level.txt
[2.338s] writing manifest file 'tello_control.egg-info/SOURCES.txt'
[2.383s] reading manifest file 'tello_control.egg-info/SOURCES.txt'
[2.384s] writing manifest file 'tello_control.egg-info/SOURCES.txt'
[2.413s] running build_ext
[2.413s] Creating /home/ptrip/ros2_ws/install/tello_control/lib/python3.12/site-packages/tello-control.egg-link (link to .)
[2.414s] 
[2.415s] Installed /home/ptrip/ros2_ws/build/tello_control
[2.415s] running symlink_data
[2.415s] creating /home/ptrip/ros2_ws/install/tello_control/share/ament_index
[2.415s] creating /home/ptrip/ros2_ws/install/tello_control/share/ament_index/resource_index
[2.416s] creating /home/ptrip/ros2_ws/install/tello_control/share/ament_index/resource_index/packages
[2.416s] symbolically linking /home/ptrip/ros2_ws/build/tello_control/resource/tello_control -> /home/ptrip/ros2_ws/install/tello_control/share/ament_index/resource_index/packages
[2.417s] symbolically linking /home/ptrip/ros2_ws/build/tello_control/package.xml -> /home/ptrip/ros2_ws/install/tello_control/share/tello_control
[2.518s] Invoked command in '/home/ptrip/ros2_ws/build/tello_control' returned '0': PYTHONPATH=/home/ptrip/ros2_ws/build/tello_control/prefix_override:/usr/lib/python3/dist-packages/colcon_core/task/python/colcon_distutils_commands:/home/ptrip/ros2_ws/install/tello_control/lib/python3.12/site-packages:${PYTHONPATH} /usr/bin/python3 -W ignore:setup.py install is deprecated -W ignore:easy_install command is deprecated setup.py develop --editable --build-directory /home/ptrip/ros2_ws/build/tello_control/build --no-deps symlink_data
