[3.918s] Invoking command in '/home/ptrip/ros2_ws/build/cam_sim': PYTHONPATH=/home/ptrip/ros2_ws/build/cam_sim/prefix_override:/usr/lib/python3/dist-packages/colcon_core/task/python/colcon_distutils_commands:/home/ptrip/ros2_ws/install/cam_sim/lib/python3.12/site-packages:${PYTHONPATH} /usr/bin/python3 -W ignore:setup.py install is deprecated -W ignore:easy_install command is deprecated setup.py develop --editable --build-directory /home/ptrip/ros2_ws/build/cam_sim/build --no-deps symlink_data
[5.115s] running develop
[5.702s] running egg_info
[5.744s] writing cam_sim.egg-info/PKG-INFO
[5.745s] writing dependency_links to cam_sim.egg-info/dependency_links.txt
[5.746s] writing entry points to cam_sim.egg-info/entry_points.txt
[5.747s] writing requirements to cam_sim.egg-info/requires.txt
[5.747s] writing top-level names to cam_sim.egg-info/top_level.txt
[5.837s] reading manifest file 'cam_sim.egg-info/SOURCES.txt'
[5.839s] writing manifest file 'cam_sim.egg-info/SOURCES.txt'
[5.889s] running build_ext
[5.890s] Creating /home/ptrip/ros2_ws/install/cam_sim/lib/python3.12/site-packages/cam-sim.egg-link (link to .)
[5.892s] Installing sim1 script to /home/ptrip/ros2_ws/install/cam_sim/lib/cam_sim
[5.893s] Installing sim2 script to /home/ptrip/ros2_ws/install/cam_sim/lib/cam_sim
[5.894s] Installing sim3 script to /home/ptrip/ros2_ws/install/cam_sim/lib/cam_sim
[5.894s] Installing sim4 script to /home/ptrip/ros2_ws/install/cam_sim/lib/cam_sim
[5.895s] Installing sim5 script to /home/ptrip/ros2_ws/install/cam_sim/lib/cam_sim
[5.897s] 
[5.897s] Installed /home/ptrip/ros2_ws/build/cam_sim
[5.897s] running symlink_data
[5.996s] Invoked command in '/home/ptrip/ros2_ws/build/cam_sim' returned '0': PYTHONPATH=/home/ptrip/ros2_ws/build/cam_sim/prefix_override:/usr/lib/python3/dist-packages/colcon_core/task/python/colcon_distutils_commands:/home/ptrip/ros2_ws/install/cam_sim/lib/python3.12/site-packages:${PYTHONPATH} /usr/bin/python3 -W ignore:setup.py install is deprecated -W ignore:easy_install command is deprecated setup.py develop --editable --build-directory /home/ptrip/ros2_ws/build/cam_sim/build --no-deps symlink_data
