[1.868s] Invoking command in '/home/ptrip/ros2_ws/src/drone_sim': PYTHONPATH=/home/ptrip/ros2_ws/build/drone_sim/prefix_override:/usr/lib/python3/dist-packages/colcon_core/task/python/colcon_distutils_commands:/home/ptrip/ros2_ws/install/drone_sim/lib/python3.12/site-packages:${PYTHONPATH} /usr/bin/python3 -W ignore:setup.py install is deprecated -W ignore:easy_install command is deprecated setup.py egg_info --egg-base ../../build/drone_sim build --build-base /home/ptrip/ros2_ws/build/drone_sim/build install --record /home/ptrip/ros2_ws/build/drone_sim/install.log --single-version-externally-managed install_data
[2.422s] running egg_info
[2.458s] writing ../../build/drone_sim/drone_sim.egg-info/PKG-INFO
[2.459s] writing dependency_links to ../../build/drone_sim/drone_sim.egg-info/dependency_links.txt
[2.461s] writing entry points to ../../build/drone_sim/drone_sim.egg-info/entry_points.txt
[2.461s] writing requirements to ../../build/drone_sim/drone_sim.egg-info/requires.txt
[2.462s] writing top-level names to ../../build/drone_sim/drone_sim.egg-info/top_level.txt
[2.541s] reading manifest file '../../build/drone_sim/drone_sim.egg-info/SOURCES.txt'
[2.544s] writing manifest file '../../build/drone_sim/drone_sim.egg-info/SOURCES.txt'
[2.546s] running build
[2.547s] running build_py
[2.548s] copying drone_sim/sim_node.py -> /home/ptrip/ros2_ws/build/drone_sim/build/lib/drone_sim
[2.548s] running install
[2.562s] running install_lib
[2.609s] copying /home/ptrip/ros2_ws/build/drone_sim/build/lib/drone_sim/sim_node.py -> /home/ptrip/ros2_ws/install/drone_sim/lib/python3.12/site-packages/drone_sim
[2.610s] byte-compiling /home/ptrip/ros2_ws/install/drone_sim/lib/python3.12/site-packages/drone_sim/sim_node.py to sim_node.cpython-312.pyc
[2.613s] running install_data
[2.613s] running install_egg_info
[2.664s] removing '/home/ptrip/ros2_ws/install/drone_sim/lib/python3.12/site-packages/drone_sim-0.0.0-py3.12.egg-info' (and everything under it)
[2.665s] Copying ../../build/drone_sim/drone_sim.egg-info to /home/ptrip/ros2_ws/install/drone_sim/lib/python3.12/site-packages/drone_sim-0.0.0-py3.12.egg-info
[2.667s] running install_scripts
[2.915s] Installing sim_node script to /home/ptrip/ros2_ws/install/drone_sim/lib/drone_sim
[2.916s] writing list of installed files to '/home/ptrip/ros2_ws/build/drone_sim/install.log'
[2.997s] Invoked command in '/home/ptrip/ros2_ws/src/drone_sim' returned '0': PYTHONPATH=/home/ptrip/ros2_ws/build/drone_sim/prefix_override:/usr/lib/python3/dist-packages/colcon_core/task/python/colcon_distutils_commands:/home/ptrip/ros2_ws/install/drone_sim/lib/python3.12/site-packages:${PYTHONPATH} /usr/bin/python3 -W ignore:setup.py install is deprecated -W ignore:easy_install command is deprecated setup.py egg_info --egg-base ../../build/drone_sim build --build-base /home/ptrip/ros2_ws/build/drone_sim/build install --record /home/ptrip/ros2_ws/build/drone_sim/install.log --single-version-externally-managed install_data
