/home/roboticslab/rise/install/cam_sim/lib/python3.12/site-packages/cam_sim/curve_sim.py
/home/roboticslab/rise/install/cam_sim/lib/python3.12/site-packages/cam_sim/__init__.py
/home/roboticslab/rise/install/cam_sim/lib/python3.12/site-packages/cam_sim/top_sim.py
/home/roboticslab/rise/install/cam_sim/lib/python3.12/site-packages/cam_sim/turn_sim.py
/home/roboticslab/rise/install/cam_sim/lib/python3.12/site-packages/cam_sim/sim_node.py
/home/roboticslab/rise/install/cam_sim/lib/python3.12/site-packages/cam_sim/final_sim.py
/home/roboticslab/rise/install/cam_sim/lib/python3.12/site-packages/cam_sim/__pycache__/curve_sim.cpython-312.pyc
/home/roboticslab/rise/install/cam_sim/lib/python3.12/site-packages/cam_sim/__pycache__/__init__.cpython-312.pyc
/home/roboticslab/rise/install/cam_sim/lib/python3.12/site-packages/cam_sim/__pycache__/top_sim.cpython-312.pyc
/home/roboticslab/rise/install/cam_sim/lib/python3.12/site-packages/cam_sim/__pycache__/turn_sim.cpython-312.pyc
/home/roboticslab/rise/install/cam_sim/lib/python3.12/site-packages/cam_sim/__pycache__/sim_node.cpython-312.pyc
/home/roboticslab/rise/install/cam_sim/lib/python3.12/site-packages/cam_sim/__pycache__/final_sim.cpython-312.pyc
/home/roboticslab/rise/install/cam_sim/share/ament_index/resource_index/packages/cam_sim
/home/roboticslab/rise/install/cam_sim/share/cam_sim/package.xml
/home/roboticslab/rise/install/cam_sim/lib/python3.12/site-packages/cam_sim-0.0.0-py3.12.egg-info/SOURCES.txt
/home/roboticslab/rise/install/cam_sim/lib/python3.12/site-packages/cam_sim-0.0.0-py3.12.egg-info/entry_points.txt
/home/roboticslab/rise/install/cam_sim/lib/python3.12/site-packages/cam_sim-0.0.0-py3.12.egg-info/top_level.txt
/home/roboticslab/rise/install/cam_sim/lib/python3.12/site-packages/cam_sim-0.0.0-py3.12.egg-info/dependency_links.txt
/home/roboticslab/rise/install/cam_sim/lib/python3.12/site-packages/cam_sim-0.0.0-py3.12.egg-info/PKG-INFO
/home/roboticslab/rise/install/cam_sim/lib/python3.12/site-packages/cam_sim-0.0.0-py3.12.egg-info/requires.txt
/home/roboticslab/rise/install/cam_sim/lib/python3.12/site-packages/cam_sim-0.0.0-py3.12.egg-info/zip-safe
/home/roboticslab/rise/install/cam_sim/lib/cam_sim/sim1
/home/roboticslab/rise/install/cam_sim/lib/cam_sim/sim2
/home/roboticslab/rise/install/cam_sim/lib/cam_sim/sim3
/home/roboticslab/rise/install/cam_sim/lib/cam_sim/sim4
/home/roboticslab/rise/install/cam_sim/lib/cam_sim/sim5
