/home/roboticslab/rise/install/tello_control/lib/python3.12/site-packages/tello_control/test_drone.py
/home/roboticslab/rise/install/tello_control/lib/python3.12/site-packages/tello_control/__init__.py
/home/roboticslab/rise/install/tello_control/lib/python3.12/site-packages/tello_control/control_node.py
/home/roboticslab/rise/install/tello_control/lib/python3.12/site-packages/tello_control/command_node.py
/home/roboticslab/rise/install/tello_control/lib/python3.12/site-packages/tello_control/__pycache__/test_drone.cpython-312.pyc
/home/roboticslab/rise/install/tello_control/lib/python3.12/site-packages/tello_control/__pycache__/__init__.cpython-312.pyc
/home/roboticslab/rise/install/tello_control/lib/python3.12/site-packages/tello_control/__pycache__/control_node.cpython-312.pyc
/home/roboticslab/rise/install/tello_control/lib/python3.12/site-packages/tello_control/__pycache__/command_node.cpython-312.pyc
/home/roboticslab/rise/install/tello_control/share/ament_index/resource_index/packages/tello_control
/home/roboticslab/rise/install/tello_control/share/tello_control/package.xml
/home/roboticslab/rise/install/tello_control/lib/python3.12/site-packages/tello_control-0.0.0-py3.12.egg-info/SOURCES.txt
/home/roboticslab/rise/install/tello_control/lib/python3.12/site-packages/tello_control-0.0.0-py3.12.egg-info/entry_points.txt
/home/roboticslab/rise/install/tello_control/lib/python3.12/site-packages/tello_control-0.0.0-py3.12.egg-info/top_level.txt
/home/roboticslab/rise/install/tello_control/lib/python3.12/site-packages/tello_control-0.0.0-py3.12.egg-info/dependency_links.txt
/home/roboticslab/rise/install/tello_control/lib/python3.12/site-packages/tello_control-0.0.0-py3.12.egg-info/PKG-INFO
/home/roboticslab/rise/install/tello_control/lib/python3.12/site-packages/tello_control-0.0.0-py3.12.egg-info/requires.txt
/home/roboticslab/rise/install/tello_control/lib/python3.12/site-packages/tello_control-0.0.0-py3.12.egg-info/zip-safe
/home/roboticslab/rise/install/tello_control/lib/tello_control/command
/home/roboticslab/rise/install/tello_control/lib/tello_control/control
/home/roboticslab/rise/install/tello_control/lib/tello_control/test
