[0.337s] DEBUG:colcon:Command line arguments: ['/usr/bin/colcon', 'build', '--symlink-install']
[0.338s] DEBUG:colcon:Parsed command line arguments: Namespace(log_base=None, log_level=None, verb_name='build', build_base='build', install_base='install', merge_install=False, symlink_install=True, test_result_base=None, continue_on_error=False, executor='parallel', parallel_workers=12, event_handlers=None, ignore_user_meta=False, metas=['./colcon.meta'], base_paths=['.'], packages_ignore=None, packages_ignore_regex=None, paths=None, packages_up_to=None, packages_up_to_regex=None, packages_above=None, packages_above_and_dependencies=None, packages_above_depth=None, packages_select_by_dep=None, packages_skip_by_dep=None, packages_skip_up_to=None, packages_select_build_failed=False, packages_skip_build_finished=False, packages_select_test_failures=False, packages_skip_test_passed=False, packages_select=None, packages_skip=None, packages_select_regex=None, packages_skip_regex=None, packages_start=None, packages_end=None, cmake_args=None, cmake_target=None, cmake_target_skip_unavailable=False, cmake_clean_cache=False, cmake_clean_first=False, cmake_force_configure=False, ament_cmake_args=None, catkin_cmake_args=None, catkin_skip_building_tests=False, verb_parser=<colcon_defaults.argument_parser.defaults.DefaultArgumentsDecorator object at 0x7fc35d105b80>, verb_extension=<colcon_core.verb.build.BuildVerb object at 0x7fc35d105730>, main=<bound method BuildVerb.main of <colcon_core.verb.build.BuildVerb object at 0x7fc35d105730>>)
[0.488s] Level 1:colcon.colcon_core.package_discovery:discover_packages(colcon_meta) check parameters
[0.489s] Level 1:colcon.colcon_core.package_discovery:discover_packages(recursive) check parameters
[0.489s] Level 1:colcon.colcon_core.package_discovery:discover_packages(ignore) check parameters
[0.489s] Level 1:colcon.colcon_core.package_discovery:discover_packages(path) check parameters
[0.489s] Level 1:colcon.colcon_core.package_discovery:discover_packages(colcon_meta) discover
[0.489s] Level 1:colcon.colcon_core.package_discovery:discover_packages(recursive) discover
[0.489s] INFO:colcon.colcon_core.package_discovery:Crawling recursively for packages in '/home/ptrip/ros2_ws/src/cam_sim/cam_sim'
[0.489s] Level 1:colcon.colcon_core.package_identification:_identify(.) by extensions ['ignore', 'ignore_ament_install']
[0.489s] Level 1:colcon.colcon_core.package_identification:_identify(.) by extension 'ignore'
[0.489s] Level 1:colcon.colcon_core.package_identification:_identify(.) by extension 'ignore_ament_install'
[0.489s] Level 1:colcon.colcon_core.package_identification:_identify(.) by extensions ['colcon_pkg']
[0.489s] Level 1:colcon.colcon_core.package_identification:_identify(.) by extension 'colcon_pkg'
[0.489s] Level 1:colcon.colcon_core.package_identification:_identify(.) by extensions ['colcon_meta']
[0.490s] Level 1:colcon.colcon_core.package_identification:_identify(.) by extension 'colcon_meta'
[0.490s] Level 1:colcon.colcon_core.package_identification:_identify(.) by extensions ['ros']
[0.490s] Level 1:colcon.colcon_core.package_identification:_identify(.) by extension 'ros'
[0.543s] Level 1:colcon.colcon_core.package_identification:_identify(.) by extensions ['cmake', 'python']
[0.543s] Level 1:colcon.colcon_core.package_identification:_identify(.) by extension 'cmake'
[0.543s] Level 1:colcon.colcon_core.package_identification:_identify(.) by extension 'python'
[0.544s] Level 1:colcon.colcon_core.package_identification:_identify(.) by extensions ['python_setup_py']
[0.544s] Level 1:colcon.colcon_core.package_identification:_identify(.) by extension 'python_setup_py'
[0.544s] Level 1:colcon.colcon_core.package_identification:_identify(build) by extensions ['ignore', 'ignore_ament_install']
[0.544s] Level 1:colcon.colcon_core.package_identification:_identify(build) by extension 'ignore'
[0.544s] Level 1:colcon.colcon_core.package_identification:_identify(build) ignored
[0.544s] Level 1:colcon.colcon_core.package_identification:_identify(install) by extensions ['ignore', 'ignore_ament_install']
[0.545s] Level 1:colcon.colcon_core.package_identification:_identify(install) by extension 'ignore'
[0.545s] Level 1:colcon.colcon_core.package_identification:_identify(install) ignored
[0.545s] Level 1:colcon.colcon_core.package_identification:_identify(log) by extensions ['ignore', 'ignore_ament_install']
[0.545s] Level 1:colcon.colcon_core.package_identification:_identify(log) by extension 'ignore'
[0.545s] Level 1:colcon.colcon_core.package_identification:_identify(log) ignored
[0.545s] Level 1:colcon.colcon_core.package_discovery:discover_packages(recursive) using defaults
[0.545s] Level 1:colcon.colcon_core.package_discovery:discover_packages(ignore) discover
[0.545s] Level 1:colcon.colcon_core.package_discovery:discover_packages(ignore) using defaults
[0.545s] Level 1:colcon.colcon_core.package_discovery:discover_packages(path) discover
[0.545s] Level 1:colcon.colcon_core.package_discovery:discover_packages(path) using defaults
[0.611s] INFO:colcon.colcon_core.executor:Executing jobs using 'parallel' executor
[0.616s] DEBUG:colcon.colcon_parallel_executor.executor.parallel:run_until_complete
[0.617s] DEBUG:colcon.colcon_parallel_executor.executor.parallel:closing loop
[0.617s] DEBUG:colcon.colcon_parallel_executor.executor.parallel:loop closed
[0.617s] DEBUG:colcon.colcon_parallel_executor.executor.parallel:run_until_complete finished with '0'
[0.617s] DEBUG:colcon.colcon_core.event_reactor:joining thread
[0.689s] INFO:colcon.colcon_core.plugin_system:Skipping extension 'colcon_notification.desktop_notification.notify_send': Could not find 'notify-send'
[0.689s] INFO:colcon.colcon_core.plugin_system:Skipping extension 'colcon_notification.desktop_notification.terminal_notifier': Not used on non-Darwin systems
[0.690s] INFO:colcon.colcon_core.plugin_system:Skipping extension 'colcon_notification.desktop_notification.win32': Not used on non-Windows systems
[0.690s] INFO:colcon.colcon_notification.desktop_notification:Sending desktop notification using 'notify2'
[0.693s] DEBUG:colcon.colcon_notification.desktop_notification.notify2:Failed to initialize notify2: org.freedesktop.DBus.Error.NotSupported: Unable to autolaunch a dbus-daemon without a $DISPLAY for X11
[0.694s] DEBUG:colcon.colcon_core.event_reactor:joined thread
[0.706s] INFO:colcon.colcon_core.plugin_system:Skipping extension 'colcon_core.shell.bat': Not used on non-Windows systems
[0.706s] INFO:colcon.colcon_core.shell:Creating prefix script '/home/ptrip/ros2_ws/src/cam_sim/cam_sim/install/local_setup.sh'
[0.708s] INFO:colcon.colcon_core.shell:Creating prefix util module '/home/ptrip/ros2_ws/src/cam_sim/cam_sim/install/_local_setup_util_sh.py'
[0.713s] INFO:colcon.colcon_core.shell:Creating prefix chain script '/home/ptrip/ros2_ws/src/cam_sim/cam_sim/install/setup.sh'
[0.717s] WARNING:colcon.colcon_ros.prefix_path.ament:The path '/home/ptrip/ros2_ws/install/new_package' in the environment variable AMENT_PREFIX_PATH doesn't exist
[0.717s] WARNING:colcon.colcon_ros.prefix_path.ament:The path '/home/ptrip/ros2_ws/install/drone_sim' in the environment variable AMENT_PREFIX_PATH doesn't exist
[0.720s] INFO:colcon.colcon_core.shell:Creating prefix script '/home/ptrip/ros2_ws/src/cam_sim/cam_sim/install/local_setup.bash'
[0.722s] INFO:colcon.colcon_core.shell:Creating prefix chain script '/home/ptrip/ros2_ws/src/cam_sim/cam_sim/install/setup.bash'
[0.725s] INFO:colcon.colcon_core.shell:Creating prefix script '/home/ptrip/ros2_ws/src/cam_sim/cam_sim/install/local_setup.zsh'
[0.730s] INFO:colcon.colcon_core.shell:Creating prefix chain script '/home/ptrip/ros2_ws/src/cam_sim/cam_sim/install/setup.zsh'
