[9.278s] Invoking command in '/home/ptrip/ros2_ws/src/drone_sim': PYTHONPATH=/home/ptrip/ros2_ws/build/drone_sim/prefix_override:/usr/lib/python3/dist-packages/colcon_core/task/python/colcon_distutils_commands:/home/ptrip/ros2_ws/install/drone_sim/lib/python3.12/site-packages:${PYTHONPATH} /usr/bin/python3 -W ignore:setup.py install is deprecated -W ignore:easy_install command is deprecated setup.py egg_info --egg-base ../../build/drone_sim build --build-base /home/ptrip/ros2_ws/build/drone_sim/build install --record /home/ptrip/ros2_ws/build/drone_sim/install.log --single-version-externally-managed install_data
[13.495s] running egg_info
[13.587s] writing ../../build/drone_sim/drone_sim.egg-info/PKG-INFO
[13.589s] writing dependency_links to ../../build/drone_sim/drone_sim.egg-info/dependency_links.txt
[13.600s] writing entry points to ../../build/drone_sim/drone_sim.egg-info/entry_points.txt
[13.614s] writing requirements to ../../build/drone_sim/drone_sim.egg-info/requires.txt
[13.615s] writing top-level names to ../../build/drone_sim/drone_sim.egg-info/top_level.txt
[13.869s] reading manifest file '../../build/drone_sim/drone_sim.egg-info/SOURCES.txt'
[13.875s] writing manifest file '../../build/drone_sim/drone_sim.egg-info/SOURCES.txt'
[13.878s] running build
[13.878s] running build_py
[13.879s] running install
[13.937s] running install_lib
[14.106s] byte-compiling /home/ptrip/ros2_ws/install/drone_sim/lib/python3.12/site-packages/drone_sim/sim_node.py to sim_node.cpython-312.pyc
[14.130s] Sorry: IndentationError: expected an indented block after function definition on line 33 (sim_node.py, line 34)
[14.130s] running install_data
[14.130s] running install_egg_info
[14.343s] removing '/home/ptrip/ros2_ws/install/drone_sim/lib/python3.12/site-packages/drone_sim-0.0.0-py3.12.egg-info' (and everything under it)
[14.350s] Copying ../../build/drone_sim/drone_sim.egg-info to /home/ptrip/ros2_ws/install/drone_sim/lib/python3.12/site-packages/drone_sim-0.0.0-py3.12.egg-info
[14.357s] running install_scripts
[16.188s] Installing sim_node script to /home/ptrip/ros2_ws/install/drone_sim/lib/drone_sim
[16.188s] writing list of installed files to '/home/ptrip/ros2_ws/build/drone_sim/install.log'
[16.471s] Invoked command in '/home/ptrip/ros2_ws/src/drone_sim' returned '0': PYTHONPATH=/home/ptrip/ros2_ws/build/drone_sim/prefix_override:/usr/lib/python3/dist-packages/colcon_core/task/python/colcon_distutils_commands:/home/ptrip/ros2_ws/install/drone_sim/lib/python3.12/site-packages:${PYTHONPATH} /usr/bin/python3 -W ignore:setup.py install is deprecated -W ignore:easy_install command is deprecated setup.py egg_info --egg-base ../../build/drone_sim build --build-base /home/ptrip/ros2_ws/build/drone_sim/build install --record /home/ptrip/ros2_ws/build/drone_sim/install.log --single-version-externally-managed install_data
