[1.296s] Invoking command in '/home/ptrip/ros2_ws/build/cam_sim': PYTHONPATH=/home/ptrip/ros2_ws/build/cam_sim/prefix_override:/usr/lib/python3/dist-packages/colcon_core/task/python/colcon_distutils_commands:/home/ptrip/ros2_ws/install/cam_sim/lib/python3.12/site-packages:${PYTHONPATH} /usr/bin/python3 -W ignore:setup.py install is deprecated -W ignore:easy_install command is deprecated setup.py develop --editable --build-directory /home/ptrip/ros2_ws/build/cam_sim/build --no-deps symlink_data
[1.716s] running develop
[1.953s] running egg_info
[1.976s] writing cam_sim.egg-info/PKG-INFO
[1.977s] writing dependency_links to cam_sim.egg-info/dependency_links.txt
[1.978s] writing entry points to cam_sim.egg-info/entry_points.txt
[1.979s] writing requirements to cam_sim.egg-info/requires.txt
[1.980s] writing top-level names to cam_sim.egg-info/top_level.txt
[2.023s] reading manifest file 'cam_sim.egg-info/SOURCES.txt'
[2.024s] writing manifest file 'cam_sim.egg-info/SOURCES.txt'
[2.046s] running build_ext
[2.047s] Creating /home/ptrip/ros2_ws/install/cam_sim/lib/python3.12/site-packages/cam-sim.egg-link (link to .)
[2.048s] Installing sim1 script to /home/ptrip/ros2_ws/install/cam_sim/lib/cam_sim
[2.049s] Installing sim2 script to /home/ptrip/ros2_ws/install/cam_sim/lib/cam_sim
[2.050s] Installing sim3 script to /home/ptrip/ros2_ws/install/cam_sim/lib/cam_sim
[2.051s] Installing sim4 script to /home/ptrip/ros2_ws/install/cam_sim/lib/cam_sim
[2.052s] Installing sim5 script to /home/ptrip/ros2_ws/install/cam_sim/lib/cam_sim
[2.054s] 
[2.054s] Installed /home/ptrip/ros2_ws/build/cam_sim
[2.054s] running symlink_data
[2.120s] Invoked command in '/home/ptrip/ros2_ws/build/cam_sim' returned '0': PYTHONPATH=/home/ptrip/ros2_ws/build/cam_sim/prefix_override:/usr/lib/python3/dist-packages/colcon_core/task/python/colcon_distutils_commands:/home/ptrip/ros2_ws/install/cam_sim/lib/python3.12/site-packages:${PYTHONPATH} /usr/bin/python3 -W ignore:setup.py install is deprecated -W ignore:easy_install command is deprecated setup.py develop --editable --build-directory /home/ptrip/ros2_ws/build/cam_sim/build --no-deps symlink_data
