[1.368s] Invoking command in '/home/roboticslab/rise/src/cam_sim': DEBUGINFOD_URLS=https://debuginfod.ubuntu.com PYTHONPATH=/home/roboticslab/rise/build/cam_sim/prefix_override:/usr/lib/python3/dist-packages/colcon_core/task/python/colcon_distutils_commands:/home/roboticslab/rise/install/cam_sim/lib/python3.12/site-packages:${PYTHONPATH} /usr/bin/python3 -W ignore:setup.py install is deprecated -W ignore:easy_install command is deprecated setup.py egg_info --egg-base ../../build/cam_sim build --build-base /home/roboticslab/rise/build/cam_sim/build install --record /home/roboticslab/rise/build/cam_sim/install.log --single-version-externally-managed install_data
[1.648s] running egg_info
[1.665s] writing ../../build/cam_sim/cam_sim.egg-info/PKG-INFO
[1.665s] writing dependency_links to ../../build/cam_sim/cam_sim.egg-info/dependency_links.txt
[1.666s] writing entry points to ../../build/cam_sim/cam_sim.egg-info/entry_points.txt
[1.666s] writing requirements to ../../build/cam_sim/cam_sim.egg-info/requires.txt
[1.666s] writing top-level names to ../../build/cam_sim/cam_sim.egg-info/top_level.txt
[1.700s] reading manifest file '../../build/cam_sim/cam_sim.egg-info/SOURCES.txt'
[1.701s] writing manifest file '../../build/cam_sim/cam_sim.egg-info/SOURCES.txt'
[1.701s] running build
[1.701s] running build_py
[1.701s] copying cam_sim/curve_sim.py -> /home/roboticslab/rise/build/cam_sim/build/lib/cam_sim
[1.701s] running install
[1.707s] running install_lib
[1.725s] copying /home/roboticslab/rise/build/cam_sim/build/lib/cam_sim/curve_sim.py -> /home/roboticslab/rise/install/cam_sim/lib/python3.12/site-packages/cam_sim
[1.725s] byte-compiling /home/roboticslab/rise/install/cam_sim/lib/python3.12/site-packages/cam_sim/curve_sim.py to curve_sim.cpython-312.pyc
[1.728s] running install_data
[1.728s] running install_egg_info
[1.747s] removing '/home/roboticslab/rise/install/cam_sim/lib/python3.12/site-packages/cam_sim-0.0.0-py3.12.egg-info' (and everything under it)
[1.747s] Copying ../../build/cam_sim/cam_sim.egg-info to /home/roboticslab/rise/install/cam_sim/lib/python3.12/site-packages/cam_sim-0.0.0-py3.12.egg-info
[1.748s] running install_scripts
[1.863s] Installing sim1 script to /home/roboticslab/rise/install/cam_sim/lib/cam_sim
[1.864s] Installing sim2 script to /home/roboticslab/rise/install/cam_sim/lib/cam_sim
[1.864s] Installing sim3 script to /home/roboticslab/rise/install/cam_sim/lib/cam_sim
[1.864s] Installing sim4 script to /home/roboticslab/rise/install/cam_sim/lib/cam_sim
[1.864s] Installing sim5 script to /home/roboticslab/rise/install/cam_sim/lib/cam_sim
[1.864s] writing list of installed files to '/home/roboticslab/rise/build/cam_sim/install.log'
[1.886s] Invoked command in '/home/roboticslab/rise/src/cam_sim' returned '0': DEBUGINFOD_URLS=https://debuginfod.ubuntu.com PYTHONPATH=/home/roboticslab/rise/build/cam_sim/prefix_override:/usr/lib/python3/dist-packages/colcon_core/task/python/colcon_distutils_commands:/home/roboticslab/rise/install/cam_sim/lib/python3.12/site-packages:${PYTHONPATH} /usr/bin/python3 -W ignore:setup.py install is deprecated -W ignore:easy_install command is deprecated setup.py egg_info --egg-base ../../build/cam_sim build --build-base /home/roboticslab/rise/build/cam_sim/build install --record /home/roboticslab/rise/build/cam_sim/install.log --single-version-externally-managed install_data
