running develop
running egg_info
creating cam_sim.egg-info
writing cam_sim.egg-info/PKG-INFO
writing dependency_links to cam_sim.egg-info/dependency_links.txt
writing entry points to cam_sim.egg-info/entry_points.txt
writing requirements to cam_sim.egg-info/requires.txt
writing top-level names to cam_sim.egg-info/top_level.txt
writing manifest file 'cam_sim.egg-info/SOURCES.txt'
reading manifest file 'cam_sim.egg-info/SOURCES.txt'
writing manifest file 'cam_sim.egg-info/SOURCES.txt'
running build_ext
Creating /home/ptrip/ros2_ws/src/cam_sim/install/cam_sim/lib/python3.12/site-packages/cam-sim.egg-link (link to .)
Installing sim script to /home/ptrip/ros2_ws/src/cam_sim/install/cam_sim/lib/cam_sim

Installed /home/ptrip/ros2_ws/src/cam_sim/build/cam_sim
running symlink_data
creating /home/ptrip/ros2_ws/src/cam_sim/install/cam_sim/share/ament_index
creating /home/ptrip/ros2_ws/src/cam_sim/install/cam_sim/share/ament_index/resource_index
creating /home/ptrip/ros2_ws/src/cam_sim/install/cam_sim/share/ament_index/resource_index/packages
symbolically linking /home/ptrip/ros2_ws/src/cam_sim/build/cam_sim/resource/cam_sim -> /home/ptrip/ros2_ws/src/cam_sim/install/cam_sim/share/ament_index/resource_index/packages
symbolically linking /home/ptrip/ros2_ws/src/cam_sim/build/cam_sim/package.xml -> /home/ptrip/ros2_ws/src/cam_sim/install/cam_sim/share/cam_sim
