[2.632s] Invoking command in '/home/ptrip/ros2_ws/src/cam_sim/build/cam_sim': PYTHONPATH=/home/ptrip/ros2_ws/src/cam_sim/build/cam_sim/prefix_override:/usr/lib/python3/dist-packages/colcon_core/task/python/colcon_distutils_commands:/home/ptrip/ros2_ws/src/cam_sim/install/cam_sim/lib/python3.12/site-packages:${PYTHONPATH} /usr/bin/python3 -W ignore:setup.py install is deprecated -W ignore:easy_install command is deprecated setup.py develop --editable --build-directory /home/ptrip/ros2_ws/src/cam_sim/build/cam_sim/build --no-deps symlink_data
[3.664s] running develop
[4.314s] running egg_info
[4.314s] creating cam_sim.egg-info
[4.368s] writing cam_sim.egg-info/PKG-INFO
[4.370s] writing dependency_links to cam_sim.egg-info/dependency_links.txt
[4.372s] writing entry points to cam_sim.egg-info/entry_points.txt
[4.373s] writing requirements to cam_sim.egg-info/requires.txt
[4.374s] writing top-level names to cam_sim.egg-info/top_level.txt
[4.375s] writing manifest file 'cam_sim.egg-info/SOURCES.txt'
[4.491s] reading manifest file 'cam_sim.egg-info/SOURCES.txt'
[4.492s] writing manifest file 'cam_sim.egg-info/SOURCES.txt'
[4.573s] running build_ext
[4.574s] Creating /home/ptrip/ros2_ws/src/cam_sim/install/cam_sim/lib/python3.12/site-packages/cam-sim.egg-link (link to .)
[4.576s] Installing sim script to /home/ptrip/ros2_ws/src/cam_sim/install/cam_sim/lib/cam_sim
[4.579s] 
[4.580s] Installed /home/ptrip/ros2_ws/src/cam_sim/build/cam_sim
[4.580s] running symlink_data
[4.581s] creating /home/ptrip/ros2_ws/src/cam_sim/install/cam_sim/share/ament_index
[4.581s] creating /home/ptrip/ros2_ws/src/cam_sim/install/cam_sim/share/ament_index/resource_index
[4.585s] creating /home/ptrip/ros2_ws/src/cam_sim/install/cam_sim/share/ament_index/resource_index/packages
[4.587s] symbolically linking /home/ptrip/ros2_ws/src/cam_sim/build/cam_sim/resource/cam_sim -> /home/ptrip/ros2_ws/src/cam_sim/install/cam_sim/share/ament_index/resource_index/packages
[4.590s] symbolically linking /home/ptrip/ros2_ws/src/cam_sim/build/cam_sim/package.xml -> /home/ptrip/ros2_ws/src/cam_sim/install/cam_sim/share/cam_sim
[4.694s] Invoked command in '/home/ptrip/ros2_ws/src/cam_sim/build/cam_sim' returned '0': PYTHONPATH=/home/ptrip/ros2_ws/src/cam_sim/build/cam_sim/prefix_override:/usr/lib/python3/dist-packages/colcon_core/task/python/colcon_distutils_commands:/home/ptrip/ros2_ws/src/cam_sim/install/cam_sim/lib/python3.12/site-packages:${PYTHONPATH} /usr/bin/python3 -W ignore:setup.py install is deprecated -W ignore:easy_install command is deprecated setup.py develop --editable --build-directory /home/ptrip/ros2_ws/src/cam_sim/build/cam_sim/build --no-deps symlink_data
