[1.109s] Invoking command in '/home/roboticslab/rise/src/tello_control': DEBUGINFOD_URLS=https://debuginfod.ubuntu.com PYTHONPATH=/home/roboticslab/rise/build/tello_control/prefix_override:/usr/lib/python3/dist-packages/colcon_core/task/python/colcon_distutils_commands:/home/roboticslab/rise/install/tello_control/lib/python3.12/site-packages:${PYTHONPATH} /usr/bin/python3 -W ignore:setup.py install is deprecated -W ignore:easy_install command is deprecated setup.py egg_info --egg-base ../../build/tello_control build --build-base /home/roboticslab/rise/build/tello_control/build install --record /home/roboticslab/rise/build/tello_control/install.log --single-version-externally-managed install_data
[1.375s] running egg_info
[1.376s] creating ../../build/tello_control/tello_control.egg-info
[1.394s] writing ../../build/tello_control/tello_control.egg-info/PKG-INFO
[1.394s] writing dependency_links to ../../build/tello_control/tello_control.egg-info/dependency_links.txt
[1.394s] writing entry points to ../../build/tello_control/tello_control.egg-info/entry_points.txt
[1.394s] writing requirements to ../../build/tello_control/tello_control.egg-info/requires.txt
[1.394s] writing top-level names to ../../build/tello_control/tello_control.egg-info/top_level.txt
[1.394s] writing manifest file '../../build/tello_control/tello_control.egg-info/SOURCES.txt'
[1.434s] reading manifest file '../../build/tello_control/tello_control.egg-info/SOURCES.txt'
[1.434s] writing manifest file '../../build/tello_control/tello_control.egg-info/SOURCES.txt'
[1.434s] running build
[1.434s] running build_py
[1.435s] creating /home/roboticslab/rise/build/tello_control/build
[1.435s] creating /home/roboticslab/rise/build/tello_control/build/lib
[1.435s] creating /home/roboticslab/rise/build/tello_control/build/lib/tello_control
[1.435s] copying tello_control/test_drone.py -> /home/roboticslab/rise/build/tello_control/build/lib/tello_control
[1.435s] copying tello_control/__init__.py -> /home/roboticslab/rise/build/tello_control/build/lib/tello_control
[1.435s] copying tello_control/control_node.py -> /home/roboticslab/rise/build/tello_control/build/lib/tello_control
[1.435s] copying tello_control/command_node.py -> /home/roboticslab/rise/build/tello_control/build/lib/tello_control
[1.435s] running install
[1.440s] running install_lib
[1.460s] creating /home/roboticslab/rise/install/tello_control/lib/python3.12/site-packages/tello_control
[1.460s] copying /home/roboticslab/rise/build/tello_control/build/lib/tello_control/test_drone.py -> /home/roboticslab/rise/install/tello_control/lib/python3.12/site-packages/tello_control
[1.460s] copying /home/roboticslab/rise/build/tello_control/build/lib/tello_control/__init__.py -> /home/roboticslab/rise/install/tello_control/lib/python3.12/site-packages/tello_control
[1.460s] copying /home/roboticslab/rise/build/tello_control/build/lib/tello_control/control_node.py -> /home/roboticslab/rise/install/tello_control/lib/python3.12/site-packages/tello_control
[1.460s] copying /home/roboticslab/rise/build/tello_control/build/lib/tello_control/command_node.py -> /home/roboticslab/rise/install/tello_control/lib/python3.12/site-packages/tello_control
[1.461s] byte-compiling /home/roboticslab/rise/install/tello_control/lib/python3.12/site-packages/tello_control/test_drone.py to test_drone.cpython-312.pyc
[1.461s] byte-compiling /home/roboticslab/rise/install/tello_control/lib/python3.12/site-packages/tello_control/__init__.py to __init__.cpython-312.pyc
[1.462s] byte-compiling /home/roboticslab/rise/install/tello_control/lib/python3.12/site-packages/tello_control/control_node.py to control_node.cpython-312.pyc
[1.463s] byte-compiling /home/roboticslab/rise/install/tello_control/lib/python3.12/site-packages/tello_control/command_node.py to command_node.cpython-312.pyc
[1.464s] running install_data
[1.464s] creating /home/roboticslab/rise/install/tello_control/share/ament_index
[1.464s] creating /home/roboticslab/rise/install/tello_control/share/ament_index/resource_index
[1.464s] creating /home/roboticslab/rise/install/tello_control/share/ament_index/resource_index/packages
[1.464s] copying resource/tello_control -> /home/roboticslab/rise/install/tello_control/share/ament_index/resource_index/packages
[1.464s] copying package.xml -> /home/roboticslab/rise/install/tello_control/share/tello_control
[1.464s] running install_egg_info
[1.486s] Copying ../../build/tello_control/tello_control.egg-info to /home/roboticslab/rise/install/tello_control/lib/python3.12/site-packages/tello_control-0.0.0-py3.12.egg-info
[1.487s] running install_scripts
[1.635s] Installing command script to /home/roboticslab/rise/install/tello_control/lib/tello_control
[1.635s] Installing control script to /home/roboticslab/rise/install/tello_control/lib/tello_control
[1.635s] Installing test script to /home/roboticslab/rise/install/tello_control/lib/tello_control
[1.635s] writing list of installed files to '/home/roboticslab/rise/build/tello_control/install.log'
[1.664s] Invoked command in '/home/roboticslab/rise/src/tello_control' returned '0': DEBUGINFOD_URLS=https://debuginfod.ubuntu.com PYTHONPATH=/home/roboticslab/rise/build/tello_control/prefix_override:/usr/lib/python3/dist-packages/colcon_core/task/python/colcon_distutils_commands:/home/roboticslab/rise/install/tello_control/lib/python3.12/site-packages:${PYTHONPATH} /usr/bin/python3 -W ignore:setup.py install is deprecated -W ignore:easy_install command is deprecated setup.py egg_info --egg-base ../../build/tello_control build --build-base /home/roboticslab/rise/build/tello_control/build install --record /home/roboticslab/rise/build/tello_control/install.log --single-version-externally-managed install_data
