[2.091s] Invoking command in '/home/ptrip/ros2_ws/src/new_package': PYTHONPATH=/home/ptrip/ros2_ws/build/new_package/prefix_override:/usr/lib/python3/dist-packages/colcon_core/task/python/colcon_distutils_commands:/home/ptrip/ros2_ws/install/new_package/lib/python3.12/site-packages:${PYTHONPATH} /usr/bin/python3 -W ignore:setup.py install is deprecated -W ignore:easy_install command is deprecated setup.py egg_info --egg-base ../../build/new_package build --build-base /home/ptrip/ros2_ws/build/new_package/build install --record /home/ptrip/ros2_ws/build/new_package/install.log --single-version-externally-managed install_data
[2.738s] running egg_info
[2.784s] writing ../../build/new_package/new_package.egg-info/PKG-INFO
[2.786s] writing dependency_links to ../../build/new_package/new_package.egg-info/dependency_links.txt
[2.787s] writing entry points to ../../build/new_package/new_package.egg-info/entry_points.txt
[2.787s] writing requirements to ../../build/new_package/new_package.egg-info/requires.txt
[2.788s] writing top-level names to ../../build/new_package/new_package.egg-info/top_level.txt
[2.890s] reading manifest file '../../build/new_package/new_package.egg-info/SOURCES.txt'
[2.892s] writing manifest file '../../build/new_package/new_package.egg-info/SOURCES.txt'
[2.893s] running build
[2.894s] running build_py
[2.894s] copying new_package/new_node.py -> /home/ptrip/ros2_ws/build/new_package/build/lib/new_package
[2.895s] running install
[2.913s] running install_lib
[2.962s] copying /home/ptrip/ros2_ws/build/new_package/build/lib/new_package/new_node.py -> /home/ptrip/ros2_ws/install/new_package/lib/python3.12/site-packages/new_package
[2.963s] byte-compiling /home/ptrip/ros2_ws/install/new_package/lib/python3.12/site-packages/new_package/new_node.py to new_node.cpython-312.pyc
[2.965s] running install_data
[2.966s] running install_egg_info
[3.019s] removing '/home/ptrip/ros2_ws/install/new_package/lib/python3.12/site-packages/new_package-0.0.0-py3.12.egg-info' (and everything under it)
[3.020s] Copying ../../build/new_package/new_package.egg-info to /home/ptrip/ros2_ws/install/new_package/lib/python3.12/site-packages/new_package-0.0.0-py3.12.egg-info
[3.027s] running install_scripts
[3.341s] Installing new_node script to /home/ptrip/ros2_ws/install/new_package/lib/new_package
[3.342s] writing list of installed files to '/home/ptrip/ros2_ws/build/new_package/install.log'
[3.425s] Invoked command in '/home/ptrip/ros2_ws/src/new_package' returned '0': PYTHONPATH=/home/ptrip/ros2_ws/build/new_package/prefix_override:/usr/lib/python3/dist-packages/colcon_core/task/python/colcon_distutils_commands:/home/ptrip/ros2_ws/install/new_package/lib/python3.12/site-packages:${PYTHONPATH} /usr/bin/python3 -W ignore:setup.py install is deprecated -W ignore:easy_install command is deprecated setup.py egg_info --egg-base ../../build/new_package build --build-base /home/ptrip/ros2_ws/build/new_package/build install --record /home/ptrip/ros2_ws/build/new_package/install.log --single-version-externally-managed install_data
