running egg_info
writing ../../build/cam_sim/cam_sim.egg-info/PKG-INFO
writing dependency_links to ../../build/cam_sim/cam_sim.egg-info/dependency_links.txt
writing entry points to ../../build/cam_sim/cam_sim.egg-info/entry_points.txt
writing requirements to ../../build/cam_sim/cam_sim.egg-info/requires.txt
writing top-level names to ../../build/cam_sim/cam_sim.egg-info/top_level.txt
reading manifest file '../../build/cam_sim/cam_sim.egg-info/SOURCES.txt'
writing manifest file '../../build/cam_sim/cam_sim.egg-info/SOURCES.txt'
running build
running build_py
copying cam_sim/final_sim.py -> /home/roboticslab/rise/build/cam_sim/build/lib/cam_sim
running install
running install_lib
copying /home/roboticslab/rise/build/cam_sim/build/lib/cam_sim/final_sim.py -> /home/roboticslab/rise/install/cam_sim/lib/python3.12/site-packages/cam_sim
byte-compiling /home/roboticslab/rise/install/cam_sim/lib/python3.12/site-packages/cam_sim/final_sim.py to final_sim.cpython-312.pyc
running install_data
running install_egg_info
removing '/home/roboticslab/rise/install/cam_sim/lib/python3.12/site-packages/cam_sim-0.0.0-py3.12.egg-info' (and everything under it)
Copying ../../build/cam_sim/cam_sim.egg-info to /home/roboticslab/rise/install/cam_sim/lib/python3.12/site-packages/cam_sim-0.0.0-py3.12.egg-info
running install_scripts
Installing sim1 script to /home/roboticslab/rise/install/cam_sim/lib/cam_sim
Installing sim2 script to /home/roboticslab/rise/install/cam_sim/lib/cam_sim
Installing sim3 script to /home/roboticslab/rise/install/cam_sim/lib/cam_sim
Installing sim4 script to /home/roboticslab/rise/install/cam_sim/lib/cam_sim
Installing sim5 script to /home/roboticslab/rise/install/cam_sim/lib/cam_sim
writing list of installed files to '/home/roboticslab/rise/build/cam_sim/install.log'
