[3.557s] Invoking command in '/home/ptrip/ros2_ws/build/cam_sim': PYTHONPATH=/home/ptrip/ros2_ws/build/cam_sim/prefix_override:/usr/lib/python3/dist-packages/colcon_core/task/python/colcon_distutils_commands:/home/ptrip/ros2_ws/install/cam_sim/lib/python3.12/site-packages:${PYTHONPATH} /usr/bin/python3 -W ignore:setup.py install is deprecated -W ignore:easy_install command is deprecated setup.py develop --editable --build-directory /home/ptrip/ros2_ws/build/cam_sim/build --no-deps symlink_data
[4.626s] running develop
[5.320s] running egg_info
[5.390s] writing cam_sim.egg-info/PKG-INFO
[5.392s] writing dependency_links to cam_sim.egg-info/dependency_links.txt
[5.392s] writing entry points to cam_sim.egg-info/entry_points.txt
[5.393s] writing requirements to cam_sim.egg-info/requires.txt
[5.394s] writing top-level names to cam_sim.egg-info/top_level.txt
[5.525s] reading manifest file 'cam_sim.egg-info/SOURCES.txt'
[5.527s] writing manifest file 'cam_sim.egg-info/SOURCES.txt'
[5.588s] running build_ext
[5.589s] Creating /home/ptrip/ros2_ws/install/cam_sim/lib/python3.12/site-packages/cam-sim.egg-link (link to .)
[5.592s] Installing sim1 script to /home/ptrip/ros2_ws/install/cam_sim/lib/cam_sim
[5.593s] Installing sim2 script to /home/ptrip/ros2_ws/install/cam_sim/lib/cam_sim
[5.593s] Installing sim3 script to /home/ptrip/ros2_ws/install/cam_sim/lib/cam_sim
[5.593s] Installing sim4 script to /home/ptrip/ros2_ws/install/cam_sim/lib/cam_sim
[5.594s] Installing sim5 script to /home/ptrip/ros2_ws/install/cam_sim/lib/cam_sim
[5.598s] 
[5.598s] Installed /home/ptrip/ros2_ws/build/cam_sim
[5.598s] running symlink_data
[5.703s] Invoked command in '/home/ptrip/ros2_ws/build/cam_sim' returned '0': PYTHONPATH=/home/ptrip/ros2_ws/build/cam_sim/prefix_override:/usr/lib/python3/dist-packages/colcon_core/task/python/colcon_distutils_commands:/home/ptrip/ros2_ws/install/cam_sim/lib/python3.12/site-packages:${PYTHONPATH} /usr/bin/python3 -W ignore:setup.py install is deprecated -W ignore:easy_install command is deprecated setup.py develop --editable --build-directory /home/ptrip/ros2_ws/build/cam_sim/build --no-deps symlink_data
