[2.725s] Invoking command in '/home/ptrip/ros2_ws/build/cam_sim': PYTHONPATH=/home/ptrip/ros2_ws/build/cam_sim/prefix_override:/usr/lib/python3/dist-packages/colcon_core/task/python/colcon_distutils_commands:/home/ptrip/ros2_ws/install/cam_sim/lib/python3.12/site-packages:${PYTHONPATH} /usr/bin/python3 -W ignore:setup.py install is deprecated -W ignore:easy_install command is deprecated setup.py develop --editable --build-directory /home/ptrip/ros2_ws/build/cam_sim/build --no-deps symlink_data
[3.836s] running develop
[4.330s] running egg_info
[4.373s] writing cam_sim.egg-info/PKG-INFO
[4.374s] writing dependency_links to cam_sim.egg-info/dependency_links.txt
[4.375s] writing entry points to cam_sim.egg-info/entry_points.txt
[4.376s] writing requirements to cam_sim.egg-info/requires.txt
[4.377s] writing top-level names to cam_sim.egg-info/top_level.txt
[4.468s] reading manifest file 'cam_sim.egg-info/SOURCES.txt'
[4.471s] writing manifest file 'cam_sim.egg-info/SOURCES.txt'
[4.524s] running build_ext
[4.524s] Creating /home/ptrip/ros2_ws/install/cam_sim/lib/python3.12/site-packages/cam-sim.egg-link (link to .)
[4.526s] Installing sim1 script to /home/ptrip/ros2_ws/install/cam_sim/lib/cam_sim
[4.527s] Installing sim2 script to /home/ptrip/ros2_ws/install/cam_sim/lib/cam_sim
[4.528s] Installing sim3 script to /home/ptrip/ros2_ws/install/cam_sim/lib/cam_sim
[4.529s] Installing sim4 script to /home/ptrip/ros2_ws/install/cam_sim/lib/cam_sim
[4.529s] Installing sim5 script to /home/ptrip/ros2_ws/install/cam_sim/lib/cam_sim
[4.530s] 
[4.531s] Installed /home/ptrip/ros2_ws/build/cam_sim
[4.531s] running symlink_data
[4.625s] Invoked command in '/home/ptrip/ros2_ws/build/cam_sim' returned '0': PYTHONPATH=/home/ptrip/ros2_ws/build/cam_sim/prefix_override:/usr/lib/python3/dist-packages/colcon_core/task/python/colcon_distutils_commands:/home/ptrip/ros2_ws/install/cam_sim/lib/python3.12/site-packages:${PYTHONPATH} /usr/bin/python3 -W ignore:setup.py install is deprecated -W ignore:easy_install command is deprecated setup.py develop --editable --build-directory /home/ptrip/ros2_ws/build/cam_sim/build --no-deps symlink_data
