[1.127s] Invoking command in '/home/ptrip/ros2_ws/build/cam_sim': PYTHONPATH=/home/ptrip/ros2_ws/build/cam_sim/prefix_override:/usr/lib/python3/dist-packages/colcon_core/task/python/colcon_distutils_commands:/home/ptrip/ros2_ws/install/cam_sim/lib/python3.12/site-packages:${PYTHONPATH} /usr/bin/python3 -W ignore:setup.py install is deprecated -W ignore:easy_install command is deprecated setup.py develop --editable --build-directory /home/ptrip/ros2_ws/build/cam_sim/build --no-deps symlink_data
[1.515s] Traceback (most recent call last):
[1.516s]   File "/home/ptrip/ros2_ws/build/cam_sim/setup.py", line 5, in <module>
[1.516s]     setup(
[1.516s]   File "/usr/lib/python3/dist-packages/setuptools/__init__.py", line 107, in setup
[1.518s]     return distutils.core.setup(**attrs)
[1.518s]            ^^^^^^^^^^^^^^^^^^^^^^^^^^^^^
[1.518s]   File "/usr/lib/python3/dist-packages/setuptools/_distutils/core.py", line 172, in setup
[1.518s]     ok = dist.parse_command_line()
[1.519s]          ^^^^^^^^^^^^^^^^^^^^^^^^^
[1.519s]   File "/usr/lib/python3/dist-packages/setuptools/_distutils/dist.py", line 475, in parse_command_line
[1.520s]     args = self._parse_command_opts(parser, args)
[1.521s]            ^^^^^^^^^^^^^^^^^^^^^^^^^^^^^^^^^^^^^^
[1.521s]   File "/usr/lib/python3/dist-packages/setuptools/dist.py", line 1133, in _parse_command_opts
[1.523s]     nargs = _Distribution._parse_command_opts(self, parser, args)
[1.523s]             ^^^^^^^^^^^^^^^^^^^^^^^^^^^^^^^^^^^^^^^^^^^^^^^^^^^^^
[1.524s]   File "/usr/lib/python3/dist-packages/setuptools/_distutils/dist.py", line 534, in _parse_command_opts
[1.524s]     cmd_class = self.get_command_class(command)
[1.524s]                 ^^^^^^^^^^^^^^^^^^^^^^^^^^^^^^^
[1.524s]   File "/usr/lib/python3/dist-packages/setuptools/dist.py", line 978, in get_command_class
[1.524s]     eps = metadata.entry_points(group='distutils.commands', name=command)
[1.524s]           ^^^^^^^^^^^^^^^^^^^^^^^^^^^^^^^^^^^^^^^^^^^^^^^^^^^^^^^^^^^^^^^
[1.524s]   File "/usr/lib/python3.12/importlib/metadata/__init__.py", line 913, in entry_points
[1.526s]     return EntryPoints(eps).select(**params)
[1.527s]            ^^^^^^^^^^^^^^^^
[1.528s]   File "/usr/lib/python3.12/importlib/metadata/__init__.py", line 911, in <genexpr>
[1.528s]     dist.entry_points for dist in _unique(distributions())
[1.528s]     ^^^^^^^^^^^^^^^^^
[1.528s]   File "/usr/lib/python3.12/importlib/metadata/__init__.py", line 471, in entry_points
[1.528s]     return EntryPoints._from_text_for(self.read_text('entry_points.txt'), self)
[1.529s]            ^^^^^^^^^^^^^^^^^^^^^^^^^^^^^^^^^^^^^^^^^^^^^^^^^^^^^^^^^^^^^^^^^^^^
[1.529s]   File "/usr/lib/python3.12/importlib/metadata/__init__.py", line 312, in _from_text_for
[1.529s]     return cls(ep._for(dist) for ep in cls._from_text(text))
[1.529s]            ^^^^^^^^^^^^^^^^^^^^^^^^^^^^^^^^^^^^^^^^^^^^^^^^^
[1.529s]   File "/usr/lib/python3.12/importlib/metadata/__init__.py", line 312, in <genexpr>
[1.529s]     return cls(ep._for(dist) for ep in cls._from_text(text))
[1.529s]               ^^^^^^^^^^^^^^^^^^^^^^^^^^^^^^^^^^^^^^^^^^^^^^
[1.529s]   File "/usr/lib/python3.12/importlib/metadata/__init__.py", line 316, in <genexpr>
[1.529s]     return (
[1.530s]            ^
[1.530s]   File "/usr/lib/python3.12/importlib/metadata/__init__.py", line 104, in <genexpr>
[1.530s]     section._replace(value=Pair.parse(section.value))
[1.530s]   File "/usr/lib/python3.12/collections/__init__.py", line 458, in _replace
[1.531s]     result = self._make(_map(kwds.pop, field_names, self))
[1.532s]              ^^^^^^^^^^^^^^^^^^^^^^^^^^^^^^^^^^^^^^^^^^^^^
[1.532s]   File "/usr/lib/python3.12/collections/__init__.py", line 449, in _make
[1.532s]     result = tuple_new(cls, iterable)
[1.532s]              ^^^^^^^^^^^^^^^^^^^^^^^^
[1.532s] KeyboardInterrupt
[1.594s] Invoked command in '/home/ptrip/ros2_ws/build/cam_sim' returned '-2': PYTHONPATH=/home/ptrip/ros2_ws/build/cam_sim/prefix_override:/usr/lib/python3/dist-packages/colcon_core/task/python/colcon_distutils_commands:/home/ptrip/ros2_ws/install/cam_sim/lib/python3.12/site-packages:${PYTHONPATH} /usr/bin/python3 -W ignore:setup.py install is deprecated -W ignore:easy_install command is deprecated setup.py develop --editable --build-directory /home/ptrip/ros2_ws/build/cam_sim/build --no-deps symlink_data
