[5.924s] Invoking command in '/home/ptrip/ros2_ws/src/new_package': PYTHONPATH=/home/ptrip/ros2_ws/build/new_package/prefix_override:/usr/lib/python3/dist-packages/colcon_core/task/python/colcon_distutils_commands:/home/ptrip/ros2_ws/install/new_package/lib/python3.12/site-packages:${PYTHONPATH} /usr/bin/python3 -W ignore:setup.py install is deprecated -W ignore:easy_install command is deprecated setup.py egg_info --egg-base ../../build/new_package build --build-base /home/ptrip/ros2_ws/build/new_package/build install --record /home/ptrip/ros2_ws/build/new_package/install.log --single-version-externally-managed install_data
[7.938s] running egg_info
[7.978s] writing ../../build/new_package/new_package.egg-info/PKG-INFO
[7.980s] writing dependency_links to ../../build/new_package/new_package.egg-info/dependency_links.txt
[7.982s] writing entry points to ../../build/new_package/new_package.egg-info/entry_points.txt
[7.983s] writing requirements to ../../build/new_package/new_package.egg-info/requires.txt
[7.984s] writing top-level names to ../../build/new_package/new_package.egg-info/top_level.txt
[8.070s] reading manifest file '../../build/new_package/new_package.egg-info/SOURCES.txt'
[8.073s] writing manifest file '../../build/new_package/new_package.egg-info/SOURCES.txt'
[8.074s] running build
[8.074s] running build_py
[8.075s] running install
[8.091s] running install_lib
[8.134s] running install_data
[8.135s] running install_egg_info
[8.184s] removing '/home/ptrip/ros2_ws/install/new_package/lib/python3.12/site-packages/new_package-0.0.0-py3.12.egg-info' (and everything under it)
[8.186s] Copying ../../build/new_package/new_package.egg-info to /home/ptrip/ros2_ws/install/new_package/lib/python3.12/site-packages/new_package-0.0.0-py3.12.egg-info
[8.190s] running install_scripts
[8.579s] Installing new_node script to /home/ptrip/ros2_ws/install/new_package/lib/new_package
[8.581s] writing list of installed files to '/home/ptrip/ros2_ws/build/new_package/install.log'
[8.686s] Invoked command in '/home/ptrip/ros2_ws/src/new_package' returned '0': PYTHONPATH=/home/ptrip/ros2_ws/build/new_package/prefix_override:/usr/lib/python3/dist-packages/colcon_core/task/python/colcon_distutils_commands:/home/ptrip/ros2_ws/install/new_package/lib/python3.12/site-packages:${PYTHONPATH} /usr/bin/python3 -W ignore:setup.py install is deprecated -W ignore:easy_install command is deprecated setup.py egg_info --egg-base ../../build/new_package build --build-base /home/ptrip/ros2_ws/build/new_package/build install --record /home/ptrip/ros2_ws/build/new_package/install.log --single-version-externally-managed install_data
