running egg_info
writing ../../build/drone_sim/drone_sim.egg-info/PKG-INFO
writing dependency_links to ../../build/drone_sim/drone_sim.egg-info/dependency_links.txt
writing entry points to ../../build/drone_sim/drone_sim.egg-info/entry_points.txt
writing requirements to ../../build/drone_sim/drone_sim.egg-info/requires.txt
writing top-level names to ../../build/drone_sim/drone_sim.egg-info/top_level.txt
reading manifest file '../../build/drone_sim/drone_sim.egg-info/SOURCES.txt'
writing manifest file '../../build/drone_sim/drone_sim.egg-info/SOURCES.txt'
running build
running build_py
copying drone_sim/sim_node.py -> /home/ptrip/ros2_ws/build/drone_sim/build/lib/drone_sim
running install
running install_lib
copying /home/ptrip/ros2_ws/build/drone_sim/build/lib/drone_sim/sim_node.py -> /home/ptrip/ros2_ws/install/drone_sim/lib/python3.12/site-packages/drone_sim
byte-compiling /home/ptrip/ros2_ws/install/drone_sim/lib/python3.12/site-packages/drone_sim/sim_node.py to sim_node.cpython-312.pyc
Sorry: IndentationError: expected an indented block after function definition on line 33 (sim_node.py, line 34)
running install_data
running install_egg_info
removing '/home/ptrip/ros2_ws/install/drone_sim/lib/python3.12/site-packages/drone_sim-0.0.0-py3.12.egg-info' (and everything under it)
Copying ../../build/drone_sim/drone_sim.egg-info to /home/ptrip/ros2_ws/install/drone_sim/lib/python3.12/site-packages/drone_sim-0.0.0-py3.12.egg-info
running install_scripts
Installing sim_node script to /home/ptrip/ros2_ws/install/drone_sim/lib/drone_sim
writing list of installed files to '/home/ptrip/ros2_ws/build/drone_sim/install.log'
