[2.364s] Invoking command in '/home/ptrip/ros2_ws/src/drone_sim': PYTHONPATH=/home/ptrip/ros2_ws/build/drone_sim/prefix_override:/usr/lib/python3/dist-packages/colcon_core/task/python/colcon_distutils_commands:/home/ptrip/ros2_ws/install/drone_sim/lib/python3.12/site-packages:${PYTHONPATH} /usr/bin/python3 -W ignore:setup.py install is deprecated -W ignore:easy_install command is deprecated setup.py egg_info --egg-base ../../build/drone_sim build --build-base /home/ptrip/ros2_ws/build/drone_sim/build install --record /home/ptrip/ros2_ws/build/drone_sim/install.log --single-version-externally-managed install_data
[3.010s] running egg_info
[3.057s] writing ../../build/drone_sim/drone_sim.egg-info/PKG-INFO
[3.058s] writing dependency_links to ../../build/drone_sim/drone_sim.egg-info/dependency_links.txt
[3.059s] writing entry points to ../../build/drone_sim/drone_sim.egg-info/entry_points.txt
[3.059s] writing requirements to ../../build/drone_sim/drone_sim.egg-info/requires.txt
[3.060s] writing top-level names to ../../build/drone_sim/drone_sim.egg-info/top_level.txt
[3.136s] reading manifest file '../../build/drone_sim/drone_sim.egg-info/SOURCES.txt'
[3.138s] writing manifest file '../../build/drone_sim/drone_sim.egg-info/SOURCES.txt'
[3.139s] running build
[3.140s] running build_py
[3.140s] copying drone_sim/sim_node.py -> /home/ptrip/ros2_ws/build/drone_sim/build/lib/drone_sim
[3.141s] running install
[3.154s] running install_lib
[3.192s] copying /home/ptrip/ros2_ws/build/drone_sim/build/lib/drone_sim/sim_node.py -> /home/ptrip/ros2_ws/install/drone_sim/lib/python3.12/site-packages/drone_sim
[3.195s] byte-compiling /home/ptrip/ros2_ws/install/drone_sim/lib/python3.12/site-packages/drone_sim/sim_node.py to sim_node.cpython-312.pyc
[3.202s] Sorry: IndentationError: expected an indented block after function definition on line 33 (sim_node.py, line 34)
[3.203s] running install_data
[3.203s] running install_egg_info
[3.253s] removing '/home/ptrip/ros2_ws/install/drone_sim/lib/python3.12/site-packages/drone_sim-0.0.0-py3.12.egg-info' (and everything under it)
[3.253s] Copying ../../build/drone_sim/drone_sim.egg-info to /home/ptrip/ros2_ws/install/drone_sim/lib/python3.12/site-packages/drone_sim-0.0.0-py3.12.egg-info
[3.256s] running install_scripts
[3.541s] Installing sim_node script to /home/ptrip/ros2_ws/install/drone_sim/lib/drone_sim
[3.542s] writing list of installed files to '/home/ptrip/ros2_ws/build/drone_sim/install.log'
[3.639s] Invoked command in '/home/ptrip/ros2_ws/src/drone_sim' returned '0': PYTHONPATH=/home/ptrip/ros2_ws/build/drone_sim/prefix_override:/usr/lib/python3/dist-packages/colcon_core/task/python/colcon_distutils_commands:/home/ptrip/ros2_ws/install/drone_sim/lib/python3.12/site-packages:${PYTHONPATH} /usr/bin/python3 -W ignore:setup.py install is deprecated -W ignore:easy_install command is deprecated setup.py egg_info --egg-base ../../build/drone_sim build --build-base /home/ptrip/ros2_ws/build/drone_sim/build install --record /home/ptrip/ros2_ws/build/drone_sim/install.log --single-version-externally-managed install_data
