[2.219s] Invoking command in '/home/ptrip/ros2_ws/build/cam_sim': PYTHONPATH=/home/ptrip/ros2_ws/build/cam_sim/prefix_override:/usr/lib/python3/dist-packages/colcon_core/task/python/colcon_distutils_commands:/home/ptrip/ros2_ws/install/cam_sim/lib/python3.12/site-packages:${PYTHONPATH} /usr/bin/python3 -W ignore:setup.py install is deprecated -W ignore:easy_install command is deprecated setup.py develop --editable --build-directory /home/ptrip/ros2_ws/build/cam_sim/build --no-deps symlink_data
[3.011s] running develop
[3.486s] running egg_info
[3.529s] writing cam_sim.egg-info/PKG-INFO
[3.530s] writing dependency_links to cam_sim.egg-info/dependency_links.txt
[3.530s] writing entry points to cam_sim.egg-info/entry_points.txt
[3.531s] writing requirements to cam_sim.egg-info/requires.txt
[3.532s] writing top-level names to cam_sim.egg-info/top_level.txt
[3.621s] reading manifest file 'cam_sim.egg-info/SOURCES.txt'
[3.623s] writing manifest file 'cam_sim.egg-info/SOURCES.txt'
[3.673s] running build_ext
[3.673s] Creating /home/ptrip/ros2_ws/install/cam_sim/lib/python3.12/site-packages/cam-sim.egg-link (link to .)
[3.675s] Installing sim1 script to /home/ptrip/ros2_ws/install/cam_sim/lib/cam_sim
[3.676s] Installing sim2 script to /home/ptrip/ros2_ws/install/cam_sim/lib/cam_sim
[3.677s] Installing sim3 script to /home/ptrip/ros2_ws/install/cam_sim/lib/cam_sim
[3.679s] Installing sim4 script to /home/ptrip/ros2_ws/install/cam_sim/lib/cam_sim
[3.680s] 
[3.681s] Installed /home/ptrip/ros2_ws/build/cam_sim
[3.682s] running symlink_data
[3.767s] Invoked command in '/home/ptrip/ros2_ws/build/cam_sim' returned '0': PYTHONPATH=/home/ptrip/ros2_ws/build/cam_sim/prefix_override:/usr/lib/python3/dist-packages/colcon_core/task/python/colcon_distutils_commands:/home/ptrip/ros2_ws/install/cam_sim/lib/python3.12/site-packages:${PYTHONPATH} /usr/bin/python3 -W ignore:setup.py install is deprecated -W ignore:easy_install command is deprecated setup.py develop --editable --build-directory /home/ptrip/ros2_ws/build/cam_sim/build --no-deps symlink_data
